08:09:25.041 [pool-2-thread-3] INFO  algoGenetico.PopulationEvo - Thread: pool-2-thread-3 | Hyperparameters{nrGenerations=77, nrFitIndividuals=64, tournamentSize=9, seed=5661, hiddenDimSize=14, mutationProb=0.3349177472775767, populationSize=139}
08:09:25.063 [pool-2-thread-1] INFO  algoGenetico.PopulationEvo - Thread: pool-2-thread-1 | Hyperparameters{nrGenerations=60, nrFitIndividuals=115, tournamentSize=52, seed=5661, hiddenDimSize=3, mutationProb=0.0033582466138812883, populationSize=257}
08:09:25.525 [Thread-3] INFO  algoGenetico.PopulationEvo - Thread: Thread-3 | Generation no: 1
08:09:25.631 [Thread-0] INFO  algoGenetico.PopulationEvo - Thread: Thread-0 | Generation no: 1
08:09:25.671 [Thread-3] INFO  algoGenetico.PopulationEvo - Thread: Thread-3 | Generation no: 2
08:09:25.848 [Thread-3] INFO  algoGenetico.PopulationEvo - Thread: Thread-3 | Generation no: 3
08:09:26.011 [Thread-3] INFO  algoGenetico.PopulationEvo - Thread: Thread-3 | Generation no: 4
08:09:26.211 [Thread-3] INFO  algoGenetico.PopulationEvo - Thread: Thread-3 | Generation no: 5
08:09:26.305 [Thread-0] INFO  algoGenetico.PopulationEvo - Thread: Thread-0 | Generation no: 2
08:09:26.370 [Thread-3] INFO  algoGenetico.PopulationEvo - Thread: Thread-3 | Generation no: 6
08:09:26.382 [pool-2-thread-1] INFO  algoGenetico.PopulationEvo - Thread: pool-2-thread-1 | Hyperparameters{nrGenerations=2, nrFitIndividuals=202, tournamentSize=67, seed=5661, hiddenDimSize=7, mutationProb=0.09624486373367658, populationSize=515}
08:09:26.484 [pool-2-thread-2] INFO  algoGenetico.PopulationEvo - Thread: pool-2-thread-2 | Hyperparameters{nrGenerations=11, nrFitIndividuals=82, tournamentSize=51, seed=5661, hiddenDimSize=30, mutationProb=0.26187858450829415, populationSize=341}
08:09:26.514 [Thread-3] INFO  algoGenetico.PopulationEvo - Thread: Thread-3 | Generation no: 7
08:09:26.670 [Thread-3] INFO  algoGenetico.PopulationEvo - Thread: Thread-3 | Generation no: 8
08:09:26.827 [Thread-3] INFO  algoGenetico.PopulationEvo - Thread: Thread-3 | Generation no: 9
08:09:26.965 [Thread-3] INFO  algoGenetico.PopulationEvo - Thread: Thread-3 | Generation no: 10
08:09:27.122 [Thread-3] INFO  algoGenetico.PopulationEvo - Thread: Thread-3 | Generation no: 11
08:09:27.159 [Thread-0] INFO  algoGenetico.PopulationEvo - Thread: Thread-0 | Generation no: 3
08:09:27.258 [Thread-3] INFO  algoGenetico.PopulationEvo - Thread: Thread-3 | Generation no: 12
08:09:27.394 [Thread-3] INFO  algoGenetico.PopulationEvo - Thread: Thread-3 | Generation no: 13
08:09:27.526 [pool-2-thread-2] INFO  algoGenetico.PopulationEvo - Thread: pool-2-thread-2 | Hyperparameters{nrGenerations=22, nrFitIndividuals=82, tournamentSize=73, seed=5661, hiddenDimSize=30, mutationProb=0.6535088264475973, populationSize=189}
08:09:27.531 [Thread-3] INFO  algoGenetico.PopulationEvo - Thread: Thread-3 | Generation no: 14
08:09:27.646 [pool-2-thread-3] INFO  algoGenetico.PopulationEvo - Thread: pool-2-thread-3 | Hyperparameters{nrGenerations=42, nrFitIndividuals=90, tournamentSize=26, seed=5661, hiddenDimSize=47, mutationProb=0.4033847131091849, populationSize=351}
08:09:27.694 [Thread-3] INFO  algoGenetico.PopulationEvo - Thread: Thread-3 | Generation no: 15
08:09:27.873 [Thread-3] INFO  algoGenetico.PopulationEvo - Thread: Thread-3 | Generation no: 16
08:09:27.942 [Thread-5] INFO  algoGenetico.PopulationEvo - Thread: Thread-5 | Generation no: 1
08:09:28.062 [Thread-3] INFO  algoGenetico.PopulationEvo - Thread: Thread-3 | Generation no: 17
08:09:28.121 [Thread-0] INFO  algoGenetico.PopulationEvo - Thread: Thread-0 | Generation no: 4
08:09:28.246 [Thread-3] INFO  algoGenetico.PopulationEvo - Thread: Thread-3 | Generation no: 18
08:09:28.442 [Thread-3] INFO  algoGenetico.PopulationEvo - Thread: Thread-3 | Generation no: 19
08:09:28.596 [Thread-1] INFO  algoGenetico.PopulationEvo - Thread: Thread-1 | Generation no: 1
08:09:28.615 [Thread-3] INFO  algoGenetico.PopulationEvo - Thread: Thread-3 | Generation no: 20
08:09:28.800 [Thread-7] INFO  algoGenetico.PopulationEvo - Thread: Thread-7 | Generation no: 1
08:09:28.804 [Thread-3] INFO  algoGenetico.PopulationEvo - Thread: Thread-3 | Generation no: 21
08:09:28.918 [pool-2-thread-4] INFO  algoGenetico.PopulationEvo - Thread: pool-2-thread-4 | Hyperparameters{nrGenerations=1, nrFitIndividuals=124, tournamentSize=45, seed=5661, hiddenDimSize=25, mutationProb=0.5915649506731288, populationSize=851}
08:09:28.990 [Thread-3] INFO  algoGenetico.PopulationEvo - Thread: Thread-3 | Generation no: 22
08:09:29.105 [Thread-0] INFO  algoGenetico.PopulationEvo - Thread: Thread-0 | Generation no: 5
08:09:29.212 [Thread-3] INFO  algoGenetico.PopulationEvo - Thread: Thread-3 | Generation no: 23
08:09:29.430 [Thread-3] INFO  algoGenetico.PopulationEvo - Thread: Thread-3 | Generation no: 24
08:09:29.640 [Thread-3] INFO  algoGenetico.PopulationEvo - Thread: Thread-3 | Generation no: 25
08:09:29.838 [Thread-3] INFO  algoGenetico.PopulationEvo - Thread: Thread-3 | Generation no: 26
08:09:29.960 [pool-2-thread-3] INFO  algoGenetico.PopulationEvo - Thread: pool-2-thread-3 | Hyperparameters{nrGenerations=15, nrFitIndividuals=253, tournamentSize=171, seed=5661, hiddenDimSize=12, mutationProb=0.09089397676253763, populationSize=656}
08:09:29.973 [Thread-7] INFO  algoGenetico.PopulationEvo - Thread: Thread-7 | Generation no: 2
08:09:30.074 [Thread-3] INFO  algoGenetico.PopulationEvo - Thread: Thread-3 | Generation no: 27
08:09:30.216 [Thread-5] INFO  algoGenetico.PopulationEvo - Thread: Thread-5 | Generation no: 2
08:09:30.216 [Thread-5] INFO  algoGenetico.PopulationEvo - Thread: Thread-5 | Fittest: 63767.0
08:09:30.218 [Thread-5] INFO  algoGenetico.PopulationEvo - Thread: Thread-5 | GOING TO WRITE... writing file
08:09:30.221 [Thread-5] INFO  algoGenetico.PopulationEvo - Thread: Thread-5 | WROTE Fittest: 63767.0
08:09:30.237 [Thread-0] INFO  algoGenetico.PopulationEvo - Thread: Thread-0 | Generation no: 6
08:09:30.278 [Thread-3] INFO  algoGenetico.PopulationEvo - Thread: Thread-3 | Generation no: 28
08:09:30.311 [Thread-4] INFO  algoGenetico.PopulationEvo - Thread: Thread-4 | Generation no: 1
08:09:30.426 [pool-2-thread-3] INFO  algoGenetico.PopulationEvo - Thread: pool-2-thread-3 | Hyperparameters{nrGenerations=11, nrFitIndividuals=46, tournamentSize=12, seed=5661, hiddenDimSize=1, mutationProb=0.3229981826403556, populationSize=260}
08:09:30.473 [Thread-3] INFO  algoGenetico.PopulationEvo - Thread: Thread-3 | Generation no: 29
08:09:30.688 [Thread-3] INFO  algoGenetico.PopulationEvo - Thread: Thread-3 | Generation no: 30
08:09:30.898 [Thread-3] INFO  algoGenetico.PopulationEvo - Thread: Thread-3 | Generation no: 31
08:09:30.927 [Thread-1] INFO  algoGenetico.PopulationEvo - Thread: Thread-1 | Generation no: 2
08:09:31.056 [Thread-11] INFO  algoGenetico.PopulationEvo - Thread: Thread-11 | Generation no: 1
08:09:31.109 [Thread-3] INFO  algoGenetico.PopulationEvo - Thread: Thread-3 | Generation no: 32
08:09:31.194 [Thread-7] INFO  algoGenetico.PopulationEvo - Thread: Thread-7 | Generation no: 3
08:09:31.273 [pool-2-thread-2] INFO  algoGenetico.PopulationEvo - Thread: pool-2-thread-2 | Hyperparameters{nrGenerations=40, nrFitIndividuals=82, tournamentSize=59, seed=5661, hiddenDimSize=28, mutationProb=0.6593031427451869, populationSize=578}
08:09:31.281 [Thread-11] INFO  algoGenetico.PopulationEvo - Thread: Thread-11 | Generation no: 2
08:09:31.322 [Thread-3] INFO  algoGenetico.PopulationEvo - Thread: Thread-3 | Generation no: 33
08:09:31.591 [Thread-3] INFO  algoGenetico.PopulationEvo - Thread: Thread-3 | Generation no: 34
08:09:31.602 [Thread-11] INFO  algoGenetico.PopulationEvo - Thread: Thread-11 | Generation no: 3
08:09:31.610 [Thread-0] INFO  algoGenetico.PopulationEvo - Thread: Thread-0 | Generation no: 7
