23:22:24.026 [main] INFO  algoGenetico.PopulationEvo - Hyperparameters{nrGenerations=15, nrFitIndividuals=211, tournamentSize=2, seed=320, hiddenDimSize=43, mutationProb=0.7156226424446781, populationSize=858}
23:22:26.502 [main] INFO  algoGenetico.PopulationEvo - Hyperparameters{nrGenerations=56, nrFitIndividuals=416, tournamentSize=10, seed=384, hiddenDimSize=26, mutationProb=0.21304994138862954, populationSize=845}
23:22:28.221 [Thread-0] INFO  algoGenetico.PopulationEvo - Thread: Thread-0 | Generation no: 1
23:22:29.182 [main] INFO  algoGenetico.PopulationEvo - Hyperparameters{nrGenerations=30, nrFitIndividuals=185, tournamentSize=86, seed=986, hiddenDimSize=26, mutationProb=0.9965940288430559, populationSize=869}
23:22:29.462 [Thread-1] INFO  algoGenetico.PopulationEvo - Thread: Thread-1 | Generation no: 1
23:22:30.373 [main] INFO  algoGenetico.PopulationEvo - Hyperparameters{nrGenerations=58, nrFitIndividuals=273, tournamentSize=181, seed=714, hiddenDimSize=4, mutationProb=0.2751976243337819, populationSize=663}
23:22:31.211 [main] INFO  algoGenetico.PopulationEvo - Hyperparameters{nrGenerations=26, nrFitIndividuals=210, tournamentSize=97, seed=625, hiddenDimSize=12, mutationProb=0.24087036796026617, populationSize=503}
23:22:31.941 [main] INFO  algoGenetico.PopulationEvo - Hyperparameters{nrGenerations=6, nrFitIndividuals=206, tournamentSize=145, seed=499, hiddenDimSize=4, mutationProb=0.19336122265644806, populationSize=458}
23:22:32.034 [Thread-4] INFO  algoGenetico.PopulationEvo - Thread: Thread-4 | Generation no: 1
23:22:32.058 [Thread-1] INFO  algoGenetico.PopulationEvo - Thread: Thread-1 | Generation no: 2
23:22:32.078 [Thread-3] INFO  algoGenetico.PopulationEvo - Thread: Thread-3 | Generation no: 1
23:22:32.242 [Thread-0] INFO  algoGenetico.PopulationEvo - Thread: Thread-0 | Generation no: 2
23:22:32.364 [Thread-2] INFO  algoGenetico.PopulationEvo - Thread: Thread-2 | Generation no: 1
23:22:32.801 [Thread-4] INFO  algoGenetico.PopulationEvo - Thread: Thread-4 | Generation no: 2
23:22:32.839 [Thread-5] INFO  algoGenetico.PopulationEvo - Thread: Thread-5 | Generation no: 1
23:22:32.923 [main] INFO  algoGenetico.PopulationEvo - Hyperparameters{nrGenerations=18, nrFitIndividuals=44, tournamentSize=17, seed=964, hiddenDimSize=48, mutationProb=0.25605252689279145, populationSize=183}
23:22:33.363 [Thread-3] INFO  algoGenetico.PopulationEvo - Thread: Thread-3 | Generation no: 2
23:22:33.465 [Thread-5] INFO  algoGenetico.PopulationEvo - Thread: Thread-5 | Generation no: 2
23:22:33.656 [Thread-4] INFO  algoGenetico.PopulationEvo - Thread: Thread-4 | Generation no: 3
23:22:33.831 [Thread-6] INFO  algoGenetico.PopulationEvo - Thread: Thread-6 | Generation no: 1
23:22:34.223 [Thread-3] INFO  algoGenetico.PopulationEvo - Thread: Thread-3 | Generation no: 3
23:22:34.555 [Thread-5] INFO  algoGenetico.PopulationEvo - Thread: Thread-5 | Generation no: 3
23:22:34.808 [Thread-6] INFO  algoGenetico.PopulationEvo - Thread: Thread-6 | Generation no: 2
23:22:34.866 [Thread-1] INFO  algoGenetico.PopulationEvo - Thread: Thread-1 | Generation no: 3
23:22:35.043 [Thread-4] INFO  algoGenetico.PopulationEvo - Thread: Thread-4 | Generation no: 4
23:22:35.094 [Thread-3] INFO  algoGenetico.PopulationEvo - Thread: Thread-3 | Generation no: 4
23:22:35.958 [Thread-6] INFO  algoGenetico.PopulationEvo - Thread: Thread-6 | Generation no: 3
23:22:35.976 [Thread-3] INFO  algoGenetico.PopulationEvo - Thread: Thread-3 | Generation no: 5
23:22:36.066 [Thread-5] INFO  algoGenetico.PopulationEvo - Thread: Thread-5 | Generation no: 4
23:22:36.307 [Thread-2] INFO  algoGenetico.PopulationEvo - Thread: Thread-2 | Generation no: 2
23:22:36.665 [Thread-4] INFO  algoGenetico.PopulationEvo - Thread: Thread-4 | Generation no: 5
23:22:36.767 [main] INFO  algoGenetico.PopulationEvo - Hyperparameters{nrGenerations=7, nrFitIndividuals=218, tournamentSize=210, seed=474, hiddenDimSize=45, mutationProb=0.25720324063174915, populationSize=843}
23:22:36.862 [Thread-0] INFO  algoGenetico.PopulationEvo - Thread: Thread-0 | Generation no: 3
23:22:36.891 [Thread-3] INFO  algoGenetico.PopulationEvo - Thread: Thread-3 | Generation no: 6
23:22:37.693 [main] INFO  algoGenetico.PopulationEvo - Hyperparameters{nrGenerations=71, nrFitIndividuals=39, tournamentSize=11, seed=774, hiddenDimSize=44, mutationProb=0.996176022512206, populationSize=179}
23:22:37.714 [Thread-5] INFO  algoGenetico.PopulationEvo - Thread: Thread-5 | Generation no: 5
23:22:37.792 [Thread-6] INFO  algoGenetico.PopulationEvo - Thread: Thread-6 | Generation no: 4
23:22:37.900 [Thread-3] INFO  algoGenetico.PopulationEvo - Thread: Thread-3 | Generation no: 7
23:22:37.937 [main] INFO  algoGenetico.PopulationEvo - Hyperparameters{nrGenerations=47, nrFitIndividuals=56, tournamentSize=38, seed=650, hiddenDimSize=8, mutationProb=0.16604121669725813, populationSize=142}
23:22:38.222 [Thread-9] INFO  algoGenetico.PopulationEvo - Thread: Thread-9 | Generation no: 1
23:22:38.420 [Thread-9] INFO  algoGenetico.PopulationEvo - Thread: Thread-9 | Generation no: 2
23:22:38.425 [Thread-1] INFO  algoGenetico.PopulationEvo - Thread: Thread-1 | Generation no: 4
23:22:38.502 [Thread-4] INFO  algoGenetico.PopulationEvo - Thread: Thread-4 | Generation no: 6
23:22:38.626 [Thread-9] INFO  algoGenetico.PopulationEvo - Thread: Thread-9 | Generation no: 3
23:22:38.777 [Thread-8] INFO  algoGenetico.PopulationEvo - Thread: Thread-8 | Generation no: 1
23:22:38.817 [Thread-9] INFO  algoGenetico.PopulationEvo - Thread: Thread-9 | Generation no: 4
23:22:39.010 [Thread-9] INFO  algoGenetico.PopulationEvo - Thread: Thread-9 | Generation no: 5
23:22:39.090 [Thread-3] INFO  algoGenetico.PopulationEvo - Thread: Thread-3 | Generation no: 8
23:22:39.193 [Thread-9] INFO  algoGenetico.PopulationEvo - Thread: Thread-9 | Generation no: 6
23:22:39.378 [Thread-9] INFO  algoGenetico.PopulationEvo - Thread: Thread-9 | Generation no: 7
23:22:39.519 [Thread-5] INFO  algoGenetico.PopulationEvo - Thread: Thread-5 | Generation no: 6
23:22:39.519 [Thread-5] INFO  algoGenetico.PopulationEvo - Thread: Thread-5 | Fittest: 42579.0
23:22:39.520 [Thread-5] INFO  algoGenetico.PopulationEvo - Thread: Thread-5 | GOING TO WRITE... writing file
23:22:39.520 [Thread-5] INFO  algoGenetico.PopulationEvo - Thread: Thread-5 | WROTE Fittest: 42579.0
23:22:39.585 [Thread-9] INFO  algoGenetico.PopulationEvo - Thread: Thread-9 | Generation no: 8
23:22:39.755 [Thread-9] INFO  algoGenetico.PopulationEvo - Thread: Thread-9 | Generation no: 9
23:22:39.911 [Thread-9] INFO  algoGenetico.PopulationEvo - Thread: Thread-9 | Generation no: 10
23:22:39.930 [Thread-8] INFO  algoGenetico.PopulationEvo - Thread: Thread-8 | Generation no: 2
23:22:40.064 [Thread-9] INFO  algoGenetico.PopulationEvo - Thread: Thread-9 | Generation no: 11
23:22:40.151 [Thread-3] INFO  algoGenetico.PopulationEvo - Thread: Thread-3 | Generation no: 9
23:22:40.224 [Thread-9] INFO  algoGenetico.PopulationEvo - Thread: Thread-9 | Generation no: 12
23:22:40.284 [Thread-4] INFO  algoGenetico.PopulationEvo - Thread: Thread-4 | Generation no: 7
23:22:40.397 [Thread-9] INFO  algoGenetico.PopulationEvo - Thread: Thread-9 | Generation no: 13
23:22:40.551 [Thread-9] INFO  algoGenetico.PopulationEvo - Thread: Thread-9 | Generation no: 14
23:22:40.705 [Thread-9] INFO  algoGenetico.PopulationEvo - Thread: Thread-9 | Generation no: 15
23:22:40.854 [Thread-9] INFO  algoGenetico.PopulationEvo - Thread: Thread-9 | Generation no: 16
23:22:41.016 [Thread-9] INFO  algoGenetico.PopulationEvo - Thread: Thread-9 | Generation no: 17
23:22:41.154 [Thread-3] INFO  algoGenetico.PopulationEvo - Thread: Thread-3 | Generation no: 10
23:22:41.168 [Thread-9] INFO  algoGenetico.PopulationEvo - Thread: Thread-9 | Generation no: 18
23:22:41.277 [Thread-2] INFO  algoGenetico.PopulationEvo - Thread: Thread-2 | Generation no: 3
23:22:41.329 [Thread-9] INFO  algoGenetico.PopulationEvo - Thread: Thread-9 | Generation no: 19
23:22:41.363 [Thread-7] INFO  algoGenetico.PopulationEvo - Thread: Thread-7 | Generation no: 1
23:22:41.451 [Thread-8] INFO  algoGenetico.PopulationEvo - Thread: Thread-8 | Generation no: 3
23:22:41.483 [Thread-9] INFO  algoGenetico.PopulationEvo - Thread: Thread-9 | Generation no: 20
23:22:41.645 [Thread-9] INFO  algoGenetico.PopulationEvo - Thread: Thread-9 | Generation no: 21
23:22:41.809 [Thread-9] INFO  algoGenetico.PopulationEvo - Thread: Thread-9 | Generation no: 22
23:22:41.981 [Thread-9] INFO  algoGenetico.PopulationEvo - Thread: Thread-9 | Generation no: 23
23:22:41.984 [Thread-4] INFO  algoGenetico.PopulationEvo - Thread: Thread-4 | Generation no: 8
23:22:42.142 [Thread-9] INFO  algoGenetico.PopulationEvo - Thread: Thread-9 | Generation no: 24
23:22:42.202 [Thread-0] INFO  algoGenetico.PopulationEvo - Thread: Thread-0 | Generation no: 4
23:22:42.275 [Thread-3] INFO  algoGenetico.PopulationEvo - Thread: Thread-3 | Generation no: 11
23:22:42.337 [Thread-9] INFO  algoGenetico.PopulationEvo - Thread: Thread-9 | Generation no: 25
23:22:42.498 [Thread-9] INFO  algoGenetico.PopulationEvo - Thread: Thread-9 | Generation no: 26
23:22:42.656 [Thread-9] INFO  algoGenetico.PopulationEvo - Thread: Thread-9 | Generation no: 27
23:22:42.823 [Thread-9] INFO  algoGenetico.PopulationEvo - Thread: Thread-9 | Generation no: 28
23:22:42.981 [Thread-9] INFO  algoGenetico.PopulationEvo - Thread: Thread-9 | Generation no: 29
23:22:43.088 [Thread-1] INFO  algoGenetico.PopulationEvo - Thread: Thread-1 | Generation no: 5
23:22:43.152 [Thread-9] INFO  algoGenetico.PopulationEvo - Thread: Thread-9 | Generation no: 30
23:22:43.314 [Thread-9] INFO  algoGenetico.PopulationEvo - Thread: Thread-9 | Generation no: 31
23:22:43.482 [Thread-9] INFO  algoGenetico.PopulationEvo - Thread: Thread-9 | Generation no: 32
23:22:43.660 [Thread-9] INFO  algoGenetico.PopulationEvo - Thread: Thread-9 | Generation no: 33
23:22:43.682 [Thread-4] INFO  algoGenetico.PopulationEvo - Thread: Thread-4 | Generation no: 9
23:22:43.732 [Thread-3] INFO  algoGenetico.PopulationEvo - Thread: Thread-3 | Generation no: 12
23:22:43.823 [Thread-9] INFO  algoGenetico.PopulationEvo - Thread: Thread-9 | Generation no: 34
23:22:43.823 [Thread-8] INFO  algoGenetico.PopulationEvo - Thread: Thread-8 | Generation no: 4
23:22:44.002 [Thread-9] INFO  algoGenetico.PopulationEvo - Thread: Thread-9 | Generation no: 35
23:22:44.170 [Thread-9] INFO  algoGenetico.PopulationEvo - Thread: Thread-9 | Generation no: 36
23:22:44.325 [Thread-9] INFO  algoGenetico.PopulationEvo - Thread: Thread-9 | Generation no: 37
23:22:44.499 [Thread-9] INFO  algoGenetico.PopulationEvo - Thread: Thread-9 | Generation no: 38
23:22:44.653 [Thread-9] INFO  algoGenetico.PopulationEvo - Thread: Thread-9 | Generation no: 39
23:22:44.816 [Thread-9] INFO  algoGenetico.PopulationEvo - Thread: Thread-9 | Generation no: 40
23:22:44.998 [Thread-9] INFO  algoGenetico.PopulationEvo - Thread: Thread-9 | Generation no: 41
23:22:45.173 [Thread-9] INFO  algoGenetico.PopulationEvo - Thread: Thread-9 | Generation no: 42
23:22:45.266 [Thread-3] INFO  algoGenetico.PopulationEvo - Thread: Thread-3 | Generation no: 13
23:22:45.322 [Thread-4] INFO  algoGenetico.PopulationEvo - Thread: Thread-4 | Generation no: 10
23:22:45.335 [Thread-9] INFO  algoGenetico.PopulationEvo - Thread: Thread-9 | Generation no: 43
23:22:45.505 [Thread-9] INFO  algoGenetico.PopulationEvo - Thread: Thread-9 | Generation no: 44
23:22:45.660 [Thread-9] INFO  algoGenetico.PopulationEvo - Thread: Thread-9 | Generation no: 45
23:22:45.834 [Thread-9] INFO  algoGenetico.PopulationEvo - Thread: Thread-9 | Generation no: 46
23:22:46.003 [Thread-9] INFO  algoGenetico.PopulationEvo - Thread: Thread-9 | Generation no: 47
23:22:46.003 [Thread-9] INFO  algoGenetico.PopulationEvo - Thread: Thread-9 | Fittest: 30562.0
23:22:46.003 [Thread-9] INFO  algoGenetico.PopulationEvo - Thread: Thread-9 | GOING TO WRITE... writing file
23:22:46.003 [Thread-9] INFO  algoGenetico.PopulationEvo - Thread: Thread-9 | WROTE Fittest: 30562.0
23:22:46.225 [Thread-8] INFO  algoGenetico.PopulationEvo - Thread: Thread-8 | Generation no: 5
23:22:46.740 [Thread-3] INFO  algoGenetico.PopulationEvo - Thread: Thread-3 | Generation no: 14
23:22:46.976 [Thread-4] INFO  algoGenetico.PopulationEvo - Thread: Thread-4 | Generation no: 11
23:22:48.068 [Thread-3] INFO  algoGenetico.PopulationEvo - Thread: Thread-3 | Generation no: 15
23:22:48.106 [Thread-0] INFO  algoGenetico.PopulationEvo - Thread: Thread-0 | Generation no: 5
23:22:48.436 [Thread-8] INFO  algoGenetico.PopulationEvo - Thread: Thread-8 | Generation no: 6
23:22:48.573 [Thread-4] INFO  algoGenetico.PopulationEvo - Thread: Thread-4 | Generation no: 12
23:22:48.597 [Thread-2] INFO  algoGenetico.PopulationEvo - Thread: Thread-2 | Generation no: 4
23:22:49.091 [Thread-1] INFO  algoGenetico.PopulationEvo - Thread: Thread-1 | Generation no: 6
23:22:50.167 [Thread-4] INFO  algoGenetico.PopulationEvo - Thread: Thread-4 | Generation no: 13
23:22:50.254 [Thread-3] INFO  algoGenetico.PopulationEvo - Thread: Thread-3 | Generation no: 16
23:22:50.653 [Thread-8] INFO  algoGenetico.PopulationEvo - Thread: Thread-8 | Generation no: 7
23:22:51.421 [Thread-3] INFO  algoGenetico.PopulationEvo - Thread: Thread-3 | Generation no: 17
23:22:51.719 [Thread-4] INFO  algoGenetico.PopulationEvo - Thread: Thread-4 | Generation no: 14
23:22:52.726 [Thread-3] INFO  algoGenetico.PopulationEvo - Thread: Thread-3 | Generation no: 18
23:22:52.897 [Thread-8] INFO  algoGenetico.PopulationEvo - Thread: Thread-8 | Generation no: 8
23:22:53.467 [Thread-4] INFO  algoGenetico.PopulationEvo - Thread: Thread-4 | Generation no: 15
23:22:54.040 [Thread-3] INFO  algoGenetico.PopulationEvo - Thread: Thread-3 | Generation no: 19
23:22:54.677 [Thread-0] INFO  algoGenetico.PopulationEvo - Thread: Thread-0 | Generation no: 6
23:22:55.055 [Thread-4] INFO  algoGenetico.PopulationEvo - Thread: Thread-4 | Generation no: 16
23:22:55.218 [Thread-8] INFO  algoGenetico.PopulationEvo - Thread: Thread-8 | Generation no: 9
23:22:55.353 [Thread-3] INFO  algoGenetico.PopulationEvo - Thread: Thread-3 | Generation no: 20
23:22:55.991 [Thread-1] INFO  algoGenetico.PopulationEvo - Thread: Thread-1 | Generation no: 7
23:22:56.613 [Thread-2] INFO  algoGenetico.PopulationEvo - Thread: Thread-2 | Generation no: 5
23:22:56.781 [Thread-4] INFO  algoGenetico.PopulationEvo - Thread: Thread-4 | Generation no: 17
23:22:56.810 [Thread-3] INFO  algoGenetico.PopulationEvo - Thread: Thread-3 | Generation no: 21
23:22:57.598 [Thread-8] INFO  algoGenetico.PopulationEvo - Thread: Thread-8 | Generation no: 10
23:22:58.105 [Thread-3] INFO  algoGenetico.PopulationEvo - Thread: Thread-3 | Generation no: 22
23:22:58.397 [Thread-4] INFO  algoGenetico.PopulationEvo - Thread: Thread-4 | Generation no: 18
23:22:59.525 [Thread-3] INFO  algoGenetico.PopulationEvo - Thread: Thread-3 | Generation no: 23
23:22:59.893 [Thread-8] INFO  algoGenetico.PopulationEvo - Thread: Thread-8 | Generation no: 11
23:23:00.082 [Thread-4] INFO  algoGenetico.PopulationEvo - Thread: Thread-4 | Generation no: 19
23:23:00.993 [Thread-0] INFO  algoGenetico.PopulationEvo - Thread: Thread-0 | Generation no: 7
23:23:01.098 [Thread-3] INFO  algoGenetico.PopulationEvo - Thread: Thread-3 | Generation no: 24
23:23:01.763 [Thread-4] INFO  algoGenetico.PopulationEvo - Thread: Thread-4 | Generation no: 20
23:23:02.175 [Thread-8] INFO  algoGenetico.PopulationEvo - Thread: Thread-8 | Generation no: 12
23:23:02.508 [Thread-3] INFO  algoGenetico.PopulationEvo - Thread: Thread-3 | Generation no: 25
23:23:02.701 [Thread-1] INFO  algoGenetico.PopulationEvo - Thread: Thread-1 | Generation no: 8
23:23:03.349 [Thread-4] INFO  algoGenetico.PopulationEvo - Thread: Thread-4 | Generation no: 21
23:23:03.898 [Thread-3] INFO  algoGenetico.PopulationEvo - Thread: Thread-3 | Generation no: 26
23:23:04.438 [Thread-8] INFO  algoGenetico.PopulationEvo - Thread: Thread-8 | Generation no: 13
23:23:04.476 [Thread-2] INFO  algoGenetico.PopulationEvo - Thread: Thread-2 | Generation no: 6
23:23:04.940 [Thread-4] INFO  algoGenetico.PopulationEvo - Thread: Thread-4 | Generation no: 22
23:23:05.597 [Thread-3] INFO  algoGenetico.PopulationEvo - Thread: Thread-3 | Generation no: 27
23:23:06.516 [Thread-4] INFO  algoGenetico.PopulationEvo - Thread: Thread-4 | Generation no: 23
23:23:06.782 [Thread-8] INFO  algoGenetico.PopulationEvo - Thread: Thread-8 | Generation no: 14
23:23:06.908 [Thread-3] INFO  algoGenetico.PopulationEvo - Thread: Thread-3 | Generation no: 28
23:23:07.593 [Thread-0] INFO  algoGenetico.PopulationEvo - Thread: Thread-0 | Generation no: 8
23:23:08.096 [Thread-4] INFO  algoGenetico.PopulationEvo - Thread: Thread-4 | Generation no: 24
23:23:08.317 [Thread-3] INFO  algoGenetico.PopulationEvo - Thread: Thread-3 | Generation no: 29
23:23:09.214 [Thread-8] INFO  algoGenetico.PopulationEvo - Thread: Thread-8 | Generation no: 15
23:23:09.523 [Thread-1] INFO  algoGenetico.PopulationEvo - Thread: Thread-1 | Generation no: 9
23:23:09.535 [Thread-3] INFO  algoGenetico.PopulationEvo - Thread: Thread-3 | Generation no: 30
23:23:09.938 [Thread-4] INFO  algoGenetico.PopulationEvo - Thread: Thread-4 | Generation no: 25
23:23:10.964 [Thread-3] INFO  algoGenetico.PopulationEvo - Thread: Thread-3 | Generation no: 31
23:23:11.499 [Thread-8] INFO  algoGenetico.PopulationEvo - Thread: Thread-8 | Generation no: 16
23:23:11.637 [Thread-4] INFO  algoGenetico.PopulationEvo - Thread: Thread-4 | Generation no: 26
23:23:11.637 [Thread-4] INFO  algoGenetico.PopulationEvo - Thread: Thread-4 | Fittest: 51510.0
23:23:11.637 [Thread-4] INFO  algoGenetico.PopulationEvo - Thread: Thread-4 | GOING TO WRITE... writing file
23:23:11.637 [Thread-4] INFO  algoGenetico.PopulationEvo - Thread: Thread-4 | WROTE Fittest: 51510.0
23:23:12.440 [Thread-3] INFO  algoGenetico.PopulationEvo - Thread: Thread-3 | Generation no: 32
23:23:12.739 [Thread-2] INFO  algoGenetico.PopulationEvo - Thread: Thread-2 | Generation no: 7
23:23:14.031 [Thread-8] INFO  algoGenetico.PopulationEvo - Thread: Thread-8 | Generation no: 17
23:23:14.078 [Thread-3] INFO  algoGenetico.PopulationEvo - Thread: Thread-3 | Generation no: 33
23:23:15.283 [Thread-0] INFO  algoGenetico.PopulationEvo - Thread: Thread-0 | Generation no: 9
23:23:15.349 [Thread-3] INFO  algoGenetico.PopulationEvo - Thread: Thread-3 | Generation no: 34
23:23:16.401 [Thread-8] INFO  algoGenetico.PopulationEvo - Thread: Thread-8 | Generation no: 18
23:23:16.880 [Thread-3] INFO  algoGenetico.PopulationEvo - Thread: Thread-3 | Generation no: 35
23:23:18.206 [Thread-3] INFO  algoGenetico.PopulationEvo - Thread: Thread-3 | Generation no: 36
23:23:18.330 [Thread-1] INFO  algoGenetico.PopulationEvo - Thread: Thread-1 | Generation no: 10
23:23:18.722 [Thread-8] INFO  algoGenetico.PopulationEvo - Thread: Thread-8 | Generation no: 19
23:23:19.752 [Thread-3] INFO  algoGenetico.PopulationEvo - Thread: Thread-3 | Generation no: 37
23:23:20.957 [Thread-2] INFO  algoGenetico.PopulationEvo - Thread: Thread-2 | Generation no: 8
23:23:21.037 [Thread-8] INFO  algoGenetico.PopulationEvo - Thread: Thread-8 | Generation no: 20
23:23:21.049 [Thread-3] INFO  algoGenetico.PopulationEvo - Thread: Thread-3 | Generation no: 38
23:23:22.473 [Thread-3] INFO  algoGenetico.PopulationEvo - Thread: Thread-3 | Generation no: 39
23:23:23.599 [Thread-8] INFO  algoGenetico.PopulationEvo - Thread: Thread-8 | Generation no: 21
23:23:23.787 [Thread-3] INFO  algoGenetico.PopulationEvo - Thread: Thread-3 | Generation no: 40
23:23:24.615 [Thread-0] INFO  algoGenetico.PopulationEvo - Thread: Thread-0 | Generation no: 10
23:23:26.085 [Thread-3] INFO  algoGenetico.PopulationEvo - Thread: Thread-3 | Generation no: 41
23:23:28.362 [Thread-1] INFO  algoGenetico.PopulationEvo - Thread: Thread-1 | Generation no: 11
23:23:28.471 [Thread-3] INFO  algoGenetico.PopulationEvo - Thread: Thread-3 | Generation no: 42
23:23:29.108 [Thread-2] INFO  algoGenetico.PopulationEvo - Thread: Thread-2 | Generation no: 9
23:23:31.222 [Thread-3] INFO  algoGenetico.PopulationEvo - Thread: Thread-3 | Generation no: 43
23:23:33.551 [Thread-3] INFO  algoGenetico.PopulationEvo - Thread: Thread-3 | Generation no: 44
23:23:35.626 [Thread-3] INFO  algoGenetico.PopulationEvo - Thread: Thread-3 | Generation no: 45
23:23:37.481 [Thread-2] INFO  algoGenetico.PopulationEvo - Thread: Thread-2 | Generation no: 10
23:23:37.698 [Thread-3] INFO  algoGenetico.PopulationEvo - Thread: Thread-3 | Generation no: 46
23:23:38.358 [Thread-0] INFO  algoGenetico.PopulationEvo - Thread: Thread-0 | Generation no: 11
23:23:38.475 [Thread-1] INFO  algoGenetico.PopulationEvo - Thread: Thread-1 | Generation no: 12
23:23:40.697 [Thread-3] INFO  algoGenetico.PopulationEvo - Thread: Thread-3 | Generation no: 47
23:23:42.960 [Thread-3] INFO  algoGenetico.PopulationEvo - Thread: Thread-3 | Generation no: 48
23:23:45.243 [Thread-2] INFO  algoGenetico.PopulationEvo - Thread: Thread-2 | Generation no: 11
23:23:45.515 [Thread-3] INFO  algoGenetico.PopulationEvo - Thread: Thread-3 | Generation no: 49
23:23:48.082 [Thread-3] INFO  algoGenetico.PopulationEvo - Thread: Thread-3 | Generation no: 50
23:23:48.573 [Thread-1] INFO  algoGenetico.PopulationEvo - Thread: Thread-1 | Generation no: 13
23:23:50.383 [Thread-3] INFO  algoGenetico.PopulationEvo - Thread: Thread-3 | Generation no: 51
23:23:52.649 [Thread-3] INFO  algoGenetico.PopulationEvo - Thread: Thread-3 | Generation no: 52
23:23:53.049 [Thread-2] INFO  algoGenetico.PopulationEvo - Thread: Thread-2 | Generation no: 12
23:23:53.893 [Thread-0] INFO  algoGenetico.PopulationEvo - Thread: Thread-0 | Generation no: 12
23:23:55.251 [Thread-3] INFO  algoGenetico.PopulationEvo - Thread: Thread-3 | Generation no: 53
23:23:57.344 [Thread-3] INFO  algoGenetico.PopulationEvo - Thread: Thread-3 | Generation no: 54
23:23:58.839 [Thread-1] INFO  algoGenetico.PopulationEvo - Thread: Thread-1 | Generation no: 14
23:23:59.544 [Thread-3] INFO  algoGenetico.PopulationEvo - Thread: Thread-3 | Generation no: 55
23:24:01.366 [Thread-2] INFO  algoGenetico.PopulationEvo - Thread: Thread-2 | Generation no: 13
23:24:01.568 [Thread-3] INFO  algoGenetico.PopulationEvo - Thread: Thread-3 | Generation no: 56
23:24:03.478 [Thread-3] INFO  algoGenetico.PopulationEvo - Thread: Thread-3 | Generation no: 57
23:24:05.570 [Thread-3] INFO  algoGenetico.PopulationEvo - Thread: Thread-3 | Generation no: 58
23:24:05.571 [Thread-3] INFO  algoGenetico.PopulationEvo - Thread: Thread-3 | Fittest: 43641.0
23:24:05.571 [Thread-3] INFO  algoGenetico.PopulationEvo - Thread: Thread-3 | GOING TO WRITE... writing file
23:24:05.571 [Thread-3] INFO  algoGenetico.PopulationEvo - Thread: Thread-3 | WROTE Fittest: 43641.0
23:24:08.767 [Thread-1] INFO  algoGenetico.PopulationEvo - Thread: Thread-1 | Generation no: 15
23:24:09.543 [Thread-2] INFO  algoGenetico.PopulationEvo - Thread: Thread-2 | Generation no: 14
23:24:09.740 [Thread-0] INFO  algoGenetico.PopulationEvo - Thread: Thread-0 | Generation no: 13
23:24:17.679 [Thread-2] INFO  algoGenetico.PopulationEvo - Thread: Thread-2 | Generation no: 15
23:24:19.007 [Thread-1] INFO  algoGenetico.PopulationEvo - Thread: Thread-1 | Generation no: 16
23:24:25.190 [Thread-0] INFO  algoGenetico.PopulationEvo - Thread: Thread-0 | Generation no: 14
23:24:25.618 [Thread-2] INFO  algoGenetico.PopulationEvo - Thread: Thread-2 | Generation no: 16
23:24:28.573 [Thread-1] INFO  algoGenetico.PopulationEvo - Thread: Thread-1 | Generation no: 17
23:24:33.374 [Thread-2] INFO  algoGenetico.PopulationEvo - Thread: Thread-2 | Generation no: 17
23:24:38.128 [Thread-1] INFO  algoGenetico.PopulationEvo - Thread: Thread-1 | Generation no: 18
