23:21:45.305 [main] INFO  algoGenetico.PopulationEvo - Hyperparameters{nrGenerations=72, nrFitIndividuals=129, tournamentSize=63, seed=101, hiddenDimSize=44, mutationProb=0.8603871064682981, populationSize=427}
23:21:45.735 [main] INFO  algoGenetico.PopulationEvo - Hyperparameters{nrGenerations=66, nrFitIndividuals=185, tournamentSize=103, seed=810, hiddenDimSize=3, mutationProb=0.22634366292041208, populationSize=435}
23:21:46.183 [Thread-1] INFO  algoGenetico.PopulationEvo - Thread: Thread-1 | Generation no: 1
23:21:46.575 [Thread-1] INFO  algoGenetico.PopulationEvo - Thread: Thread-1 | Generation no: 2
23:21:47.015 [main] INFO  algoGenetico.PopulationEvo - Hyperparameters{nrGenerations=90, nrFitIndividuals=93, tournamentSize=27, seed=330, hiddenDimSize=34, mutationProb=0.5185501723801977, populationSize=417}
23:21:47.146 [Thread-0] INFO  algoGenetico.PopulationEvo - Thread: Thread-0 | Generation no: 1
23:21:47.184 [main] INFO  algoGenetico.PopulationEvo - Hyperparameters{nrGenerations=5, nrFitIndividuals=46, tournamentSize=17, seed=818, hiddenDimSize=1, mutationProb=0.435999344018987, populationSize=197}
23:21:47.290 [Thread-1] INFO  algoGenetico.PopulationEvo - Thread: Thread-1 | Generation no: 3
23:21:47.422 [Thread-3] INFO  algoGenetico.PopulationEvo - Thread: Thread-3 | Generation no: 1
23:21:47.556 [Thread-3] INFO  algoGenetico.PopulationEvo - Thread: Thread-3 | Generation no: 2
23:21:47.682 [Thread-3] INFO  algoGenetico.PopulationEvo - Thread: Thread-3 | Generation no: 3
23:21:47.807 [Thread-3] INFO  algoGenetico.PopulationEvo - Thread: Thread-3 | Generation no: 4
23:21:47.933 [Thread-3] INFO  algoGenetico.PopulationEvo - Thread: Thread-3 | Generation no: 5
23:21:47.933 [Thread-3] INFO  algoGenetico.PopulationEvo - Thread: Thread-3 | Fittest: 30562.0
23:21:47.933 [Thread-3] INFO  algoGenetico.PopulationEvo - Thread: Thread-3 | GOING TO WRITE... writing file
23:21:47.934 [Thread-3] INFO  algoGenetico.PopulationEvo - Thread: Thread-3 | WROTE Fittest: 30562.0
23:21:48.175 [Thread-1] INFO  algoGenetico.PopulationEvo - Thread: Thread-1 | Generation no: 4
23:21:48.476 [Thread-2] INFO  algoGenetico.PopulationEvo - Thread: Thread-2 | Generation no: 1
23:21:48.962 [Thread-0] INFO  algoGenetico.PopulationEvo - Thread: Thread-0 | Generation no: 2
23:21:49.036 [Thread-1] INFO  algoGenetico.PopulationEvo - Thread: Thread-1 | Generation no: 5
23:21:49.895 [Thread-1] INFO  algoGenetico.PopulationEvo - Thread: Thread-1 | Generation no: 6
23:21:49.910 [main] INFO  algoGenetico.PopulationEvo - Hyperparameters{nrGenerations=95, nrFitIndividuals=170, tournamentSize=74, seed=154, hiddenDimSize=19, mutationProb=0.6083166055568295, populationSize=766}
23:21:50.754 [Thread-1] INFO  algoGenetico.PopulationEvo - Thread: Thread-1 | Generation no: 7
23:21:51.170 [Thread-2] INFO  algoGenetico.PopulationEvo - Thread: Thread-2 | Generation no: 2
23:21:51.552 [Thread-0] INFO  algoGenetico.PopulationEvo - Thread: Thread-0 | Generation no: 3
23:21:51.626 [Thread-1] INFO  algoGenetico.PopulationEvo - Thread: Thread-1 | Generation no: 8
23:21:52.484 [Thread-1] INFO  algoGenetico.PopulationEvo - Thread: Thread-1 | Generation no: 9
23:21:52.606 [Thread-4] INFO  algoGenetico.PopulationEvo - Thread: Thread-4 | Generation no: 1
23:21:53.356 [Thread-1] INFO  algoGenetico.PopulationEvo - Thread: Thread-1 | Generation no: 10
23:21:53.847 [main] INFO  algoGenetico.PopulationEvo - Hyperparameters{nrGenerations=18, nrFitIndividuals=338, tournamentSize=186, seed=77, hiddenDimSize=41, mutationProb=0.00618253219848075, populationSize=691}
23:21:54.222 [Thread-1] INFO  algoGenetico.PopulationEvo - Thread: Thread-1 | Generation no: 11
23:21:54.534 [Thread-2] INFO  algoGenetico.PopulationEvo - Thread: Thread-2 | Generation no: 3
23:21:54.582 [Thread-0] INFO  algoGenetico.PopulationEvo - Thread: Thread-0 | Generation no: 4
23:21:55.095 [Thread-1] INFO  algoGenetico.PopulationEvo - Thread: Thread-1 | Generation no: 12
23:21:55.592 [Thread-4] INFO  algoGenetico.PopulationEvo - Thread: Thread-4 | Generation no: 2
23:21:55.984 [Thread-1] INFO  algoGenetico.PopulationEvo - Thread: Thread-1 | Generation no: 13
23:21:56.255 [main] INFO  algoGenetico.PopulationEvo - Hyperparameters{nrGenerations=33, nrFitIndividuals=94, tournamentSize=8, seed=518, hiddenDimSize=35, mutationProb=0.3704902060980986, populationSize=515}
23:21:56.861 [Thread-1] INFO  algoGenetico.PopulationEvo - Thread: Thread-1 | Generation no: 14
23:21:57.642 [Thread-2] INFO  algoGenetico.PopulationEvo - Thread: Thread-2 | Generation no: 4
23:21:57.642 [Thread-0] INFO  algoGenetico.PopulationEvo - Thread: Thread-0 | Generation no: 5
23:21:57.739 [Thread-1] INFO  algoGenetico.PopulationEvo - Thread: Thread-1 | Generation no: 15
23:21:58.200 [main] INFO  algoGenetico.PopulationEvo - Hyperparameters{nrGenerations=35, nrFitIndividuals=152, tournamentSize=51, seed=285, hiddenDimSize=19, mutationProb=0.9089253375360092, populationSize=738}
23:21:58.226 [Thread-5] INFO  algoGenetico.PopulationEvo - Thread: Thread-5 | Generation no: 1
23:21:58.485 [Thread-6] INFO  algoGenetico.PopulationEvo - Thread: Thread-6 | Generation no: 1
23:21:58.626 [Thread-1] INFO  algoGenetico.PopulationEvo - Thread: Thread-1 | Generation no: 16
23:21:58.634 [main] INFO  algoGenetico.PopulationEvo - Hyperparameters{nrGenerations=3, nrFitIndividuals=161, tournamentSize=91, seed=912, hiddenDimSize=4, mutationProb=0.05260209464714616, populationSize=490}
23:21:59.129 [Thread-8] INFO  algoGenetico.PopulationEvo - Thread: Thread-8 | Generation no: 1
23:21:59.622 [Thread-8] INFO  algoGenetico.PopulationEvo - Thread: Thread-8 | Generation no: 2
23:21:59.631 [Thread-1] INFO  algoGenetico.PopulationEvo - Thread: Thread-1 | Generation no: 17
23:22:00.132 [Thread-8] INFO  algoGenetico.PopulationEvo - Thread: Thread-8 | Generation no: 3
23:22:00.133 [Thread-8] INFO  algoGenetico.PopulationEvo - Thread: Thread-8 | Fittest: 33641.0
23:22:00.133 [Thread-8] INFO  algoGenetico.PopulationEvo - Thread: Thread-8 | GOING TO WRITE... writing file
23:22:00.133 [Thread-8] INFO  algoGenetico.PopulationEvo - Thread: Thread-8 | WROTE Fittest: 33641.0
23:22:00.456 [main] INFO  algoGenetico.PopulationEvo - Hyperparameters{nrGenerations=74, nrFitIndividuals=70, tournamentSize=59, seed=289, hiddenDimSize=38, mutationProb=0.7655829877847309, populationSize=379}
23:22:00.581 [Thread-1] INFO  algoGenetico.PopulationEvo - Thread: Thread-1 | Generation no: 18
23:22:00.581 [Thread-7] INFO  algoGenetico.PopulationEvo - Thread: Thread-7 | Generation no: 1
23:22:00.836 [Thread-2] INFO  algoGenetico.PopulationEvo - Thread: Thread-2 | Generation no: 5
23:22:00.917 [Thread-0] INFO  algoGenetico.PopulationEvo - Thread: Thread-0 | Generation no: 6
23:22:01.492 [Thread-1] INFO  algoGenetico.PopulationEvo - Thread: Thread-1 | Generation no: 19
23:22:01.960 [Thread-6] INFO  algoGenetico.PopulationEvo - Thread: Thread-6 | Generation no: 2
23:22:02.103 [Thread-9] INFO  algoGenetico.PopulationEvo - Thread: Thread-9 | Generation no: 1
23:22:02.162 [Thread-5] INFO  algoGenetico.PopulationEvo - Thread: Thread-5 | Generation no: 2
23:22:02.430 [Thread-1] INFO  algoGenetico.PopulationEvo - Thread: Thread-1 | Generation no: 20
23:22:02.557 [Thread-4] INFO  algoGenetico.PopulationEvo - Thread: Thread-4 | Generation no: 3
23:22:03.311 [Thread-1] INFO  algoGenetico.PopulationEvo - Thread: Thread-1 | Generation no: 21
23:22:03.958 [Thread-2] INFO  algoGenetico.PopulationEvo - Thread: Thread-2 | Generation no: 6
23:22:03.980 [Thread-7] INFO  algoGenetico.PopulationEvo - Thread: Thread-7 | Generation no: 2
23:22:04.066 [Thread-0] INFO  algoGenetico.PopulationEvo - Thread: Thread-0 | Generation no: 7
23:22:04.236 [Thread-1] INFO  algoGenetico.PopulationEvo - Thread: Thread-1 | Generation no: 22
23:22:04.999 [Thread-5] INFO  algoGenetico.PopulationEvo - Thread: Thread-5 | Generation no: 3
23:22:05.177 [Thread-1] INFO  algoGenetico.PopulationEvo - Thread: Thread-1 | Generation no: 23
23:22:05.475 [Thread-9] INFO  algoGenetico.PopulationEvo - Thread: Thread-9 | Generation no: 2
23:22:06.080 [Thread-1] INFO  algoGenetico.PopulationEvo - Thread: Thread-1 | Generation no: 24
23:22:06.889 [Thread-6] INFO  algoGenetico.PopulationEvo - Thread: Thread-6 | Generation no: 3
23:22:06.973 [Thread-1] INFO  algoGenetico.PopulationEvo - Thread: Thread-1 | Generation no: 25
23:22:07.096 [Thread-2] INFO  algoGenetico.PopulationEvo - Thread: Thread-2 | Generation no: 7
23:22:07.198 [Thread-0] INFO  algoGenetico.PopulationEvo - Thread: Thread-0 | Generation no: 8
23:22:07.469 [Thread-5] INFO  algoGenetico.PopulationEvo - Thread: Thread-5 | Generation no: 4
23:22:07.873 [Thread-1] INFO  algoGenetico.PopulationEvo - Thread: Thread-1 | Generation no: 26
23:22:08.759 [Thread-1] INFO  algoGenetico.PopulationEvo - Thread: Thread-1 | Generation no: 27
23:22:09.694 [Thread-1] INFO  algoGenetico.PopulationEvo - Thread: Thread-1 | Generation no: 28
23:22:10.032 [Thread-4] INFO  algoGenetico.PopulationEvo - Thread: Thread-4 | Generation no: 4
23:22:10.084 [Thread-5] INFO  algoGenetico.PopulationEvo - Thread: Thread-5 | Generation no: 5
23:22:10.234 [Thread-2] INFO  algoGenetico.PopulationEvo - Thread: Thread-2 | Generation no: 8
23:22:10.332 [Thread-0] INFO  algoGenetico.PopulationEvo - Thread: Thread-0 | Generation no: 9
23:22:10.674 [Thread-1] INFO  algoGenetico.PopulationEvo - Thread: Thread-1 | Generation no: 29
23:22:11.266 [Thread-7] INFO  algoGenetico.PopulationEvo - Thread: Thread-7 | Generation no: 3
23:22:11.317 [Thread-6] INFO  algoGenetico.PopulationEvo - Thread: Thread-6 | Generation no: 4
23:22:11.417 [Thread-9] INFO  algoGenetico.PopulationEvo - Thread: Thread-9 | Generation no: 3
23:22:11.640 [Thread-1] INFO  algoGenetico.PopulationEvo - Thread: Thread-1 | Generation no: 30
23:22:12.777 [Thread-1] INFO  algoGenetico.PopulationEvo - Thread: Thread-1 | Generation no: 31
23:22:12.907 [Thread-5] INFO  algoGenetico.PopulationEvo - Thread: Thread-5 | Generation no: 6
