23:50:12.597 [main] INFO  algoGenetico.PopulationEvo - Thread: main | Hyperparameters{nrGenerations=50, nrFitIndividuals=110, tournamentSize=91, seed=818, hiddenDimSize=39, mutationProb=0.8803700099474581, populationSize=437}
23:50:13.439 [main] INFO  algoGenetico.PopulationEvo - Thread: main | Hyperparameters{nrGenerations=79, nrFitIndividuals=134, tournamentSize=74, seed=223, hiddenDimSize=10, mutationProb=0.8220903437369694, populationSize=508}
23:50:14.222 [Thread-1] INFO  algoGenetico.PopulationEvo - Thread: Thread-1 | Generation no: 1
23:50:14.282 [Thread-0] INFO  algoGenetico.PopulationEvo - Thread: Thread-0 | Generation no: 1
23:50:15.106 [main] INFO  algoGenetico.PopulationEvo - Thread: main | Hyperparameters{nrGenerations=3, nrFitIndividuals=224, tournamentSize=206, seed=300, hiddenDimSize=17, mutationProb=0.3268038333800797, populationSize=479}
23:50:15.225 [Thread-1] INFO  algoGenetico.PopulationEvo - Thread: Thread-1 | Generation no: 2
23:50:16.138 [Thread-0] INFO  algoGenetico.PopulationEvo - Thread: Thread-0 | Generation no: 2
23:50:16.649 [Thread-1] INFO  algoGenetico.PopulationEvo - Thread: Thread-1 | Generation no: 3
23:50:17.259 [Thread-2] INFO  algoGenetico.PopulationEvo - Thread: Thread-2 | Generation no: 1
23:50:17.658 [Thread-0] INFO  algoGenetico.PopulationEvo - Thread: Thread-0 | Generation no: 3
23:50:17.689 [Thread-1] INFO  algoGenetico.PopulationEvo - Thread: Thread-1 | Generation no: 4
23:50:18.042 [main] INFO  algoGenetico.PopulationEvo - Thread: main | Hyperparameters{nrGenerations=80, nrFitIndividuals=166, tournamentSize=80, seed=447, hiddenDimSize=30, mutationProb=0.9870110403123854, populationSize=760}
23:50:18.733 [Thread-1] INFO  algoGenetico.PopulationEvo - Thread: Thread-1 | Generation no: 5
23:50:19.169 [Thread-0] INFO  algoGenetico.PopulationEvo - Thread: Thread-0 | Generation no: 4
23:50:19.683 [main] INFO  algoGenetico.PopulationEvo - Thread: main | Hyperparameters{nrGenerations=17, nrFitIndividuals=72, tournamentSize=68, seed=49, hiddenDimSize=23, mutationProb=0.6153229253131729, populationSize=413}
23:50:19.746 [Thread-1] INFO  algoGenetico.PopulationEvo - Thread: Thread-1 | Generation no: 6
23:50:20.436 [Thread-2] INFO  algoGenetico.PopulationEvo - Thread: Thread-2 | Generation no: 2
23:50:20.701 [Thread-0] INFO  algoGenetico.PopulationEvo - Thread: Thread-0 | Generation no: 5
23:50:20.786 [Thread-1] INFO  algoGenetico.PopulationEvo - Thread: Thread-1 | Generation no: 7
23:50:21.214 [Thread-3] INFO  algoGenetico.PopulationEvo - Thread: Thread-3 | Generation no: 1
23:50:21.636 [main] INFO  algoGenetico.PopulationEvo - Thread: main | Hyperparameters{nrGenerations=55, nrFitIndividuals=306, tournamentSize=119, seed=973, hiddenDimSize=12, mutationProb=0.25019531425040253, populationSize=731}
23:50:21.829 [Thread-1] INFO  algoGenetico.PopulationEvo - Thread: Thread-1 | Generation no: 8
23:50:22.156 [Thread-4] INFO  algoGenetico.PopulationEvo - Thread: Thread-4 | Generation no: 1
23:50:22.227 [Thread-0] INFO  algoGenetico.PopulationEvo - Thread: Thread-0 | Generation no: 6
23:50:22.865 [Thread-1] INFO  algoGenetico.PopulationEvo - Thread: Thread-1 | Generation no: 9
23:50:23.796 [Thread-0] INFO  algoGenetico.PopulationEvo - Thread: Thread-0 | Generation no: 7
23:50:23.949 [Thread-1] INFO  algoGenetico.PopulationEvo - Thread: Thread-1 | Generation no: 10
23:50:24.389 [main] INFO  algoGenetico.PopulationEvo - Thread: main | Hyperparameters{nrGenerations=40, nrFitIndividuals=236, tournamentSize=134, seed=519, hiddenDimSize=39, mutationProb=0.39594017266091275, populationSize=669}
23:50:24.756 [Thread-2] INFO  algoGenetico.PopulationEvo - Thread: Thread-2 | Generation no: 3
23:50:24.756 [Thread-2] INFO  algoGenetico.PopulationEvo - Thread: Thread-2 | Fittest: 63713.0
23:50:24.756 [Thread-2] INFO  algoGenetico.PopulationEvo - Thread: Thread-2 | GOING TO WRITE... writing file
23:50:24.757 [Thread-2] INFO  algoGenetico.PopulationEvo - Thread: Thread-2 | WROTE Fittest: 63713.0
23:50:24.976 [Thread-3] INFO  algoGenetico.PopulationEvo - Thread: Thread-3 | Generation no: 2
23:50:25.094 [Thread-1] INFO  algoGenetico.PopulationEvo - Thread: Thread-1 | Generation no: 11
23:50:25.232 [Thread-5] INFO  algoGenetico.PopulationEvo - Thread: Thread-5 | Generation no: 1
23:50:25.458 [Thread-0] INFO  algoGenetico.PopulationEvo - Thread: Thread-0 | Generation no: 8
23:50:26.170 [main] INFO  algoGenetico.PopulationEvo - Thread: main | Hyperparameters{nrGenerations=63, nrFitIndividuals=281, tournamentSize=195, seed=22, hiddenDimSize=18, mutationProb=0.8080792505354014, populationSize=758}
23:50:26.210 [Thread-1] INFO  algoGenetico.PopulationEvo - Thread: Thread-1 | Generation no: 12
23:50:27.363 [Thread-0] INFO  algoGenetico.PopulationEvo - Thread: Thread-0 | Generation no: 9
23:50:27.627 [main] INFO  algoGenetico.PopulationEvo - Thread: main | Hyperparameters{nrGenerations=97, nrFitIndividuals=133, tournamentSize=111, seed=268, hiddenDimSize=21, mutationProb=0.7063949561766257, populationSize=410}
23:50:27.642 [Thread-1] INFO  algoGenetico.PopulationEvo - Thread: Thread-1 | Generation no: 13
23:50:27.854 [Thread-6] INFO  algoGenetico.PopulationEvo - Thread: Thread-6 | Generation no: 1
23:50:28.722 [Thread-7] INFO  algoGenetico.PopulationEvo - Thread: Thread-7 | Generation no: 1
23:50:28.999 [Thread-1] INFO  algoGenetico.PopulationEvo - Thread: Thread-1 | Generation no: 14
23:50:29.149 [Thread-8] INFO  algoGenetico.PopulationEvo - Thread: Thread-8 | Generation no: 1
23:50:29.160 [Thread-0] INFO  algoGenetico.PopulationEvo - Thread: Thread-0 | Generation no: 10
23:50:29.309 [main] INFO  algoGenetico.PopulationEvo - Thread: main | Hyperparameters{nrGenerations=47, nrFitIndividuals=9, tournamentSize=4, seed=74, hiddenDimSize=15, mutationProb=0.9005722788250264, populationSize=601}
23:50:30.311 [Thread-1] INFO  algoGenetico.PopulationEvo - Thread: Thread-1 | Generation no: 15
23:50:30.423 [Thread-5] INFO  algoGenetico.PopulationEvo - Thread: Thread-5 | Generation no: 2
23:50:30.456 [Thread-8] INFO  algoGenetico.PopulationEvo - Thread: Thread-8 | Generation no: 2
23:50:30.892 [Thread-7] INFO  algoGenetico.PopulationEvo - Thread: Thread-7 | Generation no: 2
23:50:31.031 [Thread-9] INFO  algoGenetico.PopulationEvo - Thread: Thread-9 | Generation no: 1
23:50:31.076 [Thread-0] INFO  algoGenetico.PopulationEvo - Thread: Thread-0 | Generation no: 11
23:50:31.233 [main] INFO  algoGenetico.PopulationEvo - Thread: main | Hyperparameters{nrGenerations=57, nrFitIndividuals=103, tournamentSize=57, seed=263, hiddenDimSize=39, mutationProb=0.9471143529102534, populationSize=266}
23:50:31.273 [Thread-3] INFO  algoGenetico.PopulationEvo - Thread: Thread-3 | Generation no: 3
23:50:31.812 [Thread-1] INFO  algoGenetico.PopulationEvo - Thread: Thread-1 | Generation no: 16
23:50:31.954 [Thread-6] INFO  algoGenetico.PopulationEvo - Thread: Thread-6 | Generation no: 2
23:50:32.283 [Thread-8] INFO  algoGenetico.PopulationEvo - Thread: Thread-8 | Generation no: 3
23:50:33.080 [Thread-0] INFO  algoGenetico.PopulationEvo - Thread: Thread-0 | Generation no: 12
23:50:33.237 [Thread-1] INFO  algoGenetico.PopulationEvo - Thread: Thread-1 | Generation no: 17
23:50:33.605 [Thread-10] INFO  algoGenetico.PopulationEvo - Thread: Thread-10 | Generation no: 1
23:50:33.756 [main] INFO  algoGenetico.PopulationEvo - Thread: main | Hyperparameters{nrGenerations=80, nrFitIndividuals=194, tournamentSize=132, seed=704, hiddenDimSize=40, mutationProb=0.1212540790862191, populationSize=437}
23:50:34.761 [Thread-8] INFO  algoGenetico.PopulationEvo - Thread: Thread-8 | Generation no: 4
23:50:34.864 [Thread-1] INFO  algoGenetico.PopulationEvo - Thread: Thread-1 | Generation no: 18
23:50:35.121 [Thread-7] INFO  algoGenetico.PopulationEvo - Thread: Thread-7 | Generation no: 3
23:50:35.174 [Thread-0] INFO  algoGenetico.PopulationEvo - Thread: Thread-0 | Generation no: 13
23:50:35.383 [main] INFO  algoGenetico.PopulationEvo - Thread: main | Hyperparameters{nrGenerations=87, nrFitIndividuals=194, tournamentSize=85, seed=622, hiddenDimSize=11, mutationProb=0.6838721978160657, populationSize=425}
23:50:35.504 [Thread-6] INFO  algoGenetico.PopulationEvo - Thread: Thread-6 | Generation no: 3
23:50:35.681 [Thread-9] INFO  algoGenetico.PopulationEvo - Thread: Thread-9 | Generation no: 2
23:50:36.620 [Thread-1] INFO  algoGenetico.PopulationEvo - Thread: Thread-1 | Generation no: 19
23:50:36.884 [Thread-10] INFO  algoGenetico.PopulationEvo - Thread: Thread-10 | Generation no: 2
23:50:37.075 [Thread-5] INFO  algoGenetico.PopulationEvo - Thread: Thread-5 | Generation no: 3
23:50:37.523 [Thread-12] INFO  algoGenetico.PopulationEvo - Thread: Thread-12 | Generation no: 1
23:50:37.572 [Thread-8] INFO  algoGenetico.PopulationEvo - Thread: Thread-8 | Generation no: 5
23:50:37.576 [Thread-0] INFO  algoGenetico.PopulationEvo - Thread: Thread-0 | Generation no: 14
23:50:37.651 [Thread-11] INFO  algoGenetico.PopulationEvo - Thread: Thread-11 | Generation no: 1
23:50:38.535 [Thread-1] INFO  algoGenetico.PopulationEvo - Thread: Thread-1 | Generation no: 20
23:50:38.838 [main] INFO  algoGenetico.PopulationEvo - Thread: main | Hyperparameters{nrGenerations=65, nrFitIndividuals=206, tournamentSize=200, seed=405, hiddenDimSize=37, mutationProb=0.6509723884064795, populationSize=514}
23:50:39.416 [Thread-12] INFO  algoGenetico.PopulationEvo - Thread: Thread-12 | Generation no: 2
23:50:39.747 [Thread-6] INFO  algoGenetico.PopulationEvo - Thread: Thread-6 | Generation no: 4
23:50:40.091 [Thread-0] INFO  algoGenetico.PopulationEvo - Thread: Thread-0 | Generation no: 15
23:50:40.481 [Thread-8] INFO  algoGenetico.PopulationEvo - Thread: Thread-8 | Generation no: 6
23:50:40.684 [Thread-1] INFO  algoGenetico.PopulationEvo - Thread: Thread-1 | Generation no: 21
23:50:41.357 [main] INFO  algoGenetico.PopulationEvo - Thread: main | Hyperparameters{nrGenerations=85, nrFitIndividuals=29, tournamentSize=5, seed=880, hiddenDimSize=40, mutationProb=0.03205213792067785, populationSize=395}
23:50:41.561 [Thread-10] INFO  algoGenetico.PopulationEvo - Thread: Thread-10 | Generation no: 3
23:50:42.095 [main] INFO  algoGenetico.PopulationEvo - Thread: main | Hyperparameters{nrGenerations=61, nrFitIndividuals=63, tournamentSize=3, seed=560, hiddenDimSize=13, mutationProb=0.2937477920989904, populationSize=228}
23:50:42.436 [Thread-11] INFO  algoGenetico.PopulationEvo - Thread: Thread-11 | Generation no: 2
23:50:42.881 [Thread-13] INFO  algoGenetico.PopulationEvo - Thread: Thread-13 | Generation no: 1
23:50:42.912 [Thread-1] INFO  algoGenetico.PopulationEvo - Thread: Thread-1 | Generation no: 22
23:50:42.925 [Thread-15] INFO  algoGenetico.PopulationEvo - Thread: Thread-15 | Generation no: 1
23:50:42.952 [Thread-0] INFO  algoGenetico.PopulationEvo - Thread: Thread-0 | Generation no: 16
23:50:43.174 [Thread-12] INFO  algoGenetico.PopulationEvo - Thread: Thread-12 | Generation no: 3
23:50:43.423 [main] INFO  algoGenetico.PopulationEvo - Thread: main | Hyperparameters{nrGenerations=72, nrFitIndividuals=182, tournamentSize=47, seed=732, hiddenDimSize=13, mutationProb=0.6264208608901989, populationSize=393}
23:50:43.649 [Thread-15] INFO  algoGenetico.PopulationEvo - Thread: Thread-15 | Generation no: 2
23:50:43.857 [Thread-8] INFO  algoGenetico.PopulationEvo - Thread: Thread-8 | Generation no: 7
23:50:43.920 [Thread-9] INFO  algoGenetico.PopulationEvo - Thread: Thread-9 | Generation no: 3
23:50:44.472 [Thread-14] INFO  algoGenetico.PopulationEvo - Thread: Thread-14 | Generation no: 1
23:50:44.554 [Thread-15] INFO  algoGenetico.PopulationEvo - Thread: Thread-15 | Generation no: 3
23:50:44.628 [Thread-6] INFO  algoGenetico.PopulationEvo - Thread: Thread-6 | Generation no: 5
23:50:44.844 [main] INFO  algoGenetico.PopulationEvo - Thread: main | Hyperparameters{nrGenerations=67, nrFitIndividuals=38, tournamentSize=14, seed=808, hiddenDimSize=17, mutationProb=0.44389201807920775, populationSize=225}
23:50:45.169 [Thread-5] INFO  algoGenetico.PopulationEvo - Thread: Thread-5 | Generation no: 4
23:50:45.239 [Thread-16] INFO  algoGenetico.PopulationEvo - Thread: Thread-16 | Generation no: 1
23:50:45.487 [Thread-15] INFO  algoGenetico.PopulationEvo - Thread: Thread-15 | Generation no: 4
23:50:45.638 [Thread-1] INFO  algoGenetico.PopulationEvo - Thread: Thread-1 | Generation no: 23
23:50:45.723 [Thread-3] INFO  algoGenetico.PopulationEvo - Thread: Thread-3 | Generation no: 4
23:50:45.848 [main] INFO  algoGenetico.PopulationEvo - Thread: main | Hyperparameters{nrGenerations=78, nrFitIndividuals=107, tournamentSize=59, seed=72, hiddenDimSize=5, mutationProb=0.43031801138617953, populationSize=279}
23:50:46.180 [Thread-0] INFO  algoGenetico.PopulationEvo - Thread: Thread-0 | Generation no: 17
23:50:46.352 [Thread-17] INFO  algoGenetico.PopulationEvo - Thread: Thread-17 | Generation no: 1
23:50:46.362 [main] INFO  algoGenetico.PopulationEvo - Thread: main | Hyperparameters{nrGenerations=8, nrFitIndividuals=45, tournamentSize=31, seed=499, hiddenDimSize=10, mutationProb=0.36324592939026046, populationSize=100}
23:50:46.757 [Thread-15] INFO  algoGenetico.PopulationEvo - Thread: Thread-15 | Generation no: 5
23:50:47.014 [Thread-10] INFO  algoGenetico.PopulationEvo - Thread: Thread-10 | Generation no: 4
23:50:47.033 [Thread-18] INFO  algoGenetico.PopulationEvo - Thread: Thread-18 | Generation no: 1
23:50:47.050 [Thread-19] INFO  algoGenetico.PopulationEvo - Thread: Thread-19 | Generation no: 1
23:50:47.317 [Thread-13] INFO  algoGenetico.PopulationEvo - Thread: Thread-13 | Generation no: 2
23:50:47.583 [Thread-19] INFO  algoGenetico.PopulationEvo - Thread: Thread-19 | Generation no: 2
23:50:47.781 [Thread-8] INFO  algoGenetico.PopulationEvo - Thread: Thread-8 | Generation no: 8
23:50:47.796 [Thread-16] INFO  algoGenetico.PopulationEvo - Thread: Thread-16 | Generation no: 2
23:50:48.136 [Thread-19] INFO  algoGenetico.PopulationEvo - Thread: Thread-19 | Generation no: 3
23:50:48.164 [Thread-17] INFO  algoGenetico.PopulationEvo - Thread: Thread-17 | Generation no: 2
23:50:48.207 [Thread-15] INFO  algoGenetico.PopulationEvo - Thread: Thread-15 | Generation no: 6
23:50:48.624 [Thread-14] INFO  algoGenetico.PopulationEvo - Thread: Thread-14 | Generation no: 2
23:50:48.645 [main] INFO  algoGenetico.PopulationEvo - Thread: main | Hyperparameters{nrGenerations=98, nrFitIndividuals=87, tournamentSize=45, seed=498, hiddenDimSize=23, mutationProb=0.8881685821684157, populationSize=291}
23:50:48.918 [Thread-19] INFO  algoGenetico.PopulationEvo - Thread: Thread-19 | Generation no: 4
23:50:49.207 [Thread-1] INFO  algoGenetico.PopulationEvo - Thread: Thread-1 | Generation no: 24
23:50:49.532 [Thread-18] INFO  algoGenetico.PopulationEvo - Thread: Thread-18 | Generation no: 2
23:50:49.586 [Thread-12] INFO  algoGenetico.PopulationEvo - Thread: Thread-12 | Generation no: 4
23:50:49.592 [Thread-19] INFO  algoGenetico.PopulationEvo - Thread: Thread-19 | Generation no: 5
23:50:49.878 [Thread-15] INFO  algoGenetico.PopulationEvo - Thread: Thread-15 | Generation no: 7
23:50:50.039 [Thread-0] INFO  algoGenetico.PopulationEvo - Thread: Thread-0 | Generation no: 18
23:50:50.391 [Thread-17] INFO  algoGenetico.PopulationEvo - Thread: Thread-17 | Generation no: 3
23:50:50.456 [main] INFO  algoGenetico.PopulationEvo - Thread: main | Hyperparameters{nrGenerations=67, nrFitIndividuals=89, tournamentSize=87, seed=952, hiddenDimSize=14, mutationProb=0.3974431154565724, populationSize=323}
23:50:50.457 [Thread-19] INFO  algoGenetico.PopulationEvo - Thread: Thread-19 | Generation no: 6
23:50:50.798 [Thread-6] INFO  algoGenetico.PopulationEvo - Thread: Thread-6 | Generation no: 6
23:50:50.950 [Thread-16] INFO  algoGenetico.PopulationEvo - Thread: Thread-16 | Generation no: 3
23:50:51.318 [Thread-19] INFO  algoGenetico.PopulationEvo - Thread: Thread-19 | Generation no: 7
23:50:51.518 [Thread-15] INFO  algoGenetico.PopulationEvo - Thread: Thread-15 | Generation no: 8
23:50:51.738 [Thread-13] INFO  algoGenetico.PopulationEvo - Thread: Thread-13 | Generation no: 3
23:50:52.047 [Thread-19] INFO  algoGenetico.PopulationEvo - Thread: Thread-19 | Generation no: 8
23:50:52.047 [Thread-19] INFO  algoGenetico.PopulationEvo - Thread: Thread-19 | Fittest: 41056.0
23:50:52.047 [Thread-19] INFO  algoGenetico.PopulationEvo - Thread: Thread-19 | GOING TO WRITE... writing file
23:50:52.047 [Thread-19] INFO  algoGenetico.PopulationEvo - Thread: Thread-19 | WROTE Fittest: 41056.0
23:50:52.139 [Thread-8] INFO  algoGenetico.PopulationEvo - Thread: Thread-8 | Generation no: 9
23:50:52.186 [Thread-20] INFO  algoGenetico.PopulationEvo - Thread: Thread-20 | Generation no: 1
23:50:52.631 [Thread-21] INFO  algoGenetico.PopulationEvo - Thread: Thread-21 | Generation no: 1
23:50:52.779 [Thread-10] INFO  algoGenetico.PopulationEvo - Thread: Thread-10 | Generation no: 5
23:50:53.116 [Thread-1] INFO  algoGenetico.PopulationEvo - Thread: Thread-1 | Generation no: 25
23:50:53.192 [Thread-15] INFO  algoGenetico.PopulationEvo - Thread: Thread-15 | Generation no: 9
23:50:53.683 [Thread-17] INFO  algoGenetico.PopulationEvo - Thread: Thread-17 | Generation no: 4
23:50:54.110 [Thread-18] INFO  algoGenetico.PopulationEvo - Thread: Thread-18 | Generation no: 3
23:50:54.159 [Thread-0] INFO  algoGenetico.PopulationEvo - Thread: Thread-0 | Generation no: 19
23:50:54.467 [Thread-15] INFO  algoGenetico.PopulationEvo - Thread: Thread-15 | Generation no: 10
23:50:54.530 [Thread-21] INFO  algoGenetico.PopulationEvo - Thread: Thread-21 | Generation no: 2
23:50:54.670 [main] INFO  algoGenetico.PopulationEvo - Thread: main | Hyperparameters{nrGenerations=67, nrFitIndividuals=345, tournamentSize=175, seed=609, hiddenDimSize=8, mutationProb=0.17522464351156042, populationSize=759}
23:50:55.199 [Thread-5] INFO  algoGenetico.PopulationEvo - Thread: Thread-5 | Generation no: 5
23:50:55.350 [main] INFO  algoGenetico.PopulationEvo - Thread: main | Hyperparameters{nrGenerations=7, nrFitIndividuals=26, tournamentSize=8, seed=980, hiddenDimSize=3, mutationProb=0.010105895341239957, populationSize=129}
23:50:55.642 [Thread-9] INFO  algoGenetico.PopulationEvo - Thread: Thread-9 | Generation no: 4
23:50:56.033 [Thread-23] INFO  algoGenetico.PopulationEvo - Thread: Thread-23 | Generation no: 1
23:50:56.294 [Thread-15] INFO  algoGenetico.PopulationEvo - Thread: Thread-15 | Generation no: 11
23:50:56.468 [Thread-12] INFO  algoGenetico.PopulationEvo - Thread: Thread-12 | Generation no: 5
23:50:56.554 [Thread-16] INFO  algoGenetico.PopulationEvo - Thread: Thread-16 | Generation no: 4
23:50:56.821 [Thread-8] INFO  algoGenetico.PopulationEvo - Thread: Thread-8 | Generation no: 10
23:50:56.871 [Thread-23] INFO  algoGenetico.PopulationEvo - Thread: Thread-23 | Generation no: 2
23:50:56.880 [Thread-1] INFO  algoGenetico.PopulationEvo - Thread: Thread-1 | Generation no: 26
23:50:57.033 [Thread-13] INFO  algoGenetico.PopulationEvo - Thread: Thread-13 | Generation no: 4
23:50:57.081 [Thread-21] INFO  algoGenetico.PopulationEvo - Thread: Thread-21 | Generation no: 3
23:50:57.155 [Thread-17] INFO  algoGenetico.PopulationEvo - Thread: Thread-17 | Generation no: 5
23:50:57.212 [Thread-14] INFO  algoGenetico.PopulationEvo - Thread: Thread-14 | Generation no: 3
23:50:57.322 [Thread-20] INFO  algoGenetico.PopulationEvo - Thread: Thread-20 | Generation no: 2
23:50:58.160 [Thread-23] INFO  algoGenetico.PopulationEvo - Thread: Thread-23 | Generation no: 3
23:50:58.270 [Thread-6] INFO  algoGenetico.PopulationEvo - Thread: Thread-6 | Generation no: 7
23:50:58.472 [Thread-0] INFO  algoGenetico.PopulationEvo - Thread: Thread-0 | Generation no: 20
23:50:59.189 [Thread-18] INFO  algoGenetico.PopulationEvo - Thread: Thread-18 | Generation no: 4
23:50:59.532 [Thread-10] INFO  algoGenetico.PopulationEvo - Thread: Thread-10 | Generation no: 6
23:50:59.726 [Thread-21] INFO  algoGenetico.PopulationEvo - Thread: Thread-21 | Generation no: 4
23:51:00.282 [Thread-23] INFO  algoGenetico.PopulationEvo - Thread: Thread-23 | Generation no: 4
23:51:00.375 [Thread-22] INFO  algoGenetico.PopulationEvo - Thread: Thread-22 | Generation no: 1
23:51:01.111 [Thread-1] INFO  algoGenetico.PopulationEvo - Thread: Thread-1 | Generation no: 27
23:51:01.126 [Thread-17] INFO  algoGenetico.PopulationEvo - Thread: Thread-17 | Generation no: 6
23:51:02.083 [Thread-3] INFO  algoGenetico.PopulationEvo - Thread: Thread-3 | Generation no: 5
23:51:02.193 [Thread-23] INFO  algoGenetico.PopulationEvo - Thread: Thread-23 | Generation no: 5
23:51:02.338 [Thread-21] INFO  algoGenetico.PopulationEvo - Thread: Thread-21 | Generation no: 5
23:51:02.354 [Thread-8] INFO  algoGenetico.PopulationEvo - Thread: Thread-8 | Generation no: 11
23:51:02.544 [Thread-0] INFO  algoGenetico.PopulationEvo - Thread: Thread-0 | Generation no: 21
23:51:03.759 [Thread-13] INFO  algoGenetico.PopulationEvo - Thread: Thread-13 | Generation no: 5
23:51:04.108 [Thread-12] INFO  algoGenetico.PopulationEvo - Thread: Thread-12 | Generation no: 6
23:51:04.373 [Thread-20] INFO  algoGenetico.PopulationEvo - Thread: Thread-20 | Generation no: 3
23:51:04.479 [Thread-18] INFO  algoGenetico.PopulationEvo - Thread: Thread-18 | Generation no: 5
23:51:04.551 [Thread-23] INFO  algoGenetico.PopulationEvo - Thread: Thread-23 | Generation no: 6
23:51:04.974 [Thread-16] INFO  algoGenetico.PopulationEvo - Thread: Thread-16 | Generation no: 5
23:51:05.140 [Thread-21] INFO  algoGenetico.PopulationEvo - Thread: Thread-21 | Generation no: 6
23:51:05.378 [Thread-6] INFO  algoGenetico.PopulationEvo - Thread: Thread-6 | Generation no: 8
23:51:05.722 [Thread-17] INFO  algoGenetico.PopulationEvo - Thread: Thread-17 | Generation no: 7
23:51:05.939 [Thread-22] INFO  algoGenetico.PopulationEvo - Thread: Thread-22 | Generation no: 2
23:51:06.147 [Thread-1] INFO  algoGenetico.PopulationEvo - Thread: Thread-1 | Generation no: 28
23:51:06.271 [Thread-14] INFO  algoGenetico.PopulationEvo - Thread: Thread-14 | Generation no: 4
23:51:06.382 [Thread-10] INFO  algoGenetico.PopulationEvo - Thread: Thread-10 | Generation no: 7
23:51:06.543 [main] INFO  algoGenetico.PopulationEvo - Thread: main | Hyperparameters{nrGenerations=55, nrFitIndividuals=215, tournamentSize=192, seed=787, hiddenDimSize=39, mutationProb=0.5484419967279279, populationSize=890}
23:51:06.864 [Thread-23] INFO  algoGenetico.PopulationEvo - Thread: Thread-23 | Generation no: 7
23:51:06.864 [Thread-23] INFO  algoGenetico.PopulationEvo - Thread: Thread-23 | Fittest: 43641.0
23:51:06.864 [Thread-23] INFO  algoGenetico.PopulationEvo - Thread: Thread-23 | GOING TO WRITE... writing file
23:51:06.864 [Thread-23] INFO  algoGenetico.PopulationEvo - Thread: Thread-23 | WROTE Fittest: 43641.0
23:51:06.992 [Thread-0] INFO  algoGenetico.PopulationEvo - Thread: Thread-0 | Generation no: 22
23:51:07.098 [Thread-5] INFO  algoGenetico.PopulationEvo - Thread: Thread-5 | Generation no: 6
23:51:07.269 [Thread-8] INFO  algoGenetico.PopulationEvo - Thread: Thread-8 | Generation no: 12
23:51:07.662 [Thread-21] INFO  algoGenetico.PopulationEvo - Thread: Thread-21 | Generation no: 7
23:51:08.711 [main] INFO  algoGenetico.PopulationEvo - Thread: main | Hyperparameters{nrGenerations=71, nrFitIndividuals=156, tournamentSize=18, seed=344, hiddenDimSize=3, mutationProb=0.7638796857406426, populationSize=499}
23:51:09.665 [Thread-18] INFO  algoGenetico.PopulationEvo - Thread: Thread-18 | Generation no: 6
23:51:10.107 [Thread-9] INFO  algoGenetico.PopulationEvo - Thread: Thread-9 | Generation no: 5
23:51:10.134 [Thread-17] INFO  algoGenetico.PopulationEvo - Thread: Thread-17 | Generation no: 8
23:51:10.439 [Thread-21] INFO  algoGenetico.PopulationEvo - Thread: Thread-21 | Generation no: 8
23:51:10.773 [Thread-13] INFO  algoGenetico.PopulationEvo - Thread: Thread-13 | Generation no: 6
23:51:10.959 [Thread-1] INFO  algoGenetico.PopulationEvo - Thread: Thread-1 | Generation no: 29
23:51:11.137 [Thread-22] INFO  algoGenetico.PopulationEvo - Thread: Thread-22 | Generation no: 3
23:51:11.166 [Thread-25] INFO  algoGenetico.PopulationEvo - Thread: Thread-25 | Generation no: 1
23:51:11.753 [Thread-0] INFO  algoGenetico.PopulationEvo - Thread: Thread-0 | Generation no: 23
23:51:11.919 [Thread-12] INFO  algoGenetico.PopulationEvo - Thread: Thread-12 | Generation no: 7
23:51:11.942 [Thread-20] INFO  algoGenetico.PopulationEvo - Thread: Thread-20 | Generation no: 4
23:51:12.232 [main] INFO  algoGenetico.PopulationEvo - Thread: main | Hyperparameters{nrGenerations=12, nrFitIndividuals=85, tournamentSize=66, seed=160, hiddenDimSize=22, mutationProb=0.052398593011699246, populationSize=455}
23:51:12.501 [Thread-8] INFO  algoGenetico.PopulationEvo - Thread: Thread-8 | Generation no: 13
23:51:12.961 [Thread-21] INFO  algoGenetico.PopulationEvo - Thread: Thread-21 | Generation no: 9
23:51:13.236 [Thread-10] INFO  algoGenetico.PopulationEvo - Thread: Thread-10 | Generation no: 8
23:51:13.363 [Thread-6] INFO  algoGenetico.PopulationEvo - Thread: Thread-6 | Generation no: 9
23:51:13.516 [main] INFO  algoGenetico.PopulationEvo - Thread: main | Hyperparameters{nrGenerations=100, nrFitIndividuals=30, tournamentSize=20, seed=393, hiddenDimSize=14, mutationProb=0.6272116752738895, populationSize=210}
23:51:13.681 [Thread-25] INFO  algoGenetico.PopulationEvo - Thread: Thread-25 | Generation no: 2
23:51:14.276 [Thread-16] INFO  algoGenetico.PopulationEvo - Thread: Thread-16 | Generation no: 6
23:51:14.822 [Thread-17] INFO  algoGenetico.PopulationEvo - Thread: Thread-17 | Generation no: 9
23:51:15.523 [Thread-21] INFO  algoGenetico.PopulationEvo - Thread: Thread-21 | Generation no: 10
23:51:15.756 [Thread-18] INFO  algoGenetico.PopulationEvo - Thread: Thread-18 | Generation no: 7
23:51:15.800 [Thread-27] INFO  algoGenetico.PopulationEvo - Thread: Thread-27 | Generation no: 1
23:51:15.913 [Thread-1] INFO  algoGenetico.PopulationEvo - Thread: Thread-1 | Generation no: 30
23:51:16.527 [Thread-26] INFO  algoGenetico.PopulationEvo - Thread: Thread-26 | Generation no: 1
23:51:16.781 [Thread-0] INFO  algoGenetico.PopulationEvo - Thread: Thread-0 | Generation no: 24
23:51:16.826 [Thread-25] INFO  algoGenetico.PopulationEvo - Thread: Thread-25 | Generation no: 3
23:51:16.878 [Thread-22] INFO  algoGenetico.PopulationEvo - Thread: Thread-22 | Generation no: 4
23:51:17.717 [Thread-8] INFO  algoGenetico.PopulationEvo - Thread: Thread-8 | Generation no: 14
23:51:18.437 [Thread-21] INFO  algoGenetico.PopulationEvo - Thread: Thread-21 | Generation no: 11
23:51:19.199 [Thread-13] INFO  algoGenetico.PopulationEvo - Thread: Thread-13 | Generation no: 7
23:51:19.420 [Thread-17] INFO  algoGenetico.PopulationEvo - Thread: Thread-17 | Generation no: 10
23:51:20.126 [Thread-27] INFO  algoGenetico.PopulationEvo - Thread: Thread-27 | Generation no: 2
23:51:20.274 [Thread-20] INFO  algoGenetico.PopulationEvo - Thread: Thread-20 | Generation no: 5
23:51:20.442 [Thread-25] INFO  algoGenetico.PopulationEvo - Thread: Thread-25 | Generation no: 4
23:51:20.557 [Thread-12] INFO  algoGenetico.PopulationEvo - Thread: Thread-12 | Generation no: 8
23:51:20.563 [Thread-10] INFO  algoGenetico.PopulationEvo - Thread: Thread-10 | Generation no: 9
23:51:20.900 [Thread-5] INFO  algoGenetico.PopulationEvo - Thread: Thread-5 | Generation no: 7
23:51:20.969 [Thread-1] INFO  algoGenetico.PopulationEvo - Thread: Thread-1 | Generation no: 31
23:51:21.415 [Thread-21] INFO  algoGenetico.PopulationEvo - Thread: Thread-21 | Generation no: 12
23:51:21.461 [Thread-0] INFO  algoGenetico.PopulationEvo - Thread: Thread-0 | Generation no: 25
23:51:21.560 [Thread-18] INFO  algoGenetico.PopulationEvo - Thread: Thread-18 | Generation no: 8
23:51:21.750 [Thread-26] INFO  algoGenetico.PopulationEvo - Thread: Thread-26 | Generation no: 2
23:51:21.753 [Thread-6] INFO  algoGenetico.PopulationEvo - Thread: Thread-6 | Generation no: 10
23:51:21.779 [Thread-24] INFO  algoGenetico.PopulationEvo - Thread: Thread-24 | Generation no: 1
23:51:22.964 [Thread-22] INFO  algoGenetico.PopulationEvo - Thread: Thread-22 | Generation no: 5
23:51:23.188 [Thread-17] INFO  algoGenetico.PopulationEvo - Thread: Thread-17 | Generation no: 11
23:51:23.684 [Thread-8] INFO  algoGenetico.PopulationEvo - Thread: Thread-8 | Generation no: 15
23:51:23.792 [Thread-14] INFO  algoGenetico.PopulationEvo - Thread: Thread-14 | Generation no: 5
23:51:24.220 [Thread-21] INFO  algoGenetico.PopulationEvo - Thread: Thread-21 | Generation no: 13
23:51:24.306 [Thread-27] INFO  algoGenetico.PopulationEvo - Thread: Thread-27 | Generation no: 3
23:51:24.420 [Thread-16] INFO  algoGenetico.PopulationEvo - Thread: Thread-16 | Generation no: 7
23:51:24.854 [Thread-25] INFO  algoGenetico.PopulationEvo - Thread: Thread-25 | Generation no: 5
23:51:25.403 [Thread-1] INFO  algoGenetico.PopulationEvo - Thread: Thread-1 | Generation no: 32
23:51:25.421 [Thread-9] INFO  algoGenetico.PopulationEvo - Thread: Thread-9 | Generation no: 6
23:51:26.650 [Thread-3] INFO  algoGenetico.PopulationEvo - Thread: Thread-3 | Generation no: 6
23:51:26.803 [Thread-0] INFO  algoGenetico.PopulationEvo - Thread: Thread-0 | Generation no: 26
23:51:26.823 [main] INFO  algoGenetico.PopulationEvo - Thread: main | Hyperparameters{nrGenerations=25, nrFitIndividuals=295, tournamentSize=121, seed=956, hiddenDimSize=44, mutationProb=0.084160534364911, populationSize=819}
23:51:27.023 [Thread-21] INFO  algoGenetico.PopulationEvo - Thread: Thread-21 | Generation no: 14
23:51:27.599 [Thread-18] INFO  algoGenetico.PopulationEvo - Thread: Thread-18 | Generation no: 9
23:51:27.993 [Thread-17] INFO  algoGenetico.PopulationEvo - Thread: Thread-17 | Generation no: 12
23:51:28.031 [Thread-13] INFO  algoGenetico.PopulationEvo - Thread: Thread-13 | Generation no: 8
23:51:28.218 [Thread-27] INFO  algoGenetico.PopulationEvo - Thread: Thread-27 | Generation no: 4
23:51:28.342 [Thread-20] INFO  algoGenetico.PopulationEvo - Thread: Thread-20 | Generation no: 6
23:51:28.494 [Thread-10] INFO  algoGenetico.PopulationEvo - Thread: Thread-10 | Generation no: 10
23:51:28.846 [Thread-22] INFO  algoGenetico.PopulationEvo - Thread: Thread-22 | Generation no: 6
23:51:29.484 [Thread-12] INFO  algoGenetico.PopulationEvo - Thread: Thread-12 | Generation no: 9
23:51:29.650 [main] INFO  algoGenetico.PopulationEvo - Thread: main | Hyperparameters{nrGenerations=54, nrFitIndividuals=65, tournamentSize=25, seed=349, hiddenDimSize=32, mutationProb=0.235780853035927, populationSize=254}
23:51:29.937 [Thread-8] INFO  algoGenetico.PopulationEvo - Thread: Thread-8 | Generation no: 16
23:51:29.952 [Thread-21] INFO  algoGenetico.PopulationEvo - Thread: Thread-21 | Generation no: 15
23:51:30.581 [Thread-1] INFO  algoGenetico.PopulationEvo - Thread: Thread-1 | Generation no: 33
23:51:31.113 [Thread-6] INFO  algoGenetico.PopulationEvo - Thread: Thread-6 | Generation no: 11
23:51:32.109 [Thread-0] INFO  algoGenetico.PopulationEvo - Thread: Thread-0 | Generation no: 27
23:51:32.236 [Thread-29] INFO  algoGenetico.PopulationEvo - Thread: Thread-29 | Generation no: 1
23:51:32.368 [Thread-27] INFO  algoGenetico.PopulationEvo - Thread: Thread-27 | Generation no: 5
23:51:32.606 [Thread-25] INFO  algoGenetico.PopulationEvo - Thread: Thread-25 | Generation no: 6
23:51:33.296 [Thread-21] INFO  algoGenetico.PopulationEvo - Thread: Thread-21 | Generation no: 16
23:51:33.674 [Thread-17] INFO  algoGenetico.PopulationEvo - Thread: Thread-17 | Generation no: 13
23:51:34.383 [Thread-18] INFO  algoGenetico.PopulationEvo - Thread: Thread-18 | Generation no: 10
23:51:34.836 [Thread-16] INFO  algoGenetico.PopulationEvo - Thread: Thread-16 | Generation no: 8
23:51:35.336 [Thread-8] INFO  algoGenetico.PopulationEvo - Thread: Thread-8 | Generation no: 17
23:51:35.723 [Thread-22] INFO  algoGenetico.PopulationEvo - Thread: Thread-22 | Generation no: 7
23:51:35.781 [Thread-5] INFO  algoGenetico.PopulationEvo - Thread: Thread-5 | Generation no: 8
23:51:36.327 [Thread-29] INFO  algoGenetico.PopulationEvo - Thread: Thread-29 | Generation no: 2
23:51:36.554 [Thread-1] INFO  algoGenetico.PopulationEvo - Thread: Thread-1 | Generation no: 34
23:51:36.690 [Thread-10] INFO  algoGenetico.PopulationEvo - Thread: Thread-10 | Generation no: 11
23:51:37.072 [Thread-21] INFO  algoGenetico.PopulationEvo - Thread: Thread-21 | Generation no: 17
23:51:37.114 [Thread-27] INFO  algoGenetico.PopulationEvo - Thread: Thread-27 | Generation no: 6
23:51:37.470 [Thread-20] INFO  algoGenetico.PopulationEvo - Thread: Thread-20 | Generation no: 7
23:51:37.582 [Thread-13] INFO  algoGenetico.PopulationEvo - Thread: Thread-13 | Generation no: 9
23:51:37.873 [Thread-0] INFO  algoGenetico.PopulationEvo - Thread: Thread-0 | Generation no: 28
23:51:39.506 [Thread-17] INFO  algoGenetico.PopulationEvo - Thread: Thread-17 | Generation no: 14
23:51:39.723 [Thread-6] INFO  algoGenetico.PopulationEvo - Thread: Thread-6 | Generation no: 12
23:51:39.820 [Thread-21] INFO  algoGenetico.PopulationEvo - Thread: Thread-21 | Generation no: 18
23:51:39.884 [Thread-12] INFO  algoGenetico.PopulationEvo - Thread: Thread-12 | Generation no: 10
23:51:40.260 [Thread-29] INFO  algoGenetico.PopulationEvo - Thread: Thread-29 | Generation no: 3
23:51:40.757 [main] INFO  algoGenetico.PopulationEvo - Thread: main | Hyperparameters{nrGenerations=77, nrFitIndividuals=215, tournamentSize=71, seed=840, hiddenDimSize=49, mutationProb=0.5710021625443111, populationSize=526}
23:51:41.114 [Thread-25] INFO  algoGenetico.PopulationEvo - Thread: Thread-25 | Generation no: 7
23:51:41.519 [Thread-24] INFO  algoGenetico.PopulationEvo - Thread: Thread-24 | Generation no: 2
23:51:41.611 [Thread-18] INFO  algoGenetico.PopulationEvo - Thread: Thread-18 | Generation no: 11
23:51:41.640 [Thread-8] INFO  algoGenetico.PopulationEvo - Thread: Thread-8 | Generation no: 18
23:51:41.847 [Thread-27] INFO  algoGenetico.PopulationEvo - Thread: Thread-27 | Generation no: 7
23:51:42.108 [Thread-1] INFO  algoGenetico.PopulationEvo - Thread: Thread-1 | Generation no: 35
23:51:42.918 [Thread-21] INFO  algoGenetico.PopulationEvo - Thread: Thread-21 | Generation no: 19
23:51:43.139 [Thread-14] INFO  algoGenetico.PopulationEvo - Thread: Thread-14 | Generation no: 6
23:51:43.465 [Thread-22] INFO  algoGenetico.PopulationEvo - Thread: Thread-22 | Generation no: 8
23:51:43.672 [Thread-28] INFO  algoGenetico.PopulationEvo - Thread: Thread-28 | Generation no: 1
23:51:43.805 [Thread-9] INFO  algoGenetico.PopulationEvo - Thread: Thread-9 | Generation no: 7
23:51:43.817 [Thread-0] INFO  algoGenetico.PopulationEvo - Thread: Thread-0 | Generation no: 29
23:51:44.933 [Thread-29] INFO  algoGenetico.PopulationEvo - Thread: Thread-29 | Generation no: 4
23:51:45.193 [Thread-10] INFO  algoGenetico.PopulationEvo - Thread: Thread-10 | Generation no: 12
23:51:45.566 [Thread-17] INFO  algoGenetico.PopulationEvo - Thread: Thread-17 | Generation no: 15
23:51:46.194 [Thread-21] INFO  algoGenetico.PopulationEvo - Thread: Thread-21 | Generation no: 20
23:51:46.501 [Thread-16] INFO  algoGenetico.PopulationEvo - Thread: Thread-16 | Generation no: 9
23:51:46.535 [Thread-20] INFO  algoGenetico.PopulationEvo - Thread: Thread-20 | Generation no: 8
23:51:46.743 [Thread-27] INFO  algoGenetico.PopulationEvo - Thread: Thread-27 | Generation no: 8
23:51:47.237 [Thread-6] INFO  algoGenetico.PopulationEvo - Thread: Thread-6 | Generation no: 13
23:51:47.707 [Thread-1] INFO  algoGenetico.PopulationEvo - Thread: Thread-1 | Generation no: 36
23:51:47.940 [Thread-13] INFO  algoGenetico.PopulationEvo - Thread: Thread-13 | Generation no: 10
23:51:48.163 [Thread-8] INFO  algoGenetico.PopulationEvo - Thread: Thread-8 | Generation no: 19
23:51:48.831 [Thread-18] INFO  algoGenetico.PopulationEvo - Thread: Thread-18 | Generation no: 12
23:51:49.843 [Thread-29] INFO  algoGenetico.PopulationEvo - Thread: Thread-29 | Generation no: 5
23:51:49.915 [Thread-21] INFO  algoGenetico.PopulationEvo - Thread: Thread-21 | Generation no: 21
23:51:49.931 [Thread-0] INFO  algoGenetico.PopulationEvo - Thread: Thread-0 | Generation no: 30
23:51:50.051 [Thread-12] INFO  algoGenetico.PopulationEvo - Thread: Thread-12 | Generation no: 11
23:51:50.306 [Thread-25] INFO  algoGenetico.PopulationEvo - Thread: Thread-25 | Generation no: 8
23:51:50.886 [Thread-22] INFO  algoGenetico.PopulationEvo - Thread: Thread-22 | Generation no: 9
23:51:50.936 [Thread-17] INFO  algoGenetico.PopulationEvo - Thread: Thread-17 | Generation no: 16
23:51:51.125 [Thread-27] INFO  algoGenetico.PopulationEvo - Thread: Thread-27 | Generation no: 9
23:51:52.310 [Thread-5] INFO  algoGenetico.PopulationEvo - Thread: Thread-5 | Generation no: 9
23:51:52.660 [main] INFO  algoGenetico.PopulationEvo - Thread: main | Hyperparameters{nrGenerations=77, nrFitIndividuals=107, tournamentSize=32, seed=676, hiddenDimSize=36, mutationProb=0.9874847592772049, populationSize=927}
23:51:52.879 [Thread-21] INFO  algoGenetico.PopulationEvo - Thread: Thread-21 | Generation no: 22
23:51:53.183 [Thread-1] INFO  algoGenetico.PopulationEvo - Thread: Thread-1 | Generation no: 37
23:51:53.660 [Thread-30] INFO  algoGenetico.PopulationEvo - Thread: Thread-30 | Generation no: 1
23:51:54.280 [Thread-10] INFO  algoGenetico.PopulationEvo - Thread: Thread-10 | Generation no: 13
23:51:54.346 [Thread-8] INFO  algoGenetico.PopulationEvo - Thread: Thread-8 | Generation no: 20
23:51:54.774 [Thread-29] INFO  algoGenetico.PopulationEvo - Thread: Thread-29 | Generation no: 6
23:51:55.043 [Thread-6] INFO  algoGenetico.PopulationEvo - Thread: Thread-6 | Generation no: 14
23:51:55.964 [Thread-18] INFO  algoGenetico.PopulationEvo - Thread: Thread-18 | Generation no: 13
23:51:56.081 [Thread-0] INFO  algoGenetico.PopulationEvo - Thread: Thread-0 | Generation no: 31
23:51:56.168 [Thread-20] INFO  algoGenetico.PopulationEvo - Thread: Thread-20 | Generation no: 9
23:51:56.231 [Thread-17] INFO  algoGenetico.PopulationEvo - Thread: Thread-17 | Generation no: 17
23:51:56.346 [Thread-21] INFO  algoGenetico.PopulationEvo - Thread: Thread-21 | Generation no: 23
23:51:56.761 [Thread-27] INFO  algoGenetico.PopulationEvo - Thread: Thread-27 | Generation no: 10
23:51:57.828 [main] INFO  algoGenetico.PopulationEvo - Thread: main | Hyperparameters{nrGenerations=90, nrFitIndividuals=77, tournamentSize=29, seed=249, hiddenDimSize=33, mutationProb=0.7648864178679117, populationSize=405}
23:51:57.992 [Thread-13] INFO  algoGenetico.PopulationEvo - Thread: Thread-13 | Generation no: 11
23:51:58.648 [Thread-22] INFO  algoGenetico.PopulationEvo - Thread: Thread-22 | Generation no: 10
23:51:58.805 [Thread-16] INFO  algoGenetico.PopulationEvo - Thread: Thread-16 | Generation no: 10
23:51:59.171 [Thread-1] INFO  algoGenetico.PopulationEvo - Thread: Thread-1 | Generation no: 38
23:51:59.217 [Thread-25] INFO  algoGenetico.PopulationEvo - Thread: Thread-25 | Generation no: 9
23:51:59.754 [Thread-29] INFO  algoGenetico.PopulationEvo - Thread: Thread-29 | Generation no: 7
23:52:00.105 [Thread-21] INFO  algoGenetico.PopulationEvo - Thread: Thread-21 | Generation no: 24
23:52:00.440 [Thread-3] INFO  algoGenetico.PopulationEvo - Thread: Thread-3 | Generation no: 7
23:52:00.612 [Thread-8] INFO  algoGenetico.PopulationEvo - Thread: Thread-8 | Generation no: 21
23:52:00.976 [Thread-12] INFO  algoGenetico.PopulationEvo - Thread: Thread-12 | Generation no: 12
23:52:01.156 [Thread-28] INFO  algoGenetico.PopulationEvo - Thread: Thread-28 | Generation no: 2
23:52:01.771 [Thread-0] INFO  algoGenetico.PopulationEvo - Thread: Thread-0 | Generation no: 32
23:52:02.125 [Thread-27] INFO  algoGenetico.PopulationEvo - Thread: Thread-27 | Generation no: 11
23:52:02.611 [Thread-17] INFO  algoGenetico.PopulationEvo - Thread: Thread-17 | Generation no: 18
23:52:03.467 [Thread-9] INFO  algoGenetico.PopulationEvo - Thread: Thread-9 | Generation no: 8
23:52:03.708 [Thread-14] INFO  algoGenetico.PopulationEvo - Thread: Thread-14 | Generation no: 7
23:52:03.838 [Thread-21] INFO  algoGenetico.PopulationEvo - Thread: Thread-21 | Generation no: 25
23:52:03.844 [Thread-6] INFO  algoGenetico.PopulationEvo - Thread: Thread-6 | Generation no: 15
23:52:03.897 [Thread-10] INFO  algoGenetico.PopulationEvo - Thread: Thread-10 | Generation no: 14
23:52:04.131 [Thread-32] INFO  algoGenetico.PopulationEvo - Thread: Thread-32 | Generation no: 1
23:52:04.210 [Thread-18] INFO  algoGenetico.PopulationEvo - Thread: Thread-18 | Generation no: 14
23:52:04.810 [Thread-29] INFO  algoGenetico.PopulationEvo - Thread: Thread-29 | Generation no: 8
23:52:06.414 [Thread-31] INFO  algoGenetico.PopulationEvo - Thread: Thread-31 | Generation no: 1
23:52:06.538 [Thread-1] INFO  algoGenetico.PopulationEvo - Thread: Thread-1 | Generation no: 39
23:52:06.858 [Thread-20] INFO  algoGenetico.PopulationEvo - Thread: Thread-20 | Generation no: 10
23:52:06.860 [Thread-22] INFO  algoGenetico.PopulationEvo - Thread: Thread-22 | Generation no: 11
23:52:07.059 [Thread-27] INFO  algoGenetico.PopulationEvo - Thread: Thread-27 | Generation no: 12
23:52:07.425 [Thread-21] INFO  algoGenetico.PopulationEvo - Thread: Thread-21 | Generation no: 26
23:52:07.657 [Thread-8] INFO  algoGenetico.PopulationEvo - Thread: Thread-8 | Generation no: 22
23:52:07.836 [Thread-0] INFO  algoGenetico.PopulationEvo - Thread: Thread-0 | Generation no: 33
23:52:08.289 [Thread-13] INFO  algoGenetico.PopulationEvo - Thread: Thread-13 | Generation no: 12
23:52:08.901 [Thread-17] INFO  algoGenetico.PopulationEvo - Thread: Thread-17 | Generation no: 19
23:52:09.316 [Thread-30] INFO  algoGenetico.PopulationEvo - Thread: Thread-30 | Generation no: 2
23:52:09.464 [Thread-5] INFO  algoGenetico.PopulationEvo - Thread: Thread-5 | Generation no: 10
23:52:09.490 [Thread-25] INFO  algoGenetico.PopulationEvo - Thread: Thread-25 | Generation no: 10
23:52:10.081 [Thread-29] INFO  algoGenetico.PopulationEvo - Thread: Thread-29 | Generation no: 9
23:52:10.830 [Thread-21] INFO  algoGenetico.PopulationEvo - Thread: Thread-21 | Generation no: 27
23:52:11.291 [Thread-32] INFO  algoGenetico.PopulationEvo - Thread: Thread-32 | Generation no: 2
23:52:11.790 [Thread-12] INFO  algoGenetico.PopulationEvo - Thread: Thread-12 | Generation no: 13
23:52:11.918 [Thread-18] INFO  algoGenetico.PopulationEvo - Thread: Thread-18 | Generation no: 15
23:52:12.375 [Thread-27] INFO  algoGenetico.PopulationEvo - Thread: Thread-27 | Generation no: 13
23:52:12.555 [Thread-6] INFO  algoGenetico.PopulationEvo - Thread: Thread-6 | Generation no: 16
23:52:12.855 [Thread-16] INFO  algoGenetico.PopulationEvo - Thread: Thread-16 | Generation no: 11
23:52:12.951 [main] INFO  algoGenetico.PopulationEvo - Thread: main | Hyperparameters{nrGenerations=39, nrFitIndividuals=23, tournamentSize=5, seed=179, hiddenDimSize=29, mutationProb=0.09988984971653303, populationSize=951}
23:52:13.013 [Thread-1] INFO  algoGenetico.PopulationEvo - Thread: Thread-1 | Generation no: 40
23:52:13.269 [Thread-10] INFO  algoGenetico.PopulationEvo - Thread: Thread-10 | Generation no: 15
23:52:14.272 [Thread-0] INFO  algoGenetico.PopulationEvo - Thread: Thread-0 | Generation no: 34
23:52:14.544 [Thread-21] INFO  algoGenetico.PopulationEvo - Thread: Thread-21 | Generation no: 28
23:52:15.295 [Thread-29] INFO  algoGenetico.PopulationEvo - Thread: Thread-29 | Generation no: 10
23:52:15.353 [Thread-8] INFO  algoGenetico.PopulationEvo - Thread: Thread-8 | Generation no: 23
23:52:15.418 [Thread-22] INFO  algoGenetico.PopulationEvo - Thread: Thread-22 | Generation no: 12
23:52:16.229 [Thread-17] INFO  algoGenetico.PopulationEvo - Thread: Thread-17 | Generation no: 20
23:52:17.817 [Thread-20] INFO  algoGenetico.PopulationEvo - Thread: Thread-20 | Generation no: 11
23:52:18.108 [Thread-27] INFO  algoGenetico.PopulationEvo - Thread: Thread-27 | Generation no: 14
23:52:18.234 [Thread-21] INFO  algoGenetico.PopulationEvo - Thread: Thread-21 | Generation no: 29
23:52:19.197 [Thread-13] INFO  algoGenetico.PopulationEvo - Thread: Thread-13 | Generation no: 13
23:52:19.614 [Thread-1] INFO  algoGenetico.PopulationEvo - Thread: Thread-1 | Generation no: 41
23:52:19.812 [Thread-25] INFO  algoGenetico.PopulationEvo - Thread: Thread-25 | Generation no: 11
23:52:20.001 [Thread-18] INFO  algoGenetico.PopulationEvo - Thread: Thread-18 | Generation no: 16
23:52:20.757 [Thread-29] INFO  algoGenetico.PopulationEvo - Thread: Thread-29 | Generation no: 11
23:52:21.186 [Thread-0] INFO  algoGenetico.PopulationEvo - Thread: Thread-0 | Generation no: 35
23:52:21.826 [main] INFO  algoGenetico.PopulationEvo - Thread: main | Hyperparameters{nrGenerations=62, nrFitIndividuals=34, tournamentSize=22, seed=38, hiddenDimSize=44, mutationProb=0.9076115938407122, populationSize=592}
23:52:21.925 [Thread-21] INFO  algoGenetico.PopulationEvo - Thread: Thread-21 | Generation no: 30
23:52:21.933 [Thread-24] INFO  algoGenetico.PopulationEvo - Thread: Thread-24 | Generation no: 3
23:52:22.066 [Thread-6] INFO  algoGenetico.PopulationEvo - Thread: Thread-6 | Generation no: 17
23:52:22.641 [Thread-28] INFO  algoGenetico.PopulationEvo - Thread: Thread-28 | Generation no: 3
23:52:22.914 [Thread-32] INFO  algoGenetico.PopulationEvo - Thread: Thread-32 | Generation no: 3
23:52:22.945 [Thread-17] INFO  algoGenetico.PopulationEvo - Thread: Thread-17 | Generation no: 21
23:52:23.433 [Thread-8] INFO  algoGenetico.PopulationEvo - Thread: Thread-8 | Generation no: 24
23:52:23.874 [Thread-10] INFO  algoGenetico.PopulationEvo - Thread: Thread-10 | Generation no: 16
23:52:24.499 [Thread-22] INFO  algoGenetico.PopulationEvo - Thread: Thread-22 | Generation no: 13
23:52:24.504 [Thread-12] INFO  algoGenetico.PopulationEvo - Thread: Thread-12 | Generation no: 14
23:52:24.964 [Thread-27] INFO  algoGenetico.PopulationEvo - Thread: Thread-27 | Generation no: 15
23:52:26.047 [Thread-9] INFO  algoGenetico.PopulationEvo - Thread: Thread-9 | Generation no: 9
23:52:26.488 [Thread-29] INFO  algoGenetico.PopulationEvo - Thread: Thread-29 | Generation no: 12
23:52:26.722 [Thread-1] INFO  algoGenetico.PopulationEvo - Thread: Thread-1 | Generation no: 42
23:52:26.798 [Thread-16] INFO  algoGenetico.PopulationEvo - Thread: Thread-16 | Generation no: 12
23:52:26.822 [Thread-21] INFO  algoGenetico.PopulationEvo - Thread: Thread-21 | Generation no: 31
23:52:27.618 [main] INFO  algoGenetico.PopulationEvo - Thread: main | Hyperparameters{nrGenerations=60, nrFitIndividuals=31, tournamentSize=25, seed=737, hiddenDimSize=18, mutationProb=0.009051415044732836, populationSize=377}
23:52:27.716 [Thread-14] INFO  algoGenetico.PopulationEvo - Thread: Thread-14 | Generation no: 8
23:52:29.172 [Thread-18] INFO  algoGenetico.PopulationEvo - Thread: Thread-18 | Generation no: 17
23:52:29.654 [Thread-0] INFO  algoGenetico.PopulationEvo - Thread: Thread-0 | Generation no: 36
23:52:30.327 [Thread-5] INFO  algoGenetico.PopulationEvo - Thread: Thread-5 | Generation no: 11
23:52:30.537 [Thread-20] INFO  algoGenetico.PopulationEvo - Thread: Thread-20 | Generation no: 12
23:52:30.788 [Thread-31] INFO  algoGenetico.PopulationEvo - Thread: Thread-31 | Generation no: 2
23:52:30.914 [Thread-25] INFO  algoGenetico.PopulationEvo - Thread: Thread-25 | Generation no: 12
23:52:30.933 [Thread-17] INFO  algoGenetico.PopulationEvo - Thread: Thread-17 | Generation no: 22
23:52:31.125 [Thread-30] INFO  algoGenetico.PopulationEvo - Thread: Thread-30 | Generation no: 3
23:52:31.581 [Thread-27] INFO  algoGenetico.PopulationEvo - Thread: Thread-27 | Generation no: 16
23:52:31.891 [Thread-21] INFO  algoGenetico.PopulationEvo - Thread: Thread-21 | Generation no: 32
23:52:32.495 [Thread-13] INFO  algoGenetico.PopulationEvo - Thread: Thread-13 | Generation no: 14
23:52:32.635 [main] INFO  algoGenetico.PopulationEvo - Thread: main | Hyperparameters{nrGenerations=12, nrFitIndividuals=15, tournamentSize=4, seed=973, hiddenDimSize=28, mutationProb=0.270531019615712, populationSize=249}
23:52:33.198 [Thread-8] INFO  algoGenetico.PopulationEvo - Thread: Thread-8 | Generation no: 25
23:52:33.338 [Thread-29] INFO  algoGenetico.PopulationEvo - Thread: Thread-29 | Generation no: 13
23:52:33.452 [Thread-34] INFO  algoGenetico.PopulationEvo - Thread: Thread-34 | Generation no: 1
23:52:33.532 [Thread-6] INFO  algoGenetico.PopulationEvo - Thread: Thread-6 | Generation no: 18
23:52:34.075 [Thread-33] INFO  algoGenetico.PopulationEvo - Thread: Thread-33 | Generation no: 1
23:52:34.219 [Thread-35] INFO  algoGenetico.PopulationEvo - Thread: Thread-35 | Generation no: 1
23:52:34.432 [Thread-1] INFO  algoGenetico.PopulationEvo - Thread: Thread-1 | Generation no: 43
23:52:35.484 [Thread-10] INFO  algoGenetico.PopulationEvo - Thread: Thread-10 | Generation no: 17
23:52:36.294 [Thread-22] INFO  algoGenetico.PopulationEvo - Thread: Thread-22 | Generation no: 14
23:52:36.551 [Thread-21] INFO  algoGenetico.PopulationEvo - Thread: Thread-21 | Generation no: 33
23:52:37.641 [Thread-0] INFO  algoGenetico.PopulationEvo - Thread: Thread-0 | Generation no: 37
23:52:38.009 [main] INFO  algoGenetico.PopulationEvo - Thread: main | Hyperparameters{nrGenerations=84, nrFitIndividuals=129, tournamentSize=65, seed=941, hiddenDimSize=7, mutationProb=0.7386094032333311, populationSize=407}
23:52:38.168 [Thread-36] INFO  algoGenetico.PopulationEvo - Thread: Thread-36 | Generation no: 1
23:52:39.164 [Thread-18] INFO  algoGenetico.PopulationEvo - Thread: Thread-18 | Generation no: 18
23:52:39.462 [Thread-27] INFO  algoGenetico.PopulationEvo - Thread: Thread-27 | Generation no: 17
23:52:39.621 [Thread-17] INFO  algoGenetico.PopulationEvo - Thread: Thread-17 | Generation no: 23
23:52:40.177 [Thread-29] INFO  algoGenetico.PopulationEvo - Thread: Thread-29 | Generation no: 14
23:52:40.302 [Thread-12] INFO  algoGenetico.PopulationEvo - Thread: Thread-12 | Generation no: 15
23:52:41.498 [Thread-21] INFO  algoGenetico.PopulationEvo - Thread: Thread-21 | Generation no: 34
23:52:41.875 [Thread-8] INFO  algoGenetico.PopulationEvo - Thread: Thread-8 | Generation no: 26
23:52:42.804 [Thread-1] INFO  algoGenetico.PopulationEvo - Thread: Thread-1 | Generation no: 44
23:52:43.238 [Thread-20] INFO  algoGenetico.PopulationEvo - Thread: Thread-20 | Generation no: 13
23:52:43.460 [Thread-37] INFO  algoGenetico.PopulationEvo - Thread: Thread-37 | Generation no: 1
23:52:44.005 [Thread-25] INFO  algoGenetico.PopulationEvo - Thread: Thread-25 | Generation no: 13
23:52:44.125 [Thread-3] INFO  algoGenetico.PopulationEvo - Thread: Thread-3 | Generation no: 8
23:52:44.233 [Thread-35] INFO  algoGenetico.PopulationEvo - Thread: Thread-35 | Generation no: 2
23:52:44.760 [Thread-6] INFO  algoGenetico.PopulationEvo - Thread: Thread-6 | Generation no: 19
23:52:45.338 [Thread-16] INFO  algoGenetico.PopulationEvo - Thread: Thread-16 | Generation no: 13
23:52:46.458 [Thread-21] INFO  algoGenetico.PopulationEvo - Thread: Thread-21 | Generation no: 35
23:52:46.475 [Thread-0] INFO  algoGenetico.PopulationEvo - Thread: Thread-0 | Generation no: 38
23:52:46.529 [Thread-36] INFO  algoGenetico.PopulationEvo - Thread: Thread-36 | Generation no: 2
23:52:47.131 [Thread-13] INFO  algoGenetico.PopulationEvo - Thread: Thread-13 | Generation no: 15
23:52:47.378 [Thread-27] INFO  algoGenetico.PopulationEvo - Thread: Thread-27 | Generation no: 18
23:52:47.513 [main] INFO  algoGenetico.PopulationEvo - Thread: main | Hyperparameters{nrGenerations=99, nrFitIndividuals=114, tournamentSize=40, seed=390, hiddenDimSize=45, mutationProb=0.3227515503805254, populationSize=447}
23:52:47.782 [Thread-17] INFO  algoGenetico.PopulationEvo - Thread: Thread-17 | Generation no: 24
23:52:47.852 [Thread-29] INFO  algoGenetico.PopulationEvo - Thread: Thread-29 | Generation no: 15
23:52:48.649 [Thread-34] INFO  algoGenetico.PopulationEvo - Thread: Thread-34 | Generation no: 2
23:52:49.193 [Thread-10] INFO  algoGenetico.PopulationEvo - Thread: Thread-10 | Generation no: 18
23:52:49.382 [Thread-18] INFO  algoGenetico.PopulationEvo - Thread: Thread-18 | Generation no: 19
23:52:49.427 [Thread-32] INFO  algoGenetico.PopulationEvo - Thread: Thread-32 | Generation no: 4
23:52:49.592 [Thread-37] INFO  algoGenetico.PopulationEvo - Thread: Thread-37 | Generation no: 2
23:52:50.008 [Thread-22] INFO  algoGenetico.PopulationEvo - Thread: Thread-22 | Generation no: 15
23:52:51.019 [Thread-1] INFO  algoGenetico.PopulationEvo - Thread: Thread-1 | Generation no: 45
23:52:51.716 [Thread-28] INFO  algoGenetico.PopulationEvo - Thread: Thread-28 | Generation no: 4
23:52:51.788 [Thread-8] INFO  algoGenetico.PopulationEvo - Thread: Thread-8 | Generation no: 27
23:52:52.024 [Thread-21] INFO  algoGenetico.PopulationEvo - Thread: Thread-21 | Generation no: 36
23:52:53.022 [Thread-9] INFO  algoGenetico.PopulationEvo - Thread: Thread-9 | Generation no: 10
23:52:54.690 [Thread-5] INFO  algoGenetico.PopulationEvo - Thread: Thread-5 | Generation no: 12
23:52:55.048 [Thread-27] INFO  algoGenetico.PopulationEvo - Thread: Thread-27 | Generation no: 19
23:52:55.181 [Thread-29] INFO  algoGenetico.PopulationEvo - Thread: Thread-29 | Generation no: 16
23:52:55.334 [Thread-0] INFO  algoGenetico.PopulationEvo - Thread: Thread-0 | Generation no: 39
23:52:55.999 [Thread-6] INFO  algoGenetico.PopulationEvo - Thread: Thread-6 | Generation no: 20
23:52:56.148 [Thread-12] INFO  algoGenetico.PopulationEvo - Thread: Thread-12 | Generation no: 16
23:52:56.630 [Thread-25] INFO  algoGenetico.PopulationEvo - Thread: Thread-25 | Generation no: 14
23:52:56.751 [Thread-17] INFO  algoGenetico.PopulationEvo - Thread: Thread-17 | Generation no: 25
23:52:57.557 [Thread-20] INFO  algoGenetico.PopulationEvo - Thread: Thread-20 | Generation no: 14
23:52:57.680 [Thread-21] INFO  algoGenetico.PopulationEvo - Thread: Thread-21 | Generation no: 37
23:52:58.713 [Thread-38] INFO  algoGenetico.PopulationEvo - Thread: Thread-38 | Generation no: 1
23:52:59.039 [Thread-37] INFO  algoGenetico.PopulationEvo - Thread: Thread-37 | Generation no: 3
23:52:59.232 [main] INFO  algoGenetico.PopulationEvo - Thread: main | Hyperparameters{nrGenerations=8, nrFitIndividuals=58, tournamentSize=29, seed=821, hiddenDimSize=22, mutationProb=0.1180662277669321, populationSize=612}
23:52:59.373 [Thread-1] INFO  algoGenetico.PopulationEvo - Thread: Thread-1 | Generation no: 46
23:52:59.521 [Thread-18] INFO  algoGenetico.PopulationEvo - Thread: Thread-18 | Generation no: 20
23:52:59.827 [Thread-14] INFO  algoGenetico.PopulationEvo - Thread: Thread-14 | Generation no: 9
23:53:00.590 [Thread-33] INFO  algoGenetico.PopulationEvo - Thread: Thread-33 | Generation no: 2
23:53:01.769 [Thread-36] INFO  algoGenetico.PopulationEvo - Thread: Thread-36 | Generation no: 3
23:53:01.859 [Thread-8] INFO  algoGenetico.PopulationEvo - Thread: Thread-8 | Generation no: 28
23:53:02.382 [Thread-29] INFO  algoGenetico.PopulationEvo - Thread: Thread-29 | Generation no: 17
23:53:02.728 [Thread-21] INFO  algoGenetico.PopulationEvo - Thread: Thread-21 | Generation no: 38
23:53:02.767 [Thread-13] INFO  algoGenetico.PopulationEvo - Thread: Thread-13 | Generation no: 16
23:53:03.436 [Thread-10] INFO  algoGenetico.PopulationEvo - Thread: Thread-10 | Generation no: 19
23:53:03.452 [Thread-27] INFO  algoGenetico.PopulationEvo - Thread: Thread-27 | Generation no: 20
23:53:03.518 [Thread-16] INFO  algoGenetico.PopulationEvo - Thread: Thread-16 | Generation no: 14
23:53:04.469 [Thread-31] INFO  algoGenetico.PopulationEvo - Thread: Thread-31 | Generation no: 3
23:53:04.493 [Thread-0] INFO  algoGenetico.PopulationEvo - Thread: Thread-0 | Generation no: 40
23:53:04.734 [main] INFO  algoGenetico.PopulationEvo - Thread: main | Hyperparameters{nrGenerations=25, nrFitIndividuals=14, tournamentSize=1, seed=669, hiddenDimSize=1, mutationProb=0.031717420037458255, populationSize=642}
23:53:05.803 [Thread-30] INFO  algoGenetico.PopulationEvo - Thread: Thread-30 | Generation no: 4
23:53:05.964 [Thread-22] INFO  algoGenetico.PopulationEvo - Thread: Thread-22 | Generation no: 16
23:53:07.509 [Thread-17] INFO  algoGenetico.PopulationEvo - Thread: Thread-17 | Generation no: 26
23:53:07.941 [Thread-21] INFO  algoGenetico.PopulationEvo - Thread: Thread-21 | Generation no: 39
23:53:08.859 [Thread-6] INFO  algoGenetico.PopulationEvo - Thread: Thread-6 | Generation no: 21
23:53:09.572 [Thread-29] INFO  algoGenetico.PopulationEvo - Thread: Thread-29 | Generation no: 18
23:53:10.180 [Thread-1] INFO  algoGenetico.PopulationEvo - Thread: Thread-1 | Generation no: 47
23:53:11.187 [Thread-38] INFO  algoGenetico.PopulationEvo - Thread: Thread-38 | Generation no: 2
23:53:11.444 [Thread-27] INFO  algoGenetico.PopulationEvo - Thread: Thread-27 | Generation no: 21
23:53:11.830 [Thread-40] INFO  algoGenetico.PopulationEvo - Thread: Thread-40 | Generation no: 1
23:53:12.021 [Thread-25] INFO  algoGenetico.PopulationEvo - Thread: Thread-25 | Generation no: 15
23:53:12.274 [Thread-39] INFO  algoGenetico.PopulationEvo - Thread: Thread-39 | Generation no: 1
23:53:12.444 [Thread-18] INFO  algoGenetico.PopulationEvo - Thread: Thread-18 | Generation no: 21
23:53:12.486 [Thread-8] INFO  algoGenetico.PopulationEvo - Thread: Thread-8 | Generation no: 29
23:53:13.367 [Thread-12] INFO  algoGenetico.PopulationEvo - Thread: Thread-12 | Generation no: 17
23:53:13.845 [Thread-0] INFO  algoGenetico.PopulationEvo - Thread: Thread-0 | Generation no: 41
23:53:14.200 [main] INFO  algoGenetico.PopulationEvo - Thread: main | Hyperparameters{nrGenerations=32, nrFitIndividuals=109, tournamentSize=10, seed=496, hiddenDimSize=29, mutationProb=0.9791533042942869, populationSize=529}
23:53:14.884 [Thread-21] INFO  algoGenetico.PopulationEvo - Thread: Thread-21 | Generation no: 40
23:53:15.455 [Thread-20] INFO  algoGenetico.PopulationEvo - Thread: Thread-20 | Generation no: 15
23:53:16.018 [Thread-37] INFO  algoGenetico.PopulationEvo - Thread: Thread-37 | Generation no: 4
23:53:17.433 [Thread-17] INFO  algoGenetico.PopulationEvo - Thread: Thread-17 | Generation no: 27
23:53:17.505 [Thread-29] INFO  algoGenetico.PopulationEvo - Thread: Thread-29 | Generation no: 19
23:53:17.738 [Thread-36] INFO  algoGenetico.PopulationEvo - Thread: Thread-36 | Generation no: 4
23:53:17.877 [Thread-10] INFO  algoGenetico.PopulationEvo - Thread: Thread-10 | Generation no: 20
23:53:19.141 [Thread-13] INFO  algoGenetico.PopulationEvo - Thread: Thread-13 | Generation no: 17
23:53:19.380 [Thread-32] INFO  algoGenetico.PopulationEvo - Thread: Thread-32 | Generation no: 5
23:53:19.622 [Thread-27] INFO  algoGenetico.PopulationEvo - Thread: Thread-27 | Generation no: 22
23:53:20.574 [Thread-1] INFO  algoGenetico.PopulationEvo - Thread: Thread-1 | Generation no: 48
23:53:20.605 [Thread-40] INFO  algoGenetico.PopulationEvo - Thread: Thread-40 | Generation no: 2
23:53:21.066 [Thread-21] INFO  algoGenetico.PopulationEvo - Thread: Thread-21 | Generation no: 41
23:53:21.402 [Thread-6] INFO  algoGenetico.PopulationEvo - Thread: Thread-6 | Generation no: 22
23:53:22.011 [Thread-8] INFO  algoGenetico.PopulationEvo - Thread: Thread-8 | Generation no: 30
23:53:22.956 [Thread-34] INFO  algoGenetico.PopulationEvo - Thread: Thread-34 | Generation no: 3
23:53:23.185 [Thread-22] INFO  algoGenetico.PopulationEvo - Thread: Thread-22 | Generation no: 17
23:53:23.534 [Thread-0] INFO  algoGenetico.PopulationEvo - Thread: Thread-0 | Generation no: 42
23:53:24.248 [Thread-18] INFO  algoGenetico.PopulationEvo - Thread: Thread-18 | Generation no: 22
23:53:24.377 [main] INFO  algoGenetico.PopulationEvo - Thread: main | Hyperparameters{nrGenerations=77, nrFitIndividuals=58, tournamentSize=35, seed=139, hiddenDimSize=26, mutationProb=0.5500856864446515, populationSize=452}
23:53:24.617 [Thread-16] INFO  algoGenetico.PopulationEvo - Thread: Thread-16 | Generation no: 15
23:53:24.845 [Thread-5] INFO  algoGenetico.PopulationEvo - Thread: Thread-5 | Generation no: 13
23:53:25.442 [Thread-41] INFO  algoGenetico.PopulationEvo - Thread: Thread-41 | Generation no: 1
23:53:25.534 [Thread-38] INFO  algoGenetico.PopulationEvo - Thread: Thread-38 | Generation no: 3
23:53:26.238 [main] INFO  algoGenetico.PopulationEvo - Thread: main | Hyperparameters{nrGenerations=77, nrFitIndividuals=3, tournamentSize=1, seed=132, hiddenDimSize=31, mutationProb=0.7091917506161857, populationSize=103}
23:53:26.668 [Thread-9] INFO  algoGenetico.PopulationEvo - Thread: Thread-9 | Generation no: 11
23:53:26.775 [Thread-28] INFO  algoGenetico.PopulationEvo - Thread: Thread-28 | Generation no: 5
23:53:26.891 [Thread-21] INFO  algoGenetico.PopulationEvo - Thread: Thread-21 | Generation no: 42
23:53:27.420 [Thread-29] INFO  algoGenetico.PopulationEvo - Thread: Thread-29 | Generation no: 20
23:53:27.997 [Thread-17] INFO  algoGenetico.PopulationEvo - Thread: Thread-17 | Generation no: 28
23:53:28.495 [Thread-40] INFO  algoGenetico.PopulationEvo - Thread: Thread-40 | Generation no: 3
23:53:28.901 [Thread-24] INFO  algoGenetico.PopulationEvo - Thread: Thread-24 | Generation no: 4
23:53:29.103 [Thread-27] INFO  algoGenetico.PopulationEvo - Thread: Thread-27 | Generation no: 23
23:53:29.204 [Thread-43] INFO  algoGenetico.PopulationEvo - Thread: Thread-43 | Generation no: 1
23:53:30.131 [Thread-25] INFO  algoGenetico.PopulationEvo - Thread: Thread-25 | Generation no: 16
23:53:30.417 [Thread-39] INFO  algoGenetico.PopulationEvo - Thread: Thread-39 | Generation no: 2
23:53:30.816 [Thread-20] INFO  algoGenetico.PopulationEvo - Thread: Thread-20 | Generation no: 16
23:53:30.985 [main] INFO  algoGenetico.PopulationEvo - Thread: main | Hyperparameters{nrGenerations=35, nrFitIndividuals=78, tournamentSize=17, seed=941, hiddenDimSize=41, mutationProb=0.7927991455833118, populationSize=165}
23:53:31.573 [Thread-12] INFO  algoGenetico.PopulationEvo - Thread: Thread-12 | Generation no: 18
23:53:32.638 [Thread-1] INFO  algoGenetico.PopulationEvo - Thread: Thread-1 | Generation no: 49
23:53:33.072 [Thread-21] INFO  algoGenetico.PopulationEvo - Thread: Thread-21 | Generation no: 43
23:53:33.152 [Thread-10] INFO  algoGenetico.PopulationEvo - Thread: Thread-10 | Generation no: 21
23:53:34.963 [Thread-0] INFO  algoGenetico.PopulationEvo - Thread: Thread-0 | Generation no: 43
23:53:35.057 [Thread-6] INFO  algoGenetico.PopulationEvo - Thread: Thread-6 | Generation no: 23
23:53:35.138 [Thread-43] INFO  algoGenetico.PopulationEvo - Thread: Thread-43 | Generation no: 2
23:53:35.154 [Thread-8] INFO  algoGenetico.PopulationEvo - Thread: Thread-8 | Generation no: 31
23:53:35.464 [Thread-37] INFO  algoGenetico.PopulationEvo - Thread: Thread-37 | Generation no: 5
23:53:35.987 [Thread-14] INFO  algoGenetico.PopulationEvo - Thread: Thread-14 | Generation no: 10
23:53:36.827 [Thread-40] INFO  algoGenetico.PopulationEvo - Thread: Thread-40 | Generation no: 4
23:53:37.065 [Thread-13] INFO  algoGenetico.PopulationEvo - Thread: Thread-13 | Generation no: 18
23:53:37.418 [Thread-36] INFO  algoGenetico.PopulationEvo - Thread: Thread-36 | Generation no: 5
23:53:38.236 [Thread-29] INFO  algoGenetico.PopulationEvo - Thread: Thread-29 | Generation no: 21
23:53:38.591 [Thread-18] INFO  algoGenetico.PopulationEvo - Thread: Thread-18 | Generation no: 23
23:53:38.817 [Thread-27] INFO  algoGenetico.PopulationEvo - Thread: Thread-27 | Generation no: 24
23:53:39.032 [Thread-44] INFO  algoGenetico.PopulationEvo - Thread: Thread-44 | Generation no: 1
23:53:39.364 [Thread-17] INFO  algoGenetico.PopulationEvo - Thread: Thread-17 | Generation no: 29
23:53:40.331 [Thread-21] INFO  algoGenetico.PopulationEvo - Thread: Thread-21 | Generation no: 44
23:53:42.354 [Thread-22] INFO  algoGenetico.PopulationEvo - Thread: Thread-22 | Generation no: 18
23:53:43.064 [Thread-42] INFO  algoGenetico.PopulationEvo - Thread: Thread-42 | Generation no: 1
23:53:44.719 [Thread-40] INFO  algoGenetico.PopulationEvo - Thread: Thread-40 | Generation no: 5
23:53:44.739 [Thread-1] INFO  algoGenetico.PopulationEvo - Thread: Thread-1 | Generation no: 50
23:53:45.343 [main] INFO  algoGenetico.PopulationEvo - Thread: main | Hyperparameters{nrGenerations=47, nrFitIndividuals=104, tournamentSize=32, seed=832, hiddenDimSize=27, mutationProb=0.7903543724847987, populationSize=550}
23:53:46.283 [Thread-44] INFO  algoGenetico.PopulationEvo - Thread: Thread-44 | Generation no: 2
23:53:47.074 [Thread-38] INFO  algoGenetico.PopulationEvo - Thread: Thread-38 | Generation no: 4
23:53:47.379 [Thread-41] INFO  algoGenetico.PopulationEvo - Thread: Thread-41 | Generation no: 2
23:53:49.071 [Thread-29] INFO  algoGenetico.PopulationEvo - Thread: Thread-29 | Generation no: 22
23:53:49.181 [Thread-21] INFO  algoGenetico.PopulationEvo - Thread: Thread-21 | Generation no: 45
23:53:49.585 [Thread-27] INFO  algoGenetico.PopulationEvo - Thread: Thread-27 | Generation no: 25
23:53:49.694 [Thread-0] INFO  algoGenetico.PopulationEvo - Thread: Thread-0 | Generation no: 44
23:53:49.826 [Thread-25] INFO  algoGenetico.PopulationEvo - Thread: Thread-25 | Generation no: 17
23:53:51.066 [Thread-16] INFO  algoGenetico.PopulationEvo - Thread: Thread-16 | Generation no: 16
23:53:51.204 [Thread-30] INFO  algoGenetico.PopulationEvo - Thread: Thread-30 | Generation no: 5
23:53:51.289 [Thread-8] INFO  algoGenetico.PopulationEvo - Thread: Thread-8 | Generation no: 32
23:53:52.044 [Thread-40] INFO  algoGenetico.PopulationEvo - Thread: Thread-40 | Generation no: 6
23:53:52.659 [Thread-3] INFO  algoGenetico.PopulationEvo - Thread: Thread-3 | Generation no: 9
23:53:53.177 [Thread-17] INFO  algoGenetico.PopulationEvo - Thread: Thread-17 | Generation no: 30
23:53:53.481 [Thread-20] INFO  algoGenetico.PopulationEvo - Thread: Thread-20 | Generation no: 17
23:53:54.041 [Thread-10] INFO  algoGenetico.PopulationEvo - Thread: Thread-10 | Generation no: 22
23:53:54.131 [Thread-18] INFO  algoGenetico.PopulationEvo - Thread: Thread-18 | Generation no: 24
23:53:55.847 [Thread-6] INFO  algoGenetico.PopulationEvo - Thread: Thread-6 | Generation no: 24
23:53:56.732 [Thread-12] INFO  algoGenetico.PopulationEvo - Thread: Thread-12 | Generation no: 19
23:53:57.284 [Thread-31] INFO  algoGenetico.PopulationEvo - Thread: Thread-31 | Generation no: 4
23:53:57.478 [Thread-21] INFO  algoGenetico.PopulationEvo - Thread: Thread-21 | Generation no: 46
23:53:58.048 [Thread-1] INFO  algoGenetico.PopulationEvo - Thread: Thread-1 | Generation no: 51
23:53:59.066 [Thread-44] INFO  algoGenetico.PopulationEvo - Thread: Thread-44 | Generation no: 3
23:53:59.345 [Thread-27] INFO  algoGenetico.PopulationEvo - Thread: Thread-27 | Generation no: 26
23:53:59.653 [Thread-29] INFO  algoGenetico.PopulationEvo - Thread: Thread-29 | Generation no: 23
23:53:59.675 [Thread-40] INFO  algoGenetico.PopulationEvo - Thread: Thread-40 | Generation no: 7
23:53:59.736 [Thread-32] INFO  algoGenetico.PopulationEvo - Thread: Thread-32 | Generation no: 6
23:54:00.444 [Thread-13] INFO  algoGenetico.PopulationEvo - Thread: Thread-13 | Generation no: 19
23:54:00.765 [Thread-37] INFO  algoGenetico.PopulationEvo - Thread: Thread-37 | Generation no: 6
23:54:01.723 [Thread-5] INFO  algoGenetico.PopulationEvo - Thread: Thread-5 | Generation no: 14
23:54:01.958 [Thread-45] INFO  algoGenetico.PopulationEvo - Thread: Thread-45 | Generation no: 1
23:54:02.465 [main] INFO  algoGenetico.PopulationEvo - Thread: main | Hyperparameters{nrGenerations=90, nrFitIndividuals=142, tournamentSize=78, seed=58, hiddenDimSize=49, mutationProb=0.6582636527237937, populationSize=313}
23:54:02.573 [Thread-39] INFO  algoGenetico.PopulationEvo - Thread: Thread-39 | Generation no: 3
23:54:04.336 [Thread-36] INFO  algoGenetico.PopulationEvo - Thread: Thread-36 | Generation no: 6
23:54:05.343 [Thread-21] INFO  algoGenetico.PopulationEvo - Thread: Thread-21 | Generation no: 47
23:54:06.248 [Thread-17] INFO  algoGenetico.PopulationEvo - Thread: Thread-17 | Generation no: 31
23:54:06.389 [Thread-0] INFO  algoGenetico.PopulationEvo - Thread: Thread-0 | Generation no: 45
23:54:07.547 [Thread-8] INFO  algoGenetico.PopulationEvo - Thread: Thread-8 | Generation no: 33
23:54:08.056 [Thread-40] INFO  algoGenetico.PopulationEvo - Thread: Thread-40 | Generation no: 8
23:54:08.057 [main] INFO  algoGenetico.PopulationEvo - Thread: main | Hyperparameters{nrGenerations=78, nrFitIndividuals=48, tournamentSize=2, seed=298, hiddenDimSize=46, mutationProb=0.2037345265947874, populationSize=103}
23:54:09.591 [Thread-18] INFO  algoGenetico.PopulationEvo - Thread: Thread-18 | Generation no: 25
23:54:10.302 [Thread-25] INFO  algoGenetico.PopulationEvo - Thread: Thread-25 | Generation no: 18
23:54:10.973 [Thread-9] INFO  algoGenetico.PopulationEvo - Thread: Thread-9 | Generation no: 12
23:54:11.503 [Thread-29] INFO  algoGenetico.PopulationEvo - Thread: Thread-29 | Generation no: 24
23:54:11.724 [Thread-27] INFO  algoGenetico.PopulationEvo - Thread: Thread-27 | Generation no: 27
23:54:13.166 [Thread-1] INFO  algoGenetico.PopulationEvo - Thread: Thread-1 | Generation no: 52
23:54:13.445 [Thread-22] INFO  algoGenetico.PopulationEvo - Thread: Thread-22 | Generation no: 19
23:54:14.067 [Thread-42] INFO  algoGenetico.PopulationEvo - Thread: Thread-42 | Generation no: 2
23:54:14.087 [Thread-21] INFO  algoGenetico.PopulationEvo - Thread: Thread-21 | Generation no: 48
23:54:15.290 [Thread-47] INFO  algoGenetico.PopulationEvo - Thread: Thread-47 | Generation no: 1
23:54:16.928 [main] INFO  algoGenetico.PopulationEvo - Thread: main | Hyperparameters{nrGenerations=40, nrFitIndividuals=130, tournamentSize=53, seed=336, hiddenDimSize=15, mutationProb=0.8975352724701381, populationSize=373}
23:54:17.770 [Thread-40] INFO  algoGenetico.PopulationEvo - Thread: Thread-40 | Generation no: 9
23:54:18.910 [Thread-10] INFO  algoGenetico.PopulationEvo - Thread: Thread-10 | Generation no: 23
23:54:18.968 [Thread-6] INFO  algoGenetico.PopulationEvo - Thread: Thread-6 | Generation no: 25
23:54:21.609 [Thread-44] INFO  algoGenetico.PopulationEvo - Thread: Thread-44 | Generation no: 4
23:54:21.857 [Thread-17] INFO  algoGenetico.PopulationEvo - Thread: Thread-17 | Generation no: 32
23:54:22.277 [Thread-47] INFO  algoGenetico.PopulationEvo - Thread: Thread-47 | Generation no: 2
23:54:22.948 [Thread-0] INFO  algoGenetico.PopulationEvo - Thread: Thread-0 | Generation no: 46
23:54:23.554 [Thread-20] INFO  algoGenetico.PopulationEvo - Thread: Thread-20 | Generation no: 18
23:54:23.815 [Thread-27] INFO  algoGenetico.PopulationEvo - Thread: Thread-27 | Generation no: 28
23:54:23.992 [Thread-46] INFO  algoGenetico.PopulationEvo - Thread: Thread-46 | Generation no: 1
23:54:24.091 [Thread-41] INFO  algoGenetico.PopulationEvo - Thread: Thread-41 | Generation no: 3
23:54:24.448 [Thread-45] INFO  algoGenetico.PopulationEvo - Thread: Thread-45 | Generation no: 2
23:54:24.510 [Thread-29] INFO  algoGenetico.PopulationEvo - Thread: Thread-29 | Generation no: 25
23:54:24.674 [Thread-16] INFO  algoGenetico.PopulationEvo - Thread: Thread-16 | Generation no: 17
23:54:25.076 [Thread-21] INFO  algoGenetico.PopulationEvo - Thread: Thread-21 | Generation no: 49
23:54:26.706 [Thread-12] INFO  algoGenetico.PopulationEvo - Thread: Thread-12 | Generation no: 20
23:54:26.800 [Thread-48] INFO  algoGenetico.PopulationEvo - Thread: Thread-48 | Generation no: 1
23:54:26.806 [Thread-8] INFO  algoGenetico.PopulationEvo - Thread: Thread-8 | Generation no: 34
23:54:27.639 [Thread-1] INFO  algoGenetico.PopulationEvo - Thread: Thread-1 | Generation no: 53
23:54:28.610 [Thread-37] INFO  algoGenetico.PopulationEvo - Thread: Thread-37 | Generation no: 7
23:54:29.348 [Thread-40] INFO  algoGenetico.PopulationEvo - Thread: Thread-40 | Generation no: 10
23:54:29.381 [Thread-47] INFO  algoGenetico.PopulationEvo - Thread: Thread-47 | Generation no: 3
23:54:29.386 [Thread-18] INFO  algoGenetico.PopulationEvo - Thread: Thread-18 | Generation no: 26
23:54:29.448 [Thread-33] INFO  algoGenetico.PopulationEvo - Thread: Thread-33 | Generation no: 3
23:54:31.127 [Thread-13] INFO  algoGenetico.PopulationEvo - Thread: Thread-13 | Generation no: 20
23:54:33.918 [Thread-28] INFO  algoGenetico.PopulationEvo - Thread: Thread-28 | Generation no: 6
23:54:35.410 [Thread-21] INFO  algoGenetico.PopulationEvo - Thread: Thread-21 | Generation no: 50
23:54:35.791 [Thread-14] INFO  algoGenetico.PopulationEvo - Thread: Thread-14 | Generation no: 11
23:54:35.810 [Thread-25] INFO  algoGenetico.PopulationEvo - Thread: Thread-25 | Generation no: 19
23:54:37.400 [Thread-36] INFO  algoGenetico.PopulationEvo - Thread: Thread-36 | Generation no: 7
23:54:37.877 [Thread-47] INFO  algoGenetico.PopulationEvo - Thread: Thread-47 | Generation no: 4
23:54:40.378 [Thread-48] INFO  algoGenetico.PopulationEvo - Thread: Thread-48 | Generation no: 2
23:54:41.572 [Thread-27] INFO  algoGenetico.PopulationEvo - Thread: Thread-27 | Generation no: 29
23:54:41.860 [Thread-17] INFO  algoGenetico.PopulationEvo - Thread: Thread-17 | Generation no: 33
23:54:42.973 [Thread-0] INFO  algoGenetico.PopulationEvo - Thread: Thread-0 | Generation no: 47
23:54:43.632 [Thread-46] INFO  algoGenetico.PopulationEvo - Thread: Thread-46 | Generation no: 2
23:54:44.654 [Thread-40] INFO  algoGenetico.PopulationEvo - Thread: Thread-40 | Generation no: 11
23:54:44.945 [Thread-29] INFO  algoGenetico.PopulationEvo - Thread: Thread-29 | Generation no: 26
23:54:45.495 [Thread-6] INFO  algoGenetico.PopulationEvo - Thread: Thread-6 | Generation no: 26
23:54:47.147 [Thread-1] INFO  algoGenetico.PopulationEvo - Thread: Thread-1 | Generation no: 54
23:54:47.341 [main] INFO  algoGenetico.PopulationEvo - Thread: main | Hyperparameters{nrGenerations=52, nrFitIndividuals=386, tournamentSize=226, seed=192, hiddenDimSize=17, mutationProb=0.827128484051912, populationSize=938}
23:54:47.733 [Thread-21] INFO  algoGenetico.PopulationEvo - Thread: Thread-21 | Generation no: 51
23:54:49.439 [Thread-47] INFO  algoGenetico.PopulationEvo - Thread: Thread-47 | Generation no: 5
23:54:49.696 [Thread-22] INFO  algoGenetico.PopulationEvo - Thread: Thread-22 | Generation no: 20
23:54:54.307 [Thread-8] INFO  algoGenetico.PopulationEvo - Thread: Thread-8 | Generation no: 35
23:54:54.782 [Thread-42] INFO  algoGenetico.PopulationEvo - Thread: Thread-42 | Generation no: 3
23:54:55.153 [Thread-39] INFO  algoGenetico.PopulationEvo - Thread: Thread-39 | Generation no: 4
23:54:55.867 [Thread-10] INFO  algoGenetico.PopulationEvo - Thread: Thread-10 | Generation no: 24
23:54:59.208 [Thread-38] INFO  algoGenetico.PopulationEvo - Thread: Thread-38 | Generation no: 5
23:54:59.612 [Thread-44] INFO  algoGenetico.PopulationEvo - Thread: Thread-44 | Generation no: 5
23:55:01.308 [Thread-34] INFO  algoGenetico.PopulationEvo - Thread: Thread-34 | Generation no: 4
23:55:02.498 [Thread-40] INFO  algoGenetico.PopulationEvo - Thread: Thread-40 | Generation no: 12
23:55:02.657 [Thread-5] INFO  algoGenetico.PopulationEvo - Thread: Thread-5 | Generation no: 15
