23:05:58.775 [main] INFO  algoGenetico.PopulationEvo - Hyperparameters{nrGenerations=29, nrFitIndividuals=211, tournamentSize=63, seed=748, hiddenDimSize=15, mutationProb=0.1697203240305849, populationSize=966}
23:06:00.332 [main] INFO  algoGenetico.PopulationEvo - Hyperparameters{nrGenerations=8, nrFitIndividuals=51, tournamentSize=47, seed=812, hiddenDimSize=17, mutationProb=0.19737409946230955, populationSize=539}
23:06:01.013 [Thread-0] INFO  algoGenetico.PopulationEvo - Thread: Thread-0 | Generation no: 1
23:06:01.482 [Thread-1] INFO  algoGenetico.PopulationEvo - Thread: Thread-1 | Generation no: 1
23:06:01.941 [main] INFO  algoGenetico.PopulationEvo - Hyperparameters{nrGenerations=42, nrFitIndividuals=372, tournamentSize=246, seed=773, hiddenDimSize=13, mutationProb=0.19179603381443666, populationSize=837}
23:06:02.293 [main] INFO  algoGenetico.PopulationEvo - Hyperparameters{nrGenerations=98, nrFitIndividuals=21, tournamentSize=3, seed=761, hiddenDimSize=11, mutationProb=3.5941480791312763E-4, populationSize=139}
23:06:02.611 [Thread-3] INFO  algoGenetico.PopulationEvo - Thread: Thread-3 | Generation no: 1
23:06:02.951 [Thread-3] INFO  algoGenetico.PopulationEvo - Thread: Thread-3 | Generation no: 2
23:06:03.457 [Thread-1] INFO  algoGenetico.PopulationEvo - Thread: Thread-1 | Generation no: 2
23:06:03.473 [Thread-3] INFO  algoGenetico.PopulationEvo - Thread: Thread-3 | Generation no: 3
23:06:03.933 [Thread-3] INFO  algoGenetico.PopulationEvo - Thread: Thread-3 | Generation no: 4
23:06:04.245 [Thread-3] INFO  algoGenetico.PopulationEvo - Thread: Thread-3 | Generation no: 5
23:06:04.292 [Thread-0] INFO  algoGenetico.PopulationEvo - Thread: Thread-0 | Generation no: 2
23:06:04.545 [Thread-2] INFO  algoGenetico.PopulationEvo - Thread: Thread-2 | Generation no: 1
23:06:05.227 [main] INFO  algoGenetico.PopulationEvo - Hyperparameters{nrGenerations=34, nrFitIndividuals=175, tournamentSize=70, seed=129, hiddenDimSize=29, mutationProb=0.07186072590407866, populationSize=993}
23:06:06.384 [Thread-1] INFO  algoGenetico.PopulationEvo - Thread: Thread-1 | Generation no: 3
23:06:07.833 [Thread-2] INFO  algoGenetico.PopulationEvo - Thread: Thread-2 | Generation no: 2
23:06:07.920 [Thread-4] INFO  algoGenetico.PopulationEvo - Thread: Thread-4 | Generation no: 1
23:06:09.497 [Thread-1] INFO  algoGenetico.PopulationEvo - Thread: Thread-1 | Generation no: 4
23:06:09.612 [Thread-0] INFO  algoGenetico.PopulationEvo - Thread: Thread-0 | Generation no: 3
23:06:10.993 [Thread-4] INFO  algoGenetico.PopulationEvo - Thread: Thread-4 | Generation no: 2
23:06:11.738 [Thread-2] INFO  algoGenetico.PopulationEvo - Thread: Thread-2 | Generation no: 3
23:06:12.780 [Thread-1] INFO  algoGenetico.PopulationEvo - Thread: Thread-1 | Generation no: 5
23:06:14.514 [Thread-0] INFO  algoGenetico.PopulationEvo - Thread: Thread-0 | Generation no: 4
23:06:15.674 [Thread-2] INFO  algoGenetico.PopulationEvo - Thread: Thread-2 | Generation no: 4
23:06:16.070 [Thread-1] INFO  algoGenetico.PopulationEvo - Thread: Thread-1 | Generation no: 6
23:06:19.401 [Thread-1] INFO  algoGenetico.PopulationEvo - Thread: Thread-1 | Generation no: 7
23:06:19.465 [Thread-0] INFO  algoGenetico.PopulationEvo - Thread: Thread-0 | Generation no: 5
23:06:19.571 [Thread-2] INFO  algoGenetico.PopulationEvo - Thread: Thread-2 | Generation no: 5
23:06:22.886 [Thread-1] INFO  algoGenetico.PopulationEvo - Thread: Thread-1 | Generation no: 8
23:06:22.887 [Thread-1] INFO  algoGenetico.PopulationEvo - Thread: Thread-1 | Fittest: 83503.0
23:06:22.887 [Thread-1] INFO  algoGenetico.PopulationEvo - Thread: Thread-1 | FINISHED... writing file
23:06:22.888 [Thread-1] INFO  algoGenetico.PopulationEvo - Thread: Thread-1 | WROTE Fittest: 83503.0
23:06:23.715 [Thread-2] INFO  algoGenetico.PopulationEvo - Thread: Thread-2 | Generation no: 6
23:06:24.649 [Thread-0] INFO  algoGenetico.PopulationEvo - Thread: Thread-0 | Generation no: 6
23:06:26.813 [Thread-4] INFO  algoGenetico.PopulationEvo - Thread: Thread-4 | Generation no: 3
23:06:27.553 [Thread-2] INFO  algoGenetico.PopulationEvo - Thread: Thread-2 | Generation no: 7
23:06:29.516 [Thread-0] INFO  algoGenetico.PopulationEvo - Thread: Thread-0 | Generation no: 7
23:06:31.483 [Thread-2] INFO  algoGenetico.PopulationEvo - Thread: Thread-2 | Generation no: 8
23:06:34.453 [Thread-0] INFO  algoGenetico.PopulationEvo - Thread: Thread-0 | Generation no: 8
23:06:35.465 [Thread-2] INFO  algoGenetico.PopulationEvo - Thread: Thread-2 | Generation no: 9
23:06:39.302 [Thread-2] INFO  algoGenetico.PopulationEvo - Thread: Thread-2 | Generation no: 10
23:06:39.394 [Thread-0] INFO  algoGenetico.PopulationEvo - Thread: Thread-0 | Generation no: 9
23:06:43.216 [Thread-2] INFO  algoGenetico.PopulationEvo - Thread: Thread-2 | Generation no: 11
23:06:44.373 [Thread-0] INFO  algoGenetico.PopulationEvo - Thread: Thread-0 | Generation no: 10
23:06:47.153 [Thread-2] INFO  algoGenetico.PopulationEvo - Thread: Thread-2 | Generation no: 12
23:06:49.320 [Thread-0] INFO  algoGenetico.PopulationEvo - Thread: Thread-0 | Generation no: 11
23:06:51.107 [Thread-2] INFO  algoGenetico.PopulationEvo - Thread: Thread-2 | Generation no: 13
23:06:54.382 [Thread-0] INFO  algoGenetico.PopulationEvo - Thread: Thread-0 | Generation no: 12
23:06:55.106 [Thread-2] INFO  algoGenetico.PopulationEvo - Thread: Thread-2 | Generation no: 14
23:06:59.031 [Thread-2] INFO  algoGenetico.PopulationEvo - Thread: Thread-2 | Generation no: 15
23:06:59.409 [Thread-0] INFO  algoGenetico.PopulationEvo - Thread: Thread-0 | Generation no: 13
23:07:02.931 [Thread-2] INFO  algoGenetico.PopulationEvo - Thread: Thread-2 | Generation no: 16
23:07:04.423 [Thread-0] INFO  algoGenetico.PopulationEvo - Thread: Thread-0 | Generation no: 14
23:07:06.898 [Thread-2] INFO  algoGenetico.PopulationEvo - Thread: Thread-2 | Generation no: 17
23:07:09.443 [Thread-0] INFO  algoGenetico.PopulationEvo - Thread: Thread-0 | Generation no: 15
23:07:10.886 [Thread-2] INFO  algoGenetico.PopulationEvo - Thread: Thread-2 | Generation no: 18
23:07:14.467 [Thread-0] INFO  algoGenetico.PopulationEvo - Thread: Thread-0 | Generation no: 16
23:07:14.869 [Thread-2] INFO  algoGenetico.PopulationEvo - Thread: Thread-2 | Generation no: 19
23:07:18.800 [Thread-2] INFO  algoGenetico.PopulationEvo - Thread: Thread-2 | Generation no: 20
23:07:19.419 [Thread-0] INFO  algoGenetico.PopulationEvo - Thread: Thread-0 | Generation no: 17
23:07:22.662 [Thread-2] INFO  algoGenetico.PopulationEvo - Thread: Thread-2 | Generation no: 21
23:07:24.392 [Thread-0] INFO  algoGenetico.PopulationEvo - Thread: Thread-0 | Generation no: 18
23:07:26.656 [Thread-2] INFO  algoGenetico.PopulationEvo - Thread: Thread-2 | Generation no: 22
23:07:29.470 [Thread-0] INFO  algoGenetico.PopulationEvo - Thread: Thread-0 | Generation no: 19
23:07:30.616 [Thread-2] INFO  algoGenetico.PopulationEvo - Thread: Thread-2 | Generation no: 23
23:07:34.416 [Thread-0] INFO  algoGenetico.PopulationEvo - Thread: Thread-0 | Generation no: 20
23:07:34.422 [Thread-2] INFO  algoGenetico.PopulationEvo - Thread: Thread-2 | Generation no: 24
23:07:38.516 [Thread-2] INFO  algoGenetico.PopulationEvo - Thread: Thread-2 | Generation no: 25
23:07:39.658 [Thread-0] INFO  algoGenetico.PopulationEvo - Thread: Thread-0 | Generation no: 21
23:07:42.471 [Thread-2] INFO  algoGenetico.PopulationEvo - Thread: Thread-2 | Generation no: 26
23:07:44.657 [Thread-0] INFO  algoGenetico.PopulationEvo - Thread: Thread-0 | Generation no: 22
23:07:46.295 [Thread-2] INFO  algoGenetico.PopulationEvo - Thread: Thread-2 | Generation no: 27
23:07:49.751 [Thread-0] INFO  algoGenetico.PopulationEvo - Thread: Thread-0 | Generation no: 23
23:07:50.228 [Thread-2] INFO  algoGenetico.PopulationEvo - Thread: Thread-2 | Generation no: 28
23:07:54.221 [Thread-2] INFO  algoGenetico.PopulationEvo - Thread: Thread-2 | Generation no: 29
23:07:54.841 [Thread-0] INFO  algoGenetico.PopulationEvo - Thread: Thread-0 | Generation no: 24
23:07:58.129 [Thread-2] INFO  algoGenetico.PopulationEvo - Thread: Thread-2 | Generation no: 30
23:07:59.758 [Thread-0] INFO  algoGenetico.PopulationEvo - Thread: Thread-0 | Generation no: 25
23:08:02.042 [Thread-2] INFO  algoGenetico.PopulationEvo - Thread: Thread-2 | Generation no: 31
23:08:04.728 [Thread-0] INFO  algoGenetico.PopulationEvo - Thread: Thread-0 | Generation no: 26
23:08:06.006 [Thread-2] INFO  algoGenetico.PopulationEvo - Thread: Thread-2 | Generation no: 32
23:08:09.715 [Thread-0] INFO  algoGenetico.PopulationEvo - Thread: Thread-0 | Generation no: 27
23:08:09.865 [Thread-2] INFO  algoGenetico.PopulationEvo - Thread: Thread-2 | Generation no: 33
23:08:13.784 [Thread-2] INFO  algoGenetico.PopulationEvo - Thread: Thread-2 | Generation no: 34
23:08:14.781 [Thread-0] INFO  algoGenetico.PopulationEvo - Thread: Thread-0 | Generation no: 28
23:08:15.973 [Thread-4] INFO  algoGenetico.PopulationEvo - Thread: Thread-4 | Generation no: 4
23:08:17.689 [Thread-2] INFO  algoGenetico.PopulationEvo - Thread: Thread-2 | Generation no: 35
23:08:19.788 [Thread-0] INFO  algoGenetico.PopulationEvo - Thread: Thread-0 | Generation no: 29
23:08:19.789 [Thread-0] INFO  algoGenetico.PopulationEvo - Thread: Thread-0 | Fittest: 82711.0
23:08:19.789 [Thread-0] INFO  algoGenetico.PopulationEvo - Thread: Thread-0 | FINISHED... writing file
23:08:19.789 [Thread-0] INFO  algoGenetico.PopulationEvo - Thread: Thread-0 | WROTE Fittest: 82711.0
23:08:21.640 [Thread-2] INFO  algoGenetico.PopulationEvo - Thread: Thread-2 | Generation no: 36
23:08:25.581 [Thread-2] INFO  algoGenetico.PopulationEvo - Thread: Thread-2 | Generation no: 37
23:08:29.460 [Thread-2] INFO  algoGenetico.PopulationEvo - Thread: Thread-2 | Generation no: 38
23:08:33.363 [Thread-2] INFO  algoGenetico.PopulationEvo - Thread: Thread-2 | Generation no: 39
23:08:37.287 [Thread-2] INFO  algoGenetico.PopulationEvo - Thread: Thread-2 | Generation no: 40
23:08:41.129 [Thread-2] INFO  algoGenetico.PopulationEvo - Thread: Thread-2 | Generation no: 41
23:08:44.976 [Thread-2] INFO  algoGenetico.PopulationEvo - Thread: Thread-2 | Generation no: 42
23:08:44.976 [Thread-2] INFO  algoGenetico.PopulationEvo - Thread: Thread-2 | Fittest: 93857.0
23:08:44.977 [Thread-2] INFO  algoGenetico.PopulationEvo - Thread: Thread-2 | FINISHED... writing file
23:08:44.977 [Thread-2] INFO  algoGenetico.PopulationEvo - Thread: Thread-2 | WROTE Fittest: 93857.0
