07:41:10.285 [pool-2-thread-2] INFO  algoGenetico.PopulationEvo - Thread: pool-2-thread-2 | Hyperparameters{nrGenerations=78, nrFitIndividuals=69, tournamentSize=3, seed=460, hiddenDimSize=6, mutationProb=0.9753340683947729, populationSize=139}
07:41:10.528 [pool-2-thread-4] INFO  algoGenetico.PopulationEvo - Thread: pool-2-thread-4 | Hyperparameters{nrGenerations=38, nrFitIndividuals=34, tournamentSize=29, seed=3369, hiddenDimSize=25, mutationProb=0.10067671712555915, populationSize=119}
07:41:10.704 [Thread-0] INFO  algoGenetico.PopulationEvo - Thread: Thread-0 | Generation no: 1
07:41:11.018 [Thread-3] INFO  algoGenetico.PopulationEvo - Thread: Thread-3 | Generation no: 1
07:41:11.040 [Thread-0] INFO  algoGenetico.PopulationEvo - Thread: Thread-0 | Generation no: 2
07:41:11.353 [Thread-0] INFO  algoGenetico.PopulationEvo - Thread: Thread-0 | Generation no: 3
07:41:11.689 [pool-2-thread-4] INFO  algoGenetico.PopulationEvo - Thread: pool-2-thread-4 | Hyperparameters{nrGenerations=45, nrFitIndividuals=239, tournamentSize=168, seed=4719, hiddenDimSize=3, mutationProb=0.05466729353176181, populationSize=825}
07:41:11.780 [Thread-0] INFO  algoGenetico.PopulationEvo - Thread: Thread-0 | Generation no: 4
07:41:12.017 [Thread-3] INFO  algoGenetico.PopulationEvo - Thread: Thread-3 | Generation no: 2
07:41:12.068 [pool-2-thread-4] INFO  algoGenetico.PopulationEvo - Thread: pool-2-thread-4 | Hyperparameters{nrGenerations=44, nrFitIndividuals=37, tournamentSize=9, seed=4190, hiddenDimSize=3, mutationProb=0.21131338521183296, populationSize=258}
07:41:12.384 [Thread-0] INFO  algoGenetico.PopulationEvo - Thread: Thread-0 | Generation no: 5
07:41:12.390 [Thread-6] INFO  algoGenetico.PopulationEvo - Thread: Thread-6 | Generation no: 1
07:41:12.715 [Thread-6] INFO  algoGenetico.PopulationEvo - Thread: Thread-6 | Generation no: 2
07:41:12.981 [Thread-0] INFO  algoGenetico.PopulationEvo - Thread: Thread-0 | Generation no: 6
07:41:13.151 [Thread-5] INFO  algoGenetico.PopulationEvo - Thread: Thread-5 | Generation no: 1
07:41:13.325 [Thread-6] INFO  algoGenetico.PopulationEvo - Thread: Thread-6 | Generation no: 3
07:41:13.608 [Thread-0] INFO  algoGenetico.PopulationEvo - Thread: Thread-0 | Generation no: 7
07:41:13.663 [pool-2-thread-2] INFO  algoGenetico.PopulationEvo - Thread: pool-2-thread-2 | Hyperparameters{nrGenerations=42, nrFitIndividuals=124, tournamentSize=94, seed=3034, hiddenDimSize=42, mutationProb=0.4933773782697509, populationSize=460}
07:41:13.851 [pool-2-thread-3] INFO  algoGenetico.PopulationEvo - Thread: pool-2-thread-3 | Hyperparameters{nrGenerations=18, nrFitIndividuals=105, tournamentSize=104, seed=1985, hiddenDimSize=45, mutationProb=0.1198969808667738, populationSize=543}
07:41:14.390 [Thread-0] INFO  algoGenetico.PopulationEvo - Thread: Thread-0 | Generation no: 8
07:41:14.439 [Thread-6] INFO  algoGenetico.PopulationEvo - Thread: Thread-6 | Generation no: 4
07:41:14.998 [Thread-5] INFO  algoGenetico.PopulationEvo - Thread: Thread-5 | Generation no: 2
07:41:15.048 [pool-2-thread-1] INFO  algoGenetico.PopulationEvo - Thread: pool-2-thread-1 | Hyperparameters{nrGenerations=3, nrFitIndividuals=1, tournamentSize=1, seed=5103, hiddenDimSize=42, mutationProb=0.7276706862579321, populationSize=770}
07:41:15.268 [Thread-0] INFO  algoGenetico.PopulationEvo - Thread: Thread-0 | Generation no: 9
07:41:15.605 [pool-2-thread-4] INFO  algoGenetico.PopulationEvo - Thread: pool-2-thread-4 | Hyperparameters{nrGenerations=62, nrFitIndividuals=335, tournamentSize=327, seed=2216, hiddenDimSize=28, mutationProb=0.4722806927725913, populationSize=699}
07:41:15.767 [Thread-6] INFO  algoGenetico.PopulationEvo - Thread: Thread-6 | Generation no: 5
07:41:16.096 [pool-2-thread-2] INFO  algoGenetico.PopulationEvo - Thread: pool-2-thread-2 | Hyperparameters{nrGenerations=34, nrFitIndividuals=113, tournamentSize=16, seed=2788, hiddenDimSize=19, mutationProb=0.41264806759980055, populationSize=541}
07:41:16.212 [Thread-0] INFO  algoGenetico.PopulationEvo - Thread: Thread-0 | Generation no: 10
07:41:16.373 [pool-2-thread-4] INFO  algoGenetico.PopulationEvo - Thread: pool-2-thread-4 | Hyperparameters{nrGenerations=42, nrFitIndividuals=64, tournamentSize=47, seed=3481, hiddenDimSize=20, mutationProb=0.6926598448474399, populationSize=151}
07:41:16.987 [pool-2-thread-3] INFO  algoGenetico.PopulationEvo - Thread: pool-2-thread-3 | Hyperparameters{nrGenerations=65, nrFitIndividuals=91, tournamentSize=52, seed=2761, hiddenDimSize=45, mutationProb=0.5565195591462919, populationSize=357}
07:41:17.389 [Thread-11] INFO  algoGenetico.PopulationEvo - Thread: Thread-11 | Generation no: 1
07:41:17.420 [Thread-0] INFO  algoGenetico.PopulationEvo - Thread: Thread-0 | Generation no: 11
07:41:17.421 [Thread-6] INFO  algoGenetico.PopulationEvo - Thread: Thread-6 | Generation no: 6
07:41:18.791 [Thread-0] INFO  algoGenetico.PopulationEvo - Thread: Thread-0 | Generation no: 12
07:41:19.091 [pool-2-thread-3] INFO  algoGenetico.PopulationEvo - Thread: pool-2-thread-3 | Hyperparameters{nrGenerations=32, nrFitIndividuals=67, tournamentSize=67, seed=5008, hiddenDimSize=4, mutationProb=0.13120253156001715, populationSize=709}
07:41:19.094 [Thread-4] INFO  algoGenetico.PopulationEvo - Thread: Thread-4 | Generation no: 1
07:41:19.297 [Thread-8] INFO  algoGenetico.PopulationEvo - Thread: Thread-8 | Generation no: 1
07:41:19.390 [Thread-6] INFO  algoGenetico.PopulationEvo - Thread: Thread-6 | Generation no: 7
07:41:19.815 [Thread-1] INFO  algoGenetico.PopulationEvo - Thread: Thread-1 | Generation no: 1
07:41:20.048 [pool-2-thread-1] INFO  algoGenetico.PopulationEvo - Thread: pool-2-thread-1 | Hyperparameters{nrGenerations=53, nrFitIndividuals=115, tournamentSize=42, seed=1938, hiddenDimSize=44, mutationProb=0.4480239185805128, populationSize=431}
07:41:20.113 [Thread-0] INFO  algoGenetico.PopulationEvo - Thread: Thread-0 | Generation no: 13
07:41:21.163 [Thread-9] INFO  algoGenetico.PopulationEvo - Thread: Thread-9 | Generation no: 1
07:41:21.457 [Thread-6] INFO  algoGenetico.PopulationEvo - Thread: Thread-6 | Generation no: 8
07:41:21.478 [Thread-0] INFO  algoGenetico.PopulationEvo - Thread: Thread-0 | Generation no: 14
07:41:21.565 [pool-2-thread-4] INFO  algoGenetico.PopulationEvo - Thread: pool-2-thread-4 | Hyperparameters{nrGenerations=62, nrFitIndividuals=27, tournamentSize=5, seed=191, hiddenDimSize=21, mutationProb=0.019693363036701994, populationSize=718}
07:41:22.610 [pool-2-thread-4] INFO  algoGenetico.PopulationEvo - Thread: pool-2-thread-4 | Hyperparameters{nrGenerations=16, nrFitIndividuals=53, tournamentSize=36, seed=2167, hiddenDimSize=15, mutationProb=0.7476282736078368, populationSize=164}
07:41:22.985 [Thread-0] INFO  algoGenetico.PopulationEvo - Thread: Thread-0 | Generation no: 15
07:41:23.022 [Thread-7] INFO  algoGenetico.PopulationEvo - Thread: Thread-7 | Generation no: 1
07:41:23.277 [Thread-8] INFO  algoGenetico.PopulationEvo - Thread: Thread-8 | Generation no: 2
07:41:23.453 [pool-2-thread-4] INFO  algoGenetico.PopulationEvo - Thread: pool-2-thread-4 | Hyperparameters{nrGenerations=13, nrFitIndividuals=50, tournamentSize=42, seed=1420, hiddenDimSize=1, mutationProb=0.9741461531428179, populationSize=302}
07:41:23.698 [Thread-17] INFO  algoGenetico.PopulationEvo - Thread: Thread-17 | Generation no: 1
07:41:23.807 [Thread-6] INFO  algoGenetico.PopulationEvo - Thread: Thread-6 | Generation no: 9
07:41:24.275 [Thread-18] INFO  algoGenetico.PopulationEvo - Thread: Thread-18 | Generation no: 1
07:41:24.656 [Thread-0] INFO  algoGenetico.PopulationEvo - Thread: Thread-0 | Generation no: 16
07:41:24.879 [Thread-18] INFO  algoGenetico.PopulationEvo - Thread: Thread-18 | Generation no: 2
07:41:24.959 [Thread-17] INFO  algoGenetico.PopulationEvo - Thread: Thread-17 | Generation no: 2
07:41:25.722 [pool-2-thread-2] INFO  algoGenetico.PopulationEvo - Thread: pool-2-thread-2 | Hyperparameters{nrGenerations=4, nrFitIndividuals=157, tournamentSize=104, seed=3439, hiddenDimSize=45, mutationProb=0.7756577539798295, populationSize=674}
07:41:26.201 [Thread-18] INFO  algoGenetico.PopulationEvo - Thread: Thread-18 | Generation no: 3
07:41:26.372 [Thread-17] INFO  algoGenetico.PopulationEvo - Thread: Thread-17 | Generation no: 3
07:41:26.390 [Thread-0] INFO  algoGenetico.PopulationEvo - Thread: Thread-0 | Generation no: 17
07:41:26.570 [Thread-6] INFO  algoGenetico.PopulationEvo - Thread: Thread-6 | Generation no: 10
07:41:26.980 [pool-2-thread-2] INFO  algoGenetico.PopulationEvo - Thread: pool-2-thread-2 | Hyperparameters{nrGenerations=48, nrFitIndividuals=46, tournamentSize=21, seed=1428, hiddenDimSize=26, mutationProb=0.7627282827819424, populationSize=101}
07:41:27.168 [pool-2-thread-3] INFO  algoGenetico.PopulationEvo - Thread: pool-2-thread-3 | Hyperparameters{nrGenerations=5, nrFitIndividuals=174, tournamentSize=36, seed=225, hiddenDimSize=38, mutationProb=0.4027103724122979, populationSize=626}
07:41:27.448 [Thread-10] INFO  algoGenetico.PopulationEvo - Thread: Thread-10 | Generation no: 1
07:41:27.588 [pool-2-thread-4] INFO  algoGenetico.PopulationEvo - Thread: pool-2-thread-4 | Hyperparameters{nrGenerations=28, nrFitIndividuals=178, tournamentSize=170, seed=693, hiddenDimSize=17, mutationProb=0.8496728888966757, populationSize=480}
07:41:27.795 [Thread-9] INFO  algoGenetico.PopulationEvo - Thread: Thread-9 | Generation no: 2
07:41:28.244 [Thread-17] INFO  algoGenetico.PopulationEvo - Thread: Thread-17 | Generation no: 4
07:41:28.597 [Thread-20] INFO  algoGenetico.PopulationEvo - Thread: Thread-20 | Generation no: 1
07:41:28.764 [Thread-0] INFO  algoGenetico.PopulationEvo - Thread: Thread-0 | Generation no: 18
07:41:29.181 [Thread-8] INFO  algoGenetico.PopulationEvo - Thread: Thread-8 | Generation no: 3
07:41:29.339 [Thread-1] INFO  algoGenetico.PopulationEvo - Thread: Thread-1 | Generation no: 2
07:41:29.602 [Thread-18] INFO  algoGenetico.PopulationEvo - Thread: Thread-18 | Generation no: 4
07:41:30.050 [Thread-6] INFO  algoGenetico.PopulationEvo - Thread: Thread-6 | Generation no: 11
07:41:30.111 [Thread-20] INFO  algoGenetico.PopulationEvo - Thread: Thread-20 | Generation no: 2
07:41:30.158 [Thread-4] INFO  algoGenetico.PopulationEvo - Thread: Thread-4 | Generation no: 2
07:41:30.461 [Thread-17] INFO  algoGenetico.PopulationEvo - Thread: Thread-17 | Generation no: 5
07:41:30.528 [pool-2-thread-1] INFO  algoGenetico.PopulationEvo - Thread: pool-2-thread-1 | Hyperparameters{nrGenerations=38, nrFitIndividuals=148, tournamentSize=94, seed=829, hiddenDimSize=44, mutationProb=0.7880022694152097, populationSize=644}
07:41:31.013 [Thread-0] INFO  algoGenetico.PopulationEvo - Thread: Thread-0 | Generation no: 19
07:41:31.443 [pool-2-thread-3] INFO  algoGenetico.PopulationEvo - Thread: pool-2-thread-3 | Hyperparameters{nrGenerations=85, nrFitIndividuals=69, tournamentSize=5, seed=2938, hiddenDimSize=48, mutationProb=0.0017192460142282373, populationSize=193}
07:41:31.889 [Thread-13] INFO  algoGenetico.PopulationEvo - Thread: Thread-13 | Generation no: 1
07:41:32.598 [Thread-7] INFO  algoGenetico.PopulationEvo - Thread: Thread-7 | Generation no: 2
07:41:32.623 [Thread-18] INFO  algoGenetico.PopulationEvo - Thread: Thread-18 | Generation no: 5
07:41:32.709 [Thread-20] INFO  algoGenetico.PopulationEvo - Thread: Thread-20 | Generation no: 3
07:41:33.507 [Thread-17] INFO  algoGenetico.PopulationEvo - Thread: Thread-17 | Generation no: 6
07:41:33.544 [Thread-0] INFO  algoGenetico.PopulationEvo - Thread: Thread-0 | Generation no: 20
07:41:33.783 [Thread-6] INFO  algoGenetico.PopulationEvo - Thread: Thread-6 | Generation no: 12
07:41:34.457 [pool-2-thread-4] INFO  algoGenetico.PopulationEvo - Thread: pool-2-thread-4 | Hyperparameters{nrGenerations=18, nrFitIndividuals=245, tournamentSize=72, seed=3944, hiddenDimSize=17, mutationProb=0.5609911428688782, populationSize=653}
07:41:35.383 [pool-2-thread-1] INFO  algoGenetico.PopulationEvo - Thread: pool-2-thread-1 | Hyperparameters{nrGenerations=31, nrFitIndividuals=95, tournamentSize=24, seed=1894, hiddenDimSize=5, mutationProb=0.09985578235370429, populationSize=790}
07:41:35.839 [Thread-19] INFO  algoGenetico.PopulationEvo - Thread: Thread-19 | Generation no: 1
07:41:36.720 [Thread-18] INFO  algoGenetico.PopulationEvo - Thread: Thread-18 | Generation no: 6
07:41:36.984 [Thread-0] INFO  algoGenetico.PopulationEvo - Thread: Thread-0 | Generation no: 21
07:41:37.287 [Thread-17] INFO  algoGenetico.PopulationEvo - Thread: Thread-17 | Generation no: 7
07:41:37.304 [Thread-20] INFO  algoGenetico.PopulationEvo - Thread: Thread-20 | Generation no: 4
07:41:37.351 [pool-2-thread-4] INFO  algoGenetico.PopulationEvo - Thread: pool-2-thread-4 | Hyperparameters{nrGenerations=84, nrFitIndividuals=61, tournamentSize=43, seed=5167, hiddenDimSize=4, mutationProb=0.7349546428646587, populationSize=322}
07:41:37.645 [Thread-22] INFO  algoGenetico.PopulationEvo - Thread: Thread-22 | Generation no: 1
07:41:38.729 [pool-2-thread-3] INFO  algoGenetico.PopulationEvo - Thread: pool-2-thread-3 | Hyperparameters{nrGenerations=14, nrFitIndividuals=162, tournamentSize=111, seed=5513, hiddenDimSize=12, mutationProb=0.8942478653998074, populationSize=655}
07:41:38.784 [Thread-6] INFO  algoGenetico.PopulationEvo - Thread: Thread-6 | Generation no: 13
07:41:40.042 [Thread-26] INFO  algoGenetico.PopulationEvo - Thread: Thread-26 | Generation no: 1
07:41:40.242 [Thread-17] INFO  algoGenetico.PopulationEvo - Thread: Thread-17 | Generation no: 8
07:41:40.466 [Thread-8] INFO  algoGenetico.PopulationEvo - Thread: Thread-8 | Generation no: 4
07:41:40.674 [Thread-0] INFO  algoGenetico.PopulationEvo - Thread: Thread-0 | Generation no: 22
07:41:40.885 [Thread-10] INFO  algoGenetico.PopulationEvo - Thread: Thread-10 | Generation no: 2
07:41:40.948 [Thread-24] INFO  algoGenetico.PopulationEvo - Thread: Thread-24 | Generation no: 1
07:41:41.806 [Thread-20] INFO  algoGenetico.PopulationEvo - Thread: Thread-20 | Generation no: 5
07:41:41.938 [Thread-18] INFO  algoGenetico.PopulationEvo - Thread: Thread-18 | Generation no: 7
07:41:42.188 [Thread-9] INFO  algoGenetico.PopulationEvo - Thread: Thread-9 | Generation no: 3
07:41:42.872 [Thread-12] INFO  algoGenetico.PopulationEvo - Thread: Thread-12 | Generation no: 1
07:41:43.201 [Thread-7] INFO  algoGenetico.PopulationEvo - Thread: Thread-7 | Generation no: 3
07:41:43.446 [Thread-17] INFO  algoGenetico.PopulationEvo - Thread: Thread-17 | Generation no: 9
07:41:43.630 [Thread-26] INFO  algoGenetico.PopulationEvo - Thread: Thread-26 | Generation no: 2
07:41:43.653 [Thread-22] INFO  algoGenetico.PopulationEvo - Thread: Thread-22 | Generation no: 2
07:41:44.163 [Thread-0] INFO  algoGenetico.PopulationEvo - Thread: Thread-0 | Generation no: 23
07:41:44.400 [Thread-6] INFO  algoGenetico.PopulationEvo - Thread: Thread-6 | Generation no: 14
07:41:45.081 [Thread-19] INFO  algoGenetico.PopulationEvo - Thread: Thread-19 | Generation no: 2
07:41:45.726 [pool-2-thread-2] INFO  algoGenetico.PopulationEvo - Thread: pool-2-thread-2 | Hyperparameters{nrGenerations=80, nrFitIndividuals=66, tournamentSize=47, seed=1827, hiddenDimSize=35, mutationProb=0.21701815965830995, populationSize=999}
07:41:46.195 [Thread-20] INFO  algoGenetico.PopulationEvo - Thread: Thread-20 | Generation no: 6
07:41:46.685 [Thread-17] INFO  algoGenetico.PopulationEvo - Thread: Thread-17 | Generation no: 10
07:41:46.711 [Thread-25] INFO  algoGenetico.PopulationEvo - Thread: Thread-25 | Generation no: 1
07:41:47.209 [Thread-1] INFO  algoGenetico.PopulationEvo - Thread: Thread-1 | Generation no: 3
07:41:47.214 [Thread-26] INFO  algoGenetico.PopulationEvo - Thread: Thread-26 | Generation no: 3
07:41:47.422 [Thread-24] INFO  algoGenetico.PopulationEvo - Thread: Thread-24 | Generation no: 2
07:41:47.526 [Thread-0] INFO  algoGenetico.PopulationEvo - Thread: Thread-0 | Generation no: 24
07:41:47.535 [pool-2-thread-1] INFO  algoGenetico.PopulationEvo - Thread: pool-2-thread-1 | Hyperparameters{nrGenerations=72, nrFitIndividuals=363, tournamentSize=66, seed=2174, hiddenDimSize=16, mutationProb=0.428326865232618, populationSize=961}
07:41:47.607 [Thread-18] INFO  algoGenetico.PopulationEvo - Thread: Thread-18 | Generation no: 8
07:41:47.613 [Thread-15] INFO  algoGenetico.PopulationEvo - Thread: Thread-15 | Generation no: 1
07:41:48.929 [pool-2-thread-1] INFO  algoGenetico.PopulationEvo - Thread: pool-2-thread-1 | Hyperparameters{nrGenerations=69, nrFitIndividuals=53, tournamentSize=20, seed=363, hiddenDimSize=16, mutationProb=0.7017309440144405, populationSize=120}
07:41:49.414 [Thread-13] INFO  algoGenetico.PopulationEvo - Thread: Thread-13 | Generation no: 2
07:41:49.659 [Thread-6] INFO  algoGenetico.PopulationEvo - Thread: Thread-6 | Generation no: 15
07:41:50.297 [Thread-17] INFO  algoGenetico.PopulationEvo - Thread: Thread-17 | Generation no: 11
07:41:50.509 [Thread-23] INFO  algoGenetico.PopulationEvo - Thread: Thread-23 | Generation no: 1
07:41:50.681 [Thread-16] INFO  algoGenetico.PopulationEvo - Thread: Thread-16 | Generation no: 1
07:41:50.795 [Thread-26] INFO  algoGenetico.PopulationEvo - Thread: Thread-26 | Generation no: 4
07:41:50.808 [Thread-22] INFO  algoGenetico.PopulationEvo - Thread: Thread-22 | Generation no: 3
07:41:50.862 [Thread-0] INFO  algoGenetico.PopulationEvo - Thread: Thread-0 | Generation no: 25
07:41:50.942 [Thread-20] INFO  algoGenetico.PopulationEvo - Thread: Thread-20 | Generation no: 7
07:41:50.990 [Thread-31] INFO  algoGenetico.PopulationEvo - Thread: Thread-31 | Generation no: 1
07:41:52.291 [pool-2-thread-4] INFO  algoGenetico.PopulationEvo - Thread: pool-2-thread-4 | Hyperparameters{nrGenerations=54, nrFitIndividuals=182, tournamentSize=164, seed=505, hiddenDimSize=38, mutationProb=0.8010572156078954, populationSize=676}
07:41:52.600 [pool-2-thread-3] INFO  algoGenetico.PopulationEvo - Thread: pool-2-thread-3 | Hyperparameters{nrGenerations=45, nrFitIndividuals=230, tournamentSize=222, seed=1821, hiddenDimSize=33, mutationProb=0.7119862987488802, populationSize=692}
07:41:53.231 [Thread-31] INFO  algoGenetico.PopulationEvo - Thread: Thread-31 | Generation no: 2
07:41:54.181 [Thread-18] INFO  algoGenetico.PopulationEvo - Thread: Thread-18 | Generation no: 9
07:41:54.272 [Thread-17] INFO  algoGenetico.PopulationEvo - Thread: Thread-17 | Generation no: 12
07:41:54.621 [Thread-7] INFO  algoGenetico.PopulationEvo - Thread: Thread-7 | Generation no: 4
07:41:55.227 [Thread-26] INFO  algoGenetico.PopulationEvo - Thread: Thread-26 | Generation no: 5
07:41:55.584 [Thread-6] INFO  algoGenetico.PopulationEvo - Thread: Thread-6 | Generation no: 16
07:41:55.664 [Thread-0] INFO  algoGenetico.PopulationEvo - Thread: Thread-0 | Generation no: 26
07:41:55.793 [Thread-8] INFO  algoGenetico.PopulationEvo - Thread: Thread-8 | Generation no: 5
07:41:55.849 [Thread-20] INFO  algoGenetico.PopulationEvo - Thread: Thread-20 | Generation no: 8
07:41:56.973 [Thread-31] INFO  algoGenetico.PopulationEvo - Thread: Thread-31 | Generation no: 3
07:41:57.121 [Thread-10] INFO  algoGenetico.PopulationEvo - Thread: Thread-10 | Generation no: 3
07:41:57.442 [pool-2-thread-4] INFO  algoGenetico.PopulationEvo - Thread: pool-2-thread-4 | Hyperparameters{nrGenerations=62, nrFitIndividuals=15, tournamentSize=14, seed=5953, hiddenDimSize=18, mutationProb=0.7059356274174222, populationSize=306}
07:41:57.775 [Thread-19] INFO  algoGenetico.PopulationEvo - Thread: Thread-19 | Generation no: 3
07:41:58.555 [Thread-17] INFO  algoGenetico.PopulationEvo - Thread: Thread-17 | Generation no: 13
07:41:59.519 [Thread-0] INFO  algoGenetico.PopulationEvo - Thread: Thread-0 | Generation no: 27
07:41:59.673 [Thread-26] INFO  algoGenetico.PopulationEvo - Thread: Thread-26 | Generation no: 6
07:42:00.234 [Thread-18] INFO  algoGenetico.PopulationEvo - Thread: Thread-18 | Generation no: 10
07:42:00.250 [Thread-24] INFO  algoGenetico.PopulationEvo - Thread: Thread-24 | Generation no: 3
07:42:01.043 [Thread-31] INFO  algoGenetico.PopulationEvo - Thread: Thread-31 | Generation no: 4
07:42:01.344 [Thread-6] INFO  algoGenetico.PopulationEvo - Thread: Thread-6 | Generation no: 17
07:42:01.687 [Thread-9] INFO  algoGenetico.PopulationEvo - Thread: Thread-9 | Generation no: 4
07:42:01.778 [Thread-20] INFO  algoGenetico.PopulationEvo - Thread: Thread-20 | Generation no: 9
07:42:02.081 [Thread-22] INFO  algoGenetico.PopulationEvo - Thread: Thread-22 | Generation no: 4
07:42:02.123 [Thread-25] INFO  algoGenetico.PopulationEvo - Thread: Thread-25 | Generation no: 2
07:42:02.156 [pool-2-thread-2] INFO  algoGenetico.PopulationEvo - Thread: pool-2-thread-2 | Hyperparameters{nrGenerations=45, nrFitIndividuals=191, tournamentSize=109, seed=4637, hiddenDimSize=47, mutationProb=0.1608106711771381, populationSize=529}
07:42:02.822 [Thread-17] INFO  algoGenetico.PopulationEvo - Thread: Thread-17 | Generation no: 14
07:42:03.578 [Thread-33] INFO  algoGenetico.PopulationEvo - Thread: Thread-33 | Generation no: 1
07:42:03.930 [Thread-26] INFO  algoGenetico.PopulationEvo - Thread: Thread-26 | Generation no: 7
07:42:04.045 [Thread-0] INFO  algoGenetico.PopulationEvo - Thread: Thread-0 | Generation no: 28
07:42:05.006 [pool-2-thread-2] INFO  algoGenetico.PopulationEvo - Thread: pool-2-thread-2 | Hyperparameters{nrGenerations=94, nrFitIndividuals=10, tournamentSize=6, seed=352, hiddenDimSize=40, mutationProb=0.1448009087304185, populationSize=106}
07:42:05.576 [pool-2-thread-1] INFO  algoGenetico.PopulationEvo - Thread: pool-2-thread-1 | Hyperparameters{nrGenerations=14, nrFitIndividuals=157, tournamentSize=56, seed=1424, hiddenDimSize=29, mutationProb=0.01949256360437357, populationSize=717}
07:42:05.723 [Thread-31] INFO  algoGenetico.PopulationEvo - Thread: Thread-31 | Generation no: 5
07:42:06.252 [Thread-18] INFO  algoGenetico.PopulationEvo - Thread: Thread-18 | Generation no: 11
07:42:07.436 [Thread-27] INFO  algoGenetico.PopulationEvo - Thread: Thread-27 | Generation no: 1
07:42:07.450 [Thread-17] INFO  algoGenetico.PopulationEvo - Thread: Thread-17 | Generation no: 15
07:42:07.859 [Thread-36] INFO  algoGenetico.PopulationEvo - Thread: Thread-36 | Generation no: 1
07:42:08.220 [Thread-26] INFO  algoGenetico.PopulationEvo - Thread: Thread-26 | Generation no: 8
07:42:08.377 [Thread-7] INFO  algoGenetico.PopulationEvo - Thread: Thread-7 | Generation no: 5
07:42:08.437 [Thread-20] INFO  algoGenetico.PopulationEvo - Thread: Thread-20 | Generation no: 10
07:42:08.492 [pool-2-thread-3] INFO  algoGenetico.PopulationEvo - Thread: pool-2-thread-3 | Hyperparameters{nrGenerations=29, nrFitIndividuals=192, tournamentSize=50, seed=4602, hiddenDimSize=19, mutationProb=0.987084380225582, populationSize=909}
07:42:08.998 [Thread-0] INFO  algoGenetico.PopulationEvo - Thread: Thread-0 | Generation no: 29
07:42:09.258 [Thread-6] INFO  algoGenetico.PopulationEvo - Thread: Thread-6 | Generation no: 18
07:42:09.819 [Thread-13] INFO  algoGenetico.PopulationEvo - Thread: Thread-13 | Generation no: 3
07:42:10.078 [Thread-28] INFO  algoGenetico.PopulationEvo - Thread: Thread-28 | Generation no: 1
07:42:10.157 [pool-2-thread-1] INFO  algoGenetico.PopulationEvo - Thread: pool-2-thread-1 | Hyperparameters{nrGenerations=59, nrFitIndividuals=131, tournamentSize=5, seed=4409, hiddenDimSize=1, mutationProb=0.6824812353622608, populationSize=588}
07:42:11.143 [Thread-31] INFO  algoGenetico.PopulationEvo - Thread: Thread-31 | Generation no: 6
07:42:11.313 [Thread-36] INFO  algoGenetico.PopulationEvo - Thread: Thread-36 | Generation no: 2
07:42:11.517 [Thread-29] INFO  algoGenetico.PopulationEvo - Thread: Thread-29 | Generation no: 1
07:42:11.833 [Thread-17] INFO  algoGenetico.PopulationEvo - Thread: Thread-17 | Generation no: 16
07:42:11.833 [Thread-17] INFO  algoGenetico.PopulationEvo - Thread: Thread-17 | Fittest: 83139.0
07:42:11.833 [Thread-17] INFO  algoGenetico.PopulationEvo - Thread: Thread-17 | GOING TO WRITE... writing file
07:42:11.835 [Thread-17] INFO  algoGenetico.PopulationEvo - Thread: Thread-17 | WROTE Fittest: 83139.0
07:42:11.856 [pool-2-thread-3] INFO  algoGenetico.PopulationEvo - Thread: pool-2-thread-3 | Hyperparameters{nrGenerations=75, nrFitIndividuals=11, tournamentSize=4, seed=331, hiddenDimSize=13, mutationProb=0.5950139414420813, populationSize=203}
07:42:12.838 [Thread-10] INFO  algoGenetico.PopulationEvo - Thread: Thread-10 | Generation no: 4
07:42:13.566 [pool-2-thread-4] INFO  algoGenetico.PopulationEvo - Thread: pool-2-thread-4 | Hyperparameters{nrGenerations=26, nrFitIndividuals=79, tournamentSize=17, seed=4388, hiddenDimSize=30, mutationProb=0.39397078518092965, populationSize=670}
07:42:14.202 [Thread-22] INFO  algoGenetico.PopulationEvo - Thread: Thread-22 | Generation no: 5
07:42:14.358 [Thread-20] INFO  algoGenetico.PopulationEvo - Thread: Thread-20 | Generation no: 11
07:42:14.467 [Thread-8] INFO  algoGenetico.PopulationEvo - Thread: Thread-8 | Generation no: 6
07:42:14.846 [Thread-26] INFO  algoGenetico.PopulationEvo - Thread: Thread-26 | Generation no: 9
07:42:15.038 [Thread-12] INFO  algoGenetico.PopulationEvo - Thread: Thread-12 | Generation no: 2
07:42:15.194 [Thread-0] INFO  algoGenetico.PopulationEvo - Thread: Thread-0 | Generation no: 30
07:42:15.429 [Thread-18] INFO  algoGenetico.PopulationEvo - Thread: Thread-18 | Generation no: 12
07:42:16.008 [Thread-39] INFO  algoGenetico.PopulationEvo - Thread: Thread-39 | Generation no: 1
07:42:16.785 [Thread-31] INFO  algoGenetico.PopulationEvo - Thread: Thread-31 | Generation no: 7
07:42:16.787 [pool-2-thread-1] INFO  algoGenetico.PopulationEvo - Thread: pool-2-thread-1 | Hyperparameters{nrGenerations=87, nrFitIndividuals=198, tournamentSize=186, seed=3963, hiddenDimSize=14, mutationProb=0.9232480264253494, populationSize=396}
07:42:17.304 [Thread-38] INFO  algoGenetico.PopulationEvo - Thread: Thread-38 | Generation no: 1
07:42:17.424 [Thread-1] INFO  algoGenetico.PopulationEvo - Thread: Thread-1 | Generation no: 4
07:42:18.679 [Thread-6] INFO  algoGenetico.PopulationEvo - Thread: Thread-6 | Generation no: 19
07:42:18.937 [Thread-36] INFO  algoGenetico.PopulationEvo - Thread: Thread-36 | Generation no: 3
07:42:19.742 [Thread-26] INFO  algoGenetico.PopulationEvo - Thread: Thread-26 | Generation no: 10
07:42:19.952 [Thread-21] INFO  algoGenetico.PopulationEvo - Thread: Thread-21 | Generation no: 1
07:42:20.782 [Thread-30] INFO  algoGenetico.PopulationEvo - Thread: Thread-30 | Generation no: 1
07:42:20.893 [Thread-0] INFO  algoGenetico.PopulationEvo - Thread: Thread-0 | Generation no: 31
07:42:21.400 [Thread-23] INFO  algoGenetico.PopulationEvo - Thread: Thread-23 | Generation no: 2
07:42:21.554 [Thread-24] INFO  algoGenetico.PopulationEvo - Thread: Thread-24 | Generation no: 4
07:42:21.589 [Thread-20] INFO  algoGenetico.PopulationEvo - Thread: Thread-20 | Generation no: 12
07:42:21.885 [pool-2-thread-4] INFO  algoGenetico.PopulationEvo - Thread: pool-2-thread-4 | Hyperparameters{nrGenerations=84, nrFitIndividuals=185, tournamentSize=55, seed=4046, hiddenDimSize=11, mutationProb=0.8018408847136935, populationSize=557}
07:42:21.957 [Thread-39] INFO  algoGenetico.PopulationEvo - Thread: Thread-39 | Generation no: 2
07:42:22.038 [Thread-16] INFO  algoGenetico.PopulationEvo - Thread: Thread-16 | Generation no: 2
07:42:22.562 [Thread-31] INFO  algoGenetico.PopulationEvo - Thread: Thread-31 | Generation no: 8
07:42:23.280 [Thread-18] INFO  algoGenetico.PopulationEvo - Thread: Thread-18 | Generation no: 13
07:42:23.280 [Thread-18] INFO  algoGenetico.PopulationEvo - Thread: Thread-18 | Fittest: 63695.0
07:42:23.280 [Thread-18] INFO  algoGenetico.PopulationEvo - Thread: Thread-18 | GOING TO WRITE... writing file
07:42:23.280 [Thread-18] INFO  algoGenetico.PopulationEvo - Thread: Thread-18 | WROTE Fittest: 63695.0
07:42:23.686 [Thread-32] INFO  algoGenetico.PopulationEvo - Thread: Thread-32 | Generation no: 1
07:42:24.174 [Thread-38] INFO  algoGenetico.PopulationEvo - Thread: Thread-38 | Generation no: 2
07:42:24.340 [Thread-7] INFO  algoGenetico.PopulationEvo - Thread: Thread-7 | Generation no: 6
07:42:24.454 [Thread-40] INFO  algoGenetico.PopulationEvo - Thread: Thread-40 | Generation no: 1
07:42:25.351 [Thread-26] INFO  algoGenetico.PopulationEvo - Thread: Thread-26 | Generation no: 11
07:42:25.484 [pool-2-thread-1] INFO  algoGenetico.PopulationEvo - Thread: pool-2-thread-1 | Hyperparameters{nrGenerations=75, nrFitIndividuals=127, tournamentSize=77, seed=3206, hiddenDimSize=19, mutationProb=0.19666807609606796, populationSize=419}
07:42:27.133 [Thread-0] INFO  algoGenetico.PopulationEvo - Thread: Thread-0 | Generation no: 32
07:42:27.194 [Thread-9] INFO  algoGenetico.PopulationEvo - Thread: Thread-9 | Generation no: 5
07:42:27.342 [Thread-6] INFO  algoGenetico.PopulationEvo - Thread: Thread-6 | Generation no: 20
07:42:27.804 [Thread-22] INFO  algoGenetico.PopulationEvo - Thread: Thread-22 | Generation no: 6
07:42:28.537 [Thread-36] INFO  algoGenetico.PopulationEvo - Thread: Thread-36 | Generation no: 4
07:42:28.945 [Thread-20] INFO  algoGenetico.PopulationEvo - Thread: Thread-20 | Generation no: 13
07:42:29.126 [Thread-31] INFO  algoGenetico.PopulationEvo - Thread: Thread-31 | Generation no: 9
07:42:29.227 [Thread-38] INFO  algoGenetico.PopulationEvo - Thread: Thread-38 | Generation no: 3
07:42:29.732 [Thread-10] INFO  algoGenetico.PopulationEvo - Thread: Thread-10 | Generation no: 5
07:42:29.951 [Thread-39] INFO  algoGenetico.PopulationEvo - Thread: Thread-39 | Generation no: 3
07:42:30.456 [Thread-26] INFO  algoGenetico.PopulationEvo - Thread: Thread-26 | Generation no: 12
07:42:30.706 [Thread-15] INFO  algoGenetico.PopulationEvo - Thread: Thread-15 | Generation no: 2
07:42:31.048 [Thread-25] INFO  algoGenetico.PopulationEvo - Thread: Thread-25 | Generation no: 3
07:42:31.085 [Thread-34] INFO  algoGenetico.PopulationEvo - Thread: Thread-34 | Generation no: 1
07:42:31.164 [pool-2-thread-3] INFO  algoGenetico.PopulationEvo - Thread: pool-2-thread-3 | Hyperparameters{nrGenerations=20, nrFitIndividuals=437, tournamentSize=168, seed=2013, hiddenDimSize=19, mutationProb=0.8220317492171656, populationSize=993}
07:42:31.526 [Thread-0] INFO  algoGenetico.PopulationEvo - Thread: Thread-0 | Generation no: 33
07:42:32.287 [Thread-28] INFO  algoGenetico.PopulationEvo - Thread: Thread-28 | Generation no: 2
07:42:33.151 [Thread-40] INFO  algoGenetico.PopulationEvo - Thread: Thread-40 | Generation no: 2
07:42:33.256 [Thread-38] INFO  algoGenetico.PopulationEvo - Thread: Thread-38 | Generation no: 4
07:42:33.664 [Thread-29] INFO  algoGenetico.PopulationEvo - Thread: Thread-29 | Generation no: 2
07:42:34.346 [Thread-8] INFO  algoGenetico.PopulationEvo - Thread: Thread-8 | Generation no: 7
07:42:34.699 [Thread-43] INFO  algoGenetico.PopulationEvo - Thread: Thread-43 | Generation no: 1
07:42:34.831 [Thread-42] INFO  algoGenetico.PopulationEvo - Thread: Thread-42 | Generation no: 1
07:42:35.156 [Thread-31] INFO  algoGenetico.PopulationEvo - Thread: Thread-31 | Generation no: 10
07:42:35.401 [Thread-35] INFO  algoGenetico.PopulationEvo - Thread: Thread-35 | Generation no: 1
07:42:36.321 [Thread-26] INFO  algoGenetico.PopulationEvo - Thread: Thread-26 | Generation no: 13
07:42:36.369 [Thread-27] INFO  algoGenetico.PopulationEvo - Thread: Thread-27 | Generation no: 2
07:42:36.480 [Thread-6] INFO  algoGenetico.PopulationEvo - Thread: Thread-6 | Generation no: 21
07:42:36.506 [Thread-20] INFO  algoGenetico.PopulationEvo - Thread: Thread-20 | Generation no: 14
07:42:37.583 [Thread-39] INFO  algoGenetico.PopulationEvo - Thread: Thread-39 | Generation no: 4
07:42:37.929 [Thread-36] INFO  algoGenetico.PopulationEvo - Thread: Thread-36 | Generation no: 5
07:42:38.155 [pool-2-thread-3] INFO  algoGenetico.PopulationEvo - Thread: pool-2-thread-3 | Hyperparameters{nrGenerations=43, nrFitIndividuals=66, tournamentSize=13, seed=1453, hiddenDimSize=22, mutationProb=0.09651921435180533, populationSize=276}
07:42:38.431 [pool-2-thread-4] INFO  algoGenetico.PopulationEvo - Thread: pool-2-thread-4 | Hyperparameters{nrGenerations=49, nrFitIndividuals=100, tournamentSize=100, seed=727, hiddenDimSize=20, mutationProb=0.11303042556788834, populationSize=785}
07:42:38.688 [Thread-0] INFO  algoGenetico.PopulationEvo - Thread: Thread-0 | Generation no: 34
07:42:39.197 [pool-2-thread-2] INFO  algoGenetico.PopulationEvo - Thread: pool-2-thread-2 | Hyperparameters{nrGenerations=12, nrFitIndividuals=186, tournamentSize=17, seed=4858, hiddenDimSize=47, mutationProb=0.3117369031767969, populationSize=937}
07:42:39.976 [Thread-38] INFO  algoGenetico.PopulationEvo - Thread: Thread-38 | Generation no: 5
07:42:41.657 [Thread-31] INFO  algoGenetico.PopulationEvo - Thread: Thread-31 | Generation no: 11
07:42:42.459 [Thread-26] INFO  algoGenetico.PopulationEvo - Thread: Thread-26 | Generation no: 14
07:42:42.520 [Thread-22] INFO  algoGenetico.PopulationEvo - Thread: Thread-22 | Generation no: 7
07:42:42.575 [Thread-40] INFO  algoGenetico.PopulationEvo - Thread: Thread-40 | Generation no: 3
07:42:43.618 [Thread-7] INFO  algoGenetico.PopulationEvo - Thread: Thread-7 | Generation no: 7
07:42:44.408 [Thread-12] INFO  algoGenetico.PopulationEvo - Thread: Thread-12 | Generation no: 3
07:42:44.674 [Thread-20] INFO  algoGenetico.PopulationEvo - Thread: Thread-20 | Generation no: 15
07:42:45.158 [Thread-0] INFO  algoGenetico.PopulationEvo - Thread: Thread-0 | Generation no: 35
07:42:45.929 [Thread-43] INFO  algoGenetico.PopulationEvo - Thread: Thread-43 | Generation no: 2
07:42:46.319 [Thread-39] INFO  algoGenetico.PopulationEvo - Thread: Thread-39 | Generation no: 5
07:42:47.438 [Thread-38] INFO  algoGenetico.PopulationEvo - Thread: Thread-38 | Generation no: 6
07:42:47.451 [Thread-46] INFO  algoGenetico.PopulationEvo - Thread: Thread-46 | Generation no: 1
07:42:47.856 [Thread-31] INFO  algoGenetico.PopulationEvo - Thread: Thread-31 | Generation no: 12
07:42:47.868 [Thread-6] INFO  algoGenetico.PopulationEvo - Thread: Thread-6 | Generation no: 22
07:42:48.012 [Thread-36] INFO  algoGenetico.PopulationEvo - Thread: Thread-36 | Generation no: 6
07:42:48.999 [Thread-26] INFO  algoGenetico.PopulationEvo - Thread: Thread-26 | Generation no: 15
07:42:49.880 [Thread-30] INFO  algoGenetico.PopulationEvo - Thread: Thread-30 | Generation no: 2
07:42:50.281 [pool-2-thread-2] INFO  algoGenetico.PopulationEvo - Thread: pool-2-thread-2 | Hyperparameters{nrGenerations=60, nrFitIndividuals=106, tournamentSize=6, seed=5389, hiddenDimSize=3, mutationProb=0.8751357963525921, populationSize=888}
07:42:50.346 [Thread-10] INFO  algoGenetico.PopulationEvo - Thread: Thread-10 | Generation no: 6
07:42:50.581 [Thread-24] INFO  algoGenetico.PopulationEvo - Thread: Thread-24 | Generation no: 5
07:42:50.981 [Thread-0] INFO  algoGenetico.PopulationEvo - Thread: Thread-0 | Generation no: 36
