23:33:08.792 [main] INFO  algoGenetico.PopulationEvo - Hyperparameters{nrGenerations=58, nrFitIndividuals=150, tournamentSize=60, seed=493, hiddenDimSize=48, mutationProb=0.2602246634009472, populationSize=401}
23:33:10.210 [main] INFO  algoGenetico.PopulationEvo - Hyperparameters{nrGenerations=66, nrFitIndividuals=180, tournamentSize=117, seed=599, hiddenDimSize=40, mutationProb=0.21795338975054912, populationSize=386}
23:33:11.216 [Thread-0] INFO  algoGenetico.PopulationEvo - Thread: Thread-0 | Generation no: 1
23:33:11.674 [Thread-1] INFO  algoGenetico.PopulationEvo - Thread: Thread-1 | Generation no: 1
23:33:12.951 [Thread-0] INFO  algoGenetico.PopulationEvo - Thread: Thread-0 | Generation no: 2
23:33:13.057 [Thread-1] INFO  algoGenetico.PopulationEvo - Thread: Thread-1 | Generation no: 2
23:33:13.342 [main] INFO  algoGenetico.PopulationEvo - Hyperparameters{nrGenerations=64, nrFitIndividuals=24, tournamentSize=14, seed=209, hiddenDimSize=47, mutationProb=0.984042026709765, populationSize=467}
23:33:13.692 [main] INFO  algoGenetico.PopulationEvo - Hyperparameters{nrGenerations=4, nrFitIndividuals=34, tournamentSize=30, seed=253, hiddenDimSize=30, mutationProb=0.06790582025947633, populationSize=101}
23:33:14.054 [Thread-3] INFO  algoGenetico.PopulationEvo - Thread: Thread-3 | Generation no: 1
23:33:14.400 [Thread-3] INFO  algoGenetico.PopulationEvo - Thread: Thread-3 | Generation no: 2
23:33:14.628 [Thread-3] INFO  algoGenetico.PopulationEvo - Thread: Thread-3 | Generation no: 3
23:33:14.837 [Thread-3] INFO  algoGenetico.PopulationEvo - Thread: Thread-3 | Generation no: 4
23:33:14.837 [Thread-3] INFO  algoGenetico.PopulationEvo - Thread: Thread-3 | Fittest: 51348.0
23:33:14.837 [Thread-3] INFO  algoGenetico.PopulationEvo - Thread: Thread-3 | GOING TO WRITE... writing file
23:33:14.838 [Thread-3] INFO  algoGenetico.PopulationEvo - Thread: Thread-3 | WROTE Fittest: 51348.0
23:33:15.126 [Thread-0] INFO  algoGenetico.PopulationEvo - Thread: Thread-0 | Generation no: 3
23:33:15.248 [Thread-1] INFO  algoGenetico.PopulationEvo - Thread: Thread-1 | Generation no: 3
23:33:16.076 [Thread-2] INFO  algoGenetico.PopulationEvo - Thread: Thread-2 | Generation no: 1
23:33:18.388 [Thread-0] INFO  algoGenetico.PopulationEvo - Thread: Thread-0 | Generation no: 4
23:33:19.202 [main] INFO  algoGenetico.PopulationEvo - Hyperparameters{nrGenerations=18, nrFitIndividuals=131, tournamentSize=106, seed=895, hiddenDimSize=44, mutationProb=0.6146570120598263, populationSize=862}
23:33:19.934 [Thread-2] INFO  algoGenetico.PopulationEvo - Thread: Thread-2 | Generation no: 2
23:33:19.941 [main] INFO  algoGenetico.PopulationEvo - Hyperparameters{nrGenerations=10, nrFitIndividuals=63, tournamentSize=22, seed=764, hiddenDimSize=31, mutationProb=0.6105377296980801, populationSize=194}
23:33:20.037 [Thread-1] INFO  algoGenetico.PopulationEvo - Thread: Thread-1 | Generation no: 4
23:33:20.424 [main] INFO  algoGenetico.PopulationEvo - Hyperparameters{nrGenerations=74, nrFitIndividuals=103, tournamentSize=84, seed=221, hiddenDimSize=4, mutationProb=0.1321959826790523, populationSize=532}
23:33:20.881 [Thread-6] INFO  algoGenetico.PopulationEvo - Thread: Thread-6 | Generation no: 1
23:33:21.039 [Thread-5] INFO  algoGenetico.PopulationEvo - Thread: Thread-5 | Generation no: 1
23:33:21.267 [Thread-6] INFO  algoGenetico.PopulationEvo - Thread: Thread-6 | Generation no: 2
23:33:21.556 [Thread-0] INFO  algoGenetico.PopulationEvo - Thread: Thread-0 | Generation no: 5
23:33:22.345 [Thread-5] INFO  algoGenetico.PopulationEvo - Thread: Thread-5 | Generation no: 2
23:33:23.492 [Thread-2] INFO  algoGenetico.PopulationEvo - Thread: Thread-2 | Generation no: 3
23:33:23.691 [Thread-0] INFO  algoGenetico.PopulationEvo - Thread: Thread-0 | Generation no: 6
23:33:23.754 [main] INFO  algoGenetico.PopulationEvo - Hyperparameters{nrGenerations=20, nrFitIndividuals=91, tournamentSize=82, seed=593, hiddenDimSize=48, mutationProb=0.2017252298163058, populationSize=547}
23:33:24.385 [Thread-5] INFO  algoGenetico.PopulationEvo - Thread: Thread-5 | Generation no: 3
23:33:25.597 [Thread-0] INFO  algoGenetico.PopulationEvo - Thread: Thread-0 | Generation no: 7
23:33:25.712 [Thread-4] INFO  algoGenetico.PopulationEvo - Thread: Thread-4 | Generation no: 1
23:33:26.254 [main] INFO  algoGenetico.PopulationEvo - Hyperparameters{nrGenerations=70, nrFitIndividuals=409, tournamentSize=211, seed=597, hiddenDimSize=20, mutationProb=0.18927025835809164, populationSize=838}
23:33:26.315 [Thread-1] INFO  algoGenetico.PopulationEvo - Thread: Thread-1 | Generation no: 5
23:33:26.398 [Thread-5] INFO  algoGenetico.PopulationEvo - Thread: Thread-5 | Generation no: 4
23:33:26.816 [Thread-2] INFO  algoGenetico.PopulationEvo - Thread: Thread-2 | Generation no: 4
23:33:27.544 [main] INFO  algoGenetico.PopulationEvo - Hyperparameters{nrGenerations=8, nrFitIndividuals=124, tournamentSize=1, seed=639, hiddenDimSize=6, mutationProb=0.9911353551736128, populationSize=950}
23:33:27.545 [main] DEBUG main.HyperparameterTuning - FINISHED
23:33:27.726 [Thread-0] INFO  algoGenetico.PopulationEvo - Thread: Thread-0 | Generation no: 8
23:33:28.308 [Thread-7] INFO  algoGenetico.PopulationEvo - Thread: Thread-7 | Generation no: 1
23:33:28.748 [Thread-9] INFO  algoGenetico.PopulationEvo - Thread: Thread-9 | Generation no: 1
23:33:28.766 [Thread-5] INFO  algoGenetico.PopulationEvo - Thread: Thread-5 | Generation no: 5
23:33:29.846 [Thread-9] INFO  algoGenetico.PopulationEvo - Thread: Thread-9 | Generation no: 2
23:33:29.939 [Thread-8] INFO  algoGenetico.PopulationEvo - Thread: Thread-8 | Generation no: 1
23:33:29.984 [Thread-0] INFO  algoGenetico.PopulationEvo - Thread: Thread-0 | Generation no: 9
23:33:30.613 [Thread-2] INFO  algoGenetico.PopulationEvo - Thread: Thread-2 | Generation no: 5
23:33:31.058 [Thread-5] INFO  algoGenetico.PopulationEvo - Thread: Thread-5 | Generation no: 6
23:33:31.101 [Thread-9] INFO  algoGenetico.PopulationEvo - Thread: Thread-9 | Generation no: 3
23:33:32.221 [Thread-0] INFO  algoGenetico.PopulationEvo - Thread: Thread-0 | Generation no: 10
23:33:32.365 [Thread-8] INFO  algoGenetico.PopulationEvo - Thread: Thread-8 | Generation no: 2
23:33:32.899 [Thread-9] INFO  algoGenetico.PopulationEvo - Thread: Thread-9 | Generation no: 4
23:33:33.218 [Thread-1] INFO  algoGenetico.PopulationEvo - Thread: Thread-1 | Generation no: 6
23:33:33.408 [Thread-5] INFO  algoGenetico.PopulationEvo - Thread: Thread-5 | Generation no: 7
23:33:34.230 [Thread-4] INFO  algoGenetico.PopulationEvo - Thread: Thread-4 | Generation no: 2
23:33:34.539 [Thread-2] INFO  algoGenetico.PopulationEvo - Thread: Thread-2 | Generation no: 6
23:33:34.596 [Thread-0] INFO  algoGenetico.PopulationEvo - Thread: Thread-0 | Generation no: 11
23:33:34.868 [Thread-9] INFO  algoGenetico.PopulationEvo - Thread: Thread-9 | Generation no: 5
23:33:35.492 [Thread-8] INFO  algoGenetico.PopulationEvo - Thread: Thread-8 | Generation no: 3
23:33:35.943 [Thread-5] INFO  algoGenetico.PopulationEvo - Thread: Thread-5 | Generation no: 8
23:33:36.385 [Thread-7] INFO  algoGenetico.PopulationEvo - Thread: Thread-7 | Generation no: 2
23:33:36.940 [Thread-0] INFO  algoGenetico.PopulationEvo - Thread: Thread-0 | Generation no: 12
23:33:37.088 [Thread-9] INFO  algoGenetico.PopulationEvo - Thread: Thread-9 | Generation no: 6
23:33:38.266 [Thread-5] INFO  algoGenetico.PopulationEvo - Thread: Thread-5 | Generation no: 9
23:33:38.335 [Thread-2] INFO  algoGenetico.PopulationEvo - Thread: Thread-2 | Generation no: 7
23:33:38.519 [Thread-8] INFO  algoGenetico.PopulationEvo - Thread: Thread-8 | Generation no: 4
23:33:39.153 [Thread-0] INFO  algoGenetico.PopulationEvo - Thread: Thread-0 | Generation no: 13
23:33:40.128 [Thread-1] INFO  algoGenetico.PopulationEvo - Thread: Thread-1 | Generation no: 7
23:33:40.582 [Thread-5] INFO  algoGenetico.PopulationEvo - Thread: Thread-5 | Generation no: 10
23:33:40.583 [Thread-5] INFO  algoGenetico.PopulationEvo - Thread: Thread-5 | Fittest: 103156.0
23:33:40.583 [Thread-5] INFO  algoGenetico.PopulationEvo - Thread: Thread-5 | GOING TO WRITE... writing file
23:33:40.583 [Thread-5] INFO  algoGenetico.PopulationEvo - Thread: Thread-5 | WROTE Fittest: 103156.0
23:33:40.758 [Thread-9] INFO  algoGenetico.PopulationEvo - Thread: Thread-9 | Generation no: 7
23:33:41.520 [Thread-0] INFO  algoGenetico.PopulationEvo - Thread: Thread-0 | Generation no: 14
23:33:42.200 [Thread-2] INFO  algoGenetico.PopulationEvo - Thread: Thread-2 | Generation no: 8
23:33:43.419 [Thread-8] INFO  algoGenetico.PopulationEvo - Thread: Thread-8 | Generation no: 5
23:33:43.570 [Thread-0] INFO  algoGenetico.PopulationEvo - Thread: Thread-0 | Generation no: 15
23:33:44.004 [Thread-9] INFO  algoGenetico.PopulationEvo - Thread: Thread-9 | Generation no: 8
23:33:44.004 [Thread-9] INFO  algoGenetico.PopulationEvo - Thread: Thread-9 | Fittest: 83857.0
23:33:44.005 [Thread-9] INFO  algoGenetico.PopulationEvo - Thread: Thread-9 | GOING TO WRITE... writing file
23:33:44.005 [Thread-9] INFO  algoGenetico.PopulationEvo - Thread: Thread-9 | WROTE Fittest: 83857.0
23:33:44.838 [Thread-4] INFO  algoGenetico.PopulationEvo - Thread: Thread-4 | Generation no: 3
23:33:45.520 [Thread-0] INFO  algoGenetico.PopulationEvo - Thread: Thread-0 | Generation no: 16
23:33:45.525 [Thread-2] INFO  algoGenetico.PopulationEvo - Thread: Thread-2 | Generation no: 9
23:33:46.570 [Thread-1] INFO  algoGenetico.PopulationEvo - Thread: Thread-1 | Generation no: 8
23:33:47.583 [Thread-0] INFO  algoGenetico.PopulationEvo - Thread: Thread-0 | Generation no: 17
23:33:48.009 [Thread-7] INFO  algoGenetico.PopulationEvo - Thread: Thread-7 | Generation no: 3
23:33:48.941 [Thread-2] INFO  algoGenetico.PopulationEvo - Thread: Thread-2 | Generation no: 10
23:33:49.644 [Thread-0] INFO  algoGenetico.PopulationEvo - Thread: Thread-0 | Generation no: 18
23:33:50.881 [Thread-8] INFO  algoGenetico.PopulationEvo - Thread: Thread-8 | Generation no: 6
23:33:51.591 [Thread-0] INFO  algoGenetico.PopulationEvo - Thread: Thread-0 | Generation no: 19
23:33:52.188 [Thread-2] INFO  algoGenetico.PopulationEvo - Thread: Thread-2 | Generation no: 11
23:33:52.663 [Thread-1] INFO  algoGenetico.PopulationEvo - Thread: Thread-1 | Generation no: 9
23:33:53.490 [Thread-0] INFO  algoGenetico.PopulationEvo - Thread: Thread-0 | Generation no: 20
23:33:55.364 [Thread-0] INFO  algoGenetico.PopulationEvo - Thread: Thread-0 | Generation no: 21
23:33:55.378 [Thread-2] INFO  algoGenetico.PopulationEvo - Thread: Thread-2 | Generation no: 12
23:33:57.374 [Thread-0] INFO  algoGenetico.PopulationEvo - Thread: Thread-0 | Generation no: 22
23:33:58.230 [Thread-8] INFO  algoGenetico.PopulationEvo - Thread: Thread-8 | Generation no: 7
23:33:58.609 [Thread-1] INFO  algoGenetico.PopulationEvo - Thread: Thread-1 | Generation no: 10
23:33:58.716 [Thread-2] INFO  algoGenetico.PopulationEvo - Thread: Thread-2 | Generation no: 13
23:33:58.834 [Thread-7] INFO  algoGenetico.PopulationEvo - Thread: Thread-7 | Generation no: 4
23:33:59.328 [Thread-0] INFO  algoGenetico.PopulationEvo - Thread: Thread-0 | Generation no: 23
23:33:59.453 [Thread-4] INFO  algoGenetico.PopulationEvo - Thread: Thread-4 | Generation no: 4
23:34:01.329 [Thread-0] INFO  algoGenetico.PopulationEvo - Thread: Thread-0 | Generation no: 24
23:34:02.060 [Thread-2] INFO  algoGenetico.PopulationEvo - Thread: Thread-2 | Generation no: 14
23:34:03.250 [Thread-0] INFO  algoGenetico.PopulationEvo - Thread: Thread-0 | Generation no: 25
23:34:04.629 [Thread-1] INFO  algoGenetico.PopulationEvo - Thread: Thread-1 | Generation no: 11
23:34:05.172 [Thread-0] INFO  algoGenetico.PopulationEvo - Thread: Thread-0 | Generation no: 26
23:34:05.306 [Thread-2] INFO  algoGenetico.PopulationEvo - Thread: Thread-2 | Generation no: 15
23:34:05.700 [Thread-8] INFO  algoGenetico.PopulationEvo - Thread: Thread-8 | Generation no: 8
23:34:07.145 [Thread-0] INFO  algoGenetico.PopulationEvo - Thread: Thread-0 | Generation no: 27
23:34:08.613 [Thread-2] INFO  algoGenetico.PopulationEvo - Thread: Thread-2 | Generation no: 16
23:34:09.123 [Thread-0] INFO  algoGenetico.PopulationEvo - Thread: Thread-0 | Generation no: 28
23:34:09.816 [Thread-7] INFO  algoGenetico.PopulationEvo - Thread: Thread-7 | Generation no: 5
23:34:10.693 [Thread-1] INFO  algoGenetico.PopulationEvo - Thread: Thread-1 | Generation no: 12
23:34:11.045 [Thread-0] INFO  algoGenetico.PopulationEvo - Thread: Thread-0 | Generation no: 29
23:34:11.941 [Thread-2] INFO  algoGenetico.PopulationEvo - Thread: Thread-2 | Generation no: 17
23:34:13.069 [Thread-0] INFO  algoGenetico.PopulationEvo - Thread: Thread-0 | Generation no: 30
23:34:13.268 [Thread-8] INFO  algoGenetico.PopulationEvo - Thread: Thread-8 | Generation no: 9
23:34:14.072 [Thread-4] INFO  algoGenetico.PopulationEvo - Thread: Thread-4 | Generation no: 5
23:34:15.056 [Thread-0] INFO  algoGenetico.PopulationEvo - Thread: Thread-0 | Generation no: 31
23:34:15.319 [Thread-2] INFO  algoGenetico.PopulationEvo - Thread: Thread-2 | Generation no: 18
23:34:16.861 [Thread-1] INFO  algoGenetico.PopulationEvo - Thread: Thread-1 | Generation no: 13
23:34:17.061 [Thread-0] INFO  algoGenetico.PopulationEvo - Thread: Thread-0 | Generation no: 32
23:34:18.722 [Thread-2] INFO  algoGenetico.PopulationEvo - Thread: Thread-2 | Generation no: 19
23:34:19.097 [Thread-0] INFO  algoGenetico.PopulationEvo - Thread: Thread-0 | Generation no: 33
23:34:20.842 [Thread-8] INFO  algoGenetico.PopulationEvo - Thread: Thread-8 | Generation no: 10
23:34:21.013 [Thread-7] INFO  algoGenetico.PopulationEvo - Thread: Thread-7 | Generation no: 6
23:34:21.032 [Thread-0] INFO  algoGenetico.PopulationEvo - Thread: Thread-0 | Generation no: 34
23:34:22.016 [Thread-2] INFO  algoGenetico.PopulationEvo - Thread: Thread-2 | Generation no: 20
23:34:22.976 [Thread-1] INFO  algoGenetico.PopulationEvo - Thread: Thread-1 | Generation no: 14
23:34:23.048 [Thread-0] INFO  algoGenetico.PopulationEvo - Thread: Thread-0 | Generation no: 35
23:34:25.089 [Thread-0] INFO  algoGenetico.PopulationEvo - Thread: Thread-0 | Generation no: 36
23:34:25.414 [Thread-2] INFO  algoGenetico.PopulationEvo - Thread: Thread-2 | Generation no: 21
23:34:27.151 [Thread-0] INFO  algoGenetico.PopulationEvo - Thread: Thread-0 | Generation no: 37
23:34:28.532 [Thread-8] INFO  algoGenetico.PopulationEvo - Thread: Thread-8 | Generation no: 11
23:34:28.792 [Thread-2] INFO  algoGenetico.PopulationEvo - Thread: Thread-2 | Generation no: 22
23:34:29.030 [Thread-4] INFO  algoGenetico.PopulationEvo - Thread: Thread-4 | Generation no: 6
23:34:29.137 [Thread-0] INFO  algoGenetico.PopulationEvo - Thread: Thread-0 | Generation no: 38
23:34:29.204 [Thread-1] INFO  algoGenetico.PopulationEvo - Thread: Thread-1 | Generation no: 15
23:34:31.165 [Thread-0] INFO  algoGenetico.PopulationEvo - Thread: Thread-0 | Generation no: 39
23:34:32.146 [Thread-2] INFO  algoGenetico.PopulationEvo - Thread: Thread-2 | Generation no: 23
23:34:32.254 [Thread-7] INFO  algoGenetico.PopulationEvo - Thread: Thread-7 | Generation no: 7
23:34:33.257 [Thread-0] INFO  algoGenetico.PopulationEvo - Thread: Thread-0 | Generation no: 40
23:34:35.311 [Thread-0] INFO  algoGenetico.PopulationEvo - Thread: Thread-0 | Generation no: 41
23:34:35.513 [Thread-1] INFO  algoGenetico.PopulationEvo - Thread: Thread-1 | Generation no: 16
23:34:35.639 [Thread-2] INFO  algoGenetico.PopulationEvo - Thread: Thread-2 | Generation no: 24
23:34:36.258 [Thread-8] INFO  algoGenetico.PopulationEvo - Thread: Thread-8 | Generation no: 12
23:34:37.234 [Thread-0] INFO  algoGenetico.PopulationEvo - Thread: Thread-0 | Generation no: 42
23:34:38.871 [Thread-2] INFO  algoGenetico.PopulationEvo - Thread: Thread-2 | Generation no: 25
23:34:39.098 [Thread-0] INFO  algoGenetico.PopulationEvo - Thread: Thread-0 | Generation no: 43
23:34:41.004 [Thread-0] INFO  algoGenetico.PopulationEvo - Thread: Thread-0 | Generation no: 44
23:34:41.402 [Thread-1] INFO  algoGenetico.PopulationEvo - Thread: Thread-1 | Generation no: 17
23:34:42.096 [Thread-2] INFO  algoGenetico.PopulationEvo - Thread: Thread-2 | Generation no: 26
23:34:43.009 [Thread-0] INFO  algoGenetico.PopulationEvo - Thread: Thread-0 | Generation no: 45
23:34:43.273 [Thread-7] INFO  algoGenetico.PopulationEvo - Thread: Thread-7 | Generation no: 8
23:34:43.642 [Thread-8] INFO  algoGenetico.PopulationEvo - Thread: Thread-8 | Generation no: 13
23:34:43.741 [Thread-4] INFO  algoGenetico.PopulationEvo - Thread: Thread-4 | Generation no: 7
23:34:44.968 [Thread-0] INFO  algoGenetico.PopulationEvo - Thread: Thread-0 | Generation no: 46
23:34:45.475 [Thread-2] INFO  algoGenetico.PopulationEvo - Thread: Thread-2 | Generation no: 27
23:34:46.960 [Thread-0] INFO  algoGenetico.PopulationEvo - Thread: Thread-0 | Generation no: 47
23:34:47.595 [Thread-1] INFO  algoGenetico.PopulationEvo - Thread: Thread-1 | Generation no: 18
23:34:48.865 [Thread-2] INFO  algoGenetico.PopulationEvo - Thread: Thread-2 | Generation no: 28
23:34:48.974 [Thread-0] INFO  algoGenetico.PopulationEvo - Thread: Thread-0 | Generation no: 48
23:34:50.920 [Thread-0] INFO  algoGenetico.PopulationEvo - Thread: Thread-0 | Generation no: 49
23:34:51.296 [Thread-8] INFO  algoGenetico.PopulationEvo - Thread: Thread-8 | Generation no: 14
23:34:52.171 [Thread-2] INFO  algoGenetico.PopulationEvo - Thread: Thread-2 | Generation no: 29
23:34:52.864 [Thread-0] INFO  algoGenetico.PopulationEvo - Thread: Thread-0 | Generation no: 50
23:34:53.632 [Thread-1] INFO  algoGenetico.PopulationEvo - Thread: Thread-1 | Generation no: 19
23:34:54.293 [Thread-7] INFO  algoGenetico.PopulationEvo - Thread: Thread-7 | Generation no: 9
23:34:54.873 [Thread-0] INFO  algoGenetico.PopulationEvo - Thread: Thread-0 | Generation no: 51
23:34:55.501 [Thread-2] INFO  algoGenetico.PopulationEvo - Thread: Thread-2 | Generation no: 30
23:34:56.894 [Thread-0] INFO  algoGenetico.PopulationEvo - Thread: Thread-0 | Generation no: 52
23:34:58.656 [Thread-4] INFO  algoGenetico.PopulationEvo - Thread: Thread-4 | Generation no: 8
23:34:59.106 [Thread-2] INFO  algoGenetico.PopulationEvo - Thread: Thread-2 | Generation no: 31
23:34:59.153 [Thread-8] INFO  algoGenetico.PopulationEvo - Thread: Thread-8 | Generation no: 15
23:34:59.173 [Thread-0] INFO  algoGenetico.PopulationEvo - Thread: Thread-0 | Generation no: 53
23:35:00.214 [Thread-1] INFO  algoGenetico.PopulationEvo - Thread: Thread-1 | Generation no: 20
23:35:01.291 [Thread-0] INFO  algoGenetico.PopulationEvo - Thread: Thread-0 | Generation no: 54
23:35:02.529 [Thread-2] INFO  algoGenetico.PopulationEvo - Thread: Thread-2 | Generation no: 32
23:35:03.463 [Thread-0] INFO  algoGenetico.PopulationEvo - Thread: Thread-0 | Generation no: 55
23:35:05.762 [Thread-0] INFO  algoGenetico.PopulationEvo - Thread: Thread-0 | Generation no: 56
23:35:06.484 [Thread-7] INFO  algoGenetico.PopulationEvo - Thread: Thread-7 | Generation no: 10
23:35:06.645 [Thread-2] INFO  algoGenetico.PopulationEvo - Thread: Thread-2 | Generation no: 33
23:35:06.953 [Thread-1] INFO  algoGenetico.PopulationEvo - Thread: Thread-1 | Generation no: 21
23:35:07.665 [Thread-8] INFO  algoGenetico.PopulationEvo - Thread: Thread-8 | Generation no: 16
23:35:08.100 [Thread-0] INFO  algoGenetico.PopulationEvo - Thread: Thread-0 | Generation no: 57
23:35:10.084 [Thread-2] INFO  algoGenetico.PopulationEvo - Thread: Thread-2 | Generation no: 34
23:35:10.097 [Thread-0] INFO  algoGenetico.PopulationEvo - Thread: Thread-0 | Generation no: 58
23:35:10.098 [Thread-0] INFO  algoGenetico.PopulationEvo - Thread: Thread-0 | Fittest: 71056.0
23:35:10.098 [Thread-0] INFO  algoGenetico.PopulationEvo - Thread: Thread-0 | GOING TO WRITE... writing file
23:35:10.098 [Thread-0] INFO  algoGenetico.PopulationEvo - Thread: Thread-0 | WROTE Fittest: 71056.0
23:35:13.080 [Thread-1] INFO  algoGenetico.PopulationEvo - Thread: Thread-1 | Generation no: 22
23:35:13.353 [Thread-2] INFO  algoGenetico.PopulationEvo - Thread: Thread-2 | Generation no: 35
23:35:14.445 [Thread-4] INFO  algoGenetico.PopulationEvo - Thread: Thread-4 | Generation no: 9
23:35:15.351 [Thread-8] INFO  algoGenetico.PopulationEvo - Thread: Thread-8 | Generation no: 17
23:35:16.800 [Thread-2] INFO  algoGenetico.PopulationEvo - Thread: Thread-2 | Generation no: 36
23:35:17.702 [Thread-7] INFO  algoGenetico.PopulationEvo - Thread: Thread-7 | Generation no: 11
23:35:19.303 [Thread-1] INFO  algoGenetico.PopulationEvo - Thread: Thread-1 | Generation no: 23
23:35:20.092 [Thread-2] INFO  algoGenetico.PopulationEvo - Thread: Thread-2 | Generation no: 37
23:35:22.752 [Thread-8] INFO  algoGenetico.PopulationEvo - Thread: Thread-8 | Generation no: 18
23:35:23.392 [Thread-2] INFO  algoGenetico.PopulationEvo - Thread: Thread-2 | Generation no: 38
23:35:25.282 [Thread-1] INFO  algoGenetico.PopulationEvo - Thread: Thread-1 | Generation no: 24
23:35:26.613 [Thread-2] INFO  algoGenetico.PopulationEvo - Thread: Thread-2 | Generation no: 39
23:35:28.716 [Thread-7] INFO  algoGenetico.PopulationEvo - Thread: Thread-7 | Generation no: 12
23:35:29.187 [Thread-4] INFO  algoGenetico.PopulationEvo - Thread: Thread-4 | Generation no: 10
23:35:30.100 [Thread-2] INFO  algoGenetico.PopulationEvo - Thread: Thread-2 | Generation no: 40
23:35:30.379 [Thread-8] INFO  algoGenetico.PopulationEvo - Thread: Thread-8 | Generation no: 19
23:35:31.442 [Thread-1] INFO  algoGenetico.PopulationEvo - Thread: Thread-1 | Generation no: 25
23:35:33.330 [Thread-2] INFO  algoGenetico.PopulationEvo - Thread: Thread-2 | Generation no: 41
23:35:36.518 [Thread-2] INFO  algoGenetico.PopulationEvo - Thread: Thread-2 | Generation no: 42
23:35:37.300 [Thread-1] INFO  algoGenetico.PopulationEvo - Thread: Thread-1 | Generation no: 26
23:35:37.649 [Thread-8] INFO  algoGenetico.PopulationEvo - Thread: Thread-8 | Generation no: 20
23:35:39.403 [Thread-7] INFO  algoGenetico.PopulationEvo - Thread: Thread-7 | Generation no: 13
23:35:39.687 [Thread-2] INFO  algoGenetico.PopulationEvo - Thread: Thread-2 | Generation no: 43
23:35:42.872 [Thread-2] INFO  algoGenetico.PopulationEvo - Thread: Thread-2 | Generation no: 44
23:35:43.125 [Thread-1] INFO  algoGenetico.PopulationEvo - Thread: Thread-1 | Generation no: 27
23:35:43.410 [Thread-4] INFO  algoGenetico.PopulationEvo - Thread: Thread-4 | Generation no: 11
23:35:44.878 [Thread-8] INFO  algoGenetico.PopulationEvo - Thread: Thread-8 | Generation no: 21
23:35:46.072 [Thread-2] INFO  algoGenetico.PopulationEvo - Thread: Thread-2 | Generation no: 45
23:35:48.988 [Thread-1] INFO  algoGenetico.PopulationEvo - Thread: Thread-1 | Generation no: 28
23:35:49.258 [Thread-2] INFO  algoGenetico.PopulationEvo - Thread: Thread-2 | Generation no: 46
23:35:50.000 [Thread-7] INFO  algoGenetico.PopulationEvo - Thread: Thread-7 | Generation no: 14
23:35:52.125 [Thread-8] INFO  algoGenetico.PopulationEvo - Thread: Thread-8 | Generation no: 22
23:35:52.499 [Thread-2] INFO  algoGenetico.PopulationEvo - Thread: Thread-2 | Generation no: 47
23:35:54.860 [Thread-1] INFO  algoGenetico.PopulationEvo - Thread: Thread-1 | Generation no: 29
23:35:55.684 [Thread-2] INFO  algoGenetico.PopulationEvo - Thread: Thread-2 | Generation no: 48
23:35:57.553 [Thread-4] INFO  algoGenetico.PopulationEvo - Thread: Thread-4 | Generation no: 12
23:35:58.920 [Thread-2] INFO  algoGenetico.PopulationEvo - Thread: Thread-2 | Generation no: 49
23:35:59.410 [Thread-8] INFO  algoGenetico.PopulationEvo - Thread: Thread-8 | Generation no: 23
23:36:00.697 [Thread-7] INFO  algoGenetico.PopulationEvo - Thread: Thread-7 | Generation no: 15
23:36:00.807 [Thread-1] INFO  algoGenetico.PopulationEvo - Thread: Thread-1 | Generation no: 30
23:36:02.201 [Thread-2] INFO  algoGenetico.PopulationEvo - Thread: Thread-2 | Generation no: 50
23:36:05.363 [Thread-2] INFO  algoGenetico.PopulationEvo - Thread: Thread-2 | Generation no: 51
23:36:06.650 [Thread-1] INFO  algoGenetico.PopulationEvo - Thread: Thread-1 | Generation no: 31
23:36:06.666 [Thread-8] INFO  algoGenetico.PopulationEvo - Thread: Thread-8 | Generation no: 24
23:36:08.558 [Thread-2] INFO  algoGenetico.PopulationEvo - Thread: Thread-2 | Generation no: 52
23:36:11.227 [Thread-7] INFO  algoGenetico.PopulationEvo - Thread: Thread-7 | Generation no: 16
23:36:11.717 [Thread-4] INFO  algoGenetico.PopulationEvo - Thread: Thread-4 | Generation no: 13
23:36:11.736 [Thread-2] INFO  algoGenetico.PopulationEvo - Thread: Thread-2 | Generation no: 53
23:36:12.479 [Thread-1] INFO  algoGenetico.PopulationEvo - Thread: Thread-1 | Generation no: 32
23:36:13.963 [Thread-8] INFO  algoGenetico.PopulationEvo - Thread: Thread-8 | Generation no: 25
23:36:15.022 [Thread-2] INFO  algoGenetico.PopulationEvo - Thread: Thread-2 | Generation no: 54
23:36:18.202 [Thread-2] INFO  algoGenetico.PopulationEvo - Thread: Thread-2 | Generation no: 55
23:36:18.366 [Thread-1] INFO  algoGenetico.PopulationEvo - Thread: Thread-1 | Generation no: 33
23:36:21.213 [Thread-8] INFO  algoGenetico.PopulationEvo - Thread: Thread-8 | Generation no: 26
23:36:21.422 [Thread-2] INFO  algoGenetico.PopulationEvo - Thread: Thread-2 | Generation no: 56
23:36:21.928 [Thread-7] INFO  algoGenetico.PopulationEvo - Thread: Thread-7 | Generation no: 17
23:36:24.221 [Thread-1] INFO  algoGenetico.PopulationEvo - Thread: Thread-1 | Generation no: 34
23:36:24.605 [Thread-2] INFO  algoGenetico.PopulationEvo - Thread: Thread-2 | Generation no: 57
23:36:25.935 [Thread-4] INFO  algoGenetico.PopulationEvo - Thread: Thread-4 | Generation no: 14
23:36:27.792 [Thread-2] INFO  algoGenetico.PopulationEvo - Thread: Thread-2 | Generation no: 58
23:36:28.427 [Thread-8] INFO  algoGenetico.PopulationEvo - Thread: Thread-8 | Generation no: 27
23:36:30.071 [Thread-1] INFO  algoGenetico.PopulationEvo - Thread: Thread-1 | Generation no: 35
23:36:30.984 [Thread-2] INFO  algoGenetico.PopulationEvo - Thread: Thread-2 | Generation no: 59
23:36:32.498 [Thread-7] INFO  algoGenetico.PopulationEvo - Thread: Thread-7 | Generation no: 18
23:36:34.147 [Thread-2] INFO  algoGenetico.PopulationEvo - Thread: Thread-2 | Generation no: 60
23:36:35.639 [Thread-8] INFO  algoGenetico.PopulationEvo - Thread: Thread-8 | Generation no: 28
23:36:35.907 [Thread-1] INFO  algoGenetico.PopulationEvo - Thread: Thread-1 | Generation no: 36
23:36:37.357 [Thread-2] INFO  algoGenetico.PopulationEvo - Thread: Thread-2 | Generation no: 61
23:36:40.040 [Thread-4] INFO  algoGenetico.PopulationEvo - Thread: Thread-4 | Generation no: 15
23:36:40.572 [Thread-2] INFO  algoGenetico.PopulationEvo - Thread: Thread-2 | Generation no: 62
23:36:41.762 [Thread-1] INFO  algoGenetico.PopulationEvo - Thread: Thread-1 | Generation no: 37
23:36:42.871 [Thread-8] INFO  algoGenetico.PopulationEvo - Thread: Thread-8 | Generation no: 29
23:36:43.103 [Thread-7] INFO  algoGenetico.PopulationEvo - Thread: Thread-7 | Generation no: 19
23:36:43.722 [Thread-2] INFO  algoGenetico.PopulationEvo - Thread: Thread-2 | Generation no: 63
23:36:46.901 [Thread-2] INFO  algoGenetico.PopulationEvo - Thread: Thread-2 | Generation no: 64
23:36:46.902 [Thread-2] INFO  algoGenetico.PopulationEvo - Thread: Thread-2 | Fittest: 81510.0
23:36:46.902 [Thread-2] INFO  algoGenetico.PopulationEvo - Thread: Thread-2 | GOING TO WRITE... writing file
23:36:46.902 [Thread-2] INFO  algoGenetico.PopulationEvo - Thread: Thread-2 | WROTE Fittest: 81510.0
23:36:47.566 [Thread-1] INFO  algoGenetico.PopulationEvo - Thread: Thread-1 | Generation no: 38
23:36:50.044 [Thread-8] INFO  algoGenetico.PopulationEvo - Thread: Thread-8 | Generation no: 30
23:36:53.358 [Thread-1] INFO  algoGenetico.PopulationEvo - Thread: Thread-1 | Generation no: 39
23:36:53.595 [Thread-7] INFO  algoGenetico.PopulationEvo - Thread: Thread-7 | Generation no: 20
23:36:53.596 [Thread-7] INFO  algoGenetico.PopulationEvo - Thread: Thread-7 | Fittest: 124251.0
23:36:53.596 [Thread-7] INFO  algoGenetico.PopulationEvo - Thread: Thread-7 | GOING TO WRITE... writing file
23:36:53.596 [Thread-7] INFO  algoGenetico.PopulationEvo - Thread: Thread-7 | WROTE Fittest: 124251.0
23:36:54.059 [Thread-4] INFO  algoGenetico.PopulationEvo - Thread: Thread-4 | Generation no: 16
23:36:57.189 [Thread-8] INFO  algoGenetico.PopulationEvo - Thread: Thread-8 | Generation no: 31
23:36:59.155 [Thread-1] INFO  algoGenetico.PopulationEvo - Thread: Thread-1 | Generation no: 40
23:37:04.357 [Thread-8] INFO  algoGenetico.PopulationEvo - Thread: Thread-8 | Generation no: 32
23:37:04.965 [Thread-1] INFO  algoGenetico.PopulationEvo - Thread: Thread-1 | Generation no: 41
23:37:08.075 [Thread-4] INFO  algoGenetico.PopulationEvo - Thread: Thread-4 | Generation no: 17
23:37:10.780 [Thread-1] INFO  algoGenetico.PopulationEvo - Thread: Thread-1 | Generation no: 42
23:37:11.542 [Thread-8] INFO  algoGenetico.PopulationEvo - Thread: Thread-8 | Generation no: 33
23:37:16.596 [Thread-1] INFO  algoGenetico.PopulationEvo - Thread: Thread-1 | Generation no: 43
23:37:18.716 [Thread-8] INFO  algoGenetico.PopulationEvo - Thread: Thread-8 | Generation no: 34
23:37:22.129 [Thread-4] INFO  algoGenetico.PopulationEvo - Thread: Thread-4 | Generation no: 18
23:37:22.130 [Thread-4] INFO  algoGenetico.PopulationEvo - Thread: Thread-4 | Fittest: 83857.0
23:37:22.130 [Thread-4] INFO  algoGenetico.PopulationEvo - Thread: Thread-4 | GOING TO WRITE... writing file
23:37:22.130 [Thread-4] INFO  algoGenetico.PopulationEvo - Thread: Thread-4 | WROTE Fittest: 83857.0
23:37:22.417 [Thread-1] INFO  algoGenetico.PopulationEvo - Thread: Thread-1 | Generation no: 44
23:37:25.884 [Thread-8] INFO  algoGenetico.PopulationEvo - Thread: Thread-8 | Generation no: 35
23:37:28.227 [Thread-1] INFO  algoGenetico.PopulationEvo - Thread: Thread-1 | Generation no: 45
23:37:33.058 [Thread-8] INFO  algoGenetico.PopulationEvo - Thread: Thread-8 | Generation no: 36
23:37:34.032 [Thread-1] INFO  algoGenetico.PopulationEvo - Thread: Thread-1 | Generation no: 46
23:37:39.837 [Thread-1] INFO  algoGenetico.PopulationEvo - Thread: Thread-1 | Generation no: 47
23:37:40.229 [Thread-8] INFO  algoGenetico.PopulationEvo - Thread: Thread-8 | Generation no: 37
23:37:45.656 [Thread-1] INFO  algoGenetico.PopulationEvo - Thread: Thread-1 | Generation no: 48
23:37:47.394 [Thread-8] INFO  algoGenetico.PopulationEvo - Thread: Thread-8 | Generation no: 38
23:37:51.468 [Thread-1] INFO  algoGenetico.PopulationEvo - Thread: Thread-1 | Generation no: 49
23:37:54.552 [Thread-8] INFO  algoGenetico.PopulationEvo - Thread: Thread-8 | Generation no: 39
23:37:57.275 [Thread-1] INFO  algoGenetico.PopulationEvo - Thread: Thread-1 | Generation no: 50
23:38:01.740 [Thread-8] INFO  algoGenetico.PopulationEvo - Thread: Thread-8 | Generation no: 40
23:38:03.102 [Thread-1] INFO  algoGenetico.PopulationEvo - Thread: Thread-1 | Generation no: 51
23:38:08.967 [Thread-1] INFO  algoGenetico.PopulationEvo - Thread: Thread-1 | Generation no: 52
23:38:08.984 [Thread-8] INFO  algoGenetico.PopulationEvo - Thread: Thread-8 | Generation no: 41
23:38:14.766 [Thread-1] INFO  algoGenetico.PopulationEvo - Thread: Thread-1 | Generation no: 53
23:38:16.142 [Thread-8] INFO  algoGenetico.PopulationEvo - Thread: Thread-8 | Generation no: 42
23:38:20.611 [Thread-1] INFO  algoGenetico.PopulationEvo - Thread: Thread-1 | Generation no: 54
23:38:23.341 [Thread-8] INFO  algoGenetico.PopulationEvo - Thread: Thread-8 | Generation no: 43
23:38:26.428 [Thread-1] INFO  algoGenetico.PopulationEvo - Thread: Thread-1 | Generation no: 55
23:38:30.475 [Thread-8] INFO  algoGenetico.PopulationEvo - Thread: Thread-8 | Generation no: 44
23:38:32.176 [Thread-1] INFO  algoGenetico.PopulationEvo - Thread: Thread-1 | Generation no: 56
23:38:37.553 [Thread-8] INFO  algoGenetico.PopulationEvo - Thread: Thread-8 | Generation no: 45
23:38:37.902 [Thread-1] INFO  algoGenetico.PopulationEvo - Thread: Thread-1 | Generation no: 57
23:38:43.625 [Thread-1] INFO  algoGenetico.PopulationEvo - Thread: Thread-1 | Generation no: 58
23:38:44.630 [Thread-8] INFO  algoGenetico.PopulationEvo - Thread: Thread-8 | Generation no: 46
23:38:49.364 [Thread-1] INFO  algoGenetico.PopulationEvo - Thread: Thread-1 | Generation no: 59
23:38:51.717 [Thread-8] INFO  algoGenetico.PopulationEvo - Thread: Thread-8 | Generation no: 47
23:38:55.089 [Thread-1] INFO  algoGenetico.PopulationEvo - Thread: Thread-1 | Generation no: 60
23:38:58.796 [Thread-8] INFO  algoGenetico.PopulationEvo - Thread: Thread-8 | Generation no: 48
23:39:00.859 [Thread-1] INFO  algoGenetico.PopulationEvo - Thread: Thread-1 | Generation no: 61
23:39:05.933 [Thread-8] INFO  algoGenetico.PopulationEvo - Thread: Thread-8 | Generation no: 49
23:39:06.579 [Thread-1] INFO  algoGenetico.PopulationEvo - Thread: Thread-1 | Generation no: 62
23:39:12.271 [Thread-1] INFO  algoGenetico.PopulationEvo - Thread: Thread-1 | Generation no: 63
23:39:12.964 [Thread-8] INFO  algoGenetico.PopulationEvo - Thread: Thread-8 | Generation no: 50
23:39:17.965 [Thread-1] INFO  algoGenetico.PopulationEvo - Thread: Thread-1 | Generation no: 64
23:39:20.006 [Thread-8] INFO  algoGenetico.PopulationEvo - Thread: Thread-8 | Generation no: 51
23:39:23.730 [Thread-1] INFO  algoGenetico.PopulationEvo - Thread: Thread-1 | Generation no: 65
23:39:27.159 [Thread-8] INFO  algoGenetico.PopulationEvo - Thread: Thread-8 | Generation no: 52
23:39:29.511 [Thread-1] INFO  algoGenetico.PopulationEvo - Thread: Thread-1 | Generation no: 66
23:39:29.511 [Thread-1] INFO  algoGenetico.PopulationEvo - Thread: Thread-1 | Fittest: 63857.0
23:39:29.511 [Thread-1] INFO  algoGenetico.PopulationEvo - Thread: Thread-1 | GOING TO WRITE... writing file
23:39:29.511 [Thread-1] INFO  algoGenetico.PopulationEvo - Thread: Thread-1 | WROTE Fittest: 63857.0
23:39:34.203 [Thread-8] INFO  algoGenetico.PopulationEvo - Thread: Thread-8 | Generation no: 53
23:39:41.235 [Thread-8] INFO  algoGenetico.PopulationEvo - Thread: Thread-8 | Generation no: 54
23:39:48.293 [Thread-8] INFO  algoGenetico.PopulationEvo - Thread: Thread-8 | Generation no: 55
23:39:55.317 [Thread-8] INFO  algoGenetico.PopulationEvo - Thread: Thread-8 | Generation no: 56
23:40:02.359 [Thread-8] INFO  algoGenetico.PopulationEvo - Thread: Thread-8 | Generation no: 57
23:40:09.389 [Thread-8] INFO  algoGenetico.PopulationEvo - Thread: Thread-8 | Generation no: 58
23:40:16.439 [Thread-8] INFO  algoGenetico.PopulationEvo - Thread: Thread-8 | Generation no: 59
23:40:23.498 [Thread-8] INFO  algoGenetico.PopulationEvo - Thread: Thread-8 | Generation no: 60
23:40:30.576 [Thread-8] INFO  algoGenetico.PopulationEvo - Thread: Thread-8 | Generation no: 61
23:40:37.618 [Thread-8] INFO  algoGenetico.PopulationEvo - Thread: Thread-8 | Generation no: 62
23:40:44.674 [Thread-8] INFO  algoGenetico.PopulationEvo - Thread: Thread-8 | Generation no: 63
23:40:51.680 [Thread-8] INFO  algoGenetico.PopulationEvo - Thread: Thread-8 | Generation no: 64
23:40:58.712 [Thread-8] INFO  algoGenetico.PopulationEvo - Thread: Thread-8 | Generation no: 65
23:41:05.662 [Thread-8] INFO  algoGenetico.PopulationEvo - Thread: Thread-8 | Generation no: 66
23:41:12.734 [Thread-8] INFO  algoGenetico.PopulationEvo - Thread: Thread-8 | Generation no: 67
23:41:19.711 [Thread-8] INFO  algoGenetico.PopulationEvo - Thread: Thread-8 | Generation no: 68
23:41:26.682 [Thread-8] INFO  algoGenetico.PopulationEvo - Thread: Thread-8 | Generation no: 69
