07:51:11.525 [pool-2-thread-4] INFO  algoGenetico.PopulationEvo - Thread: pool-2-thread-4 | Hyperparameters{nrGenerations=36, nrFitIndividuals=13, tournamentSize=13, seed=556, hiddenDimSize=14, mutationProb=0.3431034986371694, populationSize=118}
07:51:11.775 [pool-2-thread-2] INFO  algoGenetico.PopulationEvo - Thread: pool-2-thread-2 | Hyperparameters{nrGenerations=32, nrFitIndividuals=22, tournamentSize=21, seed=1593, hiddenDimSize=36, mutationProb=0.16031436633372576, populationSize=115}
07:51:12.305 [Thread-1] INFO  algoGenetico.PopulationEvo - Thread: Thread-1 | Generation no: 1
07:51:12.460 [pool-2-thread-1] INFO  algoGenetico.PopulationEvo - Thread: pool-2-thread-1 | Hyperparameters{nrGenerations=70, nrFitIndividuals=163, tournamentSize=59, seed=4806, hiddenDimSize=14, mutationProb=0.48797214567345804, populationSize=494}
07:51:12.903 [Thread-1] INFO  algoGenetico.PopulationEvo - Thread: Thread-1 | Generation no: 2
07:51:13.010 [pool-2-thread-4] INFO  algoGenetico.PopulationEvo - Thread: pool-2-thread-4 | Hyperparameters{nrGenerations=19, nrFitIndividuals=2, tournamentSize=1, seed=2495, hiddenDimSize=47, mutationProb=0.6295190037786088, populationSize=229}
07:51:13.550 [Thread-1] INFO  algoGenetico.PopulationEvo - Thread: Thread-1 | Generation no: 3
07:51:13.661 [pool-2-thread-3] INFO  algoGenetico.PopulationEvo - Thread: pool-2-thread-3 | Hyperparameters{nrGenerations=48, nrFitIndividuals=211, tournamentSize=35, seed=4702, hiddenDimSize=39, mutationProb=0.7202058271420767, populationSize=572}
07:51:13.704 [pool-2-thread-4] INFO  algoGenetico.PopulationEvo - Thread: pool-2-thread-4 | Hyperparameters{nrGenerations=2, nrFitIndividuals=71, tournamentSize=20, seed=2178, hiddenDimSize=20, mutationProb=0.25416658651714175, populationSize=271}
07:51:13.772 [Thread-0] INFO  algoGenetico.PopulationEvo - Thread: Thread-0 | Generation no: 1
07:51:13.922 [pool-2-thread-1] INFO  algoGenetico.PopulationEvo - Thread: pool-2-thread-1 | Hyperparameters{nrGenerations=47, nrFitIndividuals=63, tournamentSize=7, seed=2115, hiddenDimSize=21, mutationProb=0.01872041951676684, populationSize=511}
07:51:13.947 [pool-2-thread-2] INFO  algoGenetico.PopulationEvo - Thread: pool-2-thread-2 | Hyperparameters{nrGenerations=94, nrFitIndividuals=40, tournamentSize=6, seed=4066, hiddenDimSize=17, mutationProb=0.2554206256628153, populationSize=876}
07:51:14.307 [pool-2-thread-4] INFO  algoGenetico.PopulationEvo - Thread: pool-2-thread-4 | Hyperparameters{nrGenerations=22, nrFitIndividuals=31, tournamentSize=20, seed=2293, hiddenDimSize=27, mutationProb=0.21943482500249378, populationSize=121}
07:51:14.696 [pool-2-thread-2] INFO  algoGenetico.PopulationEvo - Thread: pool-2-thread-2 | Hyperparameters{nrGenerations=85, nrFitIndividuals=3, tournamentSize=2, seed=5955, hiddenDimSize=44, mutationProb=0.13610489371465218, populationSize=129}
07:51:14.719 [Thread-9] INFO  algoGenetico.PopulationEvo - Thread: Thread-9 | Generation no: 1
07:51:14.875 [pool-2-thread-3] INFO  algoGenetico.PopulationEvo - Thread: pool-2-thread-3 | Hyperparameters{nrGenerations=68, nrFitIndividuals=200, tournamentSize=98, seed=1665, hiddenDimSize=15, mutationProb=0.039156886018486436, populationSize=422}
07:51:14.890 [Thread-7] INFO  algoGenetico.PopulationEvo - Thread: Thread-7 | Generation no: 1
07:51:15.366 [Thread-9] INFO  algoGenetico.PopulationEvo - Thread: Thread-9 | Generation no: 2
07:51:15.610 [Thread-11] INFO  algoGenetico.PopulationEvo - Thread: Thread-11 | Generation no: 1
07:51:15.633 [Thread-0] INFO  algoGenetico.PopulationEvo - Thread: Thread-0 | Generation no: 2
07:51:15.970 [Thread-9] INFO  algoGenetico.PopulationEvo - Thread: Thread-9 | Generation no: 3
07:51:16.160 [pool-2-thread-4] INFO  algoGenetico.PopulationEvo - Thread: pool-2-thread-4 | Hyperparameters{nrGenerations=11, nrFitIndividuals=84, tournamentSize=1, seed=848, hiddenDimSize=20, mutationProb=0.5373260603002823, populationSize=322}
07:51:16.204 [Thread-6] INFO  algoGenetico.PopulationEvo - Thread: Thread-6 | Generation no: 1
07:51:16.316 [Thread-8] INFO  algoGenetico.PopulationEvo - Thread: Thread-8 | Generation no: 1
07:51:16.400 [pool-2-thread-3] INFO  algoGenetico.PopulationEvo - Thread: pool-2-thread-3 | Hyperparameters{nrGenerations=10, nrFitIndividuals=47, tournamentSize=4, seed=4594, hiddenDimSize=13, mutationProb=0.31471258118496903, populationSize=408}
07:51:16.467 [pool-2-thread-1] INFO  algoGenetico.PopulationEvo - Thread: pool-2-thread-1 | Hyperparameters{nrGenerations=9, nrFitIndividuals=118, tournamentSize=70, seed=5715, hiddenDimSize=20, mutationProb=0.04632419538855037, populationSize=639}
07:51:16.580 [pool-2-thread-2] INFO  algoGenetico.PopulationEvo - Thread: pool-2-thread-2 | Hyperparameters{nrGenerations=33, nrFitIndividuals=87, tournamentSize=12, seed=5030, hiddenDimSize=13, mutationProb=0.9232997758903329, populationSize=626}
07:51:16.747 [Thread-9] INFO  algoGenetico.PopulationEvo - Thread: Thread-9 | Generation no: 4
07:51:16.770 [Thread-7] INFO  algoGenetico.PopulationEvo - Thread: Thread-7 | Generation no: 2
07:51:16.770 [Thread-7] INFO  algoGenetico.PopulationEvo - Thread: Thread-7 | Fittest: 72633.0
07:51:16.771 [Thread-7] INFO  algoGenetico.PopulationEvo - Thread: Thread-7 | GOING TO WRITE... writing file
07:51:16.774 [Thread-7] INFO  algoGenetico.PopulationEvo - Thread: Thread-7 | WROTE Fittest: 72633.0
07:51:17.077 [Thread-4] INFO  algoGenetico.PopulationEvo - Thread: Thread-4 | Generation no: 1
07:51:17.646 [pool-2-thread-1] INFO  algoGenetico.PopulationEvo - Thread: pool-2-thread-1 | Hyperparameters{nrGenerations=81, nrFitIndividuals=236, tournamentSize=105, seed=5049, hiddenDimSize=3, mutationProb=0.5750128620419127, populationSize=482}
07:51:17.825 [Thread-9] INFO  algoGenetico.PopulationEvo - Thread: Thread-9 | Generation no: 5
07:51:18.028 [Thread-5] INFO  algoGenetico.PopulationEvo - Thread: Thread-5 | Generation no: 1
07:51:18.057 [Thread-14] INFO  algoGenetico.PopulationEvo - Thread: Thread-14 | Generation no: 1
07:51:18.074 [Thread-12] INFO  algoGenetico.PopulationEvo - Thread: Thread-12 | Generation no: 1
07:51:18.296 [Thread-8] INFO  algoGenetico.PopulationEvo - Thread: Thread-8 | Generation no: 2
07:51:18.844 [Thread-17] INFO  algoGenetico.PopulationEvo - Thread: Thread-17 | Generation no: 1
07:51:18.996 [Thread-3] INFO  algoGenetico.PopulationEvo - Thread: Thread-3 | Generation no: 1
07:51:19.105 [pool-2-thread-3] INFO  algoGenetico.PopulationEvo - Thread: pool-2-thread-3 | Hyperparameters{nrGenerations=83, nrFitIndividuals=47, tournamentSize=18, seed=1137, hiddenDimSize=47, mutationProb=0.27122919251999256, populationSize=280}
07:51:19.140 [Thread-13] INFO  algoGenetico.PopulationEvo - Thread: Thread-13 | Generation no: 1
07:51:19.177 [Thread-0] INFO  algoGenetico.PopulationEvo - Thread: Thread-0 | Generation no: 3
07:51:19.252 [Thread-9] INFO  algoGenetico.PopulationEvo - Thread: Thread-9 | Generation no: 6
07:51:19.620 [pool-2-thread-2] INFO  algoGenetico.PopulationEvo - Thread: pool-2-thread-2 | Hyperparameters{nrGenerations=62, nrFitIndividuals=84, tournamentSize=10, seed=5413, hiddenDimSize=2, mutationProb=0.44000765492355753, populationSize=921}
07:51:19.779 [Thread-6] INFO  algoGenetico.PopulationEvo - Thread: Thread-6 | Generation no: 2
07:51:19.904 [Thread-10] INFO  algoGenetico.PopulationEvo - Thread: Thread-10 | Generation no: 1
07:51:20.168 [pool-2-thread-1] INFO  algoGenetico.PopulationEvo - Thread: pool-2-thread-1 | Hyperparameters{nrGenerations=7, nrFitIndividuals=57, tournamentSize=18, seed=5083, hiddenDimSize=6, mutationProb=0.02482725421202292, populationSize=835}
07:51:20.228 [Thread-14] INFO  algoGenetico.PopulationEvo - Thread: Thread-14 | Generation no: 2
07:51:20.336 [Thread-8] INFO  algoGenetico.PopulationEvo - Thread: Thread-8 | Generation no: 3
07:51:20.482 [pool-2-thread-4] INFO  algoGenetico.PopulationEvo - Thread: pool-2-thread-4 | Hyperparameters{nrGenerations=80, nrFitIndividuals=158, tournamentSize=71, seed=3301, hiddenDimSize=35, mutationProb=0.2812381092874061, populationSize=533}
07:51:20.564 [Thread-12] INFO  algoGenetico.PopulationEvo - Thread: Thread-12 | Generation no: 2
07:51:20.652 [Thread-17] INFO  algoGenetico.PopulationEvo - Thread: Thread-17 | Generation no: 2
07:51:21.108 [Thread-9] INFO  algoGenetico.PopulationEvo - Thread: Thread-9 | Generation no: 7
07:51:21.177 [pool-2-thread-3] INFO  algoGenetico.PopulationEvo - Thread: pool-2-thread-3 | Hyperparameters{nrGenerations=100, nrFitIndividuals=286, tournamentSize=31, seed=5271, hiddenDimSize=2, mutationProb=0.20473006744273758, populationSize=589}
07:51:22.145 [pool-2-thread-1] INFO  algoGenetico.PopulationEvo - Thread: pool-2-thread-1 | Hyperparameters{nrGenerations=53, nrFitIndividuals=88, tournamentSize=12, seed=191, hiddenDimSize=3, mutationProb=0.8142974145886616, populationSize=599}
07:51:22.568 [Thread-16] INFO  algoGenetico.PopulationEvo - Thread: Thread-16 | Generation no: 1
07:51:22.780 [Thread-13] INFO  algoGenetico.PopulationEvo - Thread: Thread-13 | Generation no: 2
07:51:22.975 [Thread-8] INFO  algoGenetico.PopulationEvo - Thread: Thread-8 | Generation no: 4
07:51:22.987 [Thread-9] INFO  algoGenetico.PopulationEvo - Thread: Thread-9 | Generation no: 8
07:51:23.299 [Thread-18] INFO  algoGenetico.PopulationEvo - Thread: Thread-18 | Generation no: 1
07:51:23.792 [Thread-14] INFO  algoGenetico.PopulationEvo - Thread: Thread-14 | Generation no: 3
07:51:24.046 [Thread-20] INFO  algoGenetico.PopulationEvo - Thread: Thread-20 | Generation no: 1
07:51:24.280 [pool-2-thread-3] INFO  algoGenetico.PopulationEvo - Thread: pool-2-thread-3 | Hyperparameters{nrGenerations=63, nrFitIndividuals=87, tournamentSize=67, seed=2534, hiddenDimSize=41, mutationProb=0.5965335554503373, populationSize=285}
07:51:24.330 [Thread-19] INFO  algoGenetico.PopulationEvo - Thread: Thread-19 | Generation no: 1
07:51:24.416 [pool-2-thread-1] INFO  algoGenetico.PopulationEvo - Thread: pool-2-thread-1 | Hyperparameters{nrGenerations=56, nrFitIndividuals=119, tournamentSize=25, seed=4439, hiddenDimSize=11, mutationProb=0.8680903049349267, populationSize=358}
07:51:24.438 [Thread-12] INFO  algoGenetico.PopulationEvo - Thread: Thread-12 | Generation no: 3
07:51:24.915 [Thread-22] INFO  algoGenetico.PopulationEvo - Thread: Thread-22 | Generation no: 1
07:51:25.010 [Thread-9] INFO  algoGenetico.PopulationEvo - Thread: Thread-9 | Generation no: 9
07:51:25.120 [pool-2-thread-4] INFO  algoGenetico.PopulationEvo - Thread: pool-2-thread-4 | Hyperparameters{nrGenerations=90, nrFitIndividuals=229, tournamentSize=137, seed=970, hiddenDimSize=15, mutationProb=0.2418092391087584, populationSize=694}
07:51:25.403 [pool-2-thread-3] INFO  algoGenetico.PopulationEvo - Thread: pool-2-thread-3 | Hyperparameters{nrGenerations=55, nrFitIndividuals=33, tournamentSize=5, seed=3636, hiddenDimSize=7, mutationProb=0.5154563557054485, populationSize=230}
07:51:25.722 [Thread-10] INFO  algoGenetico.PopulationEvo - Thread: Thread-10 | Generation no: 2
07:51:26.146 [Thread-8] INFO  algoGenetico.PopulationEvo - Thread: Thread-8 | Generation no: 5
07:51:26.174 [Thread-15] INFO  algoGenetico.PopulationEvo - Thread: Thread-15 | Generation no: 1
07:51:26.252 [pool-2-thread-3] INFO  algoGenetico.PopulationEvo - Thread: pool-2-thread-3 | Hyperparameters{nrGenerations=43, nrFitIndividuals=74, tournamentSize=40, seed=1721, hiddenDimSize=1, mutationProb=0.20047402372329637, populationSize=173}
07:51:26.378 [Thread-6] INFO  algoGenetico.PopulationEvo - Thread: Thread-6 | Generation no: 3
07:51:26.532 [Thread-5] INFO  algoGenetico.PopulationEvo - Thread: Thread-5 | Generation no: 2
07:51:26.590 [Thread-26] INFO  algoGenetico.PopulationEvo - Thread: Thread-26 | Generation no: 1
07:51:27.018 [Thread-25] INFO  algoGenetico.PopulationEvo - Thread: Thread-25 | Generation no: 1
07:51:27.077 [Thread-29] INFO  algoGenetico.PopulationEvo - Thread: Thread-29 | Generation no: 1
07:51:27.650 [pool-2-thread-1] INFO  algoGenetico.PopulationEvo - Thread: pool-2-thread-1 | Hyperparameters{nrGenerations=53, nrFitIndividuals=191, tournamentSize=106, seed=4948, hiddenDimSize=1, mutationProb=0.7068128522353514, populationSize=679}
07:51:27.772 [Thread-20] INFO  algoGenetico.PopulationEvo - Thread: Thread-20 | Generation no: 2
07:51:27.988 [Thread-29] INFO  algoGenetico.PopulationEvo - Thread: Thread-29 | Generation no: 2
07:51:28.163 [Thread-9] INFO  algoGenetico.PopulationEvo - Thread: Thread-9 | Generation no: 10
07:51:28.223 [Thread-17] INFO  algoGenetico.PopulationEvo - Thread: Thread-17 | Generation no: 3
07:51:28.281 [Thread-22] INFO  algoGenetico.PopulationEvo - Thread: Thread-22 | Generation no: 2
07:51:28.339 [Thread-26] INFO  algoGenetico.PopulationEvo - Thread: Thread-26 | Generation no: 2
07:51:28.507 [Thread-24] INFO  algoGenetico.PopulationEvo - Thread: Thread-24 | Generation no: 1
07:51:28.786 [Thread-18] INFO  algoGenetico.PopulationEvo - Thread: Thread-18 | Generation no: 2
07:51:29.080 [Thread-16] INFO  algoGenetico.PopulationEvo - Thread: Thread-16 | Generation no: 2
07:51:29.666 [Thread-8] INFO  algoGenetico.PopulationEvo - Thread: Thread-8 | Generation no: 6
07:51:29.927 [Thread-29] INFO  algoGenetico.PopulationEvo - Thread: Thread-29 | Generation no: 3
07:51:30.313 [Thread-12] INFO  algoGenetico.PopulationEvo - Thread: Thread-12 | Generation no: 4
07:51:30.334 [Thread-14] INFO  algoGenetico.PopulationEvo - Thread: Thread-14 | Generation no: 4
07:51:30.756 [Thread-13] INFO  algoGenetico.PopulationEvo - Thread: Thread-13 | Generation no: 3
07:51:30.815 [Thread-26] INFO  algoGenetico.PopulationEvo - Thread: Thread-26 | Generation no: 3
07:51:30.859 [Thread-27] INFO  algoGenetico.PopulationEvo - Thread: Thread-27 | Generation no: 1
07:51:31.335 [Thread-0] INFO  algoGenetico.PopulationEvo - Thread: Thread-0 | Generation no: 4
07:51:31.354 [Thread-9] INFO  algoGenetico.PopulationEvo - Thread: Thread-9 | Generation no: 11
07:51:31.361 [Thread-22] INFO  algoGenetico.PopulationEvo - Thread: Thread-22 | Generation no: 3
07:51:31.843 [Thread-25] INFO  algoGenetico.PopulationEvo - Thread: Thread-25 | Generation no: 2
07:51:32.067 [Thread-19] INFO  algoGenetico.PopulationEvo - Thread: Thread-19 | Generation no: 2
07:51:32.845 [Thread-23] INFO  algoGenetico.PopulationEvo - Thread: Thread-23 | Generation no: 1
07:51:32.878 [pool-2-thread-4] INFO  algoGenetico.PopulationEvo - Thread: pool-2-thread-4 | Hyperparameters{nrGenerations=70, nrFitIndividuals=13, tournamentSize=12, seed=1378, hiddenDimSize=30, mutationProb=0.9666467431997553, populationSize=600}
07:51:33.160 [Thread-27] INFO  algoGenetico.PopulationEvo - Thread: Thread-27 | Generation no: 2
07:51:33.298 [Thread-8] INFO  algoGenetico.PopulationEvo - Thread: Thread-8 | Generation no: 7
07:51:33.577 [pool-2-thread-2] INFO  algoGenetico.PopulationEvo - Thread: pool-2-thread-2 | Hyperparameters{nrGenerations=76, nrFitIndividuals=330, tournamentSize=63, seed=2771, hiddenDimSize=42, mutationProb=0.7222198400314641, populationSize=838}
07:51:33.759 [Thread-3] INFO  algoGenetico.PopulationEvo - Thread: Thread-3 | Generation no: 2
07:51:34.473 [Thread-26] INFO  algoGenetico.PopulationEvo - Thread: Thread-26 | Generation no: 4
07:51:34.495 [Thread-10] INFO  algoGenetico.PopulationEvo - Thread: Thread-10 | Generation no: 3
07:51:34.539 [Thread-24] INFO  algoGenetico.PopulationEvo - Thread: Thread-24 | Generation no: 2
07:51:34.964 [Thread-9] INFO  algoGenetico.PopulationEvo - Thread: Thread-9 | Generation no: 12
07:51:35.026 [Thread-15] INFO  algoGenetico.PopulationEvo - Thread: Thread-15 | Generation no: 2
07:51:35.067 [pool-2-thread-1] INFO  algoGenetico.PopulationEvo - Thread: pool-2-thread-1 | Hyperparameters{nrGenerations=61, nrFitIndividuals=244, tournamentSize=156, seed=2943, hiddenDimSize=17, mutationProb=0.8174557977703871, populationSize=850}
07:51:36.374 [Thread-20] INFO  algoGenetico.PopulationEvo - Thread: Thread-20 | Generation no: 3
07:51:36.536 [Thread-16] INFO  algoGenetico.PopulationEvo - Thread: Thread-16 | Generation no: 3
07:51:37.388 [Thread-22] INFO  algoGenetico.PopulationEvo - Thread: Thread-22 | Generation no: 4
07:51:37.706 [Thread-8] INFO  algoGenetico.PopulationEvo - Thread: Thread-8 | Generation no: 8
07:51:37.821 [Thread-27] INFO  algoGenetico.PopulationEvo - Thread: Thread-27 | Generation no: 3
07:51:38.167 [Thread-14] INFO  algoGenetico.PopulationEvo - Thread: Thread-14 | Generation no: 5
07:51:38.324 [Thread-9] INFO  algoGenetico.PopulationEvo - Thread: Thread-9 | Generation no: 13
07:51:38.754 [Thread-12] INFO  algoGenetico.PopulationEvo - Thread: Thread-12 | Generation no: 5
07:51:39.166 [pool-2-thread-4] INFO  algoGenetico.PopulationEvo - Thread: pool-2-thread-4 | Hyperparameters{nrGenerations=11, nrFitIndividuals=28, tournamentSize=6, seed=2672, hiddenDimSize=29, mutationProb=0.05112135485228453, populationSize=401}
07:51:39.455 [pool-2-thread-3] INFO  algoGenetico.PopulationEvo - Thread: pool-2-thread-3 | Hyperparameters{nrGenerations=69, nrFitIndividuals=98, tournamentSize=93, seed=2056, hiddenDimSize=50, mutationProb=0.9552472761547209, populationSize=661}
07:51:40.475 [pool-2-thread-1] INFO  algoGenetico.PopulationEvo - Thread: pool-2-thread-1 | Hyperparameters{nrGenerations=46, nrFitIndividuals=126, tournamentSize=125, seed=2160, hiddenDimSize=7, mutationProb=0.7657043007779557, populationSize=465}
07:51:40.813 [Thread-18] INFO  algoGenetico.PopulationEvo - Thread: Thread-18 | Generation no: 3
07:51:41.137 [Thread-6] INFO  algoGenetico.PopulationEvo - Thread: Thread-6 | Generation no: 4
07:51:41.249 [Thread-26] INFO  algoGenetico.PopulationEvo - Thread: Thread-26 | Generation no: 5
07:51:41.481 [Thread-24] INFO  algoGenetico.PopulationEvo - Thread: Thread-24 | Generation no: 3
07:51:42.672 [Thread-9] INFO  algoGenetico.PopulationEvo - Thread: Thread-9 | Generation no: 14
07:51:43.828 [Thread-8] INFO  algoGenetico.PopulationEvo - Thread: Thread-8 | Generation no: 9
07:51:43.839 [Thread-27] INFO  algoGenetico.PopulationEvo - Thread: Thread-27 | Generation no: 4
07:51:44.690 [pool-2-thread-1] INFO  algoGenetico.PopulationEvo - Thread: pool-2-thread-1 | Hyperparameters{nrGenerations=32, nrFitIndividuals=55, tournamentSize=31, seed=2921, hiddenDimSize=21, mutationProb=0.7674890545245753, populationSize=270}
07:51:44.860 [pool-2-thread-3] INFO  algoGenetico.PopulationEvo - Thread: pool-2-thread-3 | Hyperparameters{nrGenerations=93, nrFitIndividuals=13, tournamentSize=11, seed=5859, hiddenDimSize=49, mutationProb=0.24507751602753414, populationSize=245}
07:51:45.474 [Thread-25] INFO  algoGenetico.PopulationEvo - Thread: Thread-25 | Generation no: 3
07:51:45.913 [Thread-32] INFO  algoGenetico.PopulationEvo - Thread: Thread-32 | Generation no: 1
07:51:45.999 [Thread-28] INFO  algoGenetico.PopulationEvo - Thread: Thread-28 | Generation no: 1
07:51:46.355 [Thread-31] INFO  algoGenetico.PopulationEvo - Thread: Thread-31 | Generation no: 1
07:51:46.744 [Thread-9] INFO  algoGenetico.PopulationEvo - Thread: Thread-9 | Generation no: 15
07:51:47.077 [Thread-13] INFO  algoGenetico.PopulationEvo - Thread: Thread-13 | Generation no: 4
07:51:47.677 [Thread-16] INFO  algoGenetico.PopulationEvo - Thread: Thread-16 | Generation no: 4
07:51:47.684 [Thread-22] INFO  algoGenetico.PopulationEvo - Thread: Thread-22 | Generation no: 5
07:51:47.749 [pool-2-thread-4] INFO  algoGenetico.PopulationEvo - Thread: pool-2-thread-4 | Hyperparameters{nrGenerations=97, nrFitIndividuals=240, tournamentSize=84, seed=1774, hiddenDimSize=6, mutationProb=0.18092306005765713, populationSize=846}
07:51:48.037 [Thread-26] INFO  algoGenetico.PopulationEvo - Thread: Thread-26 | Generation no: 6
07:51:48.220 [Thread-15] INFO  algoGenetico.PopulationEvo - Thread: Thread-15 | Generation no: 3
07:51:48.740 [Thread-14] INFO  algoGenetico.PopulationEvo - Thread: Thread-14 | Generation no: 6
07:51:49.264 [Thread-34] INFO  algoGenetico.PopulationEvo - Thread: Thread-34 | Generation no: 1
07:51:49.372 [Thread-37] INFO  algoGenetico.PopulationEvo - Thread: Thread-37 | Generation no: 1
07:51:49.510 [Thread-12] INFO  algoGenetico.PopulationEvo - Thread: Thread-12 | Generation no: 6
07:51:50.374 [pool-2-thread-4] INFO  algoGenetico.PopulationEvo - Thread: pool-2-thread-4 | Hyperparameters{nrGenerations=31, nrFitIndividuals=50, tournamentSize=49, seed=207, hiddenDimSize=10, mutationProb=0.03400855500841782, populationSize=163}
07:51:50.766 [Thread-8] INFO  algoGenetico.PopulationEvo - Thread: Thread-8 | Generation no: 10
07:51:51.092 [Thread-9] INFO  algoGenetico.PopulationEvo - Thread: Thread-9 | Generation no: 16
07:51:51.323 [Thread-27] INFO  algoGenetico.PopulationEvo - Thread: Thread-27 | Generation no: 5
07:51:52.146 [pool-2-thread-1] INFO  algoGenetico.PopulationEvo - Thread: pool-2-thread-1 | Hyperparameters{nrGenerations=70, nrFitIndividuals=47, tournamentSize=25, seed=2031, hiddenDimSize=43, mutationProb=0.42379719282779105, populationSize=314}
07:51:53.524 [Thread-36] INFO  algoGenetico.PopulationEvo - Thread: Thread-36 | Generation no: 1
07:51:53.884 [Thread-37] INFO  algoGenetico.PopulationEvo - Thread: Thread-37 | Generation no: 2
07:51:54.393 [Thread-40] INFO  algoGenetico.PopulationEvo - Thread: Thread-40 | Generation no: 1
07:51:54.994 [Thread-26] INFO  algoGenetico.PopulationEvo - Thread: Thread-26 | Generation no: 7
07:51:55.381 [Thread-9] INFO  algoGenetico.PopulationEvo - Thread: Thread-9 | Generation no: 17
07:51:55.847 [Thread-32] INFO  algoGenetico.PopulationEvo - Thread: Thread-32 | Generation no: 2
07:51:56.424 [Thread-5] INFO  algoGenetico.PopulationEvo - Thread: Thread-5 | Generation no: 3
07:51:56.524 [pool-2-thread-3] INFO  algoGenetico.PopulationEvo - Thread: pool-2-thread-3 | Hyperparameters{nrGenerations=12, nrFitIndividuals=170, tournamentSize=113, seed=694, hiddenDimSize=27, mutationProb=0.5638266459655813, populationSize=608}
07:51:56.762 [Thread-27] INFO  algoGenetico.PopulationEvo - Thread: Thread-27 | Generation no: 6
07:51:57.209 [Thread-8] INFO  algoGenetico.PopulationEvo - Thread: Thread-8 | Generation no: 11
07:51:57.432 [Thread-35] INFO  algoGenetico.PopulationEvo - Thread: Thread-35 | Generation no: 1
07:51:58.269 [Thread-24] INFO  algoGenetico.PopulationEvo - Thread: Thread-24 | Generation no: 4
07:51:58.751 [Thread-6] INFO  algoGenetico.PopulationEvo - Thread: Thread-6 | Generation no: 5
07:51:59.640 [Thread-9] INFO  algoGenetico.PopulationEvo - Thread: Thread-9 | Generation no: 18
07:51:59.691 [Thread-37] INFO  algoGenetico.PopulationEvo - Thread: Thread-37 | Generation no: 3
07:51:59.736 [Thread-18] INFO  algoGenetico.PopulationEvo - Thread: Thread-18 | Generation no: 4
07:51:59.875 [Thread-31] INFO  algoGenetico.PopulationEvo - Thread: Thread-31 | Generation no: 2
07:52:00.310 [pool-2-thread-2] INFO  algoGenetico.PopulationEvo - Thread: pool-2-thread-2 | Hyperparameters{nrGenerations=12, nrFitIndividuals=337, tournamentSize=164, seed=5278, hiddenDimSize=48, mutationProb=0.9343386951998094, populationSize=956}
07:52:00.362 [Thread-26] INFO  algoGenetico.PopulationEvo - Thread: Thread-26 | Generation no: 8
07:52:00.850 [Thread-38] INFO  algoGenetico.PopulationEvo - Thread: Thread-38 | Generation no: 1
07:52:01.416 [Thread-21] INFO  algoGenetico.PopulationEvo - Thread: Thread-21 | Generation no: 1
07:52:01.476 [Thread-20] INFO  algoGenetico.PopulationEvo - Thread: Thread-20 | Generation no: 4
07:52:01.566 [Thread-16] INFO  algoGenetico.PopulationEvo - Thread: Thread-16 | Generation no: 5
07:52:02.166 [Thread-30] INFO  algoGenetico.PopulationEvo - Thread: Thread-30 | Generation no: 1
07:52:02.325 [Thread-15] INFO  algoGenetico.PopulationEvo - Thread: Thread-15 | Generation no: 4
07:52:03.035 [Thread-23] INFO  algoGenetico.PopulationEvo - Thread: Thread-23 | Generation no: 2
07:52:03.236 [Thread-10] INFO  algoGenetico.PopulationEvo - Thread: Thread-10 | Generation no: 4
07:52:03.790 [Thread-12] INFO  algoGenetico.PopulationEvo - Thread: Thread-12 | Generation no: 7
07:52:03.809 [Thread-8] INFO  algoGenetico.PopulationEvo - Thread: Thread-8 | Generation no: 12
07:52:04.690 [Thread-9] INFO  algoGenetico.PopulationEvo - Thread: Thread-9 | Generation no: 19
07:52:04.804 [Thread-27] INFO  algoGenetico.PopulationEvo - Thread: Thread-27 | Generation no: 7
07:52:05.046 [pool-2-thread-4] INFO  algoGenetico.PopulationEvo - Thread: pool-2-thread-4 | Hyperparameters{nrGenerations=77, nrFitIndividuals=297, tournamentSize=150, seed=3854, hiddenDimSize=34, mutationProb=0.9495670019516922, populationSize=617}
07:52:05.159 [Thread-3] INFO  algoGenetico.PopulationEvo - Thread: Thread-3 | Generation no: 3
07:52:05.257 [Thread-37] INFO  algoGenetico.PopulationEvo - Thread: Thread-37 | Generation no: 4
07:52:05.892 [Thread-22] INFO  algoGenetico.PopulationEvo - Thread: Thread-22 | Generation no: 6
07:52:06.842 [Thread-26] INFO  algoGenetico.PopulationEvo - Thread: Thread-26 | Generation no: 9
07:52:07.081 [Thread-32] INFO  algoGenetico.PopulationEvo - Thread: Thread-32 | Generation no: 3
07:52:07.205 [Thread-14] INFO  algoGenetico.PopulationEvo - Thread: Thread-14 | Generation no: 7
07:52:08.302 [Thread-25] INFO  algoGenetico.PopulationEvo - Thread: Thread-25 | Generation no: 4
07:52:08.828 [Thread-39] INFO  algoGenetico.PopulationEvo - Thread: Thread-39 | Generation no: 1
07:52:08.963 [Thread-9] INFO  algoGenetico.PopulationEvo - Thread: Thread-9 | Generation no: 20
07:52:10.029 [Thread-35] INFO  algoGenetico.PopulationEvo - Thread: Thread-35 | Generation no: 2
07:52:10.394 [pool-2-thread-4] INFO  algoGenetico.PopulationEvo - Thread: pool-2-thread-4 | Hyperparameters{nrGenerations=77, nrFitIndividuals=204, tournamentSize=98, seed=1169, hiddenDimSize=1, mutationProb=0.4643331059561353, populationSize=603}
07:52:10.486 [pool-2-thread-1] INFO  algoGenetico.PopulationEvo - Thread: pool-2-thread-1 | Hyperparameters{nrGenerations=49, nrFitIndividuals=65, tournamentSize=30, seed=3402, hiddenDimSize=42, mutationProb=0.11437698951686748, populationSize=715}
07:52:10.809 [Thread-8] INFO  algoGenetico.PopulationEvo - Thread: Thread-8 | Generation no: 13
07:52:11.619 [Thread-27] INFO  algoGenetico.PopulationEvo - Thread: Thread-27 | Generation no: 8
07:52:13.105 [Thread-37] INFO  algoGenetico.PopulationEvo - Thread: Thread-37 | Generation no: 5
07:52:13.207 [pool-2-thread-1] INFO  algoGenetico.PopulationEvo - Thread: pool-2-thread-1 | Hyperparameters{nrGenerations=32, nrFitIndividuals=107, tournamentSize=90, seed=814, hiddenDimSize=7, mutationProb=0.49365151140593544, populationSize=265}
07:52:13.578 [Thread-9] INFO  algoGenetico.PopulationEvo - Thread: Thread-9 | Generation no: 21
07:52:14.352 [Thread-26] INFO  algoGenetico.PopulationEvo - Thread: Thread-26 | Generation no: 10
07:52:14.956 [pool-2-thread-4] INFO  algoGenetico.PopulationEvo - Thread: pool-2-thread-4 | Hyperparameters{nrGenerations=47, nrFitIndividuals=51, tournamentSize=30, seed=4691, hiddenDimSize=45, mutationProb=0.33140268599353706, populationSize=161}
07:52:14.998 [Thread-19] INFO  algoGenetico.PopulationEvo - Thread: Thread-19 | Generation no: 3
07:52:16.665 [Thread-31] INFO  algoGenetico.PopulationEvo - Thread: Thread-31 | Generation no: 3
07:52:16.968 [Thread-16] INFO  algoGenetico.PopulationEvo - Thread: Thread-16 | Generation no: 6
07:52:17.443 [Thread-13] INFO  algoGenetico.PopulationEvo - Thread: Thread-13 | Generation no: 5
07:52:17.853 [Thread-47] INFO  algoGenetico.PopulationEvo - Thread: Thread-47 | Generation no: 1
07:52:18.154 [Thread-6] INFO  algoGenetico.PopulationEvo - Thread: Thread-6 | Generation no: 6
07:52:18.195 [Thread-18] INFO  algoGenetico.PopulationEvo - Thread: Thread-18 | Generation no: 5
07:52:18.415 [pool-2-thread-1] INFO  algoGenetico.PopulationEvo - Thread: pool-2-thread-1 | Hyperparameters{nrGenerations=53, nrFitIndividuals=152, tournamentSize=29, seed=4291, hiddenDimSize=11, mutationProb=0.2964335963509407, populationSize=412}
07:52:18.776 [Thread-45] INFO  algoGenetico.PopulationEvo - Thread: Thread-45 | Generation no: 1
07:52:18.883 [Thread-8] INFO  algoGenetico.PopulationEvo - Thread: Thread-8 | Generation no: 14
07:52:19.443 [Thread-9] INFO  algoGenetico.PopulationEvo - Thread: Thread-9 | Generation no: 22
07:52:19.444 [Thread-9] INFO  algoGenetico.PopulationEvo - Thread: Thread-9 | Fittest: 72615.0
07:52:19.444 [Thread-9] INFO  algoGenetico.PopulationEvo - Thread: Thread-9 | GOING TO WRITE... writing file
07:52:19.444 [Thread-9] INFO  algoGenetico.PopulationEvo - Thread: Thread-9 | WROTE Fittest: 72615.0
07:52:19.687 [Thread-38] INFO  algoGenetico.PopulationEvo - Thread: Thread-38 | Generation no: 2
07:52:20.638 [pool-2-thread-3] INFO  algoGenetico.PopulationEvo - Thread: pool-2-thread-3 | Hyperparameters{nrGenerations=24, nrFitIndividuals=407, tournamentSize=202, seed=3546, hiddenDimSize=37, mutationProb=0.7053462508762752, populationSize=851}
07:52:20.713 [Thread-27] INFO  algoGenetico.PopulationEvo - Thread: Thread-27 | Generation no: 9
07:52:20.949 [Thread-15] INFO  algoGenetico.PopulationEvo - Thread: Thread-15 | Generation no: 5
07:52:21.569 [Thread-24] INFO  algoGenetico.PopulationEvo - Thread: Thread-24 | Generation no: 5
07:52:21.934 [Thread-39] INFO  algoGenetico.PopulationEvo - Thread: Thread-39 | Generation no: 2
07:52:22.641 [Thread-46] INFO  algoGenetico.PopulationEvo - Thread: Thread-46 | Generation no: 1
07:52:23.490 [Thread-26] INFO  algoGenetico.PopulationEvo - Thread: Thread-26 | Generation no: 11
07:52:23.939 [Thread-37] INFO  algoGenetico.PopulationEvo - Thread: Thread-37 | Generation no: 6
07:52:24.505 [Thread-12] INFO  algoGenetico.PopulationEvo - Thread: Thread-12 | Generation no: 8
07:52:24.989 [Thread-48] INFO  algoGenetico.PopulationEvo - Thread: Thread-48 | Generation no: 1
07:52:26.163 [Thread-41] INFO  algoGenetico.PopulationEvo - Thread: Thread-41 | Generation no: 1
07:52:26.497 [Thread-47] INFO  algoGenetico.PopulationEvo - Thread: Thread-47 | Generation no: 2
07:52:26.654 [Thread-32] INFO  algoGenetico.PopulationEvo - Thread: Thread-32 | Generation no: 4
07:52:27.381 [pool-2-thread-4] INFO  algoGenetico.PopulationEvo - Thread: pool-2-thread-4 | Hyperparameters{nrGenerations=2, nrFitIndividuals=20, tournamentSize=17, seed=1703, hiddenDimSize=22, mutationProb=0.8252294732998339, populationSize=528}
07:52:27.887 [Thread-14] INFO  algoGenetico.PopulationEvo - Thread: Thread-14 | Generation no: 8
07:52:28.555 [Thread-8] INFO  algoGenetico.PopulationEvo - Thread: Thread-8 | Generation no: 15
07:52:29.451 [pool-2-thread-1] INFO  algoGenetico.PopulationEvo - Thread: pool-2-thread-1 | Hyperparameters{nrGenerations=84, nrFitIndividuals=25, tournamentSize=2, seed=2864, hiddenDimSize=50, mutationProb=0.7174493924275388, populationSize=240}
07:52:29.770 [Thread-35] INFO  algoGenetico.PopulationEvo - Thread: Thread-35 | Generation no: 3
07:52:30.118 [Thread-27] INFO  algoGenetico.PopulationEvo - Thread: Thread-27 | Generation no: 10
07:52:30.797 [pool-2-thread-3] INFO  algoGenetico.PopulationEvo - Thread: pool-2-thread-3 | Hyperparameters{nrGenerations=85, nrFitIndividuals=136, tournamentSize=102, seed=3222, hiddenDimSize=47, mutationProb=0.005605420173449782, populationSize=284}
07:52:31.805 [Thread-45] INFO  algoGenetico.PopulationEvo - Thread: Thread-45 | Generation no: 2
07:52:32.626 [Thread-26] INFO  algoGenetico.PopulationEvo - Thread: Thread-26 | Generation no: 12
07:52:32.819 [Thread-48] INFO  algoGenetico.PopulationEvo - Thread: Thread-48 | Generation no: 2
07:52:33.057 [Thread-37] INFO  algoGenetico.PopulationEvo - Thread: Thread-37 | Generation no: 7
07:52:33.589 [pool-2-thread-2] INFO  algoGenetico.PopulationEvo - Thread: pool-2-thread-2 | Hyperparameters{nrGenerations=4, nrFitIndividuals=108, tournamentSize=47, seed=5912, hiddenDimSize=43, mutationProb=0.9133673552872018, populationSize=924}
07:52:35.231 [Thread-46] INFO  algoGenetico.PopulationEvo - Thread: Thread-46 | Generation no: 2
07:52:35.534 [Thread-20] INFO  algoGenetico.PopulationEvo - Thread: Thread-20 | Generation no: 5
07:52:36.463 [Thread-42] INFO  algoGenetico.PopulationEvo - Thread: Thread-42 | Generation no: 1
07:52:36.655 [Thread-47] INFO  algoGenetico.PopulationEvo - Thread: Thread-47 | Generation no: 3
07:52:36.890 [Thread-8] INFO  algoGenetico.PopulationEvo - Thread: Thread-8 | Generation no: 16
07:52:37.324 [Thread-25] INFO  algoGenetico.PopulationEvo - Thread: Thread-25 | Generation no: 5
07:52:38.058 [pool-2-thread-3] INFO  algoGenetico.PopulationEvo - Thread: pool-2-thread-3 | Hyperparameters{nrGenerations=69, nrFitIndividuals=4, tournamentSize=3, seed=772, hiddenDimSize=47, mutationProb=0.6414975544237047, populationSize=203}
07:52:38.152 [Thread-22] INFO  algoGenetico.PopulationEvo - Thread: Thread-22 | Generation no: 7
07:52:38.330 [Thread-16] INFO  algoGenetico.PopulationEvo - Thread: Thread-16 | Generation no: 7
07:52:39.141 [Thread-27] INFO  algoGenetico.PopulationEvo - Thread: Thread-27 | Generation no: 11
07:52:39.445 [Thread-31] INFO  algoGenetico.PopulationEvo - Thread: Thread-31 | Generation no: 4
07:52:40.181 [Thread-50] INFO  algoGenetico.PopulationEvo - Thread: Thread-50 | Generation no: 1
07:52:40.988 [pool-2-thread-1] INFO  algoGenetico.PopulationEvo - Thread: pool-2-thread-1 | Hyperparameters{nrGenerations=58, nrFitIndividuals=73, tournamentSize=3, seed=2739, hiddenDimSize=6, mutationProb=0.9842235315515248, populationSize=877}
07:52:41.521 [Thread-18] INFO  algoGenetico.PopulationEvo - Thread: Thread-18 | Generation no: 6
07:52:42.816 [Thread-26] INFO  algoGenetico.PopulationEvo - Thread: Thread-26 | Generation no: 13
07:52:43.476 [Thread-49] INFO  algoGenetico.PopulationEvo - Thread: Thread-49 | Generation no: 1
07:52:43.621 [Thread-37] INFO  algoGenetico.PopulationEvo - Thread: Thread-37 | Generation no: 8
07:52:43.837 [Thread-30] INFO  algoGenetico.PopulationEvo - Thread: Thread-30 | Generation no: 2
07:52:44.034 [pool-2-thread-4] INFO  algoGenetico.PopulationEvo - Thread: pool-2-thread-4 | Hyperparameters{nrGenerations=47, nrFitIndividuals=151, tournamentSize=107, seed=1123, hiddenDimSize=24, mutationProb=0.9104625756102952, populationSize=678}
07:52:44.748 [Thread-8] INFO  algoGenetico.PopulationEvo - Thread: Thread-8 | Generation no: 17
07:52:45.825 [Thread-15] INFO  algoGenetico.PopulationEvo - Thread: Thread-15 | Generation no: 6
07:52:46.162 [Thread-51] INFO  algoGenetico.PopulationEvo - Thread: Thread-51 | Generation no: 1
07:52:46.667 [Thread-27] INFO  algoGenetico.PopulationEvo - Thread: Thread-27 | Generation no: 12
07:52:47.254 [Thread-10] INFO  algoGenetico.PopulationEvo - Thread: Thread-10 | Generation no: 5
07:52:48.506 [Thread-39] INFO  algoGenetico.PopulationEvo - Thread: Thread-39 | Generation no: 3
07:52:48.745 [Thread-47] INFO  algoGenetico.PopulationEvo - Thread: Thread-47 | Generation no: 4
07:52:49.019 [Thread-33] INFO  algoGenetico.PopulationEvo - Thread: Thread-33 | Generation no: 1
07:52:49.399 [pool-2-thread-3] INFO  algoGenetico.PopulationEvo - Thread: pool-2-thread-3 | Hyperparameters{nrGenerations=43, nrFitIndividuals=38, tournamentSize=37, seed=4845, hiddenDimSize=9, mutationProb=0.1811151122828346, populationSize=736}
07:52:49.947 [pool-2-thread-2] INFO  algoGenetico.PopulationEvo - Thread: pool-2-thread-2 | Hyperparameters{nrGenerations=9, nrFitIndividuals=146, tournamentSize=55, seed=3575, hiddenDimSize=24, mutationProb=0.9097488057596838, populationSize=616}
07:52:50.772 [Thread-48] INFO  algoGenetico.PopulationEvo - Thread: Thread-48 | Generation no: 3
07:52:50.929 [Thread-12] INFO  algoGenetico.PopulationEvo - Thread: Thread-12 | Generation no: 9
07:52:51.009 [Thread-54] INFO  algoGenetico.PopulationEvo - Thread: Thread-54 | Generation no: 1
07:52:51.636 [Thread-14] INFO  algoGenetico.PopulationEvo - Thread: Thread-14 | Generation no: 9
07:52:51.667 [Thread-26] INFO  algoGenetico.PopulationEvo - Thread: Thread-26 | Generation no: 14
07:52:52.155 [Thread-24] INFO  algoGenetico.PopulationEvo - Thread: Thread-24 | Generation no: 6
07:52:52.757 [Thread-37] INFO  algoGenetico.PopulationEvo - Thread: Thread-37 | Generation no: 9
07:52:53.311 [Thread-53] INFO  algoGenetico.PopulationEvo - Thread: Thread-53 | Generation no: 1
07:52:53.859 [Thread-21] INFO  algoGenetico.PopulationEvo - Thread: Thread-21 | Generation no: 2
07:52:54.389 [Thread-8] INFO  algoGenetico.PopulationEvo - Thread: Thread-8 | Generation no: 18
07:52:54.393 [Thread-3] INFO  algoGenetico.PopulationEvo - Thread: Thread-3 | Generation no: 4
07:52:55.061 [Thread-46] INFO  algoGenetico.PopulationEvo - Thread: Thread-46 | Generation no: 3
07:52:55.874 [Thread-41] INFO  algoGenetico.PopulationEvo - Thread: Thread-41 | Generation no: 2
07:52:56.201 [Thread-50] INFO  algoGenetico.PopulationEvo - Thread: Thread-50 | Generation no: 2
07:52:57.232 [Thread-43] INFO  algoGenetico.PopulationEvo - Thread: Thread-43 | Generation no: 1
07:52:58.796 [Thread-23] INFO  algoGenetico.PopulationEvo - Thread: Thread-23 | Generation no: 3
07:52:59.358 [Thread-27] INFO  algoGenetico.PopulationEvo - Thread: Thread-27 | Generation no: 13
07:52:59.486 [Thread-47] INFO  algoGenetico.PopulationEvo - Thread: Thread-47 | Generation no: 5
07:53:00.252 [pool-2-thread-4] INFO  algoGenetico.PopulationEvo - Thread: pool-2-thread-4 | Hyperparameters{nrGenerations=100, nrFitIndividuals=110, tournamentSize=8, seed=1428, hiddenDimSize=49, mutationProb=0.01500364654562969, populationSize=455}
07:53:00.417 [Thread-52] INFO  algoGenetico.PopulationEvo - Thread: Thread-52 | Generation no: 1
07:53:00.650 [Thread-26] INFO  algoGenetico.PopulationEvo - Thread: Thread-26 | Generation no: 15
07:53:01.116 [Thread-56] INFO  algoGenetico.PopulationEvo - Thread: Thread-56 | Generation no: 1
07:53:01.199 [Thread-32] INFO  algoGenetico.PopulationEvo - Thread: Thread-32 | Generation no: 5
07:53:02.075 [Thread-16] INFO  algoGenetico.PopulationEvo - Thread: Thread-16 | Generation no: 8
07:53:02.221 [Thread-18] INFO  algoGenetico.PopulationEvo - Thread: Thread-18 | Generation no: 7
07:53:03.882 [Thread-8] INFO  algoGenetico.PopulationEvo - Thread: Thread-8 | Generation no: 19
07:53:03.954 [Thread-37] INFO  algoGenetico.PopulationEvo - Thread: Thread-37 | Generation no: 10
07:53:05.802 [Thread-49] INFO  algoGenetico.PopulationEvo - Thread: Thread-49 | Generation no: 2
07:53:05.802 [Thread-49] INFO  algoGenetico.PopulationEvo - Thread: Thread-49 | Fittest: 113558.0
07:53:05.802 [Thread-49] INFO  algoGenetico.PopulationEvo - Thread: Thread-49 | GOING TO WRITE... writing file
07:53:05.802 [Thread-49] INFO  algoGenetico.PopulationEvo - Thread: Thread-49 | WROTE Fittest: 113558.0
07:53:06.597 [Thread-51] INFO  algoGenetico.PopulationEvo - Thread: Thread-51 | Generation no: 2
07:53:07.460 [Thread-55] INFO  algoGenetico.PopulationEvo - Thread: Thread-55 | Generation no: 1
07:53:07.617 [Thread-38] INFO  algoGenetico.PopulationEvo - Thread: Thread-38 | Generation no: 3
07:53:07.777 [Thread-27] INFO  algoGenetico.PopulationEvo - Thread: Thread-27 | Generation no: 14
07:53:08.028 [Thread-15] INFO  algoGenetico.PopulationEvo - Thread: Thread-15 | Generation no: 7
07:53:08.232 [Thread-53] INFO  algoGenetico.PopulationEvo - Thread: Thread-53 | Generation no: 2
07:53:08.288 [Thread-25] INFO  algoGenetico.PopulationEvo - Thread: Thread-25 | Generation no: 6
07:53:08.949 [Thread-54] INFO  algoGenetico.PopulationEvo - Thread: Thread-54 | Generation no: 2
07:53:09.889 [pool-2-thread-4] INFO  algoGenetico.PopulationEvo - Thread: pool-2-thread-4 | Hyperparameters{nrGenerations=36, nrFitIndividuals=28, tournamentSize=8, seed=4350, hiddenDimSize=44, mutationProb=0.9430347069410491, populationSize=227}
07:53:10.052 [Thread-5] INFO  algoGenetico.PopulationEvo - Thread: Thread-5 | Generation no: 4
07:53:10.202 [pool-2-thread-1] INFO  algoGenetico.PopulationEvo - Thread: pool-2-thread-1 | Hyperparameters{nrGenerations=24, nrFitIndividuals=436, tournamentSize=344, seed=5018, hiddenDimSize=35, mutationProb=0.8539335063713411, populationSize=874}
07:53:10.667 [pool-2-thread-2] INFO  algoGenetico.PopulationEvo - Thread: pool-2-thread-2 | Hyperparameters{nrGenerations=84, nrFitIndividuals=56, tournamentSize=51, seed=4483, hiddenDimSize=44, mutationProb=0.10516867479185166, populationSize=451}
07:53:10.679 [Thread-26] INFO  algoGenetico.PopulationEvo - Thread: Thread-26 | Generation no: 16
07:53:11.014 [Thread-31] INFO  algoGenetico.PopulationEvo - Thread: Thread-31 | Generation no: 5
07:53:11.342 [Thread-22] INFO  algoGenetico.PopulationEvo - Thread: Thread-22 | Generation no: 8
07:53:11.432 [Thread-20] INFO  algoGenetico.PopulationEvo - Thread: Thread-20 | Generation no: 6
07:53:12.095 [Thread-47] INFO  algoGenetico.PopulationEvo - Thread: Thread-47 | Generation no: 6
07:53:13.271 [Thread-8] INFO  algoGenetico.PopulationEvo - Thread: Thread-8 | Generation no: 20
07:53:14.410 [Thread-50] INFO  algoGenetico.PopulationEvo - Thread: Thread-50 | Generation no: 3
07:53:14.902 [Thread-42] INFO  algoGenetico.PopulationEvo - Thread: Thread-42 | Generation no: 2
07:53:14.943 [Thread-37] INFO  algoGenetico.PopulationEvo - Thread: Thread-37 | Generation no: 11
07:53:14.982 [Thread-48] INFO  algoGenetico.PopulationEvo - Thread: Thread-48 | Generation no: 4
07:53:15.260 [pool-2-thread-3] INFO  algoGenetico.PopulationEvo - Thread: pool-2-thread-3 | Hyperparameters{nrGenerations=98, nrFitIndividuals=251, tournamentSize=165, seed=2516, hiddenDimSize=23, mutationProb=0.7325662578370539, populationSize=858}
07:53:16.410 [Thread-14] INFO  algoGenetico.PopulationEvo - Thread: Thread-14 | Generation no: 10
07:53:16.411 [Thread-14] INFO  algoGenetico.PopulationEvo - Thread: Thread-14 | Fittest: 83078.0
07:53:16.411 [Thread-14] INFO  algoGenetico.PopulationEvo - Thread: Thread-14 | GOING TO WRITE... writing file
07:53:16.411 [Thread-14] INFO  algoGenetico.PopulationEvo - Thread: Thread-14 | WROTE Fittest: 83078.0
07:53:17.057 [Thread-27] INFO  algoGenetico.PopulationEvo - Thread: Thread-27 | Generation no: 15
07:53:17.846 [Thread-12] INFO  algoGenetico.PopulationEvo - Thread: Thread-12 | Generation no: 10
07:53:18.492 [Thread-46] INFO  algoGenetico.PopulationEvo - Thread: Thread-46 | Generation no: 4
07:53:18.745 [Thread-13] INFO  algoGenetico.PopulationEvo - Thread: Thread-13 | Generation no: 6
07:53:19.626 [Thread-61] INFO  algoGenetico.PopulationEvo - Thread: Thread-61 | Generation no: 1
07:53:20.118 [Thread-58] INFO  algoGenetico.PopulationEvo - Thread: Thread-58 | Generation no: 1
07:53:20.368 [Thread-26] INFO  algoGenetico.PopulationEvo - Thread: Thread-26 | Generation no: 17
07:53:21.147 [Thread-52] INFO  algoGenetico.PopulationEvo - Thread: Thread-52 | Generation no: 2
07:53:21.425 [pool-2-thread-4] INFO  algoGenetico.PopulationEvo - Thread: pool-2-thread-4 | Hyperparameters{nrGenerations=67, nrFitIndividuals=174, tournamentSize=128, seed=5987, hiddenDimSize=1, mutationProb=0.8462517652546003, populationSize=947}
07:53:23.131 [Thread-44] INFO  algoGenetico.PopulationEvo - Thread: Thread-44 | Generation no: 1
07:53:23.328 [pool-2-thread-4] INFO  algoGenetico.PopulationEvo - Thread: pool-2-thread-4 | Hyperparameters{nrGenerations=45, nrFitIndividuals=40, tournamentSize=27, seed=3973, hiddenDimSize=3, mutationProb=0.03298691847590607, populationSize=137}
07:53:24.631 [Thread-41] INFO  algoGenetico.PopulationEvo - Thread: Thread-41 | Generation no: 3
07:53:24.896 [Thread-66] INFO  algoGenetico.PopulationEvo - Thread: Thread-66 | Generation no: 1
07:53:25.164 [Thread-47] INFO  algoGenetico.PopulationEvo - Thread: Thread-47 | Generation no: 7
07:53:25.893 [Thread-24] INFO  algoGenetico.PopulationEvo - Thread: Thread-24 | Generation no: 7
07:53:25.931 [Thread-8] INFO  algoGenetico.PopulationEvo - Thread: Thread-8 | Generation no: 21
07:53:26.915 [Thread-66] INFO  algoGenetico.PopulationEvo - Thread: Thread-66 | Generation no: 2
07:53:27.650 [Thread-27] INFO  algoGenetico.PopulationEvo - Thread: Thread-27 | Generation no: 16
07:53:28.305 [Thread-37] INFO  algoGenetico.PopulationEvo - Thread: Thread-37 | Generation no: 12
07:53:28.313 [Thread-53] INFO  algoGenetico.PopulationEvo - Thread: Thread-53 | Generation no: 3
07:53:28.535 [Thread-54] INFO  algoGenetico.PopulationEvo - Thread: Thread-54 | Generation no: 3
07:53:29.224 [Thread-16] INFO  algoGenetico.PopulationEvo - Thread: Thread-16 | Generation no: 9
07:53:31.649 [Thread-55] INFO  algoGenetico.PopulationEvo - Thread: Thread-55 | Generation no: 2
07:53:32.754 [Thread-26] INFO  algoGenetico.PopulationEvo - Thread: Thread-26 | Generation no: 18
07:53:34.450 [pool-2-thread-3] INFO  algoGenetico.PopulationEvo - Thread: pool-2-thread-3 | Hyperparameters{nrGenerations=10, nrFitIndividuals=102, tournamentSize=19, seed=5781, hiddenDimSize=13, mutationProb=0.6049474167520519, populationSize=987}
07:53:35.062 [Thread-61] INFO  algoGenetico.PopulationEvo - Thread: Thread-61 | Generation no: 2
07:53:35.891 [pool-2-thread-2] INFO  algoGenetico.PopulationEvo - Thread: pool-2-thread-2 | Hyperparameters{nrGenerations=49, nrFitIndividuals=390, tournamentSize=307, seed=91, hiddenDimSize=23, mutationProb=0.11150988814288565, populationSize=934}
07:53:37.415 [Thread-8] INFO  algoGenetico.PopulationEvo - Thread: Thread-8 | Generation no: 22
07:53:37.574 [Thread-62] INFO  algoGenetico.PopulationEvo - Thread: Thread-62 | Generation no: 1
07:53:37.757 [Thread-15] INFO  algoGenetico.PopulationEvo - Thread: Thread-15 | Generation no: 8
07:53:38.285 [Thread-27] INFO  algoGenetico.PopulationEvo - Thread: Thread-27 | Generation no: 17
07:53:39.308 [Thread-47] INFO  algoGenetico.PopulationEvo - Thread: Thread-47 | Generation no: 8
07:53:39.954 [Thread-10] INFO  algoGenetico.PopulationEvo - Thread: Thread-10 | Generation no: 6
07:53:40.146 [Thread-50] INFO  algoGenetico.PopulationEvo - Thread: Thread-50 | Generation no: 4
07:53:40.514 [Thread-37] INFO  algoGenetico.PopulationEvo - Thread: Thread-37 | Generation no: 13
07:53:40.537 [Thread-32] INFO  algoGenetico.PopulationEvo - Thread: Thread-32 | Generation no: 6
07:53:41.501 [Thread-60] INFO  algoGenetico.PopulationEvo - Thread: Thread-60 | Generation no: 1
07:53:42.167 [pool-2-thread-1] INFO  algoGenetico.PopulationEvo - Thread: pool-2-thread-1 | Hyperparameters{nrGenerations=62, nrFitIndividuals=416, tournamentSize=317, seed=5569, hiddenDimSize=22, mutationProb=0.4880333112048738, populationSize=906}
07:53:42.495 [Thread-58] INFO  algoGenetico.PopulationEvo - Thread: Thread-58 | Generation no: 2
07:53:42.620 [Thread-25] INFO  algoGenetico.PopulationEvo - Thread: Thread-25 | Generation no: 7
07:53:42.809 [pool-2-thread-3] INFO  algoGenetico.PopulationEvo - Thread: pool-2-thread-3 | Hyperparameters{nrGenerations=64, nrFitIndividuals=51, tournamentSize=29, seed=4328, hiddenDimSize=9, mutationProb=0.41040811580414704, populationSize=339}
07:53:44.716 [Thread-26] INFO  algoGenetico.PopulationEvo - Thread: Thread-26 | Generation no: 19
07:53:45.878 [Thread-46] INFO  algoGenetico.PopulationEvo - Thread: Thread-46 | Generation no: 5
07:53:47.156 [Thread-8] INFO  algoGenetico.PopulationEvo - Thread: Thread-8 | Generation no: 23
07:53:47.398 [Thread-27] INFO  algoGenetico.PopulationEvo - Thread: Thread-27 | Generation no: 18
07:53:48.388 [pool-2-thread-3] INFO  algoGenetico.PopulationEvo - Thread: pool-2-thread-3 | Hyperparameters{nrGenerations=12, nrFitIndividuals=49, tournamentSize=38, seed=1740, hiddenDimSize=22, mutationProb=0.6105241836322156, populationSize=171}
07:53:49.973 [Thread-22] INFO  algoGenetico.PopulationEvo - Thread: Thread-22 | Generation no: 9
07:53:49.984 [Thread-37] INFO  algoGenetico.PopulationEvo - Thread: Thread-37 | Generation no: 14
07:53:50.411 [Thread-59] INFO  algoGenetico.PopulationEvo - Thread: Thread-59 | Generation no: 1
07:53:51.000 [Thread-47] INFO  algoGenetico.PopulationEvo - Thread: Thread-47 | Generation no: 9
07:53:51.139 [Thread-39] INFO  algoGenetico.PopulationEvo - Thread: Thread-39 | Generation no: 4
07:53:51.287 [Thread-54] INFO  algoGenetico.PopulationEvo - Thread: Thread-54 | Generation no: 4
07:53:51.991 [Thread-48] INFO  algoGenetico.PopulationEvo - Thread: Thread-48 | Generation no: 5
07:53:52.612 [Thread-12] INFO  algoGenetico.PopulationEvo - Thread: Thread-12 | Generation no: 11
07:53:52.612 [Thread-12] INFO  algoGenetico.PopulationEvo - Thread: Thread-12 | Fittest: 133241.0
07:53:52.612 [Thread-12] INFO  algoGenetico.PopulationEvo - Thread: Thread-12 | GOING TO WRITE... writing file
07:53:52.612 [Thread-12] INFO  algoGenetico.PopulationEvo - Thread: Thread-12 | WROTE Fittest: 133241.0
07:53:53.890 [Thread-61] INFO  algoGenetico.PopulationEvo - Thread: Thread-61 | Generation no: 3
07:53:53.940 [Thread-71] INFO  algoGenetico.PopulationEvo - Thread: Thread-71 | Generation no: 1
07:53:54.255 [Thread-68] INFO  algoGenetico.PopulationEvo - Thread: Thread-68 | Generation no: 1
07:53:54.644 [Thread-41] INFO  algoGenetico.PopulationEvo - Thread: Thread-41 | Generation no: 4
07:53:55.162 [Thread-26] INFO  algoGenetico.PopulationEvo - Thread: Thread-26 | Generation no: 20
07:53:55.487 [pool-2-thread-2] INFO  algoGenetico.PopulationEvo - Thread: pool-2-thread-2 | Hyperparameters{nrGenerations=27, nrFitIndividuals=48, tournamentSize=5, seed=5762, hiddenDimSize=27, mutationProb=0.3998058011552993, populationSize=519}
07:53:56.562 [Thread-20] INFO  algoGenetico.PopulationEvo - Thread: Thread-20 | Generation no: 7
07:53:58.382 [pool-2-thread-4] INFO  algoGenetico.PopulationEvo - Thread: pool-2-thread-4 | Hyperparameters{nrGenerations=79, nrFitIndividuals=111, tournamentSize=82, seed=818, hiddenDimSize=44, mutationProb=0.1704447322682794, populationSize=848}
07:53:58.461 [Thread-57] INFO  algoGenetico.PopulationEvo - Thread: Thread-57 | Generation no: 1
07:53:58.476 [Thread-31] INFO  algoGenetico.PopulationEvo - Thread: Thread-31 | Generation no: 6
07:53:58.496 [Thread-16] INFO  algoGenetico.PopulationEvo - Thread: Thread-16 | Generation no: 10
07:53:59.019 [Thread-43] INFO  algoGenetico.PopulationEvo - Thread: Thread-43 | Generation no: 2
07:54:00.946 [Thread-65] INFO  algoGenetico.PopulationEvo - Thread: Thread-65 | Generation no: 1
07:54:01.303 [Thread-27] INFO  algoGenetico.PopulationEvo - Thread: Thread-27 | Generation no: 19
07:54:01.448 [Thread-8] INFO  algoGenetico.PopulationEvo - Thread: Thread-8 | Generation no: 24
07:54:01.966 [Thread-55] INFO  algoGenetico.PopulationEvo - Thread: Thread-55 | Generation no: 3
07:54:02.525 [Thread-71] INFO  algoGenetico.PopulationEvo - Thread: Thread-71 | Generation no: 2
07:54:03.210 [Thread-33] INFO  algoGenetico.PopulationEvo - Thread: Thread-33 | Generation no: 2
07:54:03.511 [Thread-62] INFO  algoGenetico.PopulationEvo - Thread: Thread-62 | Generation no: 2
07:54:05.071 [pool-2-thread-3] INFO  algoGenetico.PopulationEvo - Thread: pool-2-thread-3 | Hyperparameters{nrGenerations=49, nrFitIndividuals=317, tournamentSize=200, seed=191, hiddenDimSize=7, mutationProb=0.33107052587277763, populationSize=790}
07:54:06.907 [Thread-37] INFO  algoGenetico.PopulationEvo - Thread: Thread-37 | Generation no: 15
07:54:06.991 [Thread-47] INFO  algoGenetico.PopulationEvo - Thread: Thread-47 | Generation no: 10
07:54:07.871 [Thread-24] INFO  algoGenetico.PopulationEvo - Thread: Thread-24 | Generation no: 8
07:54:08.492 [Thread-15] INFO  algoGenetico.PopulationEvo - Thread: Thread-15 | Generation no: 9
07:54:09.151 [Thread-26] INFO  algoGenetico.PopulationEvo - Thread: Thread-26 | Generation no: 21
07:54:10.762 [pool-2-thread-2] INFO  algoGenetico.PopulationEvo - Thread: pool-2-thread-2 | Hyperparameters{nrGenerations=45, nrFitIndividuals=53, tournamentSize=43, seed=1817, hiddenDimSize=21, mutationProb=0.06970821165270791, populationSize=366}
07:54:11.397 [Thread-38] INFO  algoGenetico.PopulationEvo - Thread: Thread-38 | Generation no: 4
07:54:11.688 [Thread-68] INFO  algoGenetico.PopulationEvo - Thread: Thread-68 | Generation no: 2
07:54:12.432 [Thread-50] INFO  algoGenetico.PopulationEvo - Thread: Thread-50 | Generation no: 5
07:54:13.334 [Thread-58] INFO  algoGenetico.PopulationEvo - Thread: Thread-58 | Generation no: 3
07:54:13.768 [pool-2-thread-4] INFO  algoGenetico.PopulationEvo - Thread: pool-2-thread-4 | Hyperparameters{nrGenerations=14, nrFitIndividuals=11, tournamentSize=8, seed=5379, hiddenDimSize=31, mutationProb=0.9349692115516877, populationSize=321}
07:54:13.877 [pool-2-thread-1] INFO  algoGenetico.PopulationEvo - Thread: pool-2-thread-1 | Hyperparameters{nrGenerations=6, nrFitIndividuals=30, tournamentSize=27, seed=30, hiddenDimSize=48, mutationProb=0.8933291400746021, populationSize=599}
07:54:14.578 [Thread-53] INFO  algoGenetico.PopulationEvo - Thread: Thread-53 | Generation no: 4
07:54:15.214 [Thread-27] INFO  algoGenetico.PopulationEvo - Thread: Thread-27 | Generation no: 20
07:54:15.558 [Thread-8] INFO  algoGenetico.PopulationEvo - Thread: Thread-8 | Generation no: 25
07:54:17.449 [Thread-46] INFO  algoGenetico.PopulationEvo - Thread: Thread-46 | Generation no: 6
07:54:18.903 [Thread-23] INFO  algoGenetico.PopulationEvo - Thread: Thread-23 | Generation no: 4
07:54:18.935 [Thread-69] INFO  algoGenetico.PopulationEvo - Thread: Thread-69 | Generation no: 1
07:54:19.382 [pool-2-thread-1] INFO  algoGenetico.PopulationEvo - Thread: pool-2-thread-1 | Hyperparameters{nrGenerations=46, nrFitIndividuals=25, tournamentSize=23, seed=1223, hiddenDimSize=17, mutationProb=0.36264529805670376, populationSize=140}
07:54:20.268 [Thread-64] INFO  algoGenetico.PopulationEvo - Thread: Thread-64 | Generation no: 1
07:54:21.187 [Thread-54] INFO  algoGenetico.PopulationEvo - Thread: Thread-54 | Generation no: 5
07:54:22.489 [Thread-47] INFO  algoGenetico.PopulationEvo - Thread: Thread-47 | Generation no: 11
07:54:22.572 [Thread-71] INFO  algoGenetico.PopulationEvo - Thread: Thread-71 | Generation no: 3
07:54:22.583 [pool-2-thread-3] INFO  algoGenetico.PopulationEvo - Thread: pool-2-thread-3 | Hyperparameters{nrGenerations=25, nrFitIndividuals=392, tournamentSize=292, seed=1858, hiddenDimSize=5, mutationProb=0.19481505074364802, populationSize=848}
07:54:22.771 [Thread-26] INFO  algoGenetico.PopulationEvo - Thread: Thread-26 | Generation no: 22
07:54:23.048 [Thread-37] INFO  algoGenetico.PopulationEvo - Thread: Thread-37 | Generation no: 16
07:54:24.053 [Thread-78] INFO  algoGenetico.PopulationEvo - Thread: Thread-78 | Generation no: 1
07:54:24.448 [pool-2-thread-1] INFO  algoGenetico.PopulationEvo - Thread: pool-2-thread-1 | Hyperparameters{nrGenerations=35, nrFitIndividuals=69, tournamentSize=43, seed=201, hiddenDimSize=18, mutationProb=0.9483526168465135, populationSize=162}
07:54:24.743 [Thread-25] INFO  algoGenetico.PopulationEvo - Thread: Thread-25 | Generation no: 8
07:54:25.521 [pool-2-thread-2] INFO  algoGenetico.PopulationEvo - Thread: pool-2-thread-2 | Hyperparameters{nrGenerations=98, nrFitIndividuals=8, tournamentSize=3, seed=1538, hiddenDimSize=17, mutationProb=0.1474781423380459, populationSize=341}
07:54:26.172 [Thread-73] INFO  algoGenetico.PopulationEvo - Thread: Thread-73 | Generation no: 1
07:54:27.263 [Thread-60] INFO  algoGenetico.PopulationEvo - Thread: Thread-60 | Generation no: 2
07:54:28.235 [Thread-32] INFO  algoGenetico.PopulationEvo - Thread: Thread-32 | Generation no: 7
07:54:28.647 [Thread-78] INFO  algoGenetico.PopulationEvo - Thread: Thread-78 | Generation no: 2
07:54:29.673 [Thread-27] INFO  algoGenetico.PopulationEvo - Thread: Thread-27 | Generation no: 21
07:54:30.181 [Thread-74] INFO  algoGenetico.PopulationEvo - Thread: Thread-74 | Generation no: 1
07:54:30.817 [Thread-8] INFO  algoGenetico.PopulationEvo - Thread: Thread-8 | Generation no: 26
07:54:32.393 [Thread-72] INFO  algoGenetico.PopulationEvo - Thread: Thread-72 | Generation no: 1
07:54:32.574 [Thread-79] INFO  algoGenetico.PopulationEvo - Thread: Thread-79 | Generation no: 1
07:54:33.479 [Thread-68] INFO  algoGenetico.PopulationEvo - Thread: Thread-68 | Generation no: 3
07:54:35.015 [Thread-41] INFO  algoGenetico.PopulationEvo - Thread: Thread-41 | Generation no: 5
07:54:35.539 [Thread-78] INFO  algoGenetico.PopulationEvo - Thread: Thread-78 | Generation no: 3
07:54:36.949 [Thread-16] INFO  algoGenetico.PopulationEvo - Thread: Thread-16 | Generation no: 11
07:54:37.156 [Thread-26] INFO  algoGenetico.PopulationEvo - Thread: Thread-26 | Generation no: 23
07:54:37.742 [pool-2-thread-2] INFO  algoGenetico.PopulationEvo - Thread: pool-2-thread-2 | Hyperparameters{nrGenerations=44, nrFitIndividuals=40, tournamentSize=5, seed=2734, hiddenDimSize=37, mutationProb=0.8239011618184237, populationSize=244}
07:54:37.921 [Thread-63] INFO  algoGenetico.PopulationEvo - Thread: Thread-63 | Generation no: 1
07:54:39.177 [Thread-47] INFO  algoGenetico.PopulationEvo - Thread: Thread-47 | Generation no: 12
07:54:39.301 [Thread-37] INFO  algoGenetico.PopulationEvo - Thread: Thread-37 | Generation no: 17
07:54:39.437 [Thread-48] INFO  algoGenetico.PopulationEvo - Thread: Thread-48 | Generation no: 6
07:54:40.231 [Thread-22] INFO  algoGenetico.PopulationEvo - Thread: Thread-22 | Generation no: 10
07:54:40.909 [Thread-27] INFO  algoGenetico.PopulationEvo - Thread: Thread-27 | Generation no: 22
07:54:41.299 [Thread-13] INFO  algoGenetico.PopulationEvo - Thread: Thread-13 | Generation no: 7
07:54:41.369 [Thread-65] INFO  algoGenetico.PopulationEvo - Thread: Thread-65 | Generation no: 2
07:54:41.956 [Thread-61] INFO  algoGenetico.PopulationEvo - Thread: Thread-61 | Generation no: 4
07:54:43.088 [Thread-75] INFO  algoGenetico.PopulationEvo - Thread: Thread-75 | Generation no: 1
07:54:43.631 [Thread-71] INFO  algoGenetico.PopulationEvo - Thread: Thread-71 | Generation no: 4
07:54:43.910 [Thread-78] INFO  algoGenetico.PopulationEvo - Thread: Thread-78 | Generation no: 4
07:54:44.803 [Thread-73] INFO  algoGenetico.PopulationEvo - Thread: Thread-73 | Generation no: 2
07:54:44.854 [Thread-76] INFO  algoGenetico.PopulationEvo - Thread: Thread-76 | Generation no: 1
07:54:45.424 [Thread-8] INFO  algoGenetico.PopulationEvo - Thread: Thread-8 | Generation no: 27
07:54:46.588 [Thread-15] INFO  algoGenetico.PopulationEvo - Thread: Thread-15 | Generation no: 10
07:54:47.205 [Thread-79] INFO  algoGenetico.PopulationEvo - Thread: Thread-79 | Generation no: 2
07:54:47.525 [pool-2-thread-4] INFO  algoGenetico.PopulationEvo - Thread: pool-2-thread-4 | Hyperparameters{nrGenerations=26, nrFitIndividuals=356, tournamentSize=243, seed=1279, hiddenDimSize=23, mutationProb=0.6272486559620982, populationSize=829}
07:54:48.755 [Thread-69] INFO  algoGenetico.PopulationEvo - Thread: Thread-69 | Generation no: 2
07:54:50.865 [Thread-82] INFO  algoGenetico.PopulationEvo - Thread: Thread-82 | Generation no: 1
07:54:51.229 [Thread-46] INFO  algoGenetico.PopulationEvo - Thread: Thread-46 | Generation no: 7
07:54:52.102 [Thread-26] INFO  algoGenetico.PopulationEvo - Thread: Thread-26 | Generation no: 24
07:54:52.812 [Thread-78] INFO  algoGenetico.PopulationEvo - Thread: Thread-78 | Generation no: 5
07:54:53.036 [Thread-55] INFO  algoGenetico.PopulationEvo - Thread: Thread-55 | Generation no: 4
07:54:53.040 [Thread-54] INFO  algoGenetico.PopulationEvo - Thread: Thread-54 | Generation no: 6
07:54:53.623 [Thread-27] INFO  algoGenetico.PopulationEvo - Thread: Thread-27 | Generation no: 23
07:54:54.308 [Thread-62] INFO  algoGenetico.PopulationEvo - Thread: Thread-62 | Generation no: 3
07:54:54.369 [Thread-70] INFO  algoGenetico.PopulationEvo - Thread: Thread-70 | Generation no: 1
07:54:54.421 [pool-2-thread-3] INFO  algoGenetico.PopulationEvo - Thread: pool-2-thread-3 | Hyperparameters{nrGenerations=65, nrFitIndividuals=296, tournamentSize=141, seed=2359, hiddenDimSize=24, mutationProb=0.8925033508280549, populationSize=698}
07:54:54.945 [pool-2-thread-1] INFO  algoGenetico.PopulationEvo - Thread: pool-2-thread-1 | Hyperparameters{nrGenerations=45, nrFitIndividuals=389, tournamentSize=298, seed=1751, hiddenDimSize=18, mutationProb=0.05732948600970833, populationSize=848}
07:54:55.347 [Thread-37] INFO  algoGenetico.PopulationEvo - Thread: Thread-37 | Generation no: 18
07:54:56.049 [pool-2-thread-2] INFO  algoGenetico.PopulationEvo - Thread: pool-2-thread-2 | Hyperparameters{nrGenerations=68, nrFitIndividuals=9, tournamentSize=8, seed=2803, hiddenDimSize=8, mutationProb=0.4806173850837334, populationSize=690}
07:54:56.215 [Thread-20] INFO  algoGenetico.PopulationEvo - Thread: Thread-20 | Generation no: 8
07:54:57.265 [Thread-24] INFO  algoGenetico.PopulationEvo - Thread: Thread-24 | Generation no: 9
07:54:57.614 [pool-2-thread-4] INFO  algoGenetico.PopulationEvo - Thread: pool-2-thread-4 | Hyperparameters{nrGenerations=12, nrFitIndividuals=17, tournamentSize=3, seed=2354, hiddenDimSize=1, mutationProb=0.6603085682673198, populationSize=374}
07:55:00.065 [Thread-31] INFO  algoGenetico.PopulationEvo - Thread: Thread-31 | Generation no: 7
07:55:00.435 [Thread-8] INFO  algoGenetico.PopulationEvo - Thread: Thread-8 | Generation no: 28
07:55:00.720 [Thread-10] INFO  algoGenetico.PopulationEvo - Thread: Thread-10 | Generation no: 7
07:55:01.160 [Thread-47] INFO  algoGenetico.PopulationEvo - Thread: Thread-47 | Generation no: 13
07:55:02.655 [Thread-78] INFO  algoGenetico.PopulationEvo - Thread: Thread-78 | Generation no: 6
07:55:02.884 [Thread-52] INFO  algoGenetico.PopulationEvo - Thread: Thread-52 | Generation no: 3
07:55:03.115 [Thread-58] INFO  algoGenetico.PopulationEvo - Thread: Thread-58 | Generation no: 4
07:55:04.078 [Thread-84] INFO  algoGenetico.PopulationEvo - Thread: Thread-84 | Generation no: 1
07:55:04.245 [Thread-67] INFO  algoGenetico.PopulationEvo - Thread: Thread-67 | Generation no: 1
07:55:05.064 [Thread-73] INFO  algoGenetico.PopulationEvo - Thread: Thread-73 | Generation no: 3
07:55:05.447 [Thread-71] INFO  algoGenetico.PopulationEvo - Thread: Thread-71 | Generation no: 5
07:55:07.609 [Thread-82] INFO  algoGenetico.PopulationEvo - Thread: Thread-82 | Generation no: 2
07:55:07.782 [Thread-27] INFO  algoGenetico.PopulationEvo - Thread: Thread-27 | Generation no: 24
07:55:07.981 [pool-2-thread-4] INFO  algoGenetico.PopulationEvo - Thread: pool-2-thread-4 | Hyperparameters{nrGenerations=85, nrFitIndividuals=47, tournamentSize=24, seed=1381, hiddenDimSize=13, mutationProb=0.8970261733027628, populationSize=312}
07:55:09.228 [Thread-5] INFO  algoGenetico.PopulationEvo - Thread: Thread-5 | Generation no: 5
07:55:09.561 [Thread-26] INFO  algoGenetico.PopulationEvo - Thread: Thread-26 | Generation no: 25
07:55:09.937 [pool-2-thread-3] INFO  algoGenetico.PopulationEvo - Thread: pool-2-thread-3 | Hyperparameters{nrGenerations=98, nrFitIndividuals=125, tournamentSize=4, seed=2757, hiddenDimSize=7, mutationProb=0.132255534818287, populationSize=435}
07:55:10.325 [pool-2-thread-2] INFO  algoGenetico.PopulationEvo - Thread: pool-2-thread-2 | Hyperparameters{nrGenerations=50, nrFitIndividuals=77, tournamentSize=64, seed=790, hiddenDimSize=4, mutationProb=0.2947697340108062, populationSize=712}
07:55:11.007 [Thread-84] INFO  algoGenetico.PopulationEvo - Thread: Thread-84 | Generation no: 2
07:55:11.966 [Thread-78] INFO  algoGenetico.PopulationEvo - Thread: Thread-78 | Generation no: 7
07:55:13.316 [Thread-79] INFO  algoGenetico.PopulationEvo - Thread: Thread-79 | Generation no: 3
07:55:13.632 [Thread-37] INFO  algoGenetico.PopulationEvo - Thread: Thread-37 | Generation no: 19
07:55:15.445 [Thread-44] INFO  algoGenetico.PopulationEvo - Thread: Thread-44 | Generation no: 2
07:55:15.914 [Thread-8] INFO  algoGenetico.PopulationEvo - Thread: Thread-8 | Generation no: 29
07:55:16.062 [Thread-16] INFO  algoGenetico.PopulationEvo - Thread: Thread-16 | Generation no: 12
07:55:16.175 [pool-2-thread-2] INFO  algoGenetico.PopulationEvo - Thread: pool-2-thread-2 | Hyperparameters{nrGenerations=76, nrFitIndividuals=40, tournamentSize=23, seed=2149, hiddenDimSize=8, mutationProb=0.9601657351576233, populationSize=184}
07:55:16.373 [Thread-74] INFO  algoGenetico.PopulationEvo - Thread: Thread-74 | Generation no: 2
07:55:16.661 [Thread-57] INFO  algoGenetico.PopulationEvo - Thread: Thread-57 | Generation no: 2
07:55:17.523 [Thread-21] INFO  algoGenetico.PopulationEvo - Thread: Thread-21 | Generation no: 3
07:55:19.272 [Thread-88] INFO  algoGenetico.PopulationEvo - Thread: Thread-88 | Generation no: 1
07:55:19.336 [Thread-25] INFO  algoGenetico.PopulationEvo - Thread: Thread-25 | Generation no: 9
07:55:19.793 [Thread-61] INFO  algoGenetico.PopulationEvo - Thread: Thread-61 | Generation no: 5
07:55:20.846 [Thread-78] INFO  algoGenetico.PopulationEvo - Thread: Thread-78 | Generation no: 8
07:55:21.188 [Thread-75] INFO  algoGenetico.PopulationEvo - Thread: Thread-75 | Generation no: 2
07:55:21.626 [Thread-41] INFO  algoGenetico.PopulationEvo - Thread: Thread-41 | Generation no: 6
07:55:21.894 [Thread-47] INFO  algoGenetico.PopulationEvo - Thread: Thread-47 | Generation no: 14
07:55:21.973 [Thread-91] INFO  algoGenetico.PopulationEvo - Thread: Thread-91 | Generation no: 1
07:55:23.384 [Thread-83] INFO  algoGenetico.PopulationEvo - Thread: Thread-83 | Generation no: 1
07:55:25.611 [Thread-32] INFO  algoGenetico.PopulationEvo - Thread: Thread-32 | Generation no: 8
07:55:26.485 [Thread-27] INFO  algoGenetico.PopulationEvo - Thread: Thread-27 | Generation no: 25
07:55:26.745 [Thread-85] INFO  algoGenetico.PopulationEvo - Thread: Thread-85 | Generation no: 1
07:55:27.438 [Thread-72] INFO  algoGenetico.PopulationEvo - Thread: Thread-72 | Generation no: 2
07:55:27.731 [Thread-26] INFO  algoGenetico.PopulationEvo - Thread: Thread-26 | Generation no: 26
07:55:28.885 [Thread-73] INFO  algoGenetico.PopulationEvo - Thread: Thread-73 | Generation no: 4
07:55:29.435 [Thread-82] INFO  algoGenetico.PopulationEvo - Thread: Thread-82 | Generation no: 3
07:55:30.601 [Thread-91] INFO  algoGenetico.PopulationEvo - Thread: Thread-91 | Generation no: 2
07:55:31.591 [Thread-54] INFO  algoGenetico.PopulationEvo - Thread: Thread-54 | Generation no: 7
07:55:31.686 [Thread-71] INFO  algoGenetico.PopulationEvo - Thread: Thread-71 | Generation no: 6
07:55:31.891 [Thread-78] INFO  algoGenetico.PopulationEvo - Thread: Thread-78 | Generation no: 9
07:55:32.679 [Thread-87] INFO  algoGenetico.PopulationEvo - Thread: Thread-87 | Generation no: 1
07:55:32.951 [Thread-69] INFO  algoGenetico.PopulationEvo - Thread: Thread-69 | Generation no: 3
07:55:33.753 [Thread-48] INFO  algoGenetico.PopulationEvo - Thread: Thread-48 | Generation no: 7
07:55:34.366 [Thread-84] INFO  algoGenetico.PopulationEvo - Thread: Thread-84 | Generation no: 3
07:55:34.376 [Thread-88] INFO  algoGenetico.PopulationEvo - Thread: Thread-88 | Generation no: 2
07:55:35.181 [Thread-46] INFO  algoGenetico.PopulationEvo - Thread: Thread-46 | Generation no: 8
07:55:35.673 [Thread-80] INFO  algoGenetico.PopulationEvo - Thread: Thread-80 | Generation no: 1
07:55:36.650 [Thread-77] INFO  algoGenetico.PopulationEvo - Thread: Thread-77 | Generation no: 1
07:55:36.849 [Thread-8] INFO  algoGenetico.PopulationEvo - Thread: Thread-8 | Generation no: 30
07:55:39.106 [Thread-37] INFO  algoGenetico.PopulationEvo - Thread: Thread-37 | Generation no: 20
07:55:39.160 [Thread-79] INFO  algoGenetico.PopulationEvo - Thread: Thread-79 | Generation no: 4
07:55:39.290 [Thread-76] INFO  algoGenetico.PopulationEvo - Thread: Thread-76 | Generation no: 2
07:55:39.718 [Thread-38] INFO  algoGenetico.PopulationEvo - Thread: Thread-38 | Generation no: 5
07:55:40.381 [Thread-22] INFO  algoGenetico.PopulationEvo - Thread: Thread-22 | Generation no: 11
07:55:40.859 [Thread-39] INFO  algoGenetico.PopulationEvo - Thread: Thread-39 | Generation no: 5
07:55:42.662 [Thread-27] INFO  algoGenetico.PopulationEvo - Thread: Thread-27 | Generation no: 26
07:55:43.100 [Thread-91] INFO  algoGenetico.PopulationEvo - Thread: Thread-91 | Generation no: 3
07:55:44.395 [Thread-85] INFO  algoGenetico.PopulationEvo - Thread: Thread-85 | Generation no: 2
07:55:44.910 [Thread-47] INFO  algoGenetico.PopulationEvo - Thread: Thread-47 | Generation no: 15
07:55:45.139 [Thread-78] INFO  algoGenetico.PopulationEvo - Thread: Thread-78 | Generation no: 10
07:55:45.183 [Thread-15] INFO  algoGenetico.PopulationEvo - Thread: Thread-15 | Generation no: 11
07:55:48.414 [Thread-63] INFO  algoGenetico.PopulationEvo - Thread: Thread-63 | Generation no: 2
07:55:48.527 [Thread-26] INFO  algoGenetico.PopulationEvo - Thread: Thread-26 | Generation no: 27
07:55:49.475 [pool-2-thread-2] INFO  algoGenetico.PopulationEvo - Thread: pool-2-thread-2 | Hyperparameters{nrGenerations=47, nrFitIndividuals=127, tournamentSize=54, seed=1046, hiddenDimSize=31, mutationProb=0.17971966024522246, populationSize=597}
07:55:52.943 [Thread-81] INFO  algoGenetico.PopulationEvo - Thread: Thread-81 | Generation no: 1
07:55:53.424 [Thread-82] INFO  algoGenetico.PopulationEvo - Thread: Thread-82 | Generation no: 4
07:55:55.003 [pool-2-thread-4] INFO  algoGenetico.PopulationEvo - Thread: pool-2-thread-4 | Hyperparameters{nrGenerations=17, nrFitIndividuals=30, tournamentSize=30, seed=1118, hiddenDimSize=45, mutationProb=0.8401091732995405, populationSize=521}
07:55:55.751 [Thread-59] INFO  algoGenetico.PopulationEvo - Thread: Thread-59 | Generation no: 2
07:55:56.399 [Thread-78] INFO  algoGenetico.PopulationEvo - Thread: Thread-78 | Generation no: 11
07:55:57.110 [Thread-8] INFO  algoGenetico.PopulationEvo - Thread: Thread-8 | Generation no: 31
07:55:58.107 [Thread-87] INFO  algoGenetico.PopulationEvo - Thread: Thread-87 | Generation no: 2
07:55:58.372 [Thread-71] INFO  algoGenetico.PopulationEvo - Thread: Thread-71 | Generation no: 7
07:55:59.286 [Thread-27] INFO  algoGenetico.PopulationEvo - Thread: Thread-27 | Generation no: 27
07:56:00.016 [Thread-73] INFO  algoGenetico.PopulationEvo - Thread: Thread-73 | Generation no: 5
07:56:00.286 [Thread-61] INFO  algoGenetico.PopulationEvo - Thread: Thread-61 | Generation no: 6
