07:36:37.596 [pool-2-thread-4] INFO  algoGenetico.PopulationEvo - Thread: pool-2-thread-4 | Hyperparameters{nrGenerations=27, nrFitIndividuals=224, tournamentSize=197, seed=5528, hiddenDimSize=7, mutationProb=0.9697168330812519, populationSize=669}
07:36:38.315 [pool-2-thread-2] INFO  algoGenetico.PopulationEvo - Thread: pool-2-thread-2 | Hyperparameters{nrGenerations=56, nrFitIndividuals=170, tournamentSize=13, seed=5635, hiddenDimSize=11, mutationProb=0.48599039423855295, populationSize=594}
07:36:38.508 [Thread-2] INFO  algoGenetico.PopulationEvo - Thread: Thread-2 | Generation no: 1
07:36:38.544 [pool-2-thread-4] INFO  algoGenetico.PopulationEvo - Thread: pool-2-thread-4 | Hyperparameters{nrGenerations=54, nrFitIndividuals=70, tournamentSize=49, seed=512, hiddenDimSize=25, mutationProb=0.9038127274349702, populationSize=294}
07:36:38.556 [pool-2-thread-1] INFO  algoGenetico.PopulationEvo - Thread: pool-2-thread-1 | Hyperparameters{nrGenerations=35, nrFitIndividuals=140, tournamentSize=64, seed=5484, hiddenDimSize=40, mutationProb=0.26947104850304693, populationSize=358}
07:36:39.325 [Thread-2] INFO  algoGenetico.PopulationEvo - Thread: Thread-2 | Generation no: 2
07:36:39.406 [Thread-4] INFO  algoGenetico.PopulationEvo - Thread: Thread-4 | Generation no: 1
07:36:40.048 [pool-2-thread-3] INFO  algoGenetico.PopulationEvo - Thread: pool-2-thread-3 | Hyperparameters{nrGenerations=21, nrFitIndividuals=22, tournamentSize=22, seed=5336, hiddenDimSize=38, mutationProb=0.8617764832163302, populationSize=561}
07:36:40.155 [Thread-3] INFO  algoGenetico.PopulationEvo - Thread: Thread-3 | Generation no: 1
07:36:40.212 [Thread-2] INFO  algoGenetico.PopulationEvo - Thread: Thread-2 | Generation no: 3
07:36:40.284 [pool-2-thread-1] INFO  algoGenetico.PopulationEvo - Thread: pool-2-thread-1 | Hyperparameters{nrGenerations=14, nrFitIndividuals=362, tournamentSize=184, seed=5315, hiddenDimSize=10, mutationProb=0.27576998754074544, populationSize=967}
07:36:40.326 [pool-2-thread-4] INFO  algoGenetico.PopulationEvo - Thread: pool-2-thread-4 | Hyperparameters{nrGenerations=37, nrFitIndividuals=245, tournamentSize=115, seed=1203, hiddenDimSize=17, mutationProb=0.5586925288000097, populationSize=627}
07:36:40.720 [Thread-4] INFO  algoGenetico.PopulationEvo - Thread: Thread-4 | Generation no: 2
07:36:40.814 [pool-2-thread-3] INFO  algoGenetico.PopulationEvo - Thread: pool-2-thread-3 | Hyperparameters{nrGenerations=50, nrFitIndividuals=36, tournamentSize=18, seed=2098, hiddenDimSize=37, mutationProb=0.25109702251950683, populationSize=101}
07:36:41.583 [Thread-8] INFO  algoGenetico.PopulationEvo - Thread: Thread-8 | Generation no: 1
07:36:41.745 [Thread-2] INFO  algoGenetico.PopulationEvo - Thread: Thread-2 | Generation no: 4
07:36:42.035 [Thread-0] INFO  algoGenetico.PopulationEvo - Thread: Thread-0 | Generation no: 1
07:36:42.346 [Thread-3] INFO  algoGenetico.PopulationEvo - Thread: Thread-3 | Generation no: 2
07:36:42.387 [Thread-8] INFO  algoGenetico.PopulationEvo - Thread: Thread-8 | Generation no: 2
07:36:43.416 [Thread-7] INFO  algoGenetico.PopulationEvo - Thread: Thread-7 | Generation no: 1
07:36:43.447 [Thread-2] INFO  algoGenetico.PopulationEvo - Thread: Thread-2 | Generation no: 5
07:36:43.548 [Thread-6] INFO  algoGenetico.PopulationEvo - Thread: Thread-6 | Generation no: 1
07:36:43.714 [pool-2-thread-1] INFO  algoGenetico.PopulationEvo - Thread: pool-2-thread-1 | Hyperparameters{nrGenerations=6, nrFitIndividuals=398, tournamentSize=209, seed=3624, hiddenDimSize=36, mutationProb=0.5934869106818752, populationSize=803}
07:36:43.759 [Thread-8] INFO  algoGenetico.PopulationEvo - Thread: Thread-8 | Generation no: 3
07:36:43.977 [pool-2-thread-2] INFO  algoGenetico.PopulationEvo - Thread: pool-2-thread-2 | Hyperparameters{nrGenerations=54, nrFitIndividuals=383, tournamentSize=272, seed=5773, hiddenDimSize=35, mutationProb=0.6402284934436717, populationSize=793}
07:36:44.902 [pool-2-thread-4] INFO  algoGenetico.PopulationEvo - Thread: pool-2-thread-4 | Hyperparameters{nrGenerations=73, nrFitIndividuals=271, tournamentSize=118, seed=1726, hiddenDimSize=23, mutationProb=0.11588910667610886, populationSize=840}
07:36:45.256 [Thread-3] INFO  algoGenetico.PopulationEvo - Thread: Thread-3 | Generation no: 3
07:36:45.279 [Thread-4] INFO  algoGenetico.PopulationEvo - Thread: Thread-4 | Generation no: 3
07:36:45.465 [pool-2-thread-4] INFO  algoGenetico.PopulationEvo - Thread: pool-2-thread-4 | Hyperparameters{nrGenerations=71, nrFitIndividuals=18, tournamentSize=5, seed=3182, hiddenDimSize=4, mutationProb=0.7849946936343745, populationSize=209}
07:36:45.525 [Thread-2] INFO  algoGenetico.PopulationEvo - Thread: Thread-2 | Generation no: 6
07:36:45.785 [Thread-14] INFO  algoGenetico.PopulationEvo - Thread: Thread-14 | Generation no: 1
07:36:46.219 [Thread-14] INFO  algoGenetico.PopulationEvo - Thread: Thread-14 | Generation no: 2
07:36:46.504 [pool-2-thread-4] INFO  algoGenetico.PopulationEvo - Thread: pool-2-thread-4 | Hyperparameters{nrGenerations=66, nrFitIndividuals=14, tournamentSize=9, seed=5072, hiddenDimSize=33, mutationProb=0.6619406968413996, populationSize=115}
07:36:46.639 [Thread-14] INFO  algoGenetico.PopulationEvo - Thread: Thread-14 | Generation no: 3
07:36:46.732 [Thread-7] INFO  algoGenetico.PopulationEvo - Thread: Thread-7 | Generation no: 2
07:36:47.162 [Thread-14] INFO  algoGenetico.PopulationEvo - Thread: Thread-14 | Generation no: 4
07:36:47.245 [Thread-0] INFO  algoGenetico.PopulationEvo - Thread: Thread-0 | Generation no: 2
07:36:47.636 [Thread-15] INFO  algoGenetico.PopulationEvo - Thread: Thread-15 | Generation no: 1
07:36:47.802 [pool-2-thread-1] INFO  algoGenetico.PopulationEvo - Thread: pool-2-thread-1 | Hyperparameters{nrGenerations=82, nrFitIndividuals=90, tournamentSize=89, seed=2071, hiddenDimSize=36, mutationProb=0.09791058213858195, populationSize=450}
07:36:47.957 [Thread-2] INFO  algoGenetico.PopulationEvo - Thread: Thread-2 | Generation no: 7
07:36:48.138 [Thread-14] INFO  algoGenetico.PopulationEvo - Thread: Thread-14 | Generation no: 5
07:36:48.215 [pool-2-thread-3] INFO  algoGenetico.PopulationEvo - Thread: pool-2-thread-3 | Hyperparameters{nrGenerations=48, nrFitIndividuals=261, tournamentSize=207, seed=3807, hiddenDimSize=37, mutationProb=0.9665019843561963, populationSize=799}
07:36:48.260 [Thread-6] INFO  algoGenetico.PopulationEvo - Thread: Thread-6 | Generation no: 2
07:36:48.445 [Thread-9] INFO  algoGenetico.PopulationEvo - Thread: Thread-9 | Generation no: 1
07:36:49.220 [pool-2-thread-3] INFO  algoGenetico.PopulationEvo - Thread: pool-2-thread-3 | Hyperparameters{nrGenerations=4, nrFitIndividuals=31, tournamentSize=25, seed=3575, hiddenDimSize=7, mutationProb=0.8774743424529988, populationSize=263}
07:36:49.296 [Thread-15] INFO  algoGenetico.PopulationEvo - Thread: Thread-15 | Generation no: 2
07:36:49.385 [Thread-14] INFO  algoGenetico.PopulationEvo - Thread: Thread-14 | Generation no: 6
07:36:50.181 [Thread-18] INFO  algoGenetico.PopulationEvo - Thread: Thread-18 | Generation no: 1
07:36:50.420 [pool-2-thread-1] INFO  algoGenetico.PopulationEvo - Thread: pool-2-thread-1 | Hyperparameters{nrGenerations=78, nrFitIndividuals=18, tournamentSize=9, seed=2061, hiddenDimSize=2, mutationProb=0.9596659743263353, populationSize=745}
07:36:50.572 [Thread-14] INFO  algoGenetico.PopulationEvo - Thread: Thread-14 | Generation no: 7
07:36:50.928 [Thread-2] INFO  algoGenetico.PopulationEvo - Thread: Thread-2 | Generation no: 8
07:36:51.237 [Thread-18] INFO  algoGenetico.PopulationEvo - Thread: Thread-18 | Generation no: 2
07:36:51.245 [Thread-15] INFO  algoGenetico.PopulationEvo - Thread: Thread-15 | Generation no: 3
07:36:51.644 [Thread-7] INFO  algoGenetico.PopulationEvo - Thread: Thread-7 | Generation no: 3
07:36:51.811 [pool-2-thread-2] INFO  algoGenetico.PopulationEvo - Thread: pool-2-thread-2 | Hyperparameters{nrGenerations=51, nrFitIndividuals=22, tournamentSize=16, seed=4374, hiddenDimSize=34, mutationProb=0.4269412026924798, populationSize=817}
07:36:51.952 [Thread-14] INFO  algoGenetico.PopulationEvo - Thread: Thread-14 | Generation no: 8
07:36:52.256 [Thread-4] INFO  algoGenetico.PopulationEvo - Thread: Thread-4 | Generation no: 4
07:36:52.465 [Thread-17] INFO  algoGenetico.PopulationEvo - Thread: Thread-17 | Generation no: 1
07:36:52.575 [Thread-12] INFO  algoGenetico.PopulationEvo - Thread: Thread-12 | Generation no: 1
07:36:52.676 [pool-2-thread-3] INFO  algoGenetico.PopulationEvo - Thread: pool-2-thread-3 | Hyperparameters{nrGenerations=35, nrFitIndividuals=182, tournamentSize=5, seed=1532, hiddenDimSize=17, mutationProb=0.31237452358192286, populationSize=401}
07:36:52.739 [pool-2-thread-2] INFO  algoGenetico.PopulationEvo - Thread: pool-2-thread-2 | Hyperparameters{nrGenerations=91, nrFitIndividuals=39, tournamentSize=8, seed=3967, hiddenDimSize=11, mutationProb=0.1335531352527204, populationSize=221}
07:36:53.365 [Thread-18] INFO  algoGenetico.PopulationEvo - Thread: Thread-18 | Generation no: 3
07:36:53.501 [Thread-14] INFO  algoGenetico.PopulationEvo - Thread: Thread-14 | Generation no: 9
07:36:53.628 [Thread-21] INFO  algoGenetico.PopulationEvo - Thread: Thread-21 | Generation no: 1
07:36:53.707 [Thread-10] INFO  algoGenetico.PopulationEvo - Thread: Thread-10 | Generation no: 1
07:36:53.720 [pool-2-thread-3] INFO  algoGenetico.PopulationEvo - Thread: pool-2-thread-3 | Hyperparameters{nrGenerations=27, nrFitIndividuals=149, tournamentSize=63, seed=2092, hiddenDimSize=2, mutationProb=0.177868274752378, populationSize=320}
07:36:53.885 [Thread-3] INFO  algoGenetico.PopulationEvo - Thread: Thread-3 | Generation no: 4
07:36:54.196 [Thread-0] INFO  algoGenetico.PopulationEvo - Thread: Thread-0 | Generation no: 3
07:36:54.497 [Thread-2] INFO  algoGenetico.PopulationEvo - Thread: Thread-2 | Generation no: 9
07:36:54.768 [pool-2-thread-1] INFO  algoGenetico.PopulationEvo - Thread: pool-2-thread-1 | Hyperparameters{nrGenerations=64, nrFitIndividuals=129, tournamentSize=99, seed=778, hiddenDimSize=28, mutationProb=0.8262467999243323, populationSize=378}
07:36:54.783 [Thread-21] INFO  algoGenetico.PopulationEvo - Thread: Thread-21 | Generation no: 2
07:36:55.298 [Thread-14] INFO  algoGenetico.PopulationEvo - Thread: Thread-14 | Generation no: 10
07:36:55.529 [Thread-22] INFO  algoGenetico.PopulationEvo - Thread: Thread-22 | Generation no: 1
07:36:55.581 [Thread-17] INFO  algoGenetico.PopulationEvo - Thread: Thread-17 | Generation no: 2
07:36:55.925 [Thread-21] INFO  algoGenetico.PopulationEvo - Thread: Thread-21 | Generation no: 3
07:36:55.999 [Thread-5] INFO  algoGenetico.PopulationEvo - Thread: Thread-5 | Generation no: 1
07:36:56.429 [Thread-9] INFO  algoGenetico.PopulationEvo - Thread: Thread-9 | Generation no: 2
07:36:56.915 [Thread-22] INFO  algoGenetico.PopulationEvo - Thread: Thread-22 | Generation no: 2
07:36:57.143 [Thread-18] INFO  algoGenetico.PopulationEvo - Thread: Thread-18 | Generation no: 4
07:36:57.143 [Thread-18] INFO  algoGenetico.PopulationEvo - Thread: Thread-18 | Fittest: 63013.0
07:36:57.143 [Thread-18] INFO  algoGenetico.PopulationEvo - Thread: Thread-18 | GOING TO WRITE... writing file
07:36:57.144 [Thread-18] INFO  algoGenetico.PopulationEvo - Thread: Thread-18 | WROTE Fittest: 63013.0
07:36:57.212 [Thread-14] INFO  algoGenetico.PopulationEvo - Thread: Thread-14 | Generation no: 11
07:36:57.304 [pool-2-thread-4] INFO  algoGenetico.PopulationEvo - Thread: pool-2-thread-4 | Hyperparameters{nrGenerations=51, nrFitIndividuals=327, tournamentSize=7, seed=4771, hiddenDimSize=41, mutationProb=0.3062254291435158, populationSize=717}
07:36:57.807 [Thread-21] INFO  algoGenetico.PopulationEvo - Thread: Thread-21 | Generation no: 4
07:36:57.854 [Thread-19] INFO  algoGenetico.PopulationEvo - Thread: Thread-19 | Generation no: 1
07:36:58.177 [Thread-6] INFO  algoGenetico.PopulationEvo - Thread: Thread-6 | Generation no: 3
07:36:58.547 [Thread-2] INFO  algoGenetico.PopulationEvo - Thread: Thread-2 | Generation no: 10
07:36:58.612 [Thread-22] INFO  algoGenetico.PopulationEvo - Thread: Thread-22 | Generation no: 3
07:36:58.844 [Thread-11] INFO  algoGenetico.PopulationEvo - Thread: Thread-11 | Generation no: 1
07:36:58.853 [Thread-14] INFO  algoGenetico.PopulationEvo - Thread: Thread-14 | Generation no: 12
07:36:59.474 [Thread-17] INFO  algoGenetico.PopulationEvo - Thread: Thread-17 | Generation no: 3
07:36:59.539 [Thread-7] INFO  algoGenetico.PopulationEvo - Thread: Thread-7 | Generation no: 4
07:36:59.666 [pool-2-thread-4] INFO  algoGenetico.PopulationEvo - Thread: pool-2-thread-4 | Hyperparameters{nrGenerations=21, nrFitIndividuals=196, tournamentSize=77, seed=4626, hiddenDimSize=3, mutationProb=0.032811599575514716, populationSize=542}
07:36:59.744 [pool-2-thread-3] INFO  algoGenetico.PopulationEvo - Thread: pool-2-thread-3 | Hyperparameters{nrGenerations=46, nrFitIndividuals=102, tournamentSize=47, seed=5199, hiddenDimSize=7, mutationProb=0.13504234389900105, populationSize=889}
07:37:00.700 [Thread-14] INFO  algoGenetico.PopulationEvo - Thread: Thread-14 | Generation no: 13
07:37:00.855 [Thread-22] INFO  algoGenetico.PopulationEvo - Thread: Thread-22 | Generation no: 4
07:37:01.048 [Thread-4] INFO  algoGenetico.PopulationEvo - Thread: Thread-4 | Generation no: 5
07:37:01.083 [Thread-20] INFO  algoGenetico.PopulationEvo - Thread: Thread-20 | Generation no: 1
07:37:01.416 [Thread-12] INFO  algoGenetico.PopulationEvo - Thread: Thread-12 | Generation no: 2
07:37:01.421 [Thread-19] INFO  algoGenetico.PopulationEvo - Thread: Thread-19 | Generation no: 2
07:37:02.492 [Thread-26] INFO  algoGenetico.PopulationEvo - Thread: Thread-26 | Generation no: 1
07:37:02.582 [Thread-14] INFO  algoGenetico.PopulationEvo - Thread: Thread-14 | Generation no: 14
07:37:02.805 [Thread-2] INFO  algoGenetico.PopulationEvo - Thread: Thread-2 | Generation no: 11
07:37:02.979 [Thread-22] INFO  algoGenetico.PopulationEvo - Thread: Thread-22 | Generation no: 5
07:37:03.258 [Thread-13] INFO  algoGenetico.PopulationEvo - Thread: Thread-13 | Generation no: 1
07:37:03.814 [pool-2-thread-2] INFO  algoGenetico.PopulationEvo - Thread: pool-2-thread-2 | Hyperparameters{nrGenerations=17, nrFitIndividuals=9, tournamentSize=5, seed=981, hiddenDimSize=46, mutationProb=0.2961612061426785, populationSize=588}
07:37:04.060 [pool-2-thread-1] INFO  algoGenetico.PopulationEvo - Thread: pool-2-thread-1 | Hyperparameters{nrGenerations=74, nrFitIndividuals=409, tournamentSize=201, seed=5264, hiddenDimSize=15, mutationProb=0.4490112954314004, populationSize=944}
07:37:04.431 [Thread-14] INFO  algoGenetico.PopulationEvo - Thread: Thread-14 | Generation no: 15
07:37:04.641 [Thread-0] INFO  algoGenetico.PopulationEvo - Thread: Thread-0 | Generation no: 4
07:37:04.812 [Thread-26] INFO  algoGenetico.PopulationEvo - Thread: Thread-26 | Generation no: 2
07:37:05.340 [Thread-22] INFO  algoGenetico.PopulationEvo - Thread: Thread-22 | Generation no: 6
07:37:05.649 [Thread-24] INFO  algoGenetico.PopulationEvo - Thread: Thread-24 | Generation no: 1
07:37:05.691 [pool-2-thread-1] INFO  algoGenetico.PopulationEvo - Thread: pool-2-thread-1 | Hyperparameters{nrGenerations=46, nrFitIndividuals=18, tournamentSize=1, seed=3774, hiddenDimSize=31, mutationProb=0.6158354333665469, populationSize=108}
07:37:06.104 [Thread-14] INFO  algoGenetico.PopulationEvo - Thread: Thread-14 | Generation no: 16
07:37:06.454 [Thread-19] INFO  algoGenetico.PopulationEvo - Thread: Thread-19 | Generation no: 3
07:37:06.584 [Thread-10] INFO  algoGenetico.PopulationEvo - Thread: Thread-10 | Generation no: 2
07:37:07.340 [Thread-2] INFO  algoGenetico.PopulationEvo - Thread: Thread-2 | Generation no: 12
07:37:07.537 [Thread-22] INFO  algoGenetico.PopulationEvo - Thread: Thread-22 | Generation no: 7
07:37:07.773 [Thread-14] INFO  algoGenetico.PopulationEvo - Thread: Thread-14 | Generation no: 17
07:37:07.904 [pool-2-thread-4] INFO  algoGenetico.PopulationEvo - Thread: pool-2-thread-4 | Hyperparameters{nrGenerations=81, nrFitIndividuals=188, tournamentSize=77, seed=3968, hiddenDimSize=20, mutationProb=0.8183179531787208, populationSize=724}
07:37:08.037 [Thread-30] INFO  algoGenetico.PopulationEvo - Thread: Thread-30 | Generation no: 1
07:37:08.737 [Thread-9] INFO  algoGenetico.PopulationEvo - Thread: Thread-9 | Generation no: 3
07:37:09.272 [pool-2-thread-1] INFO  algoGenetico.PopulationEvo - Thread: pool-2-thread-1 | Hyperparameters{nrGenerations=46, nrFitIndividuals=25, tournamentSize=22, seed=865, hiddenDimSize=42, mutationProb=0.10989269958591263, populationSize=265}
07:37:09.429 [pool-2-thread-2] INFO  algoGenetico.PopulationEvo - Thread: pool-2-thread-2 | Hyperparameters{nrGenerations=30, nrFitIndividuals=23, tournamentSize=15, seed=2694, hiddenDimSize=49, mutationProb=0.9514465303178415, populationSize=362}
07:37:09.821 [Thread-14] INFO  algoGenetico.PopulationEvo - Thread: Thread-14 | Generation no: 18
07:37:09.972 [Thread-3] INFO  algoGenetico.PopulationEvo - Thread: Thread-3 | Generation no: 5
07:37:10.060 [Thread-22] INFO  algoGenetico.PopulationEvo - Thread: Thread-22 | Generation no: 8
07:37:10.182 [Thread-5] INFO  algoGenetico.PopulationEvo - Thread: Thread-5 | Generation no: 2
07:37:10.596 [Thread-30] INFO  algoGenetico.PopulationEvo - Thread: Thread-30 | Generation no: 2
07:37:11.200 [Thread-7] INFO  algoGenetico.PopulationEvo - Thread: Thread-7 | Generation no: 5
07:37:11.832 [Thread-14] INFO  algoGenetico.PopulationEvo - Thread: Thread-14 | Generation no: 19
07:37:12.192 [Thread-4] INFO  algoGenetico.PopulationEvo - Thread: Thread-4 | Generation no: 6
07:37:12.554 [Thread-2] INFO  algoGenetico.PopulationEvo - Thread: Thread-2 | Generation no: 13
07:37:12.562 [Thread-22] INFO  algoGenetico.PopulationEvo - Thread: Thread-22 | Generation no: 9
07:37:12.593 [pool-2-thread-1] INFO  algoGenetico.PopulationEvo - Thread: pool-2-thread-1 | Hyperparameters{nrGenerations=92, nrFitIndividuals=40, tournamentSize=15, seed=4019, hiddenDimSize=22, mutationProb=0.268524359339392, populationSize=211}
07:37:13.027 [Thread-11] INFO  algoGenetico.PopulationEvo - Thread: Thread-11 | Generation no: 2
07:37:13.725 [pool-2-thread-3] INFO  algoGenetico.PopulationEvo - Thread: pool-2-thread-3 | Hyperparameters{nrGenerations=9, nrFitIndividuals=135, tournamentSize=82, seed=2231, hiddenDimSize=38, mutationProb=0.6009524524546132, populationSize=775}
07:37:13.785 [Thread-30] INFO  algoGenetico.PopulationEvo - Thread: Thread-30 | Generation no: 3
07:37:13.942 [Thread-20] INFO  algoGenetico.PopulationEvo - Thread: Thread-20 | Generation no: 2
07:37:14.322 [Thread-31] INFO  algoGenetico.PopulationEvo - Thread: Thread-31 | Generation no: 1
07:37:14.339 [Thread-12] INFO  algoGenetico.PopulationEvo - Thread: Thread-12 | Generation no: 3
07:37:14.355 [Thread-14] INFO  algoGenetico.PopulationEvo - Thread: Thread-14 | Generation no: 20
07:37:14.664 [Thread-19] INFO  algoGenetico.PopulationEvo - Thread: Thread-19 | Generation no: 4
07:37:15.556 [Thread-22] INFO  algoGenetico.PopulationEvo - Thread: Thread-22 | Generation no: 10
07:37:15.808 [pool-2-thread-4] INFO  algoGenetico.PopulationEvo - Thread: pool-2-thread-4 | Hyperparameters{nrGenerations=49, nrFitIndividuals=151, tournamentSize=123, seed=5110, hiddenDimSize=47, mutationProb=0.2737819930119736, populationSize=302}
07:37:16.689 [Thread-33] INFO  algoGenetico.PopulationEvo - Thread: Thread-33 | Generation no: 1
07:37:16.772 [pool-2-thread-2] INFO  algoGenetico.PopulationEvo - Thread: pool-2-thread-2 | Hyperparameters{nrGenerations=77, nrFitIndividuals=121, tournamentSize=25, seed=193, hiddenDimSize=12, mutationProb=0.8679491009724369, populationSize=995}
07:37:16.784 [Thread-14] INFO  algoGenetico.PopulationEvo - Thread: Thread-14 | Generation no: 21
07:37:16.983 [Thread-29] INFO  algoGenetico.PopulationEvo - Thread: Thread-29 | Generation no: 1
07:37:17.014 [Thread-24] INFO  algoGenetico.PopulationEvo - Thread: Thread-24 | Generation no: 2
07:37:18.260 [pool-2-thread-4] INFO  algoGenetico.PopulationEvo - Thread: pool-2-thread-4 | Hyperparameters{nrGenerations=47, nrFitIndividuals=59, tournamentSize=30, seed=2044, hiddenDimSize=4, mutationProb=0.19821288548836458, populationSize=348}
07:37:18.288 [pool-2-thread-2] INFO  algoGenetico.PopulationEvo - Thread: pool-2-thread-2 | Hyperparameters{nrGenerations=67, nrFitIndividuals=16, tournamentSize=6, seed=1634, hiddenDimSize=9, mutationProb=0.6140036933393035, populationSize=113}
07:37:18.294 [Thread-16] INFO  algoGenetico.PopulationEvo - Thread: Thread-16 | Generation no: 1
07:37:19.189 [Thread-2] INFO  algoGenetico.PopulationEvo - Thread: Thread-2 | Generation no: 14
07:37:19.371 [Thread-22] INFO  algoGenetico.PopulationEvo - Thread: Thread-22 | Generation no: 11
07:37:19.481 [Thread-38] INFO  algoGenetico.PopulationEvo - Thread: Thread-38 | Generation no: 1
07:37:19.787 [Thread-25] INFO  algoGenetico.PopulationEvo - Thread: Thread-25 | Generation no: 1
07:37:20.019 [Thread-14] INFO  algoGenetico.PopulationEvo - Thread: Thread-14 | Generation no: 22
07:37:20.368 [Thread-30] INFO  algoGenetico.PopulationEvo - Thread: Thread-30 | Generation no: 4
07:37:20.534 [Thread-38] INFO  algoGenetico.PopulationEvo - Thread: Thread-38 | Generation no: 2
07:37:20.632 [Thread-37] INFO  algoGenetico.PopulationEvo - Thread: Thread-37 | Generation no: 1
07:37:20.802 [pool-2-thread-2] INFO  algoGenetico.PopulationEvo - Thread: pool-2-thread-2 | Hyperparameters{nrGenerations=54, nrFitIndividuals=77, tournamentSize=19, seed=5560, hiddenDimSize=12, mutationProb=0.5683595230842414, populationSize=240}
07:37:20.864 [Thread-27] INFO  algoGenetico.PopulationEvo - Thread: Thread-27 | Generation no: 1
07:37:21.150 [Thread-0] INFO  algoGenetico.PopulationEvo - Thread: Thread-0 | Generation no: 5
07:37:21.911 [Thread-38] INFO  algoGenetico.PopulationEvo - Thread: Thread-38 | Generation no: 3
07:37:21.988 [Thread-33] INFO  algoGenetico.PopulationEvo - Thread: Thread-33 | Generation no: 2
07:37:22.515 [Thread-23] INFO  algoGenetico.PopulationEvo - Thread: Thread-23 | Generation no: 1
07:37:22.534 [pool-2-thread-1] INFO  algoGenetico.PopulationEvo - Thread: pool-2-thread-1 | Hyperparameters{nrGenerations=46, nrFitIndividuals=386, tournamentSize=37, seed=3292, hiddenDimSize=10, mutationProb=0.9281168061652656, populationSize=831}
07:37:23.684 [Thread-22] INFO  algoGenetico.PopulationEvo - Thread: Thread-22 | Generation no: 12
07:37:24.012 [Thread-14] INFO  algoGenetico.PopulationEvo - Thread: Thread-14 | Generation no: 23
07:37:24.069 [pool-2-thread-4] INFO  algoGenetico.PopulationEvo - Thread: pool-2-thread-4 | Hyperparameters{nrGenerations=82, nrFitIndividuals=58, tournamentSize=19, seed=4884, hiddenDimSize=16, mutationProb=0.8573388049201838, populationSize=471}
07:37:24.212 [Thread-40] INFO  algoGenetico.PopulationEvo - Thread: Thread-40 | Generation no: 1
07:37:24.704 [Thread-37] INFO  algoGenetico.PopulationEvo - Thread: Thread-37 | Generation no: 2
07:37:25.947 [Thread-4] INFO  algoGenetico.PopulationEvo - Thread: Thread-4 | Generation no: 7
07:37:25.991 [Thread-7] INFO  algoGenetico.PopulationEvo - Thread: Thread-7 | Generation no: 6
07:37:26.086 [Thread-38] INFO  algoGenetico.PopulationEvo - Thread: Thread-38 | Generation no: 4
07:37:26.191 [Thread-32] INFO  algoGenetico.PopulationEvo - Thread: Thread-32 | Generation no: 1
07:37:26.472 [Thread-30] INFO  algoGenetico.PopulationEvo - Thread: Thread-30 | Generation no: 5
07:37:27.394 [Thread-13] INFO  algoGenetico.PopulationEvo - Thread: Thread-13 | Generation no: 2
07:37:27.434 [Thread-14] INFO  algoGenetico.PopulationEvo - Thread: Thread-14 | Generation no: 24
07:37:27.447 [Thread-2] INFO  algoGenetico.PopulationEvo - Thread: Thread-2 | Generation no: 15
07:37:27.515 [Thread-34] INFO  algoGenetico.PopulationEvo - Thread: Thread-34 | Generation no: 1
07:37:27.678 [Thread-22] INFO  algoGenetico.PopulationEvo - Thread: Thread-22 | Generation no: 13
07:37:28.033 [Thread-40] INFO  algoGenetico.PopulationEvo - Thread: Thread-40 | Generation no: 2
07:37:28.779 [Thread-5] INFO  algoGenetico.PopulationEvo - Thread: Thread-5 | Generation no: 3
07:37:29.136 [Thread-37] INFO  algoGenetico.PopulationEvo - Thread: Thread-37 | Generation no: 3
07:37:29.288 [Thread-33] INFO  algoGenetico.PopulationEvo - Thread: Thread-33 | Generation no: 3
07:37:29.609 [pool-2-thread-2] INFO  algoGenetico.PopulationEvo - Thread: pool-2-thread-2 | Hyperparameters{nrGenerations=24, nrFitIndividuals=227, tournamentSize=192, seed=885, hiddenDimSize=13, mutationProb=0.34760735680234256, populationSize=603}
07:37:29.810 [Thread-19] INFO  algoGenetico.PopulationEvo - Thread: Thread-19 | Generation no: 5
07:37:29.975 [Thread-38] INFO  algoGenetico.PopulationEvo - Thread: Thread-38 | Generation no: 5
07:37:30.438 [Thread-14] INFO  algoGenetico.PopulationEvo - Thread: Thread-14 | Generation no: 25
07:37:30.710 [Thread-20] INFO  algoGenetico.PopulationEvo - Thread: Thread-20 | Generation no: 3
07:37:31.436 [Thread-22] INFO  algoGenetico.PopulationEvo - Thread: Thread-22 | Generation no: 14
07:37:31.598 [pool-2-thread-3] INFO  algoGenetico.PopulationEvo - Thread: pool-2-thread-3 | Hyperparameters{nrGenerations=41, nrFitIndividuals=49, tournamentSize=11, seed=1168, hiddenDimSize=45, mutationProb=0.6007731129374829, populationSize=700}
07:37:31.733 [Thread-39] INFO  algoGenetico.PopulationEvo - Thread: Thread-39 | Generation no: 1
07:37:32.274 [Thread-40] INFO  algoGenetico.PopulationEvo - Thread: Thread-40 | Generation no: 3
07:37:32.998 [Thread-28] INFO  algoGenetico.PopulationEvo - Thread: Thread-28 | Generation no: 1
07:37:33.318 [Thread-30] INFO  algoGenetico.PopulationEvo - Thread: Thread-30 | Generation no: 6
07:37:33.574 [Thread-12] INFO  algoGenetico.PopulationEvo - Thread: Thread-12 | Generation no: 4
07:37:33.613 [Thread-11] INFO  algoGenetico.PopulationEvo - Thread: Thread-11 | Generation no: 3
07:37:33.733 [Thread-37] INFO  algoGenetico.PopulationEvo - Thread: Thread-37 | Generation no: 4
07:37:33.923 [Thread-14] INFO  algoGenetico.PopulationEvo - Thread: Thread-14 | Generation no: 26
07:37:34.293 [Thread-10] INFO  algoGenetico.PopulationEvo - Thread: Thread-10 | Generation no: 3
07:37:34.371 [Thread-38] INFO  algoGenetico.PopulationEvo - Thread: Thread-38 | Generation no: 6
07:37:34.839 [Thread-29] INFO  algoGenetico.PopulationEvo - Thread: Thread-29 | Generation no: 2
07:37:35.408 [pool-2-thread-3] INFO  algoGenetico.PopulationEvo - Thread: pool-2-thread-3 | Hyperparameters{nrGenerations=19, nrFitIndividuals=71, tournamentSize=59, seed=3266, hiddenDimSize=25, mutationProb=0.32253578465325794, populationSize=170}
07:37:35.530 [Thread-2] INFO  algoGenetico.PopulationEvo - Thread: Thread-2 | Generation no: 16
07:37:35.573 [Thread-3] INFO  algoGenetico.PopulationEvo - Thread: Thread-3 | Generation no: 6
07:37:36.154 [Thread-22] INFO  algoGenetico.PopulationEvo - Thread: Thread-22 | Generation no: 15
07:37:36.891 [Thread-9] INFO  algoGenetico.PopulationEvo - Thread: Thread-9 | Generation no: 4
07:37:37.798 [Thread-14] INFO  algoGenetico.PopulationEvo - Thread: Thread-14 | Generation no: 27
07:37:38.141 [Thread-40] INFO  algoGenetico.PopulationEvo - Thread: Thread-40 | Generation no: 4
07:37:38.977 [Thread-35] INFO  algoGenetico.PopulationEvo - Thread: Thread-35 | Generation no: 1
07:37:39.024 [Thread-38] INFO  algoGenetico.PopulationEvo - Thread: Thread-38 | Generation no: 7
07:37:39.362 [Thread-34] INFO  algoGenetico.PopulationEvo - Thread: Thread-34 | Generation no: 2
07:37:39.430 [Thread-45] INFO  algoGenetico.PopulationEvo - Thread: Thread-45 | Generation no: 1
07:37:40.088 [Thread-37] INFO  algoGenetico.PopulationEvo - Thread: Thread-37 | Generation no: 5
07:37:40.328 [Thread-25] INFO  algoGenetico.PopulationEvo - Thread: Thread-25 | Generation no: 2
07:37:40.625 [Thread-22] INFO  algoGenetico.PopulationEvo - Thread: Thread-22 | Generation no: 16
07:37:40.835 [Thread-33] INFO  algoGenetico.PopulationEvo - Thread: Thread-33 | Generation no: 4
07:37:41.490 [Thread-14] INFO  algoGenetico.PopulationEvo - Thread: Thread-14 | Generation no: 28
07:37:42.500 [Thread-30] INFO  algoGenetico.PopulationEvo - Thread: Thread-30 | Generation no: 7
07:37:42.610 [Thread-16] INFO  algoGenetico.PopulationEvo - Thread: Thread-16 | Generation no: 2
07:37:42.747 [pool-2-thread-1] INFO  algoGenetico.PopulationEvo - Thread: pool-2-thread-1 | Hyperparameters{nrGenerations=80, nrFitIndividuals=233, tournamentSize=83, seed=1540, hiddenDimSize=50, mutationProb=0.35483678073771874, populationSize=599}
07:37:42.862 [Thread-45] INFO  algoGenetico.PopulationEvo - Thread: Thread-45 | Generation no: 2
07:37:43.207 [Thread-40] INFO  algoGenetico.PopulationEvo - Thread: Thread-40 | Generation no: 5
07:37:43.212 [Thread-32] INFO  algoGenetico.PopulationEvo - Thread: Thread-32 | Generation no: 2
07:37:43.224 [Thread-27] INFO  algoGenetico.PopulationEvo - Thread: Thread-27 | Generation no: 2
07:37:43.248 [Thread-38] INFO  algoGenetico.PopulationEvo - Thread: Thread-38 | Generation no: 8
07:37:43.427 [Thread-2] INFO  algoGenetico.PopulationEvo - Thread: Thread-2 | Generation no: 17
07:37:43.600 [Thread-39] INFO  algoGenetico.PopulationEvo - Thread: Thread-39 | Generation no: 2
07:37:43.647 [Thread-4] INFO  algoGenetico.PopulationEvo - Thread: Thread-4 | Generation no: 8
07:37:44.443 [Thread-22] INFO  algoGenetico.PopulationEvo - Thread: Thread-22 | Generation no: 17
07:37:44.743 [Thread-14] INFO  algoGenetico.PopulationEvo - Thread: Thread-14 | Generation no: 29
07:37:44.929 [Thread-7] INFO  algoGenetico.PopulationEvo - Thread: Thread-7 | Generation no: 7
07:37:46.367 [pool-2-thread-4] INFO  algoGenetico.PopulationEvo - Thread: pool-2-thread-4 | Hyperparameters{nrGenerations=49, nrFitIndividuals=102, tournamentSize=67, seed=3935, hiddenDimSize=30, mutationProb=0.9107395252627356, populationSize=800}
07:37:46.402 [pool-2-thread-1] INFO  algoGenetico.PopulationEvo - Thread: pool-2-thread-1 | Hyperparameters{nrGenerations=8, nrFitIndividuals=69, tournamentSize=19, seed=4095, hiddenDimSize=38, mutationProb=0.9328284148644413, populationSize=197}
07:37:46.862 [pool-2-thread-3] INFO  algoGenetico.PopulationEvo - Thread: pool-2-thread-3 | Hyperparameters{nrGenerations=35, nrFitIndividuals=146, tournamentSize=96, seed=970, hiddenDimSize=36, mutationProb=0.23519855718845517, populationSize=338}
07:37:47.259 [Thread-41] INFO  algoGenetico.PopulationEvo - Thread: Thread-41 | Generation no: 1
07:37:47.467 [Thread-38] INFO  algoGenetico.PopulationEvo - Thread: Thread-38 | Generation no: 9
07:37:47.552 [Thread-0] INFO  algoGenetico.PopulationEvo - Thread: Thread-0 | Generation no: 6
07:37:48.526 [Thread-14] INFO  algoGenetico.PopulationEvo - Thread: Thread-14 | Generation no: 30
07:37:48.918 [Thread-22] INFO  algoGenetico.PopulationEvo - Thread: Thread-22 | Generation no: 18
07:37:48.971 [Thread-37] INFO  algoGenetico.PopulationEvo - Thread: Thread-37 | Generation no: 6
07:37:49.437 [Thread-40] INFO  algoGenetico.PopulationEvo - Thread: Thread-40 | Generation no: 6
07:37:49.918 [Thread-19] INFO  algoGenetico.PopulationEvo - Thread: Thread-19 | Generation no: 6
07:37:50.202 [Thread-47] INFO  algoGenetico.PopulationEvo - Thread: Thread-47 | Generation no: 1
07:37:51.451 [Thread-30] INFO  algoGenetico.PopulationEvo - Thread: Thread-30 | Generation no: 8
07:37:51.589 [Thread-38] INFO  algoGenetico.PopulationEvo - Thread: Thread-38 | Generation no: 10
07:37:51.824 [pool-2-thread-4] INFO  algoGenetico.PopulationEvo - Thread: pool-2-thread-4 | Hyperparameters{nrGenerations=74, nrFitIndividuals=66, tournamentSize=10, seed=5158, hiddenDimSize=17, mutationProb=0.8980038340970581, populationSize=262}
07:37:51.916 [Thread-2] INFO  algoGenetico.PopulationEvo - Thread: Thread-2 | Generation no: 18
07:37:52.522 [Thread-14] INFO  algoGenetico.PopulationEvo - Thread: Thread-14 | Generation no: 31
07:37:52.680 [pool-2-thread-2] INFO  algoGenetico.PopulationEvo - Thread: pool-2-thread-2 | Hyperparameters{nrGenerations=71, nrFitIndividuals=27, tournamentSize=10, seed=2932, hiddenDimSize=48, mutationProb=0.7697017319711531, populationSize=646}
07:37:53.411 [Thread-22] INFO  algoGenetico.PopulationEvo - Thread: Thread-22 | Generation no: 19
07:37:53.658 [Thread-20] INFO  algoGenetico.PopulationEvo - Thread: Thread-20 | Generation no: 4
07:37:53.876 [pool-2-thread-1] INFO  algoGenetico.PopulationEvo - Thread: pool-2-thread-1 | Hyperparameters{nrGenerations=8, nrFitIndividuals=116, tournamentSize=83, seed=1014, hiddenDimSize=26, mutationProb=0.9679459690225323, populationSize=300}
07:37:54.614 [Thread-34] INFO  algoGenetico.PopulationEvo - Thread: Thread-34 | Generation no: 3
07:37:54.959 [Thread-35] INFO  algoGenetico.PopulationEvo - Thread: Thread-35 | Generation no: 2
07:37:55.025 [Thread-47] INFO  algoGenetico.PopulationEvo - Thread: Thread-47 | Generation no: 2
07:37:55.899 [Thread-12] INFO  algoGenetico.PopulationEvo - Thread: Thread-12 | Generation no: 5
07:37:56.336 [Thread-5] INFO  algoGenetico.PopulationEvo - Thread: Thread-5 | Generation no: 4
07:37:56.380 [Thread-38] INFO  algoGenetico.PopulationEvo - Thread: Thread-38 | Generation no: 11
07:37:56.767 [Thread-40] INFO  algoGenetico.PopulationEvo - Thread: Thread-40 | Generation no: 7
07:37:56.865 [pool-2-thread-2] INFO  algoGenetico.PopulationEvo - Thread: pool-2-thread-2 | Hyperparameters{nrGenerations=100, nrFitIndividuals=188, tournamentSize=132, seed=2675, hiddenDimSize=1, mutationProb=0.16561136810215404, populationSize=609}
07:37:57.152 [Thread-14] INFO  algoGenetico.PopulationEvo - Thread: Thread-14 | Generation no: 32
07:37:57.505 [Thread-48] INFO  algoGenetico.PopulationEvo - Thread: Thread-48 | Generation no: 1
07:37:58.025 [Thread-36] INFO  algoGenetico.PopulationEvo - Thread: Thread-36 | Generation no: 1
07:37:58.368 [Thread-22] INFO  algoGenetico.PopulationEvo - Thread: Thread-22 | Generation no: 20
07:37:59.221 [Thread-23] INFO  algoGenetico.PopulationEvo - Thread: Thread-23 | Generation no: 2
07:37:59.925 [Thread-25] INFO  algoGenetico.PopulationEvo - Thread: Thread-25 | Generation no: 3
07:38:00.463 [pool-2-thread-4] INFO  algoGenetico.PopulationEvo - Thread: pool-2-thread-4 | Hyperparameters{nrGenerations=67, nrFitIndividuals=311, tournamentSize=102, seed=1769, hiddenDimSize=13, mutationProb=0.3027211818114448, populationSize=624}
07:38:00.534 [Thread-37] INFO  algoGenetico.PopulationEvo - Thread: Thread-37 | Generation no: 7
07:38:00.623 [Thread-29] INFO  algoGenetico.PopulationEvo - Thread: Thread-29 | Generation no: 3
07:38:00.666 [Thread-47] INFO  algoGenetico.PopulationEvo - Thread: Thread-47 | Generation no: 3
07:38:00.969 [Thread-28] INFO  algoGenetico.PopulationEvo - Thread: Thread-28 | Generation no: 2
07:38:00.983 [Thread-38] INFO  algoGenetico.PopulationEvo - Thread: Thread-38 | Generation no: 12
07:38:01.346 [Thread-11] INFO  algoGenetico.PopulationEvo - Thread: Thread-11 | Generation no: 4
07:38:01.692 [Thread-14] INFO  algoGenetico.PopulationEvo - Thread: Thread-14 | Generation no: 33
07:38:01.822 [Thread-30] INFO  algoGenetico.PopulationEvo - Thread: Thread-30 | Generation no: 9
07:38:02.515 [Thread-2] INFO  algoGenetico.PopulationEvo - Thread: Thread-2 | Generation no: 19
07:38:02.904 [Thread-4] INFO  algoGenetico.PopulationEvo - Thread: Thread-4 | Generation no: 9
07:38:03.091 [Thread-22] INFO  algoGenetico.PopulationEvo - Thread: Thread-22 | Generation no: 21
07:38:03.102 [Thread-46] INFO  algoGenetico.PopulationEvo - Thread: Thread-46 | Generation no: 1
07:38:03.505 [Thread-39] INFO  algoGenetico.PopulationEvo - Thread: Thread-39 | Generation no: 3
07:38:03.832 [Thread-48] INFO  algoGenetico.PopulationEvo - Thread: Thread-48 | Generation no: 2
07:38:03.948 [Thread-52] INFO  algoGenetico.PopulationEvo - Thread: Thread-52 | Generation no: 1
07:38:04.056 [Thread-40] INFO  algoGenetico.PopulationEvo - Thread: Thread-40 | Generation no: 8
07:38:04.318 [Thread-41] INFO  algoGenetico.PopulationEvo - Thread: Thread-41 | Generation no: 2
07:38:05.930 [Thread-14] INFO  algoGenetico.PopulationEvo - Thread: Thread-14 | Generation no: 34
07:38:06.217 [Thread-38] INFO  algoGenetico.PopulationEvo - Thread: Thread-38 | Generation no: 13
07:38:06.456 [Thread-47] INFO  algoGenetico.PopulationEvo - Thread: Thread-47 | Generation no: 4
07:38:06.635 [Thread-7] INFO  algoGenetico.PopulationEvo - Thread: Thread-7 | Generation no: 8
07:38:06.825 [Thread-49] INFO  algoGenetico.PopulationEvo - Thread: Thread-49 | Generation no: 1
07:38:07.638 [pool-2-thread-1] INFO  algoGenetico.PopulationEvo - Thread: pool-2-thread-1 | Hyperparameters{nrGenerations=62, nrFitIndividuals=144, tournamentSize=139, seed=4582, hiddenDimSize=25, mutationProb=0.15907366999195727, populationSize=605}
07:38:07.689 [pool-2-thread-3] INFO  algoGenetico.PopulationEvo - Thread: pool-2-thread-3 | Hyperparameters{nrGenerations=65, nrFitIndividuals=199, tournamentSize=23, seed=5529, hiddenDimSize=50, mutationProb=0.687458961603264, populationSize=601}
07:38:08.281 [Thread-22] INFO  algoGenetico.PopulationEvo - Thread: Thread-22 | Generation no: 22
07:38:08.746 [Thread-3] INFO  algoGenetico.PopulationEvo - Thread: Thread-3 | Generation no: 7
07:38:10.325 [Thread-14] INFO  algoGenetico.PopulationEvo - Thread: Thread-14 | Generation no: 35
07:38:10.408 [Thread-52] INFO  algoGenetico.PopulationEvo - Thread: Thread-52 | Generation no: 2
07:38:11.257 [Thread-42] INFO  algoGenetico.PopulationEvo - Thread: Thread-42 | Generation no: 1
07:38:11.540 [Thread-51] INFO  algoGenetico.PopulationEvo - Thread: Thread-51 | Generation no: 1
07:38:11.704 [Thread-38] INFO  algoGenetico.PopulationEvo - Thread: Thread-38 | Generation no: 14
07:38:12.615 [Thread-40] INFO  algoGenetico.PopulationEvo - Thread: Thread-40 | Generation no: 9
07:38:13.074 [Thread-47] INFO  algoGenetico.PopulationEvo - Thread: Thread-47 | Generation no: 5
07:38:13.280 [Thread-37] INFO  algoGenetico.PopulationEvo - Thread: Thread-37 | Generation no: 8
07:38:13.717 [Thread-16] INFO  algoGenetico.PopulationEvo - Thread: Thread-16 | Generation no: 3
07:38:14.223 [Thread-30] INFO  algoGenetico.PopulationEvo - Thread: Thread-30 | Generation no: 10
07:38:14.390 [pool-2-thread-2] INFO  algoGenetico.PopulationEvo - Thread: pool-2-thread-2 | Hyperparameters{nrGenerations=46, nrFitIndividuals=159, tournamentSize=147, seed=4885, hiddenDimSize=42, mutationProb=0.2510963642365521, populationSize=596}
07:38:14.798 [Thread-22] INFO  algoGenetico.PopulationEvo - Thread: Thread-22 | Generation no: 23
07:38:15.269 [Thread-49] INFO  algoGenetico.PopulationEvo - Thread: Thread-49 | Generation no: 2
07:38:15.462 [Thread-2] INFO  algoGenetico.PopulationEvo - Thread: Thread-2 | Generation no: 20
07:38:15.830 [Thread-14] INFO  algoGenetico.PopulationEvo - Thread: Thread-14 | Generation no: 36
07:38:17.003 [Thread-48] INFO  algoGenetico.PopulationEvo - Thread: Thread-48 | Generation no: 3
07:38:17.192 [Thread-38] INFO  algoGenetico.PopulationEvo - Thread: Thread-38 | Generation no: 15
07:38:17.422 [Thread-19] INFO  algoGenetico.PopulationEvo - Thread: Thread-19 | Generation no: 7
07:38:18.101 [Thread-35] INFO  algoGenetico.PopulationEvo - Thread: Thread-35 | Generation no: 3
07:38:19.054 [Thread-52] INFO  algoGenetico.PopulationEvo - Thread: Thread-52 | Generation no: 3
07:38:19.305 [Thread-47] INFO  algoGenetico.PopulationEvo - Thread: Thread-47 | Generation no: 6
07:38:19.460 [pool-2-thread-1] INFO  algoGenetico.PopulationEvo - Thread: pool-2-thread-1 | Hyperparameters{nrGenerations=88, nrFitIndividuals=188, tournamentSize=137, seed=478, hiddenDimSize=41, mutationProb=0.1488904161400617, populationSize=441}
07:38:19.626 [pool-2-thread-3] INFO  algoGenetico.PopulationEvo - Thread: pool-2-thread-3 | Hyperparameters{nrGenerations=45, nrFitIndividuals=54, tournamentSize=18, seed=5174, hiddenDimSize=40, mutationProb=0.6433921415171537, populationSize=265}
07:38:20.075 [Thread-22] INFO  algoGenetico.PopulationEvo - Thread: Thread-22 | Generation no: 24
07:38:20.658 [Thread-0] INFO  algoGenetico.PopulationEvo - Thread: Thread-0 | Generation no: 7
07:38:21.137 [Thread-46] INFO  algoGenetico.PopulationEvo - Thread: Thread-46 | Generation no: 2
07:38:21.326 [Thread-40] INFO  algoGenetico.PopulationEvo - Thread: Thread-40 | Generation no: 10
07:38:21.586 [Thread-14] INFO  algoGenetico.PopulationEvo - Thread: Thread-14 | Generation no: 37
07:38:21.721 [pool-2-thread-2] INFO  algoGenetico.PopulationEvo - Thread: pool-2-thread-2 | Hyperparameters{nrGenerations=49, nrFitIndividuals=164, tournamentSize=47, seed=1777, hiddenDimSize=13, mutationProb=0.06796724475325344, populationSize=379}
07:38:21.751 [Thread-20] INFO  algoGenetico.PopulationEvo - Thread: Thread-20 | Generation no: 5
07:38:22.614 [Thread-38] INFO  algoGenetico.PopulationEvo - Thread: Thread-38 | Generation no: 16
07:38:22.865 [pool-2-thread-3] INFO  algoGenetico.PopulationEvo - Thread: pool-2-thread-3 | Hyperparameters{nrGenerations=12, nrFitIndividuals=152, tournamentSize=6, seed=3821, hiddenDimSize=5, mutationProb=0.5588880711204025, populationSize=344}
07:38:22.921 [Thread-12] INFO  algoGenetico.PopulationEvo - Thread: Thread-12 | Generation no: 6
07:38:23.174 [Thread-44] INFO  algoGenetico.PopulationEvo - Thread: Thread-44 | Generation no: 1
07:38:23.558 [Thread-49] INFO  algoGenetico.PopulationEvo - Thread: Thread-49 | Generation no: 3
07:38:24.362 [Thread-4] INFO  algoGenetico.PopulationEvo - Thread: Thread-4 | Generation no: 10
07:38:24.669 [Thread-53] INFO  algoGenetico.PopulationEvo - Thread: Thread-53 | Generation no: 1
07:38:25.031 [Thread-10] INFO  algoGenetico.PopulationEvo - Thread: Thread-10 | Generation no: 4
07:38:26.123 [Thread-22] INFO  algoGenetico.PopulationEvo - Thread: Thread-22 | Generation no: 25
07:38:26.383 [Thread-47] INFO  algoGenetico.PopulationEvo - Thread: Thread-47 | Generation no: 7
07:38:27.061 [Thread-30] INFO  algoGenetico.PopulationEvo - Thread: Thread-30 | Generation no: 11
07:38:27.098 [Thread-43] INFO  algoGenetico.PopulationEvo - Thread: Thread-43 | Generation no: 1
07:38:27.377 [pool-2-thread-4] INFO  algoGenetico.PopulationEvo - Thread: pool-2-thread-4 | Hyperparameters{nrGenerations=58, nrFitIndividuals=116, tournamentSize=76, seed=976, hiddenDimSize=45, mutationProb=0.4381985419972316, populationSize=597}
07:38:27.435 [Thread-60] INFO  algoGenetico.PopulationEvo - Thread: Thread-60 | Generation no: 1
07:38:27.901 [Thread-51] INFO  algoGenetico.PopulationEvo - Thread: Thread-51 | Generation no: 2
07:38:27.931 [Thread-14] INFO  algoGenetico.PopulationEvo - Thread: Thread-14 | Generation no: 38
07:38:27.972 [Thread-52] INFO  algoGenetico.PopulationEvo - Thread: Thread-52 | Generation no: 4
07:38:28.033 [Thread-37] INFO  algoGenetico.PopulationEvo - Thread: Thread-37 | Generation no: 9
07:38:28.402 [Thread-9] INFO  algoGenetico.PopulationEvo - Thread: Thread-9 | Generation no: 5
07:38:28.673 [Thread-38] INFO  algoGenetico.PopulationEvo - Thread: Thread-38 | Generation no: 17
07:38:28.948 [Thread-2] INFO  algoGenetico.PopulationEvo - Thread: Thread-2 | Generation no: 21
07:38:29.109 [pool-2-thread-3] INFO  algoGenetico.PopulationEvo - Thread: pool-2-thread-3 | Hyperparameters{nrGenerations=79, nrFitIndividuals=72, tournamentSize=51, seed=2434, hiddenDimSize=20, mutationProb=0.5533572120901803, populationSize=214}
07:38:30.043 [pool-2-thread-2] INFO  algoGenetico.PopulationEvo - Thread: pool-2-thread-2 | Hyperparameters{nrGenerations=75, nrFitIndividuals=246, tournamentSize=213, seed=3082, hiddenDimSize=9, mutationProb=0.43334273691096514, populationSize=521}
07:38:31.040 [Thread-40] INFO  algoGenetico.PopulationEvo - Thread: Thread-40 | Generation no: 11
07:38:31.467 [Thread-57] INFO  algoGenetico.PopulationEvo - Thread: Thread-57 | Generation no: 1
07:38:31.536 [Thread-60] INFO  algoGenetico.PopulationEvo - Thread: Thread-60 | Generation no: 2
07:38:31.791 [Thread-22] INFO  algoGenetico.PopulationEvo - Thread: Thread-22 | Generation no: 26
07:38:31.985 [Thread-7] INFO  algoGenetico.PopulationEvo - Thread: Thread-7 | Generation no: 9
07:38:32.623 [Thread-58] INFO  algoGenetico.PopulationEvo - Thread: Thread-58 | Generation no: 1
07:38:32.724 [Thread-38] INFO  algoGenetico.PopulationEvo - Thread: Thread-38 | Generation no: 18
07:38:32.994 [Thread-14] INFO  algoGenetico.PopulationEvo - Thread: Thread-14 | Generation no: 39
07:38:33.294 [Thread-11] INFO  algoGenetico.PopulationEvo - Thread: Thread-11 | Generation no: 5
07:38:33.574 [Thread-5] INFO  algoGenetico.PopulationEvo - Thread: Thread-5 | Generation no: 5
07:38:33.855 [Thread-49] INFO  algoGenetico.PopulationEvo - Thread: Thread-49 | Generation no: 4
07:38:33.948 [Thread-28] INFO  algoGenetico.PopulationEvo - Thread: Thread-28 | Generation no: 3
07:38:34.151 [Thread-47] INFO  algoGenetico.PopulationEvo - Thread: Thread-47 | Generation no: 8
07:38:34.166 [Thread-47] INFO  algoGenetico.PopulationEvo - Thread: Thread-47 | Fittest: 62164.0
07:38:34.166 [Thread-47] INFO  algoGenetico.PopulationEvo - Thread: Thread-47 | GOING TO WRITE... writing file
07:38:34.166 [Thread-47] INFO  algoGenetico.PopulationEvo - Thread: Thread-47 | WROTE Fittest: 62164.0
07:38:34.435 [Thread-50] INFO  algoGenetico.PopulationEvo - Thread: Thread-50 | Generation no: 1
07:38:34.699 [Thread-56] INFO  algoGenetico.PopulationEvo - Thread: Thread-56 | Generation no: 1
07:38:35.674 [Thread-52] INFO  algoGenetico.PopulationEvo - Thread: Thread-52 | Generation no: 5
07:38:35.806 [Thread-48] INFO  algoGenetico.PopulationEvo - Thread: Thread-48 | Generation no: 4
07:38:36.257 [Thread-34] INFO  algoGenetico.PopulationEvo - Thread: Thread-34 | Generation no: 4
07:38:36.976 [Thread-62] INFO  algoGenetico.PopulationEvo - Thread: Thread-62 | Generation no: 1
07:38:37.260 [Thread-27] INFO  algoGenetico.PopulationEvo - Thread: Thread-27 | Generation no: 3
07:38:37.328 [Thread-54] INFO  algoGenetico.PopulationEvo - Thread: Thread-54 | Generation no: 1
07:38:37.369 [Thread-29] INFO  algoGenetico.PopulationEvo - Thread: Thread-29 | Generation no: 4
07:38:37.546 [pool-2-thread-2] INFO  algoGenetico.PopulationEvo - Thread: pool-2-thread-2 | Hyperparameters{nrGenerations=94, nrFitIndividuals=2, tournamentSize=1, seed=1446, hiddenDimSize=46, mutationProb=0.2498469213129122, populationSize=147}
07:38:38.236 [Thread-60] INFO  algoGenetico.PopulationEvo - Thread: Thread-60 | Generation no: 3
07:38:38.581 [Thread-38] INFO  algoGenetico.PopulationEvo - Thread: Thread-38 | Generation no: 19
07:38:38.686 [Thread-36] INFO  algoGenetico.PopulationEvo - Thread: Thread-36 | Generation no: 2
07:38:38.914 [Thread-14] INFO  algoGenetico.PopulationEvo - Thread: Thread-14 | Generation no: 40
07:38:39.139 [Thread-22] INFO  algoGenetico.PopulationEvo - Thread: Thread-22 | Generation no: 27
07:38:39.139 [Thread-22] INFO  algoGenetico.PopulationEvo - Thread: Thread-22 | Fittest: 31727.0
07:38:39.139 [Thread-22] INFO  algoGenetico.PopulationEvo - Thread: Thread-22 | GOING TO WRITE... writing file
07:38:39.140 [Thread-22] INFO  algoGenetico.PopulationEvo - Thread: Thread-22 | WROTE Fittest: 31727.0
07:38:39.347 [Thread-30] INFO  algoGenetico.PopulationEvo - Thread: Thread-30 | Generation no: 12
07:38:39.848 [pool-2-thread-4] INFO  algoGenetico.PopulationEvo - Thread: pool-2-thread-4 | Hyperparameters{nrGenerations=37, nrFitIndividuals=119, tournamentSize=61, seed=2169, hiddenDimSize=32, mutationProb=0.5001770730635884, populationSize=424}
07:38:39.926 [Thread-40] INFO  algoGenetico.PopulationEvo - Thread: Thread-40 | Generation no: 12
07:38:40.147 [Thread-46] INFO  algoGenetico.PopulationEvo - Thread: Thread-46 | Generation no: 3
07:38:40.805 [Thread-25] INFO  algoGenetico.PopulationEvo - Thread: Thread-25 | Generation no: 4
07:38:41.308 [Thread-61] INFO  algoGenetico.PopulationEvo - Thread: Thread-61 | Generation no: 1
07:38:41.457 [Thread-2] INFO  algoGenetico.PopulationEvo - Thread: Thread-2 | Generation no: 22
07:38:42.093 [Thread-37] INFO  algoGenetico.PopulationEvo - Thread: Thread-37 | Generation no: 10
07:38:42.219 [Thread-58] INFO  algoGenetico.PopulationEvo - Thread: Thread-58 | Generation no: 2
07:38:42.539 [Thread-52] INFO  algoGenetico.PopulationEvo - Thread: Thread-52 | Generation no: 6
07:38:43.113 [Thread-60] INFO  algoGenetico.PopulationEvo - Thread: Thread-60 | Generation no: 4
07:38:43.353 [Thread-49] INFO  algoGenetico.PopulationEvo - Thread: Thread-49 | Generation no: 5
07:38:43.844 [Thread-38] INFO  algoGenetico.PopulationEvo - Thread: Thread-38 | Generation no: 20
07:38:44.571 [Thread-14] INFO  algoGenetico.PopulationEvo - Thread: Thread-14 | Generation no: 41
07:38:45.748 [Thread-4] INFO  algoGenetico.PopulationEvo - Thread: Thread-4 | Generation no: 11
07:38:46.781 [Thread-57] INFO  algoGenetico.PopulationEvo - Thread: Thread-57 | Generation no: 2
07:38:47.120 [Thread-65] INFO  algoGenetico.PopulationEvo - Thread: Thread-65 | Generation no: 1
07:38:47.835 [Thread-62] INFO  algoGenetico.PopulationEvo - Thread: Thread-62 | Generation no: 2
07:38:48.444 [Thread-19] INFO  algoGenetico.PopulationEvo - Thread: Thread-19 | Generation no: 8
07:38:48.487 [pool-2-thread-4] INFO  algoGenetico.PopulationEvo - Thread: pool-2-thread-4 | Hyperparameters{nrGenerations=51, nrFitIndividuals=298, tournamentSize=87, seed=3122, hiddenDimSize=5, mutationProb=0.20303204387182505, populationSize=884}
07:38:48.704 [Thread-53] INFO  algoGenetico.PopulationEvo - Thread: Thread-53 | Generation no: 2
07:38:48.900 [Thread-38] INFO  algoGenetico.PopulationEvo - Thread: Thread-38 | Generation no: 21
07:38:49.141 [Thread-40] INFO  algoGenetico.PopulationEvo - Thread: Thread-40 | Generation no: 13
07:38:49.225 [Thread-60] INFO  algoGenetico.PopulationEvo - Thread: Thread-60 | Generation no: 5
07:38:50.397 [pool-2-thread-2] INFO  algoGenetico.PopulationEvo - Thread: pool-2-thread-2 | Hyperparameters{nrGenerations=72, nrFitIndividuals=39, tournamentSize=12, seed=717, hiddenDimSize=47, mutationProb=0.742813328857954, populationSize=302}
07:38:50.695 [pool-2-thread-3] INFO  algoGenetico.PopulationEvo - Thread: pool-2-thread-3 | Hyperparameters{nrGenerations=5, nrFitIndividuals=96, tournamentSize=86, seed=3522, hiddenDimSize=21, mutationProb=0.43777408555737585, populationSize=693}
07:38:51.011 [Thread-20] INFO  algoGenetico.PopulationEvo - Thread: Thread-20 | Generation no: 6
07:38:51.043 [Thread-42] INFO  algoGenetico.PopulationEvo - Thread: Thread-42 | Generation no: 2
07:38:51.065 [Thread-55] INFO  algoGenetico.PopulationEvo - Thread: Thread-55 | Generation no: 1
07:38:51.325 [Thread-58] INFO  algoGenetico.PopulationEvo - Thread: Thread-58 | Generation no: 3
07:38:52.044 [Thread-52] INFO  algoGenetico.PopulationEvo - Thread: Thread-52 | Generation no: 7
07:38:52.121 [Thread-3] INFO  algoGenetico.PopulationEvo - Thread: Thread-3 | Generation no: 8
07:38:52.179 [Thread-30] INFO  algoGenetico.PopulationEvo - Thread: Thread-30 | Generation no: 13
07:38:53.169 [Thread-49] INFO  algoGenetico.PopulationEvo - Thread: Thread-49 | Generation no: 6
07:38:53.483 [Thread-14] INFO  algoGenetico.PopulationEvo - Thread: Thread-14 | Generation no: 42
07:38:54.010 [Thread-35] INFO  algoGenetico.PopulationEvo - Thread: Thread-35 | Generation no: 4
07:38:54.428 [Thread-16] INFO  algoGenetico.PopulationEvo - Thread: Thread-16 | Generation no: 4
07:38:54.661 [Thread-60] INFO  algoGenetico.PopulationEvo - Thread: Thread-60 | Generation no: 6
07:38:54.939 [Thread-38] INFO  algoGenetico.PopulationEvo - Thread: Thread-38 | Generation no: 22
07:38:55.367 [Thread-12] INFO  algoGenetico.PopulationEvo - Thread: Thread-12 | Generation no: 7
07:38:55.477 [Thread-48] INFO  algoGenetico.PopulationEvo - Thread: Thread-48 | Generation no: 5
07:38:55.478 [Thread-2] INFO  algoGenetico.PopulationEvo - Thread: Thread-2 | Generation no: 23
07:38:55.744 [Thread-56] INFO  algoGenetico.PopulationEvo - Thread: Thread-56 | Generation no: 2
07:38:56.565 [Thread-0] INFO  algoGenetico.PopulationEvo - Thread: Thread-0 | Generation no: 8
07:38:57.203 [Thread-13] INFO  algoGenetico.PopulationEvo - Thread: Thread-13 | Generation no: 3
07:38:58.217 [Thread-37] INFO  algoGenetico.PopulationEvo - Thread: Thread-37 | Generation no: 11
07:38:58.430 [Thread-40] INFO  algoGenetico.PopulationEvo - Thread: Thread-40 | Generation no: 14
07:38:59.248 [Thread-61] INFO  algoGenetico.PopulationEvo - Thread: Thread-61 | Generation no: 2
07:38:59.269 [Thread-52] INFO  algoGenetico.PopulationEvo - Thread: Thread-52 | Generation no: 8
07:38:59.686 [pool-2-thread-1] INFO  algoGenetico.PopulationEvo - Thread: pool-2-thread-1 | Hyperparameters{nrGenerations=40, nrFitIndividuals=150, tournamentSize=141, seed=4682, hiddenDimSize=47, mutationProb=0.6005463772267009, populationSize=986}
07:39:00.226 [Thread-54] INFO  algoGenetico.PopulationEvo - Thread: Thread-54 | Generation no: 2
07:39:00.609 [Thread-51] INFO  algoGenetico.PopulationEvo - Thread: Thread-51 | Generation no: 3
07:39:00.626 [Thread-14] INFO  algoGenetico.PopulationEvo - Thread: Thread-14 | Generation no: 43
07:39:00.736 [Thread-46] INFO  algoGenetico.PopulationEvo - Thread: Thread-46 | Generation no: 4
07:39:00.800 [Thread-60] INFO  algoGenetico.PopulationEvo - Thread: Thread-60 | Generation no: 7
07:39:01.131 [Thread-63] INFO  algoGenetico.PopulationEvo - Thread: Thread-63 | Generation no: 1
07:39:01.304 [Thread-44] INFO  algoGenetico.PopulationEvo - Thread: Thread-44 | Generation no: 2
07:39:01.497 [Thread-7] INFO  algoGenetico.PopulationEvo - Thread: Thread-7 | Generation no: 10
07:39:01.946 [Thread-38] INFO  algoGenetico.PopulationEvo - Thread: Thread-38 | Generation no: 23
07:39:02.191 [Thread-67] INFO  algoGenetico.PopulationEvo - Thread: Thread-67 | Generation no: 1
07:39:03.624 [Thread-49] INFO  algoGenetico.PopulationEvo - Thread: Thread-49 | Generation no: 7
07:39:04.115 [pool-2-thread-1] INFO  algoGenetico.PopulationEvo - Thread: pool-2-thread-1 | Hyperparameters{nrGenerations=100, nrFitIndividuals=59, tournamentSize=39, seed=4232, hiddenDimSize=20, mutationProb=0.8377656164141818, populationSize=161}
07:39:06.007 [Thread-66] INFO  algoGenetico.PopulationEvo - Thread: Thread-66 | Generation no: 1
07:39:06.792 [Thread-23] INFO  algoGenetico.PopulationEvo - Thread: Thread-23 | Generation no: 3
07:39:06.929 [Thread-50] INFO  algoGenetico.PopulationEvo - Thread: Thread-50 | Generation no: 2
07:39:07.269 [Thread-14] INFO  algoGenetico.PopulationEvo - Thread: Thread-14 | Generation no: 44
07:39:07.279 [Thread-57] INFO  algoGenetico.PopulationEvo - Thread: Thread-57 | Generation no: 3
07:39:07.700 [Thread-30] INFO  algoGenetico.PopulationEvo - Thread: Thread-30 | Generation no: 14
07:39:07.734 [Thread-60] INFO  algoGenetico.PopulationEvo - Thread: Thread-60 | Generation no: 8
07:39:08.158 [Thread-71] INFO  algoGenetico.PopulationEvo - Thread: Thread-71 | Generation no: 1
07:39:08.874 [Thread-52] INFO  algoGenetico.PopulationEvo - Thread: Thread-52 | Generation no: 9
07:39:08.927 [Thread-38] INFO  algoGenetico.PopulationEvo - Thread: Thread-38 | Generation no: 24
07:39:09.495 [Thread-62] INFO  algoGenetico.PopulationEvo - Thread: Thread-62 | Generation no: 3
07:39:10.236 [Thread-28] INFO  algoGenetico.PopulationEvo - Thread: Thread-28 | Generation no: 4
07:39:10.455 [Thread-11] INFO  algoGenetico.PopulationEvo - Thread: Thread-11 | Generation no: 6
07:39:10.490 [Thread-2] INFO  algoGenetico.PopulationEvo - Thread: Thread-2 | Generation no: 24
07:39:11.169 [Thread-40] INFO  algoGenetico.PopulationEvo - Thread: Thread-40 | Generation no: 15
07:39:12.083 [pool-2-thread-3] INFO  algoGenetico.PopulationEvo - Thread: pool-2-thread-3 | Hyperparameters{nrGenerations=27, nrFitIndividuals=15, tournamentSize=12, seed=963, hiddenDimSize=34, mutationProb=0.8147576136236435, populationSize=553}
07:39:12.403 [Thread-4] INFO  algoGenetico.PopulationEvo - Thread: Thread-4 | Generation no: 12
07:39:12.881 [pool-2-thread-2] INFO  algoGenetico.PopulationEvo - Thread: pool-2-thread-2 | Hyperparameters{nrGenerations=67, nrFitIndividuals=266, tournamentSize=87, seed=5517, hiddenDimSize=21, mutationProb=0.516599594287162, populationSize=697}
07:39:13.405 [Thread-71] INFO  algoGenetico.PopulationEvo - Thread: Thread-71 | Generation no: 2
07:39:13.482 [Thread-14] INFO  algoGenetico.PopulationEvo - Thread: Thread-14 | Generation no: 45
07:39:14.061 [Thread-60] INFO  algoGenetico.PopulationEvo - Thread: Thread-60 | Generation no: 9
07:39:14.627 [Thread-49] INFO  algoGenetico.PopulationEvo - Thread: Thread-49 | Generation no: 8
07:39:14.627 [Thread-49] INFO  algoGenetico.PopulationEvo - Thread: Thread-49 | Fittest: 63749.0
07:39:14.627 [Thread-49] INFO  algoGenetico.PopulationEvo - Thread: Thread-49 | GOING TO WRITE... writing file
07:39:14.627 [Thread-49] INFO  algoGenetico.PopulationEvo - Thread: Thread-49 | WROTE Fittest: 63749.0
07:39:14.858 [Thread-37] INFO  algoGenetico.PopulationEvo - Thread: Thread-37 | Generation no: 12
07:39:15.397 [pool-2-thread-4] INFO  algoGenetico.PopulationEvo - Thread: pool-2-thread-4 | Hyperparameters{nrGenerations=62, nrFitIndividuals=348, tournamentSize=254, seed=1682, hiddenDimSize=41, mutationProb=0.28106370947491455, populationSize=840}
07:39:15.716 [Thread-38] INFO  algoGenetico.PopulationEvo - Thread: Thread-38 | Generation no: 25
07:39:16.733 [Thread-67] INFO  algoGenetico.PopulationEvo - Thread: Thread-67 | Generation no: 2
07:39:17.062 [pool-2-thread-1] INFO  algoGenetico.PopulationEvo - Thread: pool-2-thread-1 | Hyperparameters{nrGenerations=36, nrFitIndividuals=84, tournamentSize=66, seed=4897, hiddenDimSize=37, mutationProb=0.5856219036329346, populationSize=305}
07:39:17.337 [Thread-64] INFO  algoGenetico.PopulationEvo - Thread: Thread-64 | Generation no: 1
07:39:17.431 [Thread-52] INFO  algoGenetico.PopulationEvo - Thread: Thread-52 | Generation no: 10
07:39:18.130 [Thread-48] INFO  algoGenetico.PopulationEvo - Thread: Thread-48 | Generation no: 6
07:39:20.112 [Thread-14] INFO  algoGenetico.PopulationEvo - Thread: Thread-14 | Generation no: 46
07:39:20.326 [Thread-55] INFO  algoGenetico.PopulationEvo - Thread: Thread-55 | Generation no: 2
07:39:21.510 [Thread-29] INFO  algoGenetico.PopulationEvo - Thread: Thread-29 | Generation no: 5
07:39:21.617 [Thread-71] INFO  algoGenetico.PopulationEvo - Thread: Thread-71 | Generation no: 3
07:39:21.829 [Thread-40] INFO  algoGenetico.PopulationEvo - Thread: Thread-40 | Generation no: 16
07:39:22.452 [Thread-38] INFO  algoGenetico.PopulationEvo - Thread: Thread-38 | Generation no: 26
07:39:22.574 [Thread-5] INFO  algoGenetico.PopulationEvo - Thread: Thread-5 | Generation no: 6
07:39:22.767 [Thread-60] INFO  algoGenetico.PopulationEvo - Thread: Thread-60 | Generation no: 10
07:39:22.769 [Thread-30] INFO  algoGenetico.PopulationEvo - Thread: Thread-30 | Generation no: 15
07:39:22.988 [pool-2-thread-2] INFO  algoGenetico.PopulationEvo - Thread: pool-2-thread-2 | Hyperparameters{nrGenerations=61, nrFitIndividuals=54, tournamentSize=6, seed=1387, hiddenDimSize=24, mutationProb=0.2888818030304976, populationSize=253}
07:39:26.441 [Thread-19] INFO  algoGenetico.PopulationEvo - Thread: Thread-19 | Generation no: 9
07:39:26.607 [pool-2-thread-3] INFO  algoGenetico.PopulationEvo - Thread: pool-2-thread-3 | Hyperparameters{nrGenerations=49, nrFitIndividuals=168, tournamentSize=116, seed=1828, hiddenDimSize=21, mutationProb=0.40514332766823824, populationSize=430}
07:39:26.948 [Thread-14] INFO  algoGenetico.PopulationEvo - Thread: Thread-14 | Generation no: 47
07:39:27.320 [Thread-46] INFO  algoGenetico.PopulationEvo - Thread: Thread-46 | Generation no: 5
07:39:27.716 [Thread-2] INFO  algoGenetico.PopulationEvo - Thread: Thread-2 | Generation no: 25
07:39:27.923 [Thread-72] INFO  algoGenetico.PopulationEvo - Thread: Thread-72 | Generation no: 1
07:39:28.483 [Thread-52] INFO  algoGenetico.PopulationEvo - Thread: Thread-52 | Generation no: 11
07:39:28.550 [Thread-34] INFO  algoGenetico.PopulationEvo - Thread: Thread-34 | Generation no: 5
07:39:28.571 [Thread-20] INFO  algoGenetico.PopulationEvo - Thread: Thread-20 | Generation no: 7
07:39:29.539 [Thread-54] INFO  algoGenetico.PopulationEvo - Thread: Thread-54 | Generation no: 3
07:39:29.697 [Thread-38] INFO  algoGenetico.PopulationEvo - Thread: Thread-38 | Generation no: 27
07:39:30.774 [Thread-61] INFO  algoGenetico.PopulationEvo - Thread: Thread-61 | Generation no: 3
07:39:31.309 [Thread-37] INFO  algoGenetico.PopulationEvo - Thread: Thread-37 | Generation no: 13
07:39:31.786 [Thread-53] INFO  algoGenetico.PopulationEvo - Thread: Thread-53 | Generation no: 3
07:39:31.849 [Thread-10] INFO  algoGenetico.PopulationEvo - Thread: Thread-10 | Generation no: 5
07:39:32.066 [Thread-60] INFO  algoGenetico.PopulationEvo - Thread: Thread-60 | Generation no: 11
07:39:32.333 [Thread-62] INFO  algoGenetico.PopulationEvo - Thread: Thread-62 | Generation no: 4
07:39:32.851 [Thread-40] INFO  algoGenetico.PopulationEvo - Thread: Thread-40 | Generation no: 17
07:39:32.908 [Thread-74] INFO  algoGenetico.PopulationEvo - Thread: Thread-74 | Generation no: 1
07:39:33.223 [Thread-7] INFO  algoGenetico.PopulationEvo - Thread: Thread-7 | Generation no: 11
07:39:34.200 [Thread-66] INFO  algoGenetico.PopulationEvo - Thread: Thread-66 | Generation no: 2
07:39:34.377 [Thread-43] INFO  algoGenetico.PopulationEvo - Thread: Thread-43 | Generation no: 2
07:39:34.423 [Thread-14] INFO  algoGenetico.PopulationEvo - Thread: Thread-14 | Generation no: 48
07:39:35.101 [Thread-71] INFO  algoGenetico.PopulationEvo - Thread: Thread-71 | Generation no: 4
07:39:35.207 [Thread-67] INFO  algoGenetico.PopulationEvo - Thread: Thread-67 | Generation no: 3
07:39:35.789 [Thread-12] INFO  algoGenetico.PopulationEvo - Thread: Thread-12 | Generation no: 8
07:39:36.287 [Thread-57] INFO  algoGenetico.PopulationEvo - Thread: Thread-57 | Generation no: 4
07:39:37.420 [Thread-38] INFO  algoGenetico.PopulationEvo - Thread: Thread-38 | Generation no: 28
07:39:39.411 [Thread-52] INFO  algoGenetico.PopulationEvo - Thread: Thread-52 | Generation no: 12
07:39:39.812 [Thread-30] INFO  algoGenetico.PopulationEvo - Thread: Thread-30 | Generation no: 16
07:39:40.446 [Thread-4] INFO  algoGenetico.PopulationEvo - Thread: Thread-4 | Generation no: 13
07:39:40.459 [Thread-70] INFO  algoGenetico.PopulationEvo - Thread: Thread-70 | Generation no: 1
07:39:40.851 [Thread-60] INFO  algoGenetico.PopulationEvo - Thread: Thread-60 | Generation no: 12
07:39:40.851 [Thread-60] INFO  algoGenetico.PopulationEvo - Thread: Thread-60 | Fittest: 41264.0
07:39:40.851 [Thread-60] INFO  algoGenetico.PopulationEvo - Thread: Thread-60 | GOING TO WRITE... writing file
07:39:40.851 [Thread-60] INFO  algoGenetico.PopulationEvo - Thread: Thread-60 | WROTE Fittest: 41264.0
07:39:41.700 [Thread-48] INFO  algoGenetico.PopulationEvo - Thread: Thread-48 | Generation no: 7
07:39:43.159 [Thread-14] INFO  algoGenetico.PopulationEvo - Thread: Thread-14 | Generation no: 49
07:39:43.799 [Thread-74] INFO  algoGenetico.PopulationEvo - Thread: Thread-74 | Generation no: 2
07:39:44.185 [Thread-0] INFO  algoGenetico.PopulationEvo - Thread: Thread-0 | Generation no: 9
07:39:45.293 [Thread-69] INFO  algoGenetico.PopulationEvo - Thread: Thread-69 | Generation no: 1
07:39:45.546 [Thread-38] INFO  algoGenetico.PopulationEvo - Thread: Thread-38 | Generation no: 29
07:39:46.014 [Thread-64] INFO  algoGenetico.PopulationEvo - Thread: Thread-64 | Generation no: 2
07:39:46.182 [Thread-72] INFO  algoGenetico.PopulationEvo - Thread: Thread-72 | Generation no: 2
07:39:46.210 [Thread-40] INFO  algoGenetico.PopulationEvo - Thread: Thread-40 | Generation no: 18
07:39:47.719 [Thread-2] INFO  algoGenetico.PopulationEvo - Thread: Thread-2 | Generation no: 26
07:39:49.795 [Thread-3] INFO  algoGenetico.PopulationEvo - Thread: Thread-3 | Generation no: 9
07:39:49.848 [pool-2-thread-3] INFO  algoGenetico.PopulationEvo - Thread: pool-2-thread-3 | Hyperparameters{nrGenerations=89, nrFitIndividuals=255, tournamentSize=220, seed=5592, hiddenDimSize=23, mutationProb=0.40032339610651524, populationSize=585}
07:39:50.333 [Thread-37] INFO  algoGenetico.PopulationEvo - Thread: Thread-37 | Generation no: 14
07:39:50.727 [Thread-14] INFO  algoGenetico.PopulationEvo - Thread: Thread-14 | Generation no: 50
07:39:50.969 [Thread-52] INFO  algoGenetico.PopulationEvo - Thread: Thread-52 | Generation no: 13
07:39:51.522 [pool-2-thread-1] INFO  algoGenetico.PopulationEvo - Thread: pool-2-thread-1 | Hyperparameters{nrGenerations=75, nrFitIndividuals=32, tournamentSize=29, seed=1043, hiddenDimSize=20, mutationProb=0.32344869710668056, populationSize=964}
07:39:51.797 [Thread-35] INFO  algoGenetico.PopulationEvo - Thread: Thread-35 | Generation no: 5
07:39:52.065 [Thread-73] INFO  algoGenetico.PopulationEvo - Thread: Thread-73 | Generation no: 1
07:39:52.880 [pool-2-thread-4] INFO  algoGenetico.PopulationEvo - Thread: pool-2-thread-4 | Hyperparameters{nrGenerations=57, nrFitIndividuals=158, tournamentSize=64, seed=3905, hiddenDimSize=32, mutationProb=0.6037101304471719, populationSize=731}
07:39:53.075 [Thread-68] INFO  algoGenetico.PopulationEvo - Thread: Thread-68 | Generation no: 1
07:39:53.874 [Thread-27] INFO  algoGenetico.PopulationEvo - Thread: Thread-27 | Generation no: 4
07:39:53.955 [Thread-38] INFO  algoGenetico.PopulationEvo - Thread: Thread-38 | Generation no: 30
07:39:54.602 [Thread-71] INFO  algoGenetico.PopulationEvo - Thread: Thread-71 | Generation no: 5
07:39:55.296 [Thread-63] INFO  algoGenetico.PopulationEvo - Thread: Thread-63 | Generation no: 2
07:39:56.533 [Thread-67] INFO  algoGenetico.PopulationEvo - Thread: Thread-67 | Generation no: 4
07:39:56.822 [Thread-9] INFO  algoGenetico.PopulationEvo - Thread: Thread-9 | Generation no: 6
07:39:56.823 [Thread-9] INFO  algoGenetico.PopulationEvo - Thread: Thread-9 | Fittest: 93857.0
07:39:56.823 [Thread-9] INFO  algoGenetico.PopulationEvo - Thread: Thread-9 | GOING TO WRITE... writing file
07:39:56.823 [Thread-9] INFO  algoGenetico.PopulationEvo - Thread: Thread-9 | WROTE Fittest: 93857.0
07:39:56.844 [Thread-51] INFO  algoGenetico.PopulationEvo - Thread: Thread-51 | Generation no: 4
07:39:57.004 [Thread-30] INFO  algoGenetico.PopulationEvo - Thread: Thread-30 | Generation no: 17
07:39:57.004 [Thread-28] INFO  algoGenetico.PopulationEvo - Thread: Thread-28 | Generation no: 5
07:39:57.080 [Thread-55] INFO  algoGenetico.PopulationEvo - Thread: Thread-55 | Generation no: 3
07:39:58.106 [Thread-40] INFO  algoGenetico.PopulationEvo - Thread: Thread-40 | Generation no: 19
07:39:58.448 [Thread-11] INFO  algoGenetico.PopulationEvo - Thread: Thread-11 | Generation no: 7
07:39:58.452 [Thread-74] INFO  algoGenetico.PopulationEvo - Thread: Thread-74 | Generation no: 3
07:39:59.006 [Thread-36] INFO  algoGenetico.PopulationEvo - Thread: Thread-36 | Generation no: 3
07:39:59.949 [Thread-62] INFO  algoGenetico.PopulationEvo - Thread: Thread-62 | Generation no: 5
07:39:59.997 [pool-2-thread-1] INFO  algoGenetico.PopulationEvo - Thread: pool-2-thread-1 | Hyperparameters{nrGenerations=34, nrFitIndividuals=107, tournamentSize=24, seed=3803, hiddenDimSize=26, mutationProb=0.8412458754836807, populationSize=238}
07:40:00.204 [Thread-14] INFO  algoGenetico.PopulationEvo - Thread: Thread-14 | Generation no: 51
07:40:00.492 [pool-2-thread-2] INFO  algoGenetico.PopulationEvo - Thread: pool-2-thread-2 | Hyperparameters{nrGenerations=17, nrFitIndividuals=277, tournamentSize=20, seed=4255, hiddenDimSize=50, mutationProb=0.43072425626195376, populationSize=814}
07:40:01.330 [Thread-38] INFO  algoGenetico.PopulationEvo - Thread: Thread-38 | Generation no: 31
07:40:02.432 [Thread-52] INFO  algoGenetico.PopulationEvo - Thread: Thread-52 | Generation no: 14
07:40:02.811 [Thread-25] INFO  algoGenetico.PopulationEvo - Thread: Thread-25 | Generation no: 5
07:40:03.664 [pool-2-thread-4] INFO  algoGenetico.PopulationEvo - Thread: pool-2-thread-4 | Hyperparameters{nrGenerations=67, nrFitIndividuals=175, tournamentSize=10, seed=1650, hiddenDimSize=8, mutationProb=0.09892900300337348, populationSize=453}
07:40:05.986 [Thread-2] INFO  algoGenetico.PopulationEvo - Thread: Thread-2 | Generation no: 27
07:40:05.986 [Thread-2] INFO  algoGenetico.PopulationEvo - Thread: Thread-2 | Fittest: 41074.0
07:40:05.986 [Thread-2] INFO  algoGenetico.PopulationEvo - Thread: Thread-2 | GOING TO WRITE... writing file
07:40:05.987 [Thread-2] INFO  algoGenetico.PopulationEvo - Thread: Thread-2 | WROTE Fittest: 41074.0
07:40:06.196 [Thread-16] INFO  algoGenetico.PopulationEvo - Thread: Thread-16 | Generation no: 5
07:40:06.991 [pool-2-thread-1] INFO  algoGenetico.PopulationEvo - Thread: pool-2-thread-1 | Hyperparameters{nrGenerations=21, nrFitIndividuals=19, tournamentSize=3, seed=5917, hiddenDimSize=13, mutationProb=0.14962294350894811, populationSize=261}
07:40:08.217 [Thread-14] INFO  algoGenetico.PopulationEvo - Thread: Thread-14 | Generation no: 52
07:40:08.483 [Thread-48] INFO  algoGenetico.PopulationEvo - Thread: Thread-48 | Generation no: 8
07:40:08.722 [Thread-38] INFO  algoGenetico.PopulationEvo - Thread: Thread-38 | Generation no: 32
07:40:08.831 [pool-2-thread-2] INFO  algoGenetico.PopulationEvo - Thread: pool-2-thread-2 | Hyperparameters{nrGenerations=85, nrFitIndividuals=124, tournamentSize=67, seed=1287, hiddenDimSize=7, mutationProb=0.83321064873231, populationSize=358}
07:40:08.869 [Thread-7] INFO  algoGenetico.PopulationEvo - Thread: Thread-7 | Generation no: 12
07:40:09.110 [Thread-50] INFO  algoGenetico.PopulationEvo - Thread: Thread-50 | Generation no: 3
07:40:09.194 [Thread-80] INFO  algoGenetico.PopulationEvo - Thread: Thread-80 | Generation no: 1
07:40:09.457 [Thread-20] INFO  algoGenetico.PopulationEvo - Thread: Thread-20 | Generation no: 8
07:40:09.458 [pool-2-thread-3] INFO  algoGenetico.PopulationEvo - Thread: pool-2-thread-3 | Hyperparameters{nrGenerations=45, nrFitIndividuals=154, tournamentSize=52, seed=2799, hiddenDimSize=25, mutationProb=0.579622293565112, populationSize=578}
07:40:09.465 [Thread-72] INFO  algoGenetico.PopulationEvo - Thread: Thread-72 | Generation no: 3
07:40:09.953 [Thread-46] INFO  algoGenetico.PopulationEvo - Thread: Thread-46 | Generation no: 6
07:40:10.195 [pool-2-thread-1] INFO  algoGenetico.PopulationEvo - Thread: pool-2-thread-1 | Hyperparameters{nrGenerations=78, nrFitIndividuals=13, tournamentSize=10, seed=2720, hiddenDimSize=3, mutationProb=0.1031028546386471, populationSize=199}
07:40:10.335 [Thread-19] INFO  algoGenetico.PopulationEvo - Thread: Thread-19 | Generation no: 10
07:40:10.352 [Thread-4] INFO  algoGenetico.PopulationEvo - Thread: Thread-4 | Generation no: 14
07:40:11.035 [Thread-37] INFO  algoGenetico.PopulationEvo - Thread: Thread-37 | Generation no: 15
07:40:11.359 [Thread-40] INFO  algoGenetico.PopulationEvo - Thread: Thread-40 | Generation no: 20
07:40:11.665 [Thread-52] INFO  algoGenetico.PopulationEvo - Thread: Thread-52 | Generation no: 15
07:40:12.839 [Thread-82] INFO  algoGenetico.PopulationEvo - Thread: Thread-82 | Generation no: 1
07:40:13.823 [Thread-85] INFO  algoGenetico.PopulationEvo - Thread: Thread-85 | Generation no: 1
07:40:14.518 [Thread-71] INFO  algoGenetico.PopulationEvo - Thread: Thread-71 | Generation no: 6
07:40:14.617 [Thread-45] INFO  algoGenetico.PopulationEvo - Thread: Thread-45 | Generation no: 3
07:40:14.771 [Thread-61] INFO  algoGenetico.PopulationEvo - Thread: Thread-61 | Generation no: 4
07:40:15.196 [Thread-30] INFO  algoGenetico.PopulationEvo - Thread: Thread-30 | Generation no: 18
07:40:17.646 [Thread-81] INFO  algoGenetico.PopulationEvo - Thread: Thread-81 | Generation no: 1
07:40:17.813 [pool-2-thread-4] INFO  algoGenetico.PopulationEvo - Thread: pool-2-thread-4 | Hyperparameters{nrGenerations=79, nrFitIndividuals=72, tournamentSize=29, seed=1710, hiddenDimSize=41, mutationProb=0.6857648730184429, populationSize=261}
07:40:18.525 [Thread-59] INFO  algoGenetico.PopulationEvo - Thread: Thread-59 | Generation no: 1
07:40:18.611 [Thread-85] INFO  algoGenetico.PopulationEvo - Thread: Thread-85 | Generation no: 2
07:40:18.683 [Thread-74] INFO  algoGenetico.PopulationEvo - Thread: Thread-74 | Generation no: 4
07:40:18.896 [Thread-38] INFO  algoGenetico.PopulationEvo - Thread: Thread-38 | Generation no: 33
07:40:19.111 [Thread-14] INFO  algoGenetico.PopulationEvo - Thread: Thread-14 | Generation no: 53
07:40:19.297 [Thread-67] INFO  algoGenetico.PopulationEvo - Thread: Thread-67 | Generation no: 5
07:40:21.170 [Thread-82] INFO  algoGenetico.PopulationEvo - Thread: Thread-82 | Generation no: 2
07:40:21.461 [Thread-54] INFO  algoGenetico.PopulationEvo - Thread: Thread-54 | Generation no: 4
07:40:21.580 [Thread-80] INFO  algoGenetico.PopulationEvo - Thread: Thread-80 | Generation no: 2
07:40:22.177 [Thread-43] INFO  algoGenetico.PopulationEvo - Thread: Thread-43 | Generation no: 3
07:40:22.415 [Thread-73] INFO  algoGenetico.PopulationEvo - Thread: Thread-73 | Generation no: 2
07:40:23.118 [Thread-85] INFO  algoGenetico.PopulationEvo - Thread: Thread-85 | Generation no: 3
07:40:23.512 [Thread-83] INFO  algoGenetico.PopulationEvo - Thread: Thread-83 | Generation no: 1
07:40:23.960 [Thread-52] INFO  algoGenetico.PopulationEvo - Thread: Thread-52 | Generation no: 16
07:40:24.692 [Thread-12] INFO  algoGenetico.PopulationEvo - Thread: Thread-12 | Generation no: 9
07:40:25.458 [Thread-23] INFO  algoGenetico.PopulationEvo - Thread: Thread-23 | Generation no: 4
07:40:25.585 [Thread-40] INFO  algoGenetico.PopulationEvo - Thread: Thread-40 | Generation no: 21
07:40:26.249 [Thread-29] INFO  algoGenetico.PopulationEvo - Thread: Thread-29 | Generation no: 6
07:40:26.504 [Thread-85] INFO  algoGenetico.PopulationEvo - Thread: Thread-85 | Generation no: 4
07:40:27.224 [Thread-5] INFO  algoGenetico.PopulationEvo - Thread: Thread-5 | Generation no: 7
07:40:27.350 [Thread-57] INFO  algoGenetico.PopulationEvo - Thread: Thread-57 | Generation no: 5
07:40:28.021 [Thread-41] INFO  algoGenetico.PopulationEvo - Thread: Thread-41 | Generation no: 3
07:40:28.122 [Thread-38] INFO  algoGenetico.PopulationEvo - Thread: Thread-38 | Generation no: 34
07:40:28.472 [Thread-82] INFO  algoGenetico.PopulationEvo - Thread: Thread-82 | Generation no: 3
07:40:28.975 [Thread-69] INFO  algoGenetico.PopulationEvo - Thread: Thread-69 | Generation no: 2
07:40:29.802 [Thread-78] INFO  algoGenetico.PopulationEvo - Thread: Thread-78 | Generation no: 1
07:40:30.309 [Thread-81] INFO  algoGenetico.PopulationEvo - Thread: Thread-81 | Generation no: 2
07:40:30.455 [Thread-62] INFO  algoGenetico.PopulationEvo - Thread: Thread-62 | Generation no: 6
07:40:30.732 [pool-2-thread-1] INFO  algoGenetico.PopulationEvo - Thread: pool-2-thread-1 | Hyperparameters{nrGenerations=39, nrFitIndividuals=131, tournamentSize=115, seed=1392, hiddenDimSize=43, mutationProb=0.8549358761954713, populationSize=271}
07:40:30.901 [Thread-14] INFO  algoGenetico.PopulationEvo - Thread: Thread-14 | Generation no: 54
07:40:31.643 [Thread-66] INFO  algoGenetico.PopulationEvo - Thread: Thread-66 | Generation no: 3
07:40:32.018 [Thread-37] INFO  algoGenetico.PopulationEvo - Thread: Thread-37 | Generation no: 16
07:40:32.315 [Thread-85] INFO  algoGenetico.PopulationEvo - Thread: Thread-85 | Generation no: 5
07:40:32.476 [Thread-84] INFO  algoGenetico.PopulationEvo - Thread: Thread-84 | Generation no: 1
07:40:32.576 [Thread-53] INFO  algoGenetico.PopulationEvo - Thread: Thread-53 | Generation no: 4
07:40:33.969 [Thread-72] INFO  algoGenetico.PopulationEvo - Thread: Thread-72 | Generation no: 4
07:40:35.393 [Thread-64] INFO  algoGenetico.PopulationEvo - Thread: Thread-64 | Generation no: 3
07:40:35.672 [Thread-30] INFO  algoGenetico.PopulationEvo - Thread: Thread-30 | Generation no: 19
07:40:35.851 [Thread-42] INFO  algoGenetico.PopulationEvo - Thread: Thread-42 | Generation no: 3
07:40:36.045 [Thread-52] INFO  algoGenetico.PopulationEvo - Thread: Thread-52 | Generation no: 17
07:40:36.345 [Thread-85] INFO  algoGenetico.PopulationEvo - Thread: Thread-85 | Generation no: 6
07:40:36.531 [Thread-34] INFO  algoGenetico.PopulationEvo - Thread: Thread-34 | Generation no: 6
07:40:36.585 [Thread-58] INFO  algoGenetico.PopulationEvo - Thread: Thread-58 | Generation no: 4
07:40:38.482 [Thread-38] INFO  algoGenetico.PopulationEvo - Thread: Thread-38 | Generation no: 35
07:40:39.245 [Thread-82] INFO  algoGenetico.PopulationEvo - Thread: Thread-82 | Generation no: 4
07:40:39.567 [Thread-14] INFO  algoGenetico.PopulationEvo - Thread: Thread-14 | Generation no: 55
07:40:39.584 [Thread-68] INFO  algoGenetico.PopulationEvo - Thread: Thread-68 | Generation no: 2
07:40:39.961 [Thread-79] INFO  algoGenetico.PopulationEvo - Thread: Thread-79 | Generation no: 1
07:40:40.620 [Thread-70] INFO  algoGenetico.PopulationEvo - Thread: Thread-70 | Generation no: 2
07:40:40.806 [Thread-80] INFO  algoGenetico.PopulationEvo - Thread: Thread-80 | Generation no: 3
07:40:41.143 [Thread-85] INFO  algoGenetico.PopulationEvo - Thread: Thread-85 | Generation no: 7
07:40:41.158 [Thread-40] INFO  algoGenetico.PopulationEvo - Thread: Thread-40 | Generation no: 22
07:40:41.405 [Thread-71] INFO  algoGenetico.PopulationEvo - Thread: Thread-71 | Generation no: 7
07:40:41.745 [Thread-48] INFO  algoGenetico.PopulationEvo - Thread: Thread-48 | Generation no: 9
07:40:42.399 [Thread-0] INFO  algoGenetico.PopulationEvo - Thread: Thread-0 | Generation no: 10
07:40:43.784 [Thread-83] INFO  algoGenetico.PopulationEvo - Thread: Thread-83 | Generation no: 2
07:40:45.526 [Thread-85] INFO  algoGenetico.PopulationEvo - Thread: Thread-85 | Generation no: 8
07:40:45.570 [Thread-74] INFO  algoGenetico.PopulationEvo - Thread: Thread-74 | Generation no: 5
07:40:47.979 [Thread-67] INFO  algoGenetico.PopulationEvo - Thread: Thread-67 | Generation no: 6
07:40:48.069 [Thread-4] INFO  algoGenetico.PopulationEvo - Thread: Thread-4 | Generation no: 15
