23:02:16.535 [main] INFO  algoGenetico.PopulationEvo - Hyperparameters{nrGenerations=20, nrFitIndividuals=57, tournamentSize=38, seed=201, hiddenDimSize=28, mutationProb=0.7304207249088315, populationSize=732}
23:02:18.485 [Thread-0] INFO  algoGenetico.PopulationEvo - Thread: Thread-0 | Generation no: 1
23:02:20.570 [main] INFO  algoGenetico.PopulationEvo - Hyperparameters{nrGenerations=88, nrFitIndividuals=221, tournamentSize=210, seed=511, hiddenDimSize=24, mutationProb=0.2127226058142423, populationSize=955}
23:02:20.991 [Thread-0] INFO  algoGenetico.PopulationEvo - Thread: Thread-0 | Generation no: 2
23:02:23.415 [Thread-0] INFO  algoGenetico.PopulationEvo - Thread: Thread-0 | Generation no: 3
23:02:24.539 [main] INFO  algoGenetico.PopulationEvo - Hyperparameters{nrGenerations=92, nrFitIndividuals=55, tournamentSize=40, seed=411, hiddenDimSize=30, mutationProb=0.4384725996240125, populationSize=792}
23:02:25.804 [Thread-1] INFO  algoGenetico.PopulationEvo - Thread: Thread-1 | Generation no: 1
23:02:26.012 [Thread-0] INFO  algoGenetico.PopulationEvo - Thread: Thread-0 | Generation no: 4
23:02:28.334 [Thread-2] INFO  algoGenetico.PopulationEvo - Thread: Thread-2 | Generation no: 1
23:02:28.967 [main] INFO  algoGenetico.PopulationEvo - Hyperparameters{nrGenerations=89, nrFitIndividuals=206, tournamentSize=189, seed=260, hiddenDimSize=29, mutationProb=0.0998672524012818, populationSize=942}
23:02:29.171 [Thread-0] INFO  algoGenetico.PopulationEvo - Thread: Thread-0 | Generation no: 5
23:02:32.264 [Thread-0] INFO  algoGenetico.PopulationEvo - Thread: Thread-0 | Generation no: 6
23:02:34.084 [Thread-2] INFO  algoGenetico.PopulationEvo - Thread: Thread-2 | Generation no: 2
23:02:34.207 [main] INFO  algoGenetico.PopulationEvo - Hyperparameters{nrGenerations=99, nrFitIndividuals=156, tournamentSize=20, seed=890, hiddenDimSize=35, mutationProb=0.4350332905740173, populationSize=955}
23:02:34.405 [Thread-1] INFO  algoGenetico.PopulationEvo - Thread: Thread-1 | Generation no: 2
23:02:34.438 [Thread-3] INFO  algoGenetico.PopulationEvo - Thread: Thread-3 | Generation no: 1
23:02:35.453 [Thread-0] INFO  algoGenetico.PopulationEvo - Thread: Thread-0 | Generation no: 7
23:02:37.896 [main] INFO  algoGenetico.PopulationEvo - Hyperparameters{nrGenerations=94, nrFitIndividuals=267, tournamentSize=38, seed=656, hiddenDimSize=21, mutationProb=0.18196519121020016, populationSize=862}
23:02:38.285 [Thread-3] INFO  algoGenetico.PopulationEvo - Thread: Thread-3 | Generation no: 2
23:02:38.575 [Thread-0] INFO  algoGenetico.PopulationEvo - Thread: Thread-0 | Generation no: 8
23:02:38.604 [main] INFO  algoGenetico.PopulationEvo - Hyperparameters{nrGenerations=33, nrFitIndividuals=186, tournamentSize=118, seed=425, hiddenDimSize=10, mutationProb=0.15626545540520254, populationSize=517}
23:02:39.546 [Thread-6] INFO  algoGenetico.PopulationEvo - Thread: Thread-6 | Generation no: 1
23:02:40.010 [Thread-4] INFO  algoGenetico.PopulationEvo - Thread: Thread-4 | Generation no: 1
23:02:40.519 [main] INFO  algoGenetico.PopulationEvo - Hyperparameters{nrGenerations=47, nrFitIndividuals=79, tournamentSize=74, seed=269, hiddenDimSize=4, mutationProb=0.4488510276983765, populationSize=872}
23:02:41.013 [Thread-6] INFO  algoGenetico.PopulationEvo - Thread: Thread-6 | Generation no: 2
23:02:42.085 [Thread-3] INFO  algoGenetico.PopulationEvo - Thread: Thread-3 | Generation no: 3
23:02:42.191 [Thread-0] INFO  algoGenetico.PopulationEvo - Thread: Thread-0 | Generation no: 9
23:02:42.257 [main] INFO  algoGenetico.PopulationEvo - Hyperparameters{nrGenerations=72, nrFitIndividuals=30, tournamentSize=4, seed=668, hiddenDimSize=36, mutationProb=0.22963342291219424, populationSize=295}
23:02:42.389 [Thread-5] INFO  algoGenetico.PopulationEvo - Thread: Thread-5 | Generation no: 1
23:02:42.812 [Thread-7] INFO  algoGenetico.PopulationEvo - Thread: Thread-7 | Generation no: 1
23:02:43.803 [main] INFO  algoGenetico.PopulationEvo - Hyperparameters{nrGenerations=64, nrFitIndividuals=141, tournamentSize=22, seed=924, hiddenDimSize=46, mutationProb=0.3661007589937473, populationSize=371}
23:02:44.087 [Thread-8] INFO  algoGenetico.PopulationEvo - Thread: Thread-8 | Generation no: 1
23:02:45.084 [Thread-2] INFO  algoGenetico.PopulationEvo - Thread: Thread-2 | Generation no: 3
23:02:45.363 [Thread-9] INFO  algoGenetico.PopulationEvo - Thread: Thread-9 | Generation no: 1
23:02:46.043 [Thread-1] INFO  algoGenetico.PopulationEvo - Thread: Thread-1 | Generation no: 3
23:02:46.156 [Thread-3] INFO  algoGenetico.PopulationEvo - Thread: Thread-3 | Generation no: 4
23:02:46.198 [Thread-0] INFO  algoGenetico.PopulationEvo - Thread: Thread-0 | Generation no: 10
23:02:46.309 [Thread-7] INFO  algoGenetico.PopulationEvo - Thread: Thread-7 | Generation no: 2
23:02:46.623 [Thread-8] INFO  algoGenetico.PopulationEvo - Thread: Thread-8 | Generation no: 2
23:02:46.957 [Thread-5] INFO  algoGenetico.PopulationEvo - Thread: Thread-5 | Generation no: 2
23:02:47.043 [Thread-9] INFO  algoGenetico.PopulationEvo - Thread: Thread-9 | Generation no: 2
23:02:48.813 [Thread-4] INFO  algoGenetico.PopulationEvo - Thread: Thread-4 | Generation no: 2
23:02:48.956 [Thread-9] INFO  algoGenetico.PopulationEvo - Thread: Thread-9 | Generation no: 3
23:02:50.273 [Thread-8] INFO  algoGenetico.PopulationEvo - Thread: Thread-8 | Generation no: 3
23:02:50.318 [Thread-0] INFO  algoGenetico.PopulationEvo - Thread: Thread-0 | Generation no: 11
23:02:50.657 [Thread-3] INFO  algoGenetico.PopulationEvo - Thread: Thread-3 | Generation no: 5
23:02:51.110 [Thread-9] INFO  algoGenetico.PopulationEvo - Thread: Thread-9 | Generation no: 4
23:02:53.835 [Thread-5] INFO  algoGenetico.PopulationEvo - Thread: Thread-5 | Generation no: 3
23:02:54.468 [Thread-0] INFO  algoGenetico.PopulationEvo - Thread: Thread-0 | Generation no: 12
23:02:54.967 [Thread-3] INFO  algoGenetico.PopulationEvo - Thread: Thread-3 | Generation no: 6
23:02:55.125 [Thread-9] INFO  algoGenetico.PopulationEvo - Thread: Thread-9 | Generation no: 5
23:02:55.307 [Thread-8] INFO  algoGenetico.PopulationEvo - Thread: Thread-8 | Generation no: 4
23:02:57.459 [Thread-2] INFO  algoGenetico.PopulationEvo - Thread: Thread-2 | Generation no: 4
23:02:58.454 [Thread-0] INFO  algoGenetico.PopulationEvo - Thread: Thread-0 | Generation no: 13
23:02:59.455 [Thread-3] INFO  algoGenetico.PopulationEvo - Thread: Thread-3 | Generation no: 7
23:03:00.082 [Thread-4] INFO  algoGenetico.PopulationEvo - Thread: Thread-4 | Generation no: 3
23:03:00.366 [Thread-8] INFO  algoGenetico.PopulationEvo - Thread: Thread-8 | Generation no: 5
23:03:02.502 [Thread-9] INFO  algoGenetico.PopulationEvo - Thread: Thread-9 | Generation no: 6
23:03:02.611 [Thread-0] INFO  algoGenetico.PopulationEvo - Thread: Thread-0 | Generation no: 14
23:03:03.643 [Thread-3] INFO  algoGenetico.PopulationEvo - Thread: Thread-3 | Generation no: 8
23:03:03.689 [Thread-1] INFO  algoGenetico.PopulationEvo - Thread: Thread-1 | Generation no: 4
23:03:04.830 [Thread-5] INFO  algoGenetico.PopulationEvo - Thread: Thread-5 | Generation no: 4
23:03:05.557 [Thread-8] INFO  algoGenetico.PopulationEvo - Thread: Thread-8 | Generation no: 6
23:03:06.771 [Thread-0] INFO  algoGenetico.PopulationEvo - Thread: Thread-0 | Generation no: 15
23:03:08.160 [Thread-3] INFO  algoGenetico.PopulationEvo - Thread: Thread-3 | Generation no: 9
23:03:10.275 [Thread-9] INFO  algoGenetico.PopulationEvo - Thread: Thread-9 | Generation no: 7
23:03:10.457 [Thread-2] INFO  algoGenetico.PopulationEvo - Thread: Thread-2 | Generation no: 5
23:03:10.703 [Thread-8] INFO  algoGenetico.PopulationEvo - Thread: Thread-8 | Generation no: 7
23:03:11.011 [Thread-0] INFO  algoGenetico.PopulationEvo - Thread: Thread-0 | Generation no: 16
23:03:12.396 [Thread-3] INFO  algoGenetico.PopulationEvo - Thread: Thread-3 | Generation no: 10
23:03:12.867 [Thread-4] INFO  algoGenetico.PopulationEvo - Thread: Thread-4 | Generation no: 4
23:03:15.177 [Thread-0] INFO  algoGenetico.PopulationEvo - Thread: Thread-0 | Generation no: 17
23:03:15.680 [Thread-5] INFO  algoGenetico.PopulationEvo - Thread: Thread-5 | Generation no: 5
23:03:16.032 [Thread-8] INFO  algoGenetico.PopulationEvo - Thread: Thread-8 | Generation no: 8
23:03:16.604 [Thread-3] INFO  algoGenetico.PopulationEvo - Thread: Thread-3 | Generation no: 11
23:03:18.009 [Thread-9] INFO  algoGenetico.PopulationEvo - Thread: Thread-9 | Generation no: 8
23:03:19.328 [Thread-0] INFO  algoGenetico.PopulationEvo - Thread: Thread-0 | Generation no: 18
23:03:19.752 [Thread-1] INFO  algoGenetico.PopulationEvo - Thread: Thread-1 | Generation no: 5
23:03:21.057 [Thread-3] INFO  algoGenetico.PopulationEvo - Thread: Thread-3 | Generation no: 12
23:03:21.348 [Thread-8] INFO  algoGenetico.PopulationEvo - Thread: Thread-8 | Generation no: 9
23:03:22.865 [Thread-2] INFO  algoGenetico.PopulationEvo - Thread: Thread-2 | Generation no: 6
23:03:23.059 [Thread-0] INFO  algoGenetico.PopulationEvo - Thread: Thread-0 | Generation no: 19
23:03:25.518 [Thread-9] INFO  algoGenetico.PopulationEvo - Thread: Thread-9 | Generation no: 9
23:03:25.544 [Thread-3] INFO  algoGenetico.PopulationEvo - Thread: Thread-3 | Generation no: 13
23:03:26.322 [Thread-5] INFO  algoGenetico.PopulationEvo - Thread: Thread-5 | Generation no: 6
23:03:26.495 [Thread-4] INFO  algoGenetico.PopulationEvo - Thread: Thread-4 | Generation no: 5
23:03:26.656 [Thread-8] INFO  algoGenetico.PopulationEvo - Thread: Thread-8 | Generation no: 10
23:03:27.280 [Thread-0] INFO  algoGenetico.PopulationEvo - Thread: Thread-0 | Generation no: 20
23:03:27.282 [Thread-0] INFO  algoGenetico.PopulationEvo - Thread: Thread-0 | Fittest: 61284.0
23:03:27.282 [Thread-0] INFO  algoGenetico.PopulationEvo - Thread: Thread-0 | FINISHED... writing file
23:03:27.282 [Thread-0] INFO  algoGenetico.PopulationEvo - Thread: Thread-0 | WROTE Fittest: 61284.0
23:03:29.559 [Thread-3] INFO  algoGenetico.PopulationEvo - Thread: Thread-3 | Generation no: 14
23:03:31.630 [Thread-8] INFO  algoGenetico.PopulationEvo - Thread: Thread-8 | Generation no: 11
23:03:32.517 [Thread-9] INFO  algoGenetico.PopulationEvo - Thread: Thread-9 | Generation no: 10
23:03:33.432 [Thread-3] INFO  algoGenetico.PopulationEvo - Thread: Thread-3 | Generation no: 15
23:03:34.803 [Thread-2] INFO  algoGenetico.PopulationEvo - Thread: Thread-2 | Generation no: 7
23:03:36.355 [Thread-1] INFO  algoGenetico.PopulationEvo - Thread: Thread-1 | Generation no: 6
23:03:36.418 [Thread-5] INFO  algoGenetico.PopulationEvo - Thread: Thread-5 | Generation no: 7
23:03:36.539 [Thread-8] INFO  algoGenetico.PopulationEvo - Thread: Thread-8 | Generation no: 12
23:03:37.424 [Thread-3] INFO  algoGenetico.PopulationEvo - Thread: Thread-3 | Generation no: 16
23:03:39.679 [Thread-9] INFO  algoGenetico.PopulationEvo - Thread: Thread-9 | Generation no: 11
23:03:39.806 [Thread-4] INFO  algoGenetico.PopulationEvo - Thread: Thread-4 | Generation no: 6
23:03:41.602 [Thread-8] INFO  algoGenetico.PopulationEvo - Thread: Thread-8 | Generation no: 13
23:03:41.843 [Thread-3] INFO  algoGenetico.PopulationEvo - Thread: Thread-3 | Generation no: 17
23:03:46.043 [Thread-3] INFO  algoGenetico.PopulationEvo - Thread: Thread-3 | Generation no: 18
23:03:46.812 [Thread-2] INFO  algoGenetico.PopulationEvo - Thread: Thread-2 | Generation no: 8
23:03:47.099 [Thread-5] INFO  algoGenetico.PopulationEvo - Thread: Thread-5 | Generation no: 8
23:03:47.200 [Thread-8] INFO  algoGenetico.PopulationEvo - Thread: Thread-8 | Generation no: 14
23:03:47.551 [Thread-9] INFO  algoGenetico.PopulationEvo - Thread: Thread-9 | Generation no: 12
23:03:50.093 [Thread-3] INFO  algoGenetico.PopulationEvo - Thread: Thread-3 | Generation no: 19
23:03:51.673 [Thread-1] INFO  algoGenetico.PopulationEvo - Thread: Thread-1 | Generation no: 7
23:03:52.028 [Thread-8] INFO  algoGenetico.PopulationEvo - Thread: Thread-8 | Generation no: 15
23:03:53.514 [Thread-4] INFO  algoGenetico.PopulationEvo - Thread: Thread-4 | Generation no: 7
23:03:53.994 [Thread-3] INFO  algoGenetico.PopulationEvo - Thread: Thread-3 | Generation no: 20
23:03:54.895 [Thread-9] INFO  algoGenetico.PopulationEvo - Thread: Thread-9 | Generation no: 13
23:03:57.368 [Thread-8] INFO  algoGenetico.PopulationEvo - Thread: Thread-8 | Generation no: 16
23:03:57.520 [Thread-5] INFO  algoGenetico.PopulationEvo - Thread: Thread-5 | Generation no: 9
23:03:58.337 [Thread-3] INFO  algoGenetico.PopulationEvo - Thread: Thread-3 | Generation no: 21
23:03:58.654 [Thread-2] INFO  algoGenetico.PopulationEvo - Thread: Thread-2 | Generation no: 9
23:04:02.135 [Thread-3] INFO  algoGenetico.PopulationEvo - Thread: Thread-3 | Generation no: 22
23:04:02.256 [Thread-9] INFO  algoGenetico.PopulationEvo - Thread: Thread-9 | Generation no: 14
23:04:02.479 [Thread-8] INFO  algoGenetico.PopulationEvo - Thread: Thread-8 | Generation no: 17
23:04:06.108 [Thread-3] INFO  algoGenetico.PopulationEvo - Thread: Thread-3 | Generation no: 23
23:04:06.669 [Thread-1] INFO  algoGenetico.PopulationEvo - Thread: Thread-1 | Generation no: 8
23:04:07.174 [Thread-4] INFO  algoGenetico.PopulationEvo - Thread: Thread-4 | Generation no: 8
23:04:07.409 [Thread-8] INFO  algoGenetico.PopulationEvo - Thread: Thread-8 | Generation no: 18
23:04:07.430 [Thread-5] INFO  algoGenetico.PopulationEvo - Thread: Thread-5 | Generation no: 10
23:04:09.475 [Thread-9] INFO  algoGenetico.PopulationEvo - Thread: Thread-9 | Generation no: 15
23:04:10.053 [Thread-3] INFO  algoGenetico.PopulationEvo - Thread: Thread-3 | Generation no: 24
23:04:10.108 [Thread-2] INFO  algoGenetico.PopulationEvo - Thread: Thread-2 | Generation no: 10
23:04:12.474 [Thread-8] INFO  algoGenetico.PopulationEvo - Thread: Thread-8 | Generation no: 19
23:04:15.369 [Thread-3] INFO  algoGenetico.PopulationEvo - Thread: Thread-3 | Generation no: 25
23:04:17.565 [Thread-9] INFO  algoGenetico.PopulationEvo - Thread: Thread-9 | Generation no: 16
23:04:18.110 [Thread-8] INFO  algoGenetico.PopulationEvo - Thread: Thread-8 | Generation no: 20
23:04:18.650 [Thread-5] INFO  algoGenetico.PopulationEvo - Thread: Thread-5 | Generation no: 11
23:04:19.377 [Thread-3] INFO  algoGenetico.PopulationEvo - Thread: Thread-3 | Generation no: 26
23:04:20.783 [Thread-4] INFO  algoGenetico.PopulationEvo - Thread: Thread-4 | Generation no: 9
23:04:22.920 [Thread-2] INFO  algoGenetico.PopulationEvo - Thread: Thread-2 | Generation no: 11
23:04:23.193 [Thread-8] INFO  algoGenetico.PopulationEvo - Thread: Thread-8 | Generation no: 21
23:04:23.344 [Thread-3] INFO  algoGenetico.PopulationEvo - Thread: Thread-3 | Generation no: 27
23:04:23.537 [Thread-1] INFO  algoGenetico.PopulationEvo - Thread: Thread-1 | Generation no: 9
23:04:24.789 [Thread-9] INFO  algoGenetico.PopulationEvo - Thread: Thread-9 | Generation no: 17
23:04:27.664 [Thread-3] INFO  algoGenetico.PopulationEvo - Thread: Thread-3 | Generation no: 28
23:04:28.335 [Thread-8] INFO  algoGenetico.PopulationEvo - Thread: Thread-8 | Generation no: 22
23:04:29.011 [Thread-5] INFO  algoGenetico.PopulationEvo - Thread: Thread-5 | Generation no: 12
23:04:31.866 [Thread-3] INFO  algoGenetico.PopulationEvo - Thread: Thread-3 | Generation no: 29
23:04:31.966 [Thread-9] INFO  algoGenetico.PopulationEvo - Thread: Thread-9 | Generation no: 18
23:04:32.422 [Thread-4] INFO  algoGenetico.PopulationEvo - Thread: Thread-4 | Generation no: 10
23:04:33.591 [Thread-8] INFO  algoGenetico.PopulationEvo - Thread: Thread-8 | Generation no: 23
23:04:34.773 [Thread-2] INFO  algoGenetico.PopulationEvo - Thread: Thread-2 | Generation no: 12
23:04:36.055 [Thread-3] INFO  algoGenetico.PopulationEvo - Thread: Thread-3 | Generation no: 30
23:04:38.849 [Thread-8] INFO  algoGenetico.PopulationEvo - Thread: Thread-8 | Generation no: 24
23:04:39.537 [Thread-5] INFO  algoGenetico.PopulationEvo - Thread: Thread-5 | Generation no: 13
23:04:39.616 [Thread-9] INFO  algoGenetico.PopulationEvo - Thread: Thread-9 | Generation no: 19
23:04:39.779 [Thread-1] INFO  algoGenetico.PopulationEvo - Thread: Thread-1 | Generation no: 10
23:04:40.300 [Thread-3] INFO  algoGenetico.PopulationEvo - Thread: Thread-3 | Generation no: 31
23:04:44.007 [Thread-8] INFO  algoGenetico.PopulationEvo - Thread: Thread-8 | Generation no: 25
23:04:44.120 [Thread-4] INFO  algoGenetico.PopulationEvo - Thread: Thread-4 | Generation no: 11
23:04:44.749 [Thread-3] INFO  algoGenetico.PopulationEvo - Thread: Thread-3 | Generation no: 32
23:04:47.191 [Thread-9] INFO  algoGenetico.PopulationEvo - Thread: Thread-9 | Generation no: 20
23:04:47.291 [Thread-2] INFO  algoGenetico.PopulationEvo - Thread: Thread-2 | Generation no: 13
23:04:49.235 [Thread-3] INFO  algoGenetico.PopulationEvo - Thread: Thread-3 | Generation no: 33
23:04:49.683 [Thread-8] INFO  algoGenetico.PopulationEvo - Thread: Thread-8 | Generation no: 26
23:04:50.536 [Thread-5] INFO  algoGenetico.PopulationEvo - Thread: Thread-5 | Generation no: 14
23:04:53.248 [Thread-3] INFO  algoGenetico.PopulationEvo - Thread: Thread-3 | Generation no: 34
23:04:54.687 [Thread-8] INFO  algoGenetico.PopulationEvo - Thread: Thread-8 | Generation no: 27
23:04:54.697 [Thread-9] INFO  algoGenetico.PopulationEvo - Thread: Thread-9 | Generation no: 21
23:04:54.827 [Thread-1] INFO  algoGenetico.PopulationEvo - Thread: Thread-1 | Generation no: 11
23:04:56.461 [Thread-4] INFO  algoGenetico.PopulationEvo - Thread: Thread-4 | Generation no: 12
23:04:57.079 [Thread-3] INFO  algoGenetico.PopulationEvo - Thread: Thread-3 | Generation no: 35
23:04:59.262 [Thread-2] INFO  algoGenetico.PopulationEvo - Thread: Thread-2 | Generation no: 14
23:04:59.712 [Thread-8] INFO  algoGenetico.PopulationEvo - Thread: Thread-8 | Generation no: 28
23:05:00.726 [Thread-5] INFO  algoGenetico.PopulationEvo - Thread: Thread-5 | Generation no: 15
23:05:02.062 [Thread-3] INFO  algoGenetico.PopulationEvo - Thread: Thread-3 | Generation no: 36
23:05:02.158 [Thread-9] INFO  algoGenetico.PopulationEvo - Thread: Thread-9 | Generation no: 22
23:05:05.098 [Thread-8] INFO  algoGenetico.PopulationEvo - Thread: Thread-8 | Generation no: 29
23:05:06.111 [Thread-3] INFO  algoGenetico.PopulationEvo - Thread: Thread-3 | Generation no: 37
23:05:10.024 [Thread-9] INFO  algoGenetico.PopulationEvo - Thread: Thread-9 | Generation no: 23
23:05:10.651 [Thread-4] INFO  algoGenetico.PopulationEvo - Thread: Thread-4 | Generation no: 13
23:05:10.718 [Thread-8] INFO  algoGenetico.PopulationEvo - Thread: Thread-8 | Generation no: 30
23:05:10.801 [Thread-3] INFO  algoGenetico.PopulationEvo - Thread: Thread-3 | Generation no: 38
23:05:11.393 [Thread-1] INFO  algoGenetico.PopulationEvo - Thread: Thread-1 | Generation no: 12
23:05:11.793 [Thread-2] INFO  algoGenetico.PopulationEvo - Thread: Thread-2 | Generation no: 15
23:05:11.810 [Thread-5] INFO  algoGenetico.PopulationEvo - Thread: Thread-5 | Generation no: 16
23:05:15.682 [Thread-3] INFO  algoGenetico.PopulationEvo - Thread: Thread-3 | Generation no: 39
23:05:16.484 [Thread-8] INFO  algoGenetico.PopulationEvo - Thread: Thread-8 | Generation no: 31
23:05:18.241 [Thread-9] INFO  algoGenetico.PopulationEvo - Thread: Thread-9 | Generation no: 24
23:05:20.320 [Thread-3] INFO  algoGenetico.PopulationEvo - Thread: Thread-3 | Generation no: 40
23:05:22.327 [Thread-8] INFO  algoGenetico.PopulationEvo - Thread: Thread-8 | Generation no: 32
23:05:22.562 [Thread-4] INFO  algoGenetico.PopulationEvo - Thread: Thread-4 | Generation no: 14
23:05:23.628 [Thread-5] INFO  algoGenetico.PopulationEvo - Thread: Thread-5 | Generation no: 17
23:05:24.654 [Thread-3] INFO  algoGenetico.PopulationEvo - Thread: Thread-3 | Generation no: 41
23:05:25.509 [Thread-2] INFO  algoGenetico.PopulationEvo - Thread: Thread-2 | Generation no: 16
23:05:26.151 [Thread-9] INFO  algoGenetico.PopulationEvo - Thread: Thread-9 | Generation no: 25
23:05:27.841 [Thread-8] INFO  algoGenetico.PopulationEvo - Thread: Thread-8 | Generation no: 33
23:05:29.195 [Thread-3] INFO  algoGenetico.PopulationEvo - Thread: Thread-3 | Generation no: 42
23:05:29.915 [Thread-1] INFO  algoGenetico.PopulationEvo - Thread: Thread-1 | Generation no: 13
23:05:33.415 [Thread-3] INFO  algoGenetico.PopulationEvo - Thread: Thread-3 | Generation no: 43
23:05:33.588 [Thread-8] INFO  algoGenetico.PopulationEvo - Thread: Thread-8 | Generation no: 34
23:05:34.196 [Thread-9] INFO  algoGenetico.PopulationEvo - Thread: Thread-9 | Generation no: 26
23:05:35.520 [Thread-5] INFO  algoGenetico.PopulationEvo - Thread: Thread-5 | Generation no: 18
23:05:36.405 [Thread-4] INFO  algoGenetico.PopulationEvo - Thread: Thread-4 | Generation no: 15
23:05:38.268 [Thread-3] INFO  algoGenetico.PopulationEvo - Thread: Thread-3 | Generation no: 44
23:05:38.641 [Thread-2] INFO  algoGenetico.PopulationEvo - Thread: Thread-2 | Generation no: 17
23:05:39.423 [Thread-8] INFO  algoGenetico.PopulationEvo - Thread: Thread-8 | Generation no: 35
23:05:42.644 [Thread-9] INFO  algoGenetico.PopulationEvo - Thread: Thread-9 | Generation no: 27
23:05:42.790 [Thread-3] INFO  algoGenetico.PopulationEvo - Thread: Thread-3 | Generation no: 45
23:05:44.893 [Thread-8] INFO  algoGenetico.PopulationEvo - Thread: Thread-8 | Generation no: 36
23:05:46.050 [Thread-1] INFO  algoGenetico.PopulationEvo - Thread: Thread-1 | Generation no: 14
23:05:46.388 [Thread-5] INFO  algoGenetico.PopulationEvo - Thread: Thread-5 | Generation no: 19
23:05:46.755 [Thread-3] INFO  algoGenetico.PopulationEvo - Thread: Thread-3 | Generation no: 46
23:05:50.434 [Thread-8] INFO  algoGenetico.PopulationEvo - Thread: Thread-8 | Generation no: 37
23:05:50.457 [Thread-9] INFO  algoGenetico.PopulationEvo - Thread: Thread-9 | Generation no: 28
23:05:50.532 [Thread-4] INFO  algoGenetico.PopulationEvo - Thread: Thread-4 | Generation no: 16
23:05:51.229 [Thread-3] INFO  algoGenetico.PopulationEvo - Thread: Thread-3 | Generation no: 47
23:05:51.315 [Thread-2] INFO  algoGenetico.PopulationEvo - Thread: Thread-2 | Generation no: 18
